which python
bin/rs_setup.py
------------------------------
 Retrieval System Setup properly finished, Retrieval System ready for use!
------------------------------
2021-09-06 13:07:09,843 INFO::<module>:: rs_pre.py::PROGRAM START::2021-09-06T13:07:09.843638
2021-09-06 13:07:09,843 INFO::<module>:: command-line: bin/rs_pre.py pre_general --ctlvec_relunc 0.01 0.5 0.05 0.5 --obs_s1 /home/users/ewanp82/projects/ret_tool_s3/S1/mni_s1_508_high_hv.csv --time_start 20170323 --site_nml /home/users/ewanp82/projects/ret_tool_s3/site_new_test.nml --ctlvec_uncfloor 0.001 3.0 0.1 0.05 --gtol 1.0 --s1_vv_uncfloor 0.004 --s2_uncfloor 0.02 --time_end 20170720 --dynmodunc_inifile /home/users/ewanp82/projects/ret_tool_s3/mod_ini/dynmod_vtight.ini --s1_vh_uncfloor 1e-05 --s2_relunc 0.05 --s1_unc 1.6
2021-09-06 13:07:09,856 INFO::main:: user selection +++pre_general+++
2021-09-06 13:07:09,857 INFO::pre_general:: start setup of general retrieval setup...
2021-09-06 13:07:10,150 INFO::pre_general:: Copied default namelist file ***/home/users/ewanp82/projects/ret_tool_s3/site_new_test.nml*** to current working directory.
2021-09-06 13:07:10,150 INFO::pre_general:: START reading namelist ***site.nml***...
2021-09-06 13:07:10,159 INFO::pre_general:: ...reading DONE
2021-09-06 13:07:10,169 INFO::load_obs_csv:: observation data loaded from file ***/home/users/ewanp82/projects/ret_tool_s3/S1/mni_s1_508_high_hv.csv***
2021-09-06 13:07:10,171 INFO::load_obs_csv:: detected ntimepts=65 #columns=10 in csv file
2021-09-06 13:07:10,171 INFO::load_obs_csv:: start reading S1 observations...
2021-09-06 13:07:10,171 INFO::load_obs_csv:: observational backscatter values are assumed to be in linear units!
2021-09-06 13:07:10,171 INFO::load_obs_csv:: VH backscatter values read: VH[linear] min/max=0.00290010171011/0.0439027361572
2021-09-06 13:07:10,171 INFO::load_obs_csv:: VV backscatter values read: VV[linear] min/max=-99999.0/-99999.0
2021-09-06 13:07:10,171 INFO::load_obs_csv:: assuming S1 observational uncertainty of 1.6 [dB] yields relative uncertainty of 0.376804399913 [linear unit].
2021-09-06 13:07:10,171 INFO::load_obs_csv:: assuming vv=0.004 vh=1e-05 S1 observational uncertainty floor [linear unit].
2021-09-06 13:07:10,171 INFO::load_obs_csv:: number of applied uncertainty floor values on VH=0 VV=65
2021-09-06 13:07:10,171 INFO::load_obs_csv:: determined VH uncertainty in linear units, min/max=0.00109277108457/0.0165427441523
2021-09-06 13:07:10,172 INFO::load_obs_csv:: determined VV uncertainty in linear units, min/max=0.004/0.004
2021-09-06 13:07:10,172 INFO::load_obs_csv:: ...reading S1 observations DONE
2021-09-06 13:07:10,172 INFO::setup_common_schedule:: determined ntpts=65
2021-09-06 13:07:10,172 INFO::setup_common_schedule:: common schedule yields time-points  S1A=0 S1B=65 S2A=0 S2B=0 other=0
2021-09-06 13:07:10,172 INFO::_set_priorunc:: applied relative uncertainty 0.01 on lai coefficients.
2021-09-06 13:07:10,172 INFO::_set_priorunc:: applied relative uncertainty on state vector components, lai_relunc=0.5 canht_relunc=0.05 sm_relunc=0.5
2021-09-06 13:07:10,172 INFO::_set_priorunc:: uncertainty floor values were applied as follows: lai_uncfloor=3.0 canht_uncfloor=0.1 sm_uncfloor=0.05
2021-09-06 13:07:10,176 INFO::set_dynmodel:: START reading values on dynamical model uncertainties from ***/home/users/ewanp82/projects/ret_tool_s3/mod_ini/dynmod_vtight.ini***...
2021-09-06 13:07:10,177 INFO::set_dynmodel:: ...reading DONE
2021-09-06 13:07:10,177 INFO::pre_general:: ...general retrieval setup DONE
2021-09-06 13:07:10,177 INFO::pre_general:: START writing input files for retrieval system...
2021-09-06 13:07:10,177 INFO::ncwrt_retrieval_config:: Start writing configuration file ***retrconfig.nc***...
2021-09-06 13:07:12,048 INFO::ncwrt_retrieval_config:: ...writing ***retrconfig.nc*** DONE
2021-09-06 13:07:12,048 INFO::ncwrt_retrieval_prior:: Start writing configuration file ***retrprior.nc***...
2021-09-06 13:07:18,986 INFO::ncwrt_retrieval_prior:: ...writing ***retrprior.nc*** DONE
2021-09-06 13:07:18,988 INFO::ncwrt_retrieval_obs_s1:: Start writing configuration file ***obs_s1.nc***...
2021-09-06 13:07:23,676 INFO::ncwrt_retrieval_obs_s1:: ...writing ***obs_s1.nc*** DONE
2021-09-06 13:07:23,677 INFO::ncwrt_retrieval_model:: Start writing configuration file ***retrmodel.nc***...
2021-09-06 13:07:30,039 INFO::ncwrt_retrieval_model:: ...writing ***retrmodel.nc*** DONE
2021-09-06 13:07:30,039 INFO::wrt_nml_retrieval_control:: Start writing configuration file ***retrctl.nml***...
2021-09-06 13:07:30,241 INFO::wrt_nml_retrieval_control:: ...writing ***retrctl.nml*** DONE
2021-09-06 13:07:30,242 INFO::wrt_nml_controlvector_bounds:: Start writing configuration file ***retrctlvecbounds.nml***...
2021-09-06 13:07:30,664 INFO::wrt_nml_controlvector_bounds:: ...writing ***retrctlvecbounds.nml*** DONE
2021-09-06 13:07:30,664 INFO::pre_general:: ...writing input files for retrieval system DONE
gfortran -Wall -ffixed-line-length-132 -fdefault-real-8 -fdefault-double-8 -I/usr/include -Iobjs -Jobjs -O3 -funroll-loops -floop-block -ftree-loop-distribution -march=native -I/usr/lib64/gfortran/modules/  -c -o objs/mo_sensimul_s1.o src/sense/mo_sensimul_s1.f90
gfortran -Wall -ffixed-line-length-132 -fdefault-real-8 -fdefault-double-8 -I/usr/include -Iobjs -Jobjs -O3 -funroll-loops -floop-block -ftree-loop-distribution -march=native -I/usr/lib64/gfortran/modules/  -c -o objs/mo_sensimul_s2.o src/semid/mo_sensimul_s2.f90
gfortran -Wall -ffixed-line-length-132 -fdefault-real-8 -fdefault-double-8 -I/usr/include -Iobjs -Jobjs -O3 -funroll-loops -floop-block -ftree-loop-distribution -march=native -I/usr/lib64/gfortran/modules/  -c -o objs/mo_sensimul.o src/simulator/mo_sensimul.f90
gfortran -Wall -ffixed-line-length-132 -fdefault-real-8 -fdefault-double-8 -I/usr/include -Iobjs -Jobjs -O3 -funroll-loops -floop-block -ftree-loop-distribution -march=native -I/usr/lib64/gfortran/modules/  -c -o objs/runretrieval.o driver/runretrieval.f90
gfortran -Wall -ffixed-line-length-132 -fdefault-real-8 -fdefault-double-8 -I/usr/include -Iobjs -Jobjs -O3 -funroll-loops -floop-block -ftree-loop-distribution -march=native -I/usr/lib64/gfortran/modules/  -c -o objs/mo_retrieval.o src/retrieval/mo_retrieval.f90
gfortran -Wall -ffixed-line-length-132 -fdefault-real-8 -fdefault-double-8 -I/usr/include -Iobjs -Jobjs -O3 -funroll-loops -floop-block -ftree-loop-distribution -march=native -I/usr/lib64/gfortran/modules/  -c -o objs/cost.o src/retrieval/cost.f90
gfortran -Wall -ffixed-line-length-132 -fdefault-real-8 -fdefault-double-8 -I/usr/include -Iobjs -Jobjs -O3 -funroll-loops -floop-block -ftree-loop-distribution -march=native -I/usr/lib64/gfortran/modules/  -c -o objs/misfit.o src/retrieval/misfit.f90
gfortran -Wall -ffixed-line-length-132 -fdefault-real-8 -fdefault-double-8 -I/usr/include -Iobjs -Jobjs -O3 -funroll-loops -floop-block -ftree-loop-distribution -march=native -I/usr/lib64/gfortran/modules/  -c -o objs/prior.o src/retrieval/prior.f90
gfortran -Wall -ffixed-line-length-132 -fdefault-real-8 -fdefault-double-8 -I/usr/include -Iobjs -Jobjs -O3 -funroll-loops -floop-block -ftree-loop-distribution -march=native -I/usr/lib64/gfortran/modules/  -c -o objs/retrieval_control.o src/retrieval/retrieval_control.f90
gfortran -Wall -ffixed-line-length-132 -fdefault-real-8 -fdefault-double-8 -I/usr/include -Iobjs -Jobjs -O3 -funroll-loops -floop-block -ftree-loop-distribution -march=native -I/usr/lib64/gfortran/modules/  -c -o objs/DIFFSIZES.o src/derivatives/DIFFSIZES.f90
gfortran -Wall -ffixed-line-length-132 -fdefault-real-8 -fdefault-double-8 -I/usr/include -Iobjs -Jobjs -O3 -funroll-loops -floop-block -ftree-loop-distribution -march=native -I/usr/lib64/gfortran/modules/  -c -o objs/jacobian.o src/retrieval/jacobian.f90
gfortran -Wall -ffixed-line-length-132 -fdefault-real-8 -fdefault-double-8 -I/usr/include -Iobjs -Jobjs -O3 -funroll-loops -floop-block -ftree-loop-distribution -march=native -I/usr/lib64/gfortran/modules/  -c -o objs/ua.o src/retrieval/ua.f90
gfortran -Wall -ffixed-line-length-132 -fdefault-real-8 -fdefault-double-8 -I/usr/include -Iobjs -Jobjs -O3 -funroll-loops -floop-block -ftree-loop-distribution -march=native -I/usr/lib64/gfortran/modules/  -c -o objs/mo_util.o src/support/mo_util.f90
gfortran -Wall -ffixed-line-length-132 -fdefault-real-8 -fdefault-double-8 -I/usr/include -Iobjs -Jobjs -O3 -funroll-loops -floop-block -ftree-loop-distribution -march=native -I/usr/lib64/gfortran/modules/  -c -o objs/fapar.o src/retrieval/fapar.f90
ar -r lib/libretr.a objs/cost.o objs/misfit.o objs/prior.o objs/mo_retrieval.o objs/retrieval_control.o objs/jacobian.o objs/ua.o objs/fapar.o
gfortran -Wall -ffixed-line-length-132 -fdefault-real-8 -fdefault-double-8 -I/usr/include -Iobjs -Jobjs -O3 -funroll-loops -floop-block -ftree-loop-distribution -march=native -I/usr/lib64/gfortran/modules/  -c -o objs/model.o src/simulator/model.f90
gfortran -Wall -ffixed-line-length-132 -fdefault-real-8 -fdefault-double-8 -I/usr/include -Iobjs -Jobjs -O3 -funroll-loops -floop-block -ftree-loop-distribution -march=native -I/usr/lib64/gfortran/modules/  -c -o objs/price_soil_ftn.o src/semid/price_soil_ftn.f90
gfortran -Wall -ffixed-line-length-132 -fdefault-real-8 -fdefault-double-8 -I/usr/include -Iobjs -Jobjs -O3 -funroll-loops -floop-block -ftree-loop-distribution -march=native -I/usr/lib64/gfortran/modules/  -c -o objs/cost_bw.o src/derivatives/cost_bw.f90
gfortran -Wall -ffixed-line-length-132 -fdefault-real-8 -fdefault-double-8 -I/usr/include -Iobjs -Jobjs -O3 -funroll-loops -floop-block -ftree-loop-distribution -march=native -I/usr/lib64/gfortran/modules/  -c -o objs/cost_fwv.o src/derivatives/cost_fwv.f90
gfortran -Wall -ffixed-line-length-132 -fdefault-real-8 -fdefault-double-8 -I/usr/include -Iobjs -Jobjs -O3 -funroll-loops -floop-block -ftree-loop-distribution -march=native -I/usr/lib64/gfortran/modules/  -c -o objs/ad_support.o src/derivatives/ad_support.f90
gfortran -Wall -ffixed-line-length-132 -fdefault-real-8 -fdefault-double-8 -I/usr/include -Iobjs -Jobjs -O3 -funroll-loops -floop-block -ftree-loop-distribution -march=native -I/usr/lib64/gfortran/modules/  -c -o objs/adBuffer.o src/derivatives/adBuffer.f
/apps/contrib/jaspy/miniconda_envs/jaspy2.7/m2-4.6.14/envs/jaspy2.7-m2-4.6.14-r20190715/bin/x86_64-conda_cos6-linux-gnu-cc -fPIC -Isrc/derivatives -march=nocona -mtune=haswell -ftree-vectorize -fPIC -fstack-protector-strong -fno-plt -O2 -ffunction-sections -pipe  -c -o objs/adStack.o src/derivatives/adStack.c
ar -r lib/libderiv.a objs/cost_bw.o objs/cost_fwv.o objs/ad_support.o objs/DIFFSIZES.o objs/adBuffer.o objs/adStack.o
gfortran -Wall -ffixed-line-length-132 -fdefault-real-8 -fdefault-double-8 -I/usr/include -Iobjs -Jobjs -O3 -funroll-loops -floop-block -ftree-loop-distribution -march=native -I/usr/lib64/gfortran/modules/  -c -o objs/prospect.redux.o src/semid/prospect.redux.f
gfortran -Wall -ffixed-line-length-132 -fdefault-real-8 -fdefault-double-8 -I/usr/include -Iobjs -Jobjs -O3 -funroll-loops -floop-block -ftree-loop-distribution -march=native -I/usr/lib64/gfortran/modules/  -c -o objs/semiDbrf.o src/semid/semiDbrf.f
gfortran -Wall -ffixed-line-length-132 -fdefault-real-8 -fdefault-double-8 -I/usr/include -Iobjs -Jobjs -O3 -funroll-loops -floop-block -ftree-loop-distribution -march=native -I/usr/lib64/gfortran/modules/  -c -o objs/semiDbrfe.o src/semid/semiDbrfe.f
gfortran -Wall -ffixed-line-length-132 -fdefault-real-8 -fdefault-double-8 -I/usr/include -Iobjs -Jobjs -O3 -funroll-loops -floop-block -ftree-loop-distribution -march=native -I/usr/lib64/gfortran/modules/  -c -o objs/semiDtools.o src/semid/semiDtools.f
gfortran -Wall -ffixed-line-length-132 -fdefault-real-8 -fdefault-double-8 -I/usr/include -Iobjs -Jobjs -O3 -funroll-loops -floop-block -ftree-loop-distribution -march=native -I/usr/lib64/gfortran/modules/  -c -o objs/simulate.o src/simulator/simulate.f90
gfortran -Wall -ffixed-line-length-132 -fdefault-real-8 -fdefault-double-8 -I/usr/include -Iobjs -Jobjs -O3 -funroll-loops -floop-block -ftree-loop-distribution -march=native -I/usr/lib64/gfortran/modules/  -c -o objs/mapping.o src/simulator/mapping.f90
gfortran -Wall -ffixed-line-length-132 -fdefault-real-8 -fdefault-double-8 -I/usr/include -Iobjs -Jobjs -O3 -funroll-loops -floop-block -ftree-loop-distribution -march=native -I/usr/lib64/gfortran/modules/  -c -o objs/target_operator.o src/simulator/target_operator.f90
gfortran -Wall -ffixed-line-length-132 -fdefault-real-8 -fdefault-double-8 -I/usr/include -Iobjs -Jobjs -O3 -funroll-loops -floop-block -ftree-loop-distribution -march=native -I/usr/lib64/gfortran/modules/  -c -o objs/prospect_interface_ftn.o src/semid/prospect_interface_ftn.f90
gfortran -Wall -ffixed-line-length-132 -fdefault-real-8 -fdefault-double-8 -I/usr/include -Iobjs -Jobjs -O3 -funroll-loops -floop-block -ftree-loop-distribution -march=native -I/usr/lib64/gfortran/modules/  -c -o objs/semiD_ftn.o src/semid/semiD_ftn.f90
gfortran -Wall -ffixed-line-length-132 -fdefault-real-8 -fdefault-double-8 -I/usr/include -Iobjs -Jobjs -O3 -funroll-loops -floop-block -ftree-loop-distribution -march=native -I/usr/lib64/gfortran/modules/  -c -o objs/canopy.o src/sense/canopy.f90
gfortran -Wall -ffixed-line-length-132 -fdefault-real-8 -fdefault-double-8 -I/usr/include -Iobjs -Jobjs -O3 -funroll-loops -floop-block -ftree-loop-distribution -march=native -I/usr/lib64/gfortran/modules/  -c -o objs/core.o src/sense/core.f90
gfortran -Wall -ffixed-line-length-132 -fdefault-real-8 -fdefault-double-8 -I/usr/include -Iobjs -Jobjs -O3 -funroll-loops -floop-block -ftree-loop-distribution -march=native -I/usr/lib64/gfortran/modules/  -c -o objs/dobson85.o src/sense/dobson85.f90
gfortran -Wall -ffixed-line-length-132 -fdefault-real-8 -fdefault-double-8 -I/usr/include -Iobjs -Jobjs -O3 -funroll-loops -floop-block -ftree-loop-distribution -march=native -I/usr/lib64/gfortran/modules/  -c -o objs/ground.o src/sense/ground.f90
gfortran -Wall -ffixed-line-length-132 -fdefault-real-8 -fdefault-double-8 -I/usr/include -Iobjs -Jobjs -O3 -funroll-loops -floop-block -ftree-loop-distribution -march=native -I/usr/lib64/gfortran/modules/  -c -o objs/Oh92.o src/sense/Oh92.f90
gfortran -Wall -ffixed-line-length-132 -fdefault-real-8 -fdefault-double-8 -I/usr/include -Iobjs -Jobjs -O3 -funroll-loops -floop-block -ftree-loop-distribution -march=native -I/usr/lib64/gfortran/modules/  -c -o objs/scatterer.o src/sense/scatterer.f90
gfortran -Wall -ffixed-line-length-132 -fdefault-real-8 -fdefault-double-8 -I/usr/include -Iobjs -Jobjs -O3 -funroll-loops -floop-block -ftree-loop-distribution -march=native -I/usr/lib64/gfortran/modules/  -c -o objs/soil.o src/sense/soil.f90
gfortran -Wall -ffixed-line-length-132 -fdefault-real-8 -fdefault-double-8 -I/usr/include -Iobjs -Jobjs -O3 -funroll-loops -floop-block -ftree-loop-distribution -march=native -I/usr/lib64/gfortran/modules/  -c -o objs/util.o src/sense/util.f90
gfortran -Wall -ffixed-line-length-132 -fdefault-real-8 -fdefault-double-8 -I/usr/include -Iobjs -Jobjs -O3 -funroll-loops -floop-block -ftree-loop-distribution -march=native -I/usr/lib64/gfortran/modules/  -c -o objs/sense.o src/sense/sense.f90
gfortran -Wall -ffixed-line-length-132 -fdefault-real-8 -fdefault-double-8 -I/usr/include -Iobjs -Jobjs -O3 -funroll-loops -floop-block -ftree-loop-distribution -march=native -I/usr/lib64/gfortran/modules/  -c -o objs/init-finish.o src/simulator/init-finish.f90
gfortran -Wall -ffixed-line-length-132 -fdefault-real-8 -fdefault-double-8 -I/usr/include -Iobjs -Jobjs -O3 -funroll-loops -floop-block -ftree-loop-distribution -march=native -I/usr/lib64/gfortran/modules/  -c -o objs/mo_timing.o src/support/mo_timing.f90
gfortran -Wall -ffixed-line-length-132 -fdefault-real-8 -fdefault-double-8 -I/usr/include -Iobjs -Jobjs -O3 -funroll-loops -floop-block -ftree-loop-distribution -march=native -I/usr/lib64/gfortran/modules/  -c -o objs/sensimul_io.o src/simulator/sensimul_io.f90
ar -r lib/libmodel.a objs/prospect.redux.o objs/semiDbrf.o objs/semiDbrfe.o objs/semiDtools.o objs/mo_sensimul.o objs/simulate.o objs/mapping.o objs/model.o objs/target_operator.o objs/mo_sensimul_s2.o objs/price_soil_ftn.o objs/prospect_interface_ftn.o objs/semiD_ftn.o objs/canopy.o objs/core.o objs/dobson85.o objs/ground.o objs/mo_sensimul_s1.o objs/Oh92.o objs/scatterer.o objs/soil.o objs/util.o objs/sense.o objs/init-finish.o objs/sensimul_io.o
ar -r lib/libsupport.a objs/mo_timing.o objs/mo_util.o
make -C lbfgsb ../lib/liblbfgsb-gfortran.a FC="gfortran" FFLAGS="-Wall -ffixed-line-length-132 -fdefault-real-8 -fdefault-double-8 -I/usr/include -Iobjs -Jobjs -O3 -funroll-loops -floop-block -ftree-loop-distribution -march=native -I/usr/lib64/gfortran/modules/" LIBNAME="../lib/liblbfgsb-gfortran.a"
make[1]: Entering directory `/gws/nopw/j04/odanceo/epinnington/sen_syn/508_high_flat_hv_nos2_1/lbfgsb'
gfortran -Wall -ffixed-line-length-132 -fdefault-real-8 -fdefault-double-8 -I/usr/include -Iobjs -Jobjs -O3 -funroll-loops -floop-block -ftree-loop-distribution -march=native -I/usr/lib64/gfortran/modules/  -c -o blas.o blas.f
gfortran -Wall -ffixed-line-length-132 -fdefault-real-8 -fdefault-double-8 -I/usr/include -Iobjs -Jobjs -O3 -funroll-loops -floop-block -ftree-loop-distribution -march=native -I/usr/lib64/gfortran/modules/  -c -o lbfgsb.o lbfgsb.f
gfortran -Wall -ffixed-line-length-132 -fdefault-real-8 -fdefault-double-8 -I/usr/include -Iobjs -Jobjs -O3 -funroll-loops -floop-block -ftree-loop-distribution -march=native -I/usr/lib64/gfortran/modules/  -c -o linpack.o linpack.f
gfortran -Wall -ffixed-line-length-132 -fdefault-real-8 -fdefault-double-8 -I/usr/include -Iobjs -Jobjs -O3 -funroll-loops -floop-block -ftree-loop-distribution -march=native -I/usr/lib64/gfortran/modules/  -c -o timer.o timer.f
ar -r ../lib/liblbfgsb-gfortran.a blas.o lbfgsb.o linpack.o timer.o
make[1]: Leaving directory `/gws/nopw/j04/odanceo/epinnington/sen_syn/508_high_flat_hv_nos2_1/lbfgsb'
make -C eispack ../lib/libeis.a FC=gfortran FFLAGS="-Wall -ffixed-line-length-132 -fdefault-real-8 -fdefault-double-8 -I/usr/include -Iobjs -Jobjs -O3 -funroll-loops -floop-block -ftree-loop-distribution -march=native -I/usr/lib64/gfortran/modules/" LIBNAME="../lib/libeis.a"
make[1]: Entering directory `/gws/nopw/j04/odanceo/epinnington/sen_syn/508_high_flat_hv_nos2_1/eispack'
gfortran -Wall -ffixed-line-length-132 -fdefault-real-8 -fdefault-double-8 -I/usr/include -Iobjs -Jobjs -O3 -funroll-loops -floop-block -ftree-loop-distribution -march=native -I/usr/lib64/gfortran/modules/ -c eispack.f90
ar -r ../lib/libeis.a eispack.o
make[1]: Leaving directory `/gws/nopw/j04/odanceo/epinnington/sen_syn/508_high_flat_hv_nos2_1/eispack'
gfortran -o runretrieval.x -O3 -funroll-loops -floop-block -ftree-loop-distribution -march=native objs/runretrieval.o lib/libretr.a lib/libderiv.a lib/libmodel.a lib/libsupport.a lib/liblbfgsb-gfortran.a lib/libeis.a -L/usr/lib64/ -lnetcdff -lnetcdf
./runretrieval.x --no_fapar 2>&1 | tee mk.retrieval.log
 INFO::retrieval_read_ctl:read settings from file ***retrctl.nml***...
 INFO::retrieval_read_ctl:...reading done.
 INFO::use_prior_term: T
 INFO::use_state_term: T
 INFO::gradient_tolerance: .10000E+01
 INFO::priopr_pert: .00000E+00
 INFO::runretrieval:calling initf...
 DEBUG::load_ivgeom:ndims= 2
 INFO::initf:retrieval configuration was read from ***retrconfig.nc***
 DEBUG::initf:ncrd_retrieval_config has finished, yields:npts=  65 npts_s1=  65 npts_s2=   0
 INFO::load_sitenml:successfully read site namelist file ***site.nml***
 INFO::setprior:prior control vector was read from ***retrprior.nc***
 DEBUG::setprior:ncrd_retrieval_prior terminated successfully
 INFO::runretrieval:...done.
 DEBUG::runretrieval:initf yields:n=197 mf=130
 INFO::runretrieval:calling initx...
 INFO::runretrieval:...done.
 INFO::state_model_set:will be setting-up simple state-model of type "mx(i+1)=a(i+1)*x(i) + b(i+1)"
 INFO::state_model_set:reading model configuration from file ***retrmodel.nc***...
 INFO::state_model_set:...reading done.
 INFO::runretrieval:start optimise...
 INFO::optimise:load control vector boundary settings by calling initb...
 INFO::initb:bounds were read from file ***retrctlvecbounds.nml***
 INFO::initb:applying bounds: lai_coeff_lobound=    0.000 lai_coeff_hibound=    1.000
 INFO::initb:applying bounds: lai_lobound=    0.001 lai_hibound=   10.000
 INFO::initb:applying bounds: canht_lobound=    0.001 canht_hibound=    4.500
 INFO::initb:applying bounds: sm_lobound=    0.001 sm_hibound=    0.500
 INFO::optimise:...done.
 INFO::optimise:start optimiser...
RUNNING THE L-BFGS-B CODE

           * * *

Machine precision = 2.220D-16
 N =          197     M =            5

At X0         0 variables are exactly at the bounds
 INFO::getobs:initial loading of observations...
 INFO::getobs:reading S1 observations from ***obs_s1.nc***
 INFO::ncrd_obs_vector:dataset ---backscatter--- detected fill-value:-99999.00000000
 INFO::ncrd_obs_vector:dataset ---backscatter_unc--- detected fill-value:-99999.00000000
 INFO::ncrd_obs_vector:s1 detected data fill-values:      65
 INFO::ncrd_obs_vector:s1 detected no uncertainthy fill-values
 INFO::getobs:...loading S1 observations done.
 INFO::getobs:no S2 observations ***obs_s2.nc*** available.
 INFO::getobs:...initial loading done

At iterate    0    f=  1.13853D+02    |proj g|=  3.79704D+00

At iterate    1    f=  1.09657D+02    |proj g|=  3.63658D+00

At iterate    2    f=  1.01127D+02    |proj g|=  3.31836D+00

At iterate    3    f=  9.08102D+01    |proj g|=  2.84581D+00

At iterate    4    f=  8.05778D+01    |proj g|=  2.85560D+00

At iterate    5    f=  7.37754D+01    |proj g|=  2.87735D+00

At iterate    6    f=  6.83184D+01    |proj g|=  2.85492D+00

At iterate    7    f=  6.46228D+01    |proj g|=  2.85102D+00

At iterate    8    f=  6.17338D+01    |proj g|=  2.85961D+00

At iterate    9    f=  6.02810D+01    |proj g|=  2.89102D+00

At iterate   10    f=  5.66627D+01    |proj g|=  2.88631D+00

At iterate   11    f=  5.54722D+01    |proj g|=  2.88561D+00

At iterate   12    f=  5.38401D+01    |proj g|=  2.89751D+00

At iterate   13    f=  5.27025D+01    |proj g|=  2.91973D+00

At iterate   14    f=  5.17422D+01    |proj g|=  2.89374D+00

At iterate   15    f=  5.13806D+01    |proj g|=  2.90874D+00

At iterate   16    f=  5.06855D+01    |proj g|=  2.76993D+00

At iterate   17    f=  5.01496D+01    |proj g|=  2.94478D+00

At iterate   18    f=  4.95583D+01    |proj g|=  2.94874D+00

At iterate   19    f=  4.90674D+01    |proj g|=  2.82816D+00

At iterate   20    f=  4.86101D+01    |proj g|=  2.98061D+00

At iterate   21    f=  4.82247D+01    |proj g|=  2.96641D+00

At iterate   22    f=  4.80276D+01    |proj g|=  2.74803D+00

At iterate   23    f=  4.75752D+01    |proj g|=  2.88968D+00

At iterate   24    f=  4.74923D+01    |proj g|=  3.03113D+00

At iterate   25    f=  4.70806D+01    |proj g|=  2.87794D+00

At iterate   26    f=  4.68803D+01    |proj g|=  2.20497D+00

At iterate   27    f=  4.66642D+01    |proj g|=  2.60801D+00

At iterate   28    f=  4.63355D+01    |proj g|=  2.84150D+00

At iterate   29    f=  4.61357D+01    |proj g|=  3.11262D+00

At iterate   30    f=  4.56899D+01    |proj g|=  3.10718D+00

At iterate   31    f=  4.54753D+01    |proj g|=  3.10194D+00

At iterate   32    f=  4.51662D+01    |proj g|=  3.08788D+00

At iterate   33    f=  4.49653D+01    |proj g|=  3.05982D+00

At iterate   34    f=  4.45107D+01    |proj g|=  2.77912D+00

At iterate   35    f=  4.43303D+01    |proj g|=  2.31035D+00

At iterate   36    f=  4.41681D+01    |proj g|=  2.97272D+00

At iterate   37    f=  4.39000D+01    |proj g|=  2.77893D+00

At iterate   38    f=  4.37194D+01    |proj g|=  3.09986D+00

At iterate   39    f=  4.34397D+01    |proj g|=  2.76670D+00

At iterate   40    f=  4.32016D+01    |proj g|=  2.75802D+00

At iterate   41    f=  4.30059D+01    |proj g|=  2.76309D+00

At iterate   42    f=  4.28617D+01    |proj g|=  3.03263D+00

At iterate   43    f=  4.27458D+01    |proj g|=  2.09246D+00

At iterate   44    f=  4.25672D+01    |proj g|=  3.07575D+00

At iterate   45    f=  4.24596D+01    |proj g|=  2.79655D+00

At iterate   46    f=  4.23054D+01    |proj g|=  3.07893D+00

At iterate   47    f=  4.21033D+01    |proj g|=  3.13092D+00

At iterate   48    f=  4.18914D+01    |proj g|=  2.77011D+00

At iterate   49    f=  4.17559D+01    |proj g|=  2.77165D+00

At iterate   50    f=  4.15333D+01    |proj g|=  3.13969D+00

At iterate   51    f=  4.14173D+01    |proj g|=  3.14735D+00

At iterate   52    f=  4.12787D+01    |proj g|=  2.74392D+00

At iterate   53    f=  4.11504D+01    |proj g|=  2.06917D+00

At iterate   54    f=  4.10639D+01    |proj g|=  2.31142D+00

At iterate   55    f=  4.09786D+01    |proj g|=  3.16571D+00

At iterate   56    f=  4.08496D+01    |proj g|=  2.58716D+00

At iterate   57    f=  4.07617D+01    |proj g|=  2.22522D+00

At iterate   58    f=  4.06704D+01    |proj g|=  3.10591D+00

At iterate   59    f=  4.05904D+01    |proj g|=  3.19092D+00

At iterate   60    f=  4.05456D+01    |proj g|=  2.50829D+00

At iterate   61    f=  4.04682D+01    |proj g|=  2.61744D+00

At iterate   62    f=  4.04536D+01    |proj g|=  3.13280D+00

At iterate   63    f=  4.04120D+01    |proj g|=  1.26185D+00

At iterate   64    f=  4.03902D+01    |proj g|=  1.08082D+00

At iterate   65    f=  4.03644D+01    |proj g|=  1.38220D+00

At iterate   66    f=  4.03215D+01    |proj g|=  2.31330D+00

At iterate   67    f=  4.03128D+01    |proj g|=  3.07047D+00

At iterate   68    f=  4.02412D+01    |proj g|=  1.50146D+00

At iterate   69    f=  4.02193D+01    |proj g|=  1.16215D+00

At iterate   70    f=  4.01744D+01    |proj g|=  1.85492D+00

At iterate   71    f=  4.01130D+01    |proj g|=  3.11986D+00

At iterate   72    f=  4.00352D+01    |proj g|=  2.76388D+00

At iterate   73    f=  3.99836D+01    |proj g|=  1.86742D+00

At iterate   74    f=  3.99507D+01    |proj g|=  1.12998D+00

At iterate   75    f=  3.99239D+01    |proj g|=  2.74731D+00

At iterate   76    f=  3.98891D+01    |proj g|=  1.36913D+00

At iterate   77    f=  3.98638D+01    |proj g|=  1.01608D+00

At iterate   78    f=  3.98439D+01    |proj g|=  1.18533D+00

At iterate   79    f=  3.98367D+01    |proj g|=  3.09482D+00

At iterate   80    f=  3.98029D+01    |proj g|=  1.33885D+00

At iterate   81    f=  3.97892D+01    |proj g|=  9.79491D-01

           * * *

Tit   = total number of iterations
Tnf   = total number of function evaluations
Tnint = total number of segments explored during Cauchy searches
Skip  = number of BFGS updates skipped
Nact  = number of active bounds at final generalized Cauchy point
Projg = norm of the final projected gradient
F     = final function value

           * * *

   N    Tit     Tnf  Tnint  Skip  Nact     Projg        F
  197     81     85    150     0     0   9.795D-01   3.979D+01
  F =   39.789166222030786     

CONVERGENCE: NORM_OF_PROJECTED_GRADIENT_<=_PGTOL            

 Cauchy                time 1.273E-03 seconds.
 Subspace minimization time 1.216E-03 seconds.
 Line search           time 6.240E-02 seconds.

 Total User time 7.043E-02 seconds.

 INFO::optimise:...optimiser finished.
 INFO::runretrieval:...optimise DONE
 INFO::runretrieval::opti_succeed: T
 
        i                Prior           Posterior          Change [%]
 
        1         0.990000E-01        0.990417E-01             0.04212
        2         0.990000E-01        0.990417E-01             0.04212
        3         0.150000E+01        0.168815E+01            12.54357
        4         0.150000E+01        0.149534E+01            -0.31072
        5         0.300000E+00        0.338555E+00            12.85182
        6         0.150000E+01        0.169704E+01            13.13627
        7         0.150000E+01        0.149751E+01            -0.16606
        8         0.300000E+00        0.337465E+00            12.48821
        9         0.150000E+01        0.170908E+01            13.93882
       10         0.150000E+01        0.149709E+01            -0.19380
       11         0.300000E+00        0.322730E+00             7.57673
       12         0.150000E+01        0.172314E+01            14.87588
       13         0.150000E+01        0.149876E+01            -0.08286
       14         0.300000E+00        0.321280E+00             7.09318
       15         0.150000E+01        0.173728E+01            15.81846
       16         0.150000E+01        0.150737E+01             0.49125
       17         0.300000E+00        0.290111E+00            -3.29630
       18         0.150000E+01        0.173662E+01            15.77457
       19         0.150000E+01        0.149540E+01            -0.30680
       20         0.300000E+00        0.292658E+00            -2.44720
       21         0.150000E+01        0.174249E+01            16.16577
       22         0.150000E+01        0.149797E+01            -0.13512
       23         0.300000E+00        0.289667E+00            -3.44418
       24         0.150000E+01        0.175118E+01            16.74558
       25         0.150000E+01        0.150608E+01             0.40531
       26         0.300000E+00        0.261560E+00           -12.81327
       27         0.150000E+01        0.175161E+01            16.77433
       28         0.150000E+01        0.149554E+01            -0.29701
       29         0.300000E+00        0.262707E+00           -12.43090
       30         0.150000E+01        0.175913E+01            17.27509
       31         0.150000E+01        0.149682E+01            -0.21215
       32         0.300000E+00        0.230525E+00           -23.15838
       33         0.150000E+01        0.177178E+01            18.11864
       34         0.150000E+01        0.151457E+01             0.97145
       35         0.300000E+00        0.224281E+00           -25.23971
       36         0.150000E+01        0.176915E+01            17.94358
       37         0.150000E+01        0.151685E+01             1.12362
       38         0.300000E+00        0.218416E+00           -27.19481
       39         0.150000E+01        0.174938E+01            16.62535
       40         0.150000E+01        0.149912E+01            -0.05848
       41         0.300000E+00        0.225301E+00           -24.89967
       42         0.150000E+01        0.173389E+01            15.59251
       43         0.150000E+01        0.149539E+01            -0.30703
       44         0.300000E+00        0.296095E+00            -1.30164
       45         0.150000E+01        0.172495E+01            14.99665
       46         0.150000E+01        0.149727E+01            -0.18192
       47         0.300000E+00        0.325392E+00             8.46407
       48         0.150000E+01        0.171803E+01            14.53563
       49         0.150000E+01        0.149527E+01            -0.31546
       50         0.300000E+00        0.327284E+00             9.09455
       51         0.150000E+01        0.171661E+01            14.44079
       52         0.150000E+01        0.149536E+01            -0.30953
       53         0.300000E+00        0.339593E+00            13.19780
       54         0.150000E+01        0.172006E+01            14.67049
       55         0.150000E+01        0.149528E+01            -0.31468
       56         0.300000E+00        0.339436E+00            13.14531
       57         0.150000E+01        0.172898E+01            15.26560
       58         0.150000E+01        0.150189E+01             0.12571
       59         0.300000E+00        0.310083E+00             3.36115
       60         0.150000E+01        0.173084E+01            15.38934
       61         0.150000E+01        0.149534E+01            -0.31058
       62         0.300000E+00        0.310176E+00             3.39202
       63         0.150000E+01        0.174058E+01            16.03887
       64         0.150000E+01        0.150679E+01             0.45268
       65         0.300000E+00        0.270081E+00            -9.97308
       66         0.150000E+01        0.173975E+01            15.98364
       67         0.150000E+01        0.150598E+01             0.39851
       68         0.300000E+00        0.282798E+00            -5.73404
       69         0.150000E+01        0.172957E+01            15.30495
       70         0.150000E+01        0.149492E+01            -0.33870
       71         0.300000E+00        0.286320E+00            -4.55992
       72         0.150000E+01        0.172562E+01            15.04122
       73         0.150000E+01        0.149406E+01            -0.39591
       74         0.300000E+00        0.289177E+00            -3.60766
       75         0.150000E+01        0.172704E+01            15.13596
       76         0.150000E+01        0.149775E+01            -0.15000
       77         0.300000E+00        0.286801E+00            -4.39950
       78         0.150000E+01        0.173336E+01            15.55743
       79         0.150000E+01        0.152455E+01             1.63658
       80         0.300000E+00        0.194488E+00           -35.17067
       81         0.150000E+01        0.171261E+01            14.17401
       82         0.150000E+01        0.149788E+01            -0.14131
       83         0.300000E+00        0.201326E+00           -32.89120
       84         0.150000E+01        0.169670E+01            13.11309
       85         0.150000E+01        0.150059E+01             0.03924
       86         0.300000E+00        0.228962E+00           -23.67936
       87         0.150000E+01        0.167912E+01            11.94150
       88         0.150000E+01        0.150049E+01             0.03266
       89         0.300000E+00        0.235333E+00           -21.55580
       90         0.150000E+01        0.166035E+01            10.69005
       91         0.150000E+01        0.149757E+01            -0.16213
       92         0.300000E+00        0.234578E+00           -21.80737
       93         0.150000E+01        0.164570E+01             9.71325
       94         0.150000E+01        0.151217E+01             0.81116
       95         0.300000E+00        0.160964E+00           -46.34536
       96         0.150000E+01        0.162437E+01             8.29143
       97         0.150000E+01        0.151947E+01             1.29798
       98         0.300000E+00        0.158087E+00           -47.30433
       99         0.150000E+01        0.158668E+01             5.77882
      100         0.150000E+01        0.149872E+01            -0.08542
      101         0.300000E+00        0.240069E+00           -19.97715
      102         0.150000E+01        0.155649E+01             3.76632
      103         0.150000E+01        0.149703E+01            -0.19801
      104         0.300000E+00        0.241463E+00           -19.51239
      105         0.150000E+01        0.153203E+01             2.13532
      106         0.150000E+01        0.150300E+01             0.19982
      107         0.300000E+00        0.218064E+00           -27.31197
      108         0.150000E+01        0.150599E+01             0.39912
      109         0.150000E+01        0.150299E+01             0.19954
      110         0.300000E+00        0.194836E+00           -35.05476
      111         0.150000E+01        0.147955E+01            -1.36353
      112         0.150000E+01        0.150533E+01             0.35532
      113         0.300000E+00        0.191730E+00           -36.09011
      114         0.150000E+01        0.145522E+01            -2.98536
      115         0.150000E+01        0.152755E+01             1.83699
      116         0.300000E+00        0.932506E-01           -68.91647
      117         0.150000E+01        0.141446E+01            -5.70247
      118         0.150000E+01        0.150533E+01             0.35510
      119         0.300000E+00        0.199423E+00           -33.52573
      120         0.150000E+01        0.137626E+01            -8.24904
      121         0.150000E+01        0.150078E+01             0.05197
      122         0.300000E+00        0.203143E+00           -32.28550
      123         0.150000E+01        0.133798E+01           -10.80142
      124         0.150000E+01        0.150110E+01             0.07302
      125         0.300000E+00        0.226884E+00           -24.37216
      126         0.150000E+01        0.130181E+01           -13.21274
      127         0.150000E+01        0.151408E+01             0.93858
      128         0.300000E+00        0.225946E+00           -24.68450
      129         0.150000E+01        0.124529E+01           -16.98077
      130         0.150000E+01        0.149650E+01            -0.23346
      131         0.300000E+00        0.234815E+00           -21.72823
      132         0.150000E+01        0.119675E+01           -20.21636
      133         0.150000E+01        0.149581E+01            -0.27901
      134         0.300000E+00        0.296852E+00            -1.04934
      135         0.150000E+01        0.115364E+01           -23.09078
      136         0.150000E+01        0.149851E+01            -0.09902
      137         0.300000E+00        0.320346E+00             6.78191
      138         0.150000E+01        0.111014E+01           -25.99094
      139         0.150000E+01        0.149606E+01            -0.26260
      140         0.300000E+00        0.321814E+00             7.27134
      141         0.150000E+01        0.107267E+01           -28.48898
      142         0.150000E+01        0.149956E+01            -0.02931
      143         0.300000E+00        0.309607E+00             3.20230
      144         0.150000E+01        0.103358E+01           -31.09449
      145         0.150000E+01        0.150449E+01             0.29948
      146         0.300000E+00        0.301095E+00             0.36500
      147         0.150000E+01        0.980632E+00           -34.62450
      148         0.150000E+01        0.149660E+01            -0.22660
      149         0.300000E+00        0.305342E+00             1.78083
      150         0.150000E+01        0.934516E+00           -37.69893
      151         0.150000E+01        0.149659E+01            -0.22763
      152         0.300000E+00        0.337067E+00            12.35551
      153         0.150000E+01        0.895351E+00           -40.30994
      154         0.150000E+01        0.149809E+01            -0.12748
      155         0.300000E+00        0.350367E+00            16.78911
      156         0.150000E+01        0.856387E+00           -42.90753
      157         0.150000E+01        0.149668E+01            -0.22152
      158         0.300000E+00        0.351725E+00            17.24155
      159         0.150000E+01        0.823238E+00           -45.11747
      160         0.150000E+01        0.149681E+01            -0.21276
      161         0.300000E+00        0.360594E+00            20.19810
      162         0.150000E+01        0.794723E+00           -47.01848
      163         0.150000E+01        0.149791E+01            -0.13930
      164         0.300000E+00        0.358534E+00            19.51143
      165         0.150000E+01        0.766175E+00           -48.92164
      166         0.150000E+01        0.149739E+01            -0.17422
      167         0.300000E+00        0.358780E+00            19.59335
      168         0.150000E+01        0.739437E+00           -50.70417
      169         0.150000E+01        0.149721E+01            -0.18574
      170         0.300000E+00        0.360766E+00            20.25534
      171         0.150000E+01        0.718436E+00           -52.10424
      172         0.150000E+01        0.149857E+01            -0.09550
      173         0.300000E+00        0.353324E+00            17.77471
      174         0.150000E+01        0.696722E+00           -53.55188
      175         0.150000E+01        0.149743E+01            -0.17153
      176         0.300000E+00        0.353721E+00            17.90700
      177         0.150000E+01        0.681275E+00           -54.58168
      178         0.150000E+01        0.149812E+01            -0.12503
      179         0.300000E+00        0.352352E+00            17.45054
      180         0.150000E+01        0.667657E+00           -55.48950
      181         0.150000E+01        0.149771E+01            -0.15271
      182         0.300000E+00        0.357115E+00            19.03819
      183         0.150000E+01        0.656818E+00           -56.21212
      184         0.150000E+01        0.149753E+01            -0.16462
      185         0.300000E+00        0.356816E+00            18.93870
      186         0.150000E+01        0.649702E+00           -56.68654
      187         0.150000E+01        0.149931E+01            -0.04604
      188         0.300000E+00        0.340075E+00            13.35849
      189         0.150000E+01        0.637522E+00           -57.49852
      190         0.150000E+01        0.149838E+01            -0.10786
      191         0.300000E+00        0.348814E+00            16.27142
      192         0.150000E+01        0.625603E+00           -58.29316
      193         0.150000E+01        0.149803E+01            -0.13135
      194         0.300000E+00        0.349499E+00            16.49962
      195         0.150000E+01        0.618389E+00           -58.77409
      196         0.150000E+01        0.149765E+01            -0.15640
      197         0.300000E+00        0.359025E+00            19.67490
 INFO::writing final control vector to x.b
 INFO::writing prior uncertainty (physical units) to sx.b
 INFO::runretrieval:start uncertainty analysis on state...
 
 INFO::ua:SVD done with ierr =          0
 
 INFO::runretrieval:...uncertainty analysis on state DONE
 
       Extreme off diagonal correlations
            Min/Max                 value    i    j
                Min              -0.02141    9    7
                Max               0.43445    8    5
 
 INFO::finishdf:target file ***controlvector_prior.nc*** successfully written.
 INFO::finishdf:target file ***controlvector_post.nc*** successfully written.
('exp_list length: ', '3')
/home/users/ewanp82/projects/ret_tool_s3
0.01
0.5
0.05
0.5
str, obs_s1
str, time_start
str, site_nml
0.001
3.0
0.1
0.05
float, gtol
float, s1_vv_uncfloor
float, s2_uncfloor
str, time_end
str, dynmodunc_inifile
float, s1_vh_uncfloor
float, s2_relunc
float, s1_unc
/gws/nopw/j04/odanceo/epinnington/sen_syn/508_high_flat_hv_nos2_1
<type 'netCDF4._netCDF4.Dataset'>
root group (NETCDF4 data model, file format HDF5):
    institution: The Inversion Lab, Hamburg, Germany
    date_created: 20210906T13:12:07+01:00
    optimisation_tag: SUCCESSFUL
    dimensions(sizes): nparam_s1(2), npoints(65)
    variables(dimensions): float64 [4mtime[0m(npoints), int32 [4msim_typ[0m(npoints), float64 [4mlaicoeff[0m(nparam_s1), float64 [4mlaicoeff_unc[0m(nparam_s1), float64 [4mlai[0m(npoints), float64 [4mcanht[0m(npoints), float64 [4msm[0m(npoints), float64 [4mlai_unc[0m(npoints), float64 [4mcanht_unc[0m(npoints), float64 [4msm_unc[0m(npoints)
    groups: 

[datetime.datetime(2017, 3, 23, 5, 26)
 datetime.datetime(2017, 3, 24, 5, 17)
 datetime.datetime(2017, 3, 25, 17, 6)
 datetime.datetime(2017, 3, 26, 16, 58)
 datetime.datetime(2017, 3, 29, 5, 26)
 datetime.datetime(2017, 3, 30, 5, 17)
 datetime.datetime(2017, 3, 31, 17, 6)
 datetime.datetime(2017, 4, 4, 5, 26) datetime.datetime(2017, 4, 5, 5, 17)
 datetime.datetime(2017, 4, 6, 17, 6)
 datetime.datetime(2017, 4, 7, 16, 58)
 datetime.datetime(2017, 4, 10, 5, 26)
 datetime.datetime(2017, 4, 11, 5, 17)
 datetime.datetime(2017, 4, 12, 17, 6)
 datetime.datetime(2017, 4, 16, 5, 26)
 datetime.datetime(2017, 4, 17, 5, 17)
 datetime.datetime(2017, 4, 18, 17, 6)
 datetime.datetime(2017, 4, 19, 16, 58)
 datetime.datetime(2017, 4, 22, 5, 26)
 datetime.datetime(2017, 4, 23, 5, 17)
 datetime.datetime(2017, 4, 24, 17, 6)
 datetime.datetime(2017, 4, 28, 5, 26)
 datetime.datetime(2017, 4, 29, 5, 17)
 datetime.datetime(2017, 4, 30, 17, 6)
 datetime.datetime(2017, 5, 1, 16, 58)
 datetime.datetime(2017, 5, 4, 5, 26) datetime.datetime(2017, 5, 5, 5, 17)
 datetime.datetime(2017, 5, 6, 17, 6)
 datetime.datetime(2017, 5, 10, 5, 26)
 datetime.datetime(2017, 5, 11, 5, 17)
 datetime.datetime(2017, 5, 12, 17, 6)
 datetime.datetime(2017, 5, 13, 16, 58)
 datetime.datetime(2017, 5, 16, 5, 26)
 datetime.datetime(2017, 5, 17, 5, 17)
 datetime.datetime(2017, 5, 18, 17, 6)
 datetime.datetime(2017, 5, 22, 5, 26)
 datetime.datetime(2017, 5, 23, 5, 17)
 datetime.datetime(2017, 5, 24, 17, 6)
 datetime.datetime(2017, 5, 28, 5, 26)
 datetime.datetime(2017, 5, 29, 5, 17)
 datetime.datetime(2017, 5, 30, 17, 6)
 datetime.datetime(2017, 6, 3, 5, 26) datetime.datetime(2017, 6, 4, 5, 17)
 datetime.datetime(2017, 6, 5, 17, 6) datetime.datetime(2017, 6, 9, 5, 26)
 datetime.datetime(2017, 6, 10, 5, 17)
 datetime.datetime(2017, 6, 11, 17, 6)
 datetime.datetime(2017, 6, 15, 5, 26)
 datetime.datetime(2017, 6, 16, 5, 17)
 datetime.datetime(2017, 6, 17, 17, 6)
 datetime.datetime(2017, 6, 21, 5, 26)
 datetime.datetime(2017, 6, 22, 5, 17)
 datetime.datetime(2017, 6, 23, 17, 6)
 datetime.datetime(2017, 6, 27, 5, 26)
 datetime.datetime(2017, 6, 28, 5, 17)
 datetime.datetime(2017, 6, 29, 17, 6)
 datetime.datetime(2017, 7, 3, 5, 26) datetime.datetime(2017, 7, 4, 5, 17)
 datetime.datetime(2017, 7, 5, 17, 6) datetime.datetime(2017, 7, 9, 5, 26)
 datetime.datetime(2017, 7, 10, 5, 17)
 datetime.datetime(2017, 7, 11, 17, 6)
 datetime.datetime(2017, 7, 15, 5, 26)
 datetime.datetime(2017, 7, 16, 5, 17)
 datetime.datetime(2017, 7, 17, 17, 6)]
[    0   111   326   469   832   975  1190  1696  1839  2054  2197  2560
  2703  2918  3424  3567  3782  3925  4282  4425  4640  5146  5289  5504
  5647  6010  6153  6368  6874  7017  7232  7375  7738  7881  8096  8602
  8745  8960  9466  9609  9824 10330 10473 10688 11194 11337 11552 12058
 12201 12416 12922 13065 13280 13786 13929 14144 14650 14793 15008 15514
 15657 15872 16378 16521 16736]
/gws/nopw/j04/odanceo/epinnington/sen_syn/508_high_flat_hv_nos2_1
<type 'netCDF4._netCDF4.Dataset'>
root group (NETCDF4 data model, file format HDF5):
    institution: The Inversion Lab, Hamburg, Germany
    date_created: 20210906T13:12:07+01:00
    optimisation_tag: SUCCESSFUL
    dimensions(sizes): nparam_s1(2), npoints(65)
    variables(dimensions): float64 [4mtime[0m(npoints), int32 [4msim_typ[0m(npoints), float64 [4mlaicoeff[0m(nparam_s1), float64 [4mlaicoeff_unc[0m(nparam_s1), float64 [4mlai[0m(npoints), float64 [4mcanht[0m(npoints), float64 [4msm[0m(npoints), float64 [4mlai_unc[0m(npoints), float64 [4mcanht_unc[0m(npoints), float64 [4msm_unc[0m(npoints)
    groups: 

[datetime.datetime(2017, 3, 23, 5, 26)
 datetime.datetime(2017, 3, 24, 5, 17)
 datetime.datetime(2017, 3, 25, 17, 6)
 datetime.datetime(2017, 3, 26, 16, 58)
 datetime.datetime(2017, 3, 29, 5, 26)
 datetime.datetime(2017, 3, 30, 5, 17)
 datetime.datetime(2017, 3, 31, 17, 6)
 datetime.datetime(2017, 4, 4, 5, 26) datetime.datetime(2017, 4, 5, 5, 17)
 datetime.datetime(2017, 4, 6, 17, 6)
 datetime.datetime(2017, 4, 7, 16, 58)
 datetime.datetime(2017, 4, 10, 5, 26)
 datetime.datetime(2017, 4, 11, 5, 17)
 datetime.datetime(2017, 4, 12, 17, 6)
 datetime.datetime(2017, 4, 16, 5, 26)
 datetime.datetime(2017, 4, 17, 5, 17)
 datetime.datetime(2017, 4, 18, 17, 6)
 datetime.datetime(2017, 4, 19, 16, 58)
 datetime.datetime(2017, 4, 22, 5, 26)
 datetime.datetime(2017, 4, 23, 5, 17)
 datetime.datetime(2017, 4, 24, 17, 6)
 datetime.datetime(2017, 4, 28, 5, 26)
 datetime.datetime(2017, 4, 29, 5, 17)
 datetime.datetime(2017, 4, 30, 17, 6)
 datetime.datetime(2017, 5, 1, 16, 58)
 datetime.datetime(2017, 5, 4, 5, 26) datetime.datetime(2017, 5, 5, 5, 17)
 datetime.datetime(2017, 5, 6, 17, 6)
 datetime.datetime(2017, 5, 10, 5, 26)
 datetime.datetime(2017, 5, 11, 5, 17)
 datetime.datetime(2017, 5, 12, 17, 6)
 datetime.datetime(2017, 5, 13, 16, 58)
 datetime.datetime(2017, 5, 16, 5, 26)
 datetime.datetime(2017, 5, 17, 5, 17)
 datetime.datetime(2017, 5, 18, 17, 6)
 datetime.datetime(2017, 5, 22, 5, 26)
 datetime.datetime(2017, 5, 23, 5, 17)
 datetime.datetime(2017, 5, 24, 17, 6)
 datetime.datetime(2017, 5, 28, 5, 26)
 datetime.datetime(2017, 5, 29, 5, 17)
 datetime.datetime(2017, 5, 30, 17, 6)
 datetime.datetime(2017, 6, 3, 5, 26) datetime.datetime(2017, 6, 4, 5, 17)
 datetime.datetime(2017, 6, 5, 17, 6) datetime.datetime(2017, 6, 9, 5, 26)
 datetime.datetime(2017, 6, 10, 5, 17)
 datetime.datetime(2017, 6, 11, 17, 6)
 datetime.datetime(2017, 6, 15, 5, 26)
 datetime.datetime(2017, 6, 16, 5, 17)
 datetime.datetime(2017, 6, 17, 17, 6)
 datetime.datetime(2017, 6, 21, 5, 26)
 datetime.datetime(2017, 6, 22, 5, 17)
 datetime.datetime(2017, 6, 23, 17, 6)
 datetime.datetime(2017, 6, 27, 5, 26)
 datetime.datetime(2017, 6, 28, 5, 17)
 datetime.datetime(2017, 6, 29, 17, 6)
 datetime.datetime(2017, 7, 3, 5, 26) datetime.datetime(2017, 7, 4, 5, 17)
 datetime.datetime(2017, 7, 5, 17, 6) datetime.datetime(2017, 7, 9, 5, 26)
 datetime.datetime(2017, 7, 10, 5, 17)
 datetime.datetime(2017, 7, 11, 17, 6)
 datetime.datetime(2017, 7, 15, 5, 26)
 datetime.datetime(2017, 7, 16, 5, 17)
 datetime.datetime(2017, 7, 17, 17, 6)]
/gws/nopw/j04/odanceo/epinnington/sen_syn/508_high_flat_hv_nos2_1
<type 'netCDF4._netCDF4.Dataset'>
root group (NETCDF4 data model, file format HDF5):
    institution: The Inversion Lab, Hamburg, Germany
    date_created: 20210906T13:12:07+01:00
    optimisation_tag: SUCCESSFUL
    dimensions(sizes): nparam_s1(2), npoints(65)
    variables(dimensions): float64 [4mtime[0m(npoints), int32 [4msim_typ[0m(npoints), float64 [4mlaicoeff[0m(nparam_s1), float64 [4mlaicoeff_unc[0m(nparam_s1), float64 [4mlai[0m(npoints), float64 [4mcanht[0m(npoints), float64 [4msm[0m(npoints), float64 [4mlai_unc[0m(npoints), float64 [4mcanht_unc[0m(npoints), float64 [4msm_unc[0m(npoints)
    groups: 

[datetime.datetime(2017, 3, 23, 5, 26)
 datetime.datetime(2017, 3, 24, 5, 17)
 datetime.datetime(2017, 3, 25, 17, 6)
 datetime.datetime(2017, 3, 26, 16, 58)
 datetime.datetime(2017, 3, 29, 5, 26)
 datetime.datetime(2017, 3, 30, 5, 17)
 datetime.datetime(2017, 3, 31, 17, 6)
 datetime.datetime(2017, 4, 4, 5, 26) datetime.datetime(2017, 4, 5, 5, 17)
 datetime.datetime(2017, 4, 6, 17, 6)
 datetime.datetime(2017, 4, 7, 16, 58)
 datetime.datetime(2017, 4, 10, 5, 26)
 datetime.datetime(2017, 4, 11, 5, 17)
 datetime.datetime(2017, 4, 12, 17, 6)
 datetime.datetime(2017, 4, 16, 5, 26)
 datetime.datetime(2017, 4, 17, 5, 17)
 datetime.datetime(2017, 4, 18, 17, 6)
 datetime.datetime(2017, 4, 19, 16, 58)
 datetime.datetime(2017, 4, 22, 5, 26)
 datetime.datetime(2017, 4, 23, 5, 17)
 datetime.datetime(2017, 4, 24, 17, 6)
 datetime.datetime(2017, 4, 28, 5, 26)
 datetime.datetime(2017, 4, 29, 5, 17)
 datetime.datetime(2017, 4, 30, 17, 6)
 datetime.datetime(2017, 5, 1, 16, 58)
 datetime.datetime(2017, 5, 4, 5, 26) datetime.datetime(2017, 5, 5, 5, 17)
 datetime.datetime(2017, 5, 6, 17, 6)
 datetime.datetime(2017, 5, 10, 5, 26)
 datetime.datetime(2017, 5, 11, 5, 17)
 datetime.datetime(2017, 5, 12, 17, 6)
 datetime.datetime(2017, 5, 13, 16, 58)
 datetime.datetime(2017, 5, 16, 5, 26)
 datetime.datetime(2017, 5, 17, 5, 17)
 datetime.datetime(2017, 5, 18, 17, 6)
 datetime.datetime(2017, 5, 22, 5, 26)
 datetime.datetime(2017, 5, 23, 5, 17)
 datetime.datetime(2017, 5, 24, 17, 6)
 datetime.datetime(2017, 5, 28, 5, 26)
 datetime.datetime(2017, 5, 29, 5, 17)
 datetime.datetime(2017, 5, 30, 17, 6)
 datetime.datetime(2017, 6, 3, 5, 26) datetime.datetime(2017, 6, 4, 5, 17)
 datetime.datetime(2017, 6, 5, 17, 6) datetime.datetime(2017, 6, 9, 5, 26)
 datetime.datetime(2017, 6, 10, 5, 17)
 datetime.datetime(2017, 6, 11, 17, 6)
 datetime.datetime(2017, 6, 15, 5, 26)
 datetime.datetime(2017, 6, 16, 5, 17)
 datetime.datetime(2017, 6, 17, 17, 6)
 datetime.datetime(2017, 6, 21, 5, 26)
 datetime.datetime(2017, 6, 22, 5, 17)
 datetime.datetime(2017, 6, 23, 17, 6)
 datetime.datetime(2017, 6, 27, 5, 26)
 datetime.datetime(2017, 6, 28, 5, 17)
 datetime.datetime(2017, 6, 29, 17, 6)
 datetime.datetime(2017, 7, 3, 5, 26) datetime.datetime(2017, 7, 4, 5, 17)
 datetime.datetime(2017, 7, 5, 17, 6) datetime.datetime(2017, 7, 9, 5, 26)
 datetime.datetime(2017, 7, 10, 5, 17)
 datetime.datetime(2017, 7, 11, 17, 6)
 datetime.datetime(2017, 7, 15, 5, 26)
 datetime.datetime(2017, 7, 16, 5, 17)
 datetime.datetime(2017, 7, 17, 17, 6)]
ran experiment 1
