which python
bin/rs_setup.py
------------------------------
 Retrieval System Setup properly finished, Retrieval System ready for use!
------------------------------
2021-09-06 13:09:48,497 INFO::<module>:: rs_pre.py::PROGRAM START::2021-09-06T13:09:48.497092
2021-09-06 13:09:48,497 INFO::<module>:: command-line: bin/rs_pre.py pre_general --obs_s2 /home/users/ewanp82/projects/ret_tool_s3/S2/mni_s2_542_high_b4b5b6b7b8b8a.csv --ctlvec_relunc 0.01 0.5 0.05 0.5 --obs_s1 /home/users/ewanp82/projects/ret_tool_s3/S1/mni_s1_542_high_hv.csv --time_start 20170323 --site_nml /home/users/ewanp82/projects/ret_tool_s3/site_new_test.nml --ctlvec_uncfloor 0.001 3.0 0.1 0.05 --gtol 1.0 --s1_vv_uncfloor 0.004 --s2_uncfloor 0.02 --time_end 20170720 --dynmodunc_inifile /home/users/ewanp82/projects/ret_tool_s3/mod_ini/dynmod_vtight.ini --s1_vh_uncfloor 1e-05 --s2_relunc 0.05 --s1_unc 1.6
2021-09-06 13:09:48,510 INFO::main:: user selection +++pre_general+++
2021-09-06 13:09:48,510 INFO::pre_general:: start setup of general retrieval setup...
2021-09-06 13:09:48,821 INFO::pre_general:: Copied default namelist file ***/home/users/ewanp82/projects/ret_tool_s3/site_new_test.nml*** to current working directory.
2021-09-06 13:09:48,821 INFO::pre_general:: START reading namelist ***site.nml***...
2021-09-06 13:09:48,827 INFO::pre_general:: ...reading DONE
2021-09-06 13:09:48,837 INFO::load_obs_csv:: observation data loaded from file ***/home/users/ewanp82/projects/ret_tool_s3/S1/mni_s1_542_high_hv.csv***
2021-09-06 13:09:48,838 INFO::load_obs_csv:: detected ntimepts=65 #columns=10 in csv file
2021-09-06 13:09:48,839 INFO::load_obs_csv:: start reading S1 observations...
2021-09-06 13:09:48,839 INFO::load_obs_csv:: observational backscatter values are assumed to be in linear units!
2021-09-06 13:09:48,839 INFO::load_obs_csv:: VH backscatter values read: VH[linear] min/max=0.00898676179349/0.0891347751021
2021-09-06 13:09:48,839 INFO::load_obs_csv:: VV backscatter values read: VV[linear] min/max=-99999.0/-99999.0
2021-09-06 13:09:48,839 INFO::load_obs_csv:: assuming S1 observational uncertainty of 1.6 [dB] yields relative uncertainty of 0.376804399913 [linear unit].
2021-09-06 13:09:48,839 INFO::load_obs_csv:: assuming vv=0.004 vh=1e-05 S1 observational uncertainty floor [linear unit].
2021-09-06 13:09:48,839 INFO::load_obs_csv:: number of applied uncertainty floor values on VH=0 VV=65
2021-09-06 13:09:48,839 INFO::load_obs_csv:: determined VH uncertainty in linear units, min/max=0.00338625138476/0.0335863754438
2021-09-06 13:09:48,839 INFO::load_obs_csv:: determined VV uncertainty in linear units, min/max=0.004/0.004
2021-09-06 13:09:48,839 INFO::load_obs_csv:: ...reading S1 observations DONE
2021-09-06 13:09:48,842 INFO::load_obs_csv:: observation data loaded from file ***/home/users/ewanp82/projects/ret_tool_s3/S2/mni_s2_542_high_b4b5b6b7b8b8a.csv***
2021-09-06 13:09:48,842 INFO::load_obs_csv:: detected ntimepts=11 #columns=21 in csv file
2021-09-06 13:09:48,842 INFO::load_obs_csv:: start reading S2 observations...
2021-09-06 13:09:48,842 WARNING::load_obs_csv:: detected negative BRF values: nneg=70. These will be set to fill-value!
2021-09-06 13:09:48,842 INFO::load_obs_csv:: BRF uncertainty is derived by applying 0.05 relative uncertainty, and an uncertainty floor value of 0.02
2021-09-06 13:09:48,842 INFO::load_obs_csv:: ...reading S2 observations DONE
2021-09-06 13:09:48,842 INFO::setup_common_schedule:: determined ntpts=75
2021-09-06 13:09:48,843 INFO::setup_common_schedule:: common schedule yields time-points  S1A=0 S1B=65 S2A=0 S2B=10 other=0
2021-09-06 13:09:48,843 INFO::_set_priorunc:: applied relative uncertainty 0.01 on lai coefficients.
2021-09-06 13:09:48,843 INFO::_set_priorunc:: applied relative uncertainty on state vector components, lai_relunc=0.5 canht_relunc=0.05 sm_relunc=0.5
2021-09-06 13:09:48,843 INFO::_set_priorunc:: uncertainty floor values were applied as follows: lai_uncfloor=3.0 canht_uncfloor=0.1 sm_uncfloor=0.05
2021-09-06 13:09:48,847 INFO::set_dynmodel:: START reading values on dynamical model uncertainties from ***/home/users/ewanp82/projects/ret_tool_s3/mod_ini/dynmod_vtight.ini***...
2021-09-06 13:09:48,848 INFO::set_dynmodel:: ...reading DONE
2021-09-06 13:09:48,848 INFO::pre_general:: ...general retrieval setup DONE
2021-09-06 13:09:48,848 INFO::pre_general:: START writing input files for retrieval system...
2021-09-06 13:09:48,848 INFO::ncwrt_retrieval_config:: Start writing configuration file ***retrconfig.nc***...
2021-09-06 13:09:50,792 INFO::ncwrt_retrieval_config:: ...writing ***retrconfig.nc*** DONE
2021-09-06 13:09:50,793 INFO::ncwrt_retrieval_prior:: Start writing configuration file ***retrprior.nc***...
2021-09-06 13:09:57,502 INFO::ncwrt_retrieval_prior:: ...writing ***retrprior.nc*** DONE
2021-09-06 13:09:57,503 INFO::ncwrt_retrieval_obs_s1:: Start writing configuration file ***obs_s1.nc***...
2021-09-06 13:10:00,109 INFO::ncwrt_retrieval_obs_s1:: ...writing ***obs_s1.nc*** DONE
2021-09-06 13:10:00,109 INFO::ncwrt_retrieval_obs_s2:: Start writing configuration file ***obs_s2.nc***...
2021-09-06 13:10:02,229 INFO::ncwrt_retrieval_obs_s2:: ...writing ***obs_s2.nc*** DONE
2021-09-06 13:10:02,229 INFO::ncwrt_retrieval_model:: Start writing configuration file ***retrmodel.nc***...
2021-09-06 13:10:13,047 INFO::ncwrt_retrieval_model:: ...writing ***retrmodel.nc*** DONE
2021-09-06 13:10:13,047 INFO::wrt_nml_retrieval_control:: Start writing configuration file ***retrctl.nml***...
2021-09-06 13:10:13,272 INFO::wrt_nml_retrieval_control:: ...writing ***retrctl.nml*** DONE
2021-09-06 13:10:13,272 INFO::wrt_nml_controlvector_bounds:: Start writing configuration file ***retrctlvecbounds.nml***...
2021-09-06 13:10:13,560 INFO::wrt_nml_controlvector_bounds:: ...writing ***retrctlvecbounds.nml*** DONE
2021-09-06 13:10:13,561 INFO::pre_general:: ...writing input files for retrieval system DONE
gfortran -Wall -ffixed-line-length-132 -fdefault-real-8 -fdefault-double-8 -I/usr/include -Iobjs -Jobjs -O3 -funroll-loops -floop-block -ftree-loop-distribution -march=native -I/usr/lib64/gfortran/modules/  -c -o objs/mo_sensimul_s1.o src/sense/mo_sensimul_s1.f90
gfortran -Wall -ffixed-line-length-132 -fdefault-real-8 -fdefault-double-8 -I/usr/include -Iobjs -Jobjs -O3 -funroll-loops -floop-block -ftree-loop-distribution -march=native -I/usr/lib64/gfortran/modules/  -c -o objs/mo_sensimul_s2.o src/semid/mo_sensimul_s2.f90
gfortran -Wall -ffixed-line-length-132 -fdefault-real-8 -fdefault-double-8 -I/usr/include -Iobjs -Jobjs -O3 -funroll-loops -floop-block -ftree-loop-distribution -march=native -I/usr/lib64/gfortran/modules/  -c -o objs/mo_sensimul.o src/simulator/mo_sensimul.f90
gfortran -Wall -ffixed-line-length-132 -fdefault-real-8 -fdefault-double-8 -I/usr/include -Iobjs -Jobjs -O3 -funroll-loops -floop-block -ftree-loop-distribution -march=native -I/usr/lib64/gfortran/modules/  -c -o objs/runretrieval.o driver/runretrieval.f90
gfortran -Wall -ffixed-line-length-132 -fdefault-real-8 -fdefault-double-8 -I/usr/include -Iobjs -Jobjs -O3 -funroll-loops -floop-block -ftree-loop-distribution -march=native -I/usr/lib64/gfortran/modules/  -c -o objs/mo_retrieval.o src/retrieval/mo_retrieval.f90
gfortran -Wall -ffixed-line-length-132 -fdefault-real-8 -fdefault-double-8 -I/usr/include -Iobjs -Jobjs -O3 -funroll-loops -floop-block -ftree-loop-distribution -march=native -I/usr/lib64/gfortran/modules/  -c -o objs/cost.o src/retrieval/cost.f90
gfortran -Wall -ffixed-line-length-132 -fdefault-real-8 -fdefault-double-8 -I/usr/include -Iobjs -Jobjs -O3 -funroll-loops -floop-block -ftree-loop-distribution -march=native -I/usr/lib64/gfortran/modules/  -c -o objs/misfit.o src/retrieval/misfit.f90
gfortran -Wall -ffixed-line-length-132 -fdefault-real-8 -fdefault-double-8 -I/usr/include -Iobjs -Jobjs -O3 -funroll-loops -floop-block -ftree-loop-distribution -march=native -I/usr/lib64/gfortran/modules/  -c -o objs/prior.o src/retrieval/prior.f90
gfortran -Wall -ffixed-line-length-132 -fdefault-real-8 -fdefault-double-8 -I/usr/include -Iobjs -Jobjs -O3 -funroll-loops -floop-block -ftree-loop-distribution -march=native -I/usr/lib64/gfortran/modules/  -c -o objs/retrieval_control.o src/retrieval/retrieval_control.f90
gfortran -Wall -ffixed-line-length-132 -fdefault-real-8 -fdefault-double-8 -I/usr/include -Iobjs -Jobjs -O3 -funroll-loops -floop-block -ftree-loop-distribution -march=native -I/usr/lib64/gfortran/modules/  -c -o objs/DIFFSIZES.o src/derivatives/DIFFSIZES.f90
gfortran -Wall -ffixed-line-length-132 -fdefault-real-8 -fdefault-double-8 -I/usr/include -Iobjs -Jobjs -O3 -funroll-loops -floop-block -ftree-loop-distribution -march=native -I/usr/lib64/gfortran/modules/  -c -o objs/jacobian.o src/retrieval/jacobian.f90
gfortran -Wall -ffixed-line-length-132 -fdefault-real-8 -fdefault-double-8 -I/usr/include -Iobjs -Jobjs -O3 -funroll-loops -floop-block -ftree-loop-distribution -march=native -I/usr/lib64/gfortran/modules/  -c -o objs/ua.o src/retrieval/ua.f90
gfortran -Wall -ffixed-line-length-132 -fdefault-real-8 -fdefault-double-8 -I/usr/include -Iobjs -Jobjs -O3 -funroll-loops -floop-block -ftree-loop-distribution -march=native -I/usr/lib64/gfortran/modules/  -c -o objs/mo_util.o src/support/mo_util.f90
gfortran -Wall -ffixed-line-length-132 -fdefault-real-8 -fdefault-double-8 -I/usr/include -Iobjs -Jobjs -O3 -funroll-loops -floop-block -ftree-loop-distribution -march=native -I/usr/lib64/gfortran/modules/  -c -o objs/fapar.o src/retrieval/fapar.f90
ar -r lib/libretr.a objs/cost.o objs/misfit.o objs/prior.o objs/mo_retrieval.o objs/retrieval_control.o objs/jacobian.o objs/ua.o objs/fapar.o
gfortran -Wall -ffixed-line-length-132 -fdefault-real-8 -fdefault-double-8 -I/usr/include -Iobjs -Jobjs -O3 -funroll-loops -floop-block -ftree-loop-distribution -march=native -I/usr/lib64/gfortran/modules/  -c -o objs/model.o src/simulator/model.f90
gfortran -Wall -ffixed-line-length-132 -fdefault-real-8 -fdefault-double-8 -I/usr/include -Iobjs -Jobjs -O3 -funroll-loops -floop-block -ftree-loop-distribution -march=native -I/usr/lib64/gfortran/modules/  -c -o objs/price_soil_ftn.o src/semid/price_soil_ftn.f90
gfortran -Wall -ffixed-line-length-132 -fdefault-real-8 -fdefault-double-8 -I/usr/include -Iobjs -Jobjs -O3 -funroll-loops -floop-block -ftree-loop-distribution -march=native -I/usr/lib64/gfortran/modules/  -c -o objs/cost_bw.o src/derivatives/cost_bw.f90
gfortran -Wall -ffixed-line-length-132 -fdefault-real-8 -fdefault-double-8 -I/usr/include -Iobjs -Jobjs -O3 -funroll-loops -floop-block -ftree-loop-distribution -march=native -I/usr/lib64/gfortran/modules/  -c -o objs/cost_fwv.o src/derivatives/cost_fwv.f90
gfortran -Wall -ffixed-line-length-132 -fdefault-real-8 -fdefault-double-8 -I/usr/include -Iobjs -Jobjs -O3 -funroll-loops -floop-block -ftree-loop-distribution -march=native -I/usr/lib64/gfortran/modules/  -c -o objs/ad_support.o src/derivatives/ad_support.f90
gfortran -Wall -ffixed-line-length-132 -fdefault-real-8 -fdefault-double-8 -I/usr/include -Iobjs -Jobjs -O3 -funroll-loops -floop-block -ftree-loop-distribution -march=native -I/usr/lib64/gfortran/modules/  -c -o objs/adBuffer.o src/derivatives/adBuffer.f
/apps/contrib/jaspy/miniconda_envs/jaspy2.7/m2-4.6.14/envs/jaspy2.7-m2-4.6.14-r20190715/bin/x86_64-conda_cos6-linux-gnu-cc -fPIC -Isrc/derivatives -march=nocona -mtune=haswell -ftree-vectorize -fPIC -fstack-protector-strong -fno-plt -O2 -ffunction-sections -pipe  -c -o objs/adStack.o src/derivatives/adStack.c
ar -r lib/libderiv.a objs/cost_bw.o objs/cost_fwv.o objs/ad_support.o objs/DIFFSIZES.o objs/adBuffer.o objs/adStack.o
gfortran -Wall -ffixed-line-length-132 -fdefault-real-8 -fdefault-double-8 -I/usr/include -Iobjs -Jobjs -O3 -funroll-loops -floop-block -ftree-loop-distribution -march=native -I/usr/lib64/gfortran/modules/  -c -o objs/prospect.redux.o src/semid/prospect.redux.f
gfortran -Wall -ffixed-line-length-132 -fdefault-real-8 -fdefault-double-8 -I/usr/include -Iobjs -Jobjs -O3 -funroll-loops -floop-block -ftree-loop-distribution -march=native -I/usr/lib64/gfortran/modules/  -c -o objs/semiDbrf.o src/semid/semiDbrf.f
gfortran -Wall -ffixed-line-length-132 -fdefault-real-8 -fdefault-double-8 -I/usr/include -Iobjs -Jobjs -O3 -funroll-loops -floop-block -ftree-loop-distribution -march=native -I/usr/lib64/gfortran/modules/  -c -o objs/semiDbrfe.o src/semid/semiDbrfe.f
gfortran -Wall -ffixed-line-length-132 -fdefault-real-8 -fdefault-double-8 -I/usr/include -Iobjs -Jobjs -O3 -funroll-loops -floop-block -ftree-loop-distribution -march=native -I/usr/lib64/gfortran/modules/  -c -o objs/semiDtools.o src/semid/semiDtools.f
gfortran -Wall -ffixed-line-length-132 -fdefault-real-8 -fdefault-double-8 -I/usr/include -Iobjs -Jobjs -O3 -funroll-loops -floop-block -ftree-loop-distribution -march=native -I/usr/lib64/gfortran/modules/  -c -o objs/simulate.o src/simulator/simulate.f90
gfortran -Wall -ffixed-line-length-132 -fdefault-real-8 -fdefault-double-8 -I/usr/include -Iobjs -Jobjs -O3 -funroll-loops -floop-block -ftree-loop-distribution -march=native -I/usr/lib64/gfortran/modules/  -c -o objs/mapping.o src/simulator/mapping.f90
gfortran -Wall -ffixed-line-length-132 -fdefault-real-8 -fdefault-double-8 -I/usr/include -Iobjs -Jobjs -O3 -funroll-loops -floop-block -ftree-loop-distribution -march=native -I/usr/lib64/gfortran/modules/  -c -o objs/target_operator.o src/simulator/target_operator.f90
gfortran -Wall -ffixed-line-length-132 -fdefault-real-8 -fdefault-double-8 -I/usr/include -Iobjs -Jobjs -O3 -funroll-loops -floop-block -ftree-loop-distribution -march=native -I/usr/lib64/gfortran/modules/  -c -o objs/prospect_interface_ftn.o src/semid/prospect_interface_ftn.f90
gfortran -Wall -ffixed-line-length-132 -fdefault-real-8 -fdefault-double-8 -I/usr/include -Iobjs -Jobjs -O3 -funroll-loops -floop-block -ftree-loop-distribution -march=native -I/usr/lib64/gfortran/modules/  -c -o objs/semiD_ftn.o src/semid/semiD_ftn.f90
gfortran -Wall -ffixed-line-length-132 -fdefault-real-8 -fdefault-double-8 -I/usr/include -Iobjs -Jobjs -O3 -funroll-loops -floop-block -ftree-loop-distribution -march=native -I/usr/lib64/gfortran/modules/  -c -o objs/canopy.o src/sense/canopy.f90
gfortran -Wall -ffixed-line-length-132 -fdefault-real-8 -fdefault-double-8 -I/usr/include -Iobjs -Jobjs -O3 -funroll-loops -floop-block -ftree-loop-distribution -march=native -I/usr/lib64/gfortran/modules/  -c -o objs/core.o src/sense/core.f90
gfortran -Wall -ffixed-line-length-132 -fdefault-real-8 -fdefault-double-8 -I/usr/include -Iobjs -Jobjs -O3 -funroll-loops -floop-block -ftree-loop-distribution -march=native -I/usr/lib64/gfortran/modules/  -c -o objs/dobson85.o src/sense/dobson85.f90
gfortran -Wall -ffixed-line-length-132 -fdefault-real-8 -fdefault-double-8 -I/usr/include -Iobjs -Jobjs -O3 -funroll-loops -floop-block -ftree-loop-distribution -march=native -I/usr/lib64/gfortran/modules/  -c -o objs/ground.o src/sense/ground.f90
gfortran -Wall -ffixed-line-length-132 -fdefault-real-8 -fdefault-double-8 -I/usr/include -Iobjs -Jobjs -O3 -funroll-loops -floop-block -ftree-loop-distribution -march=native -I/usr/lib64/gfortran/modules/  -c -o objs/Oh92.o src/sense/Oh92.f90
gfortran -Wall -ffixed-line-length-132 -fdefault-real-8 -fdefault-double-8 -I/usr/include -Iobjs -Jobjs -O3 -funroll-loops -floop-block -ftree-loop-distribution -march=native -I/usr/lib64/gfortran/modules/  -c -o objs/scatterer.o src/sense/scatterer.f90
gfortran -Wall -ffixed-line-length-132 -fdefault-real-8 -fdefault-double-8 -I/usr/include -Iobjs -Jobjs -O3 -funroll-loops -floop-block -ftree-loop-distribution -march=native -I/usr/lib64/gfortran/modules/  -c -o objs/soil.o src/sense/soil.f90
gfortran -Wall -ffixed-line-length-132 -fdefault-real-8 -fdefault-double-8 -I/usr/include -Iobjs -Jobjs -O3 -funroll-loops -floop-block -ftree-loop-distribution -march=native -I/usr/lib64/gfortran/modules/  -c -o objs/util.o src/sense/util.f90
gfortran -Wall -ffixed-line-length-132 -fdefault-real-8 -fdefault-double-8 -I/usr/include -Iobjs -Jobjs -O3 -funroll-loops -floop-block -ftree-loop-distribution -march=native -I/usr/lib64/gfortran/modules/  -c -o objs/sense.o src/sense/sense.f90
gfortran -Wall -ffixed-line-length-132 -fdefault-real-8 -fdefault-double-8 -I/usr/include -Iobjs -Jobjs -O3 -funroll-loops -floop-block -ftree-loop-distribution -march=native -I/usr/lib64/gfortran/modules/  -c -o objs/init-finish.o src/simulator/init-finish.f90
gfortran -Wall -ffixed-line-length-132 -fdefault-real-8 -fdefault-double-8 -I/usr/include -Iobjs -Jobjs -O3 -funroll-loops -floop-block -ftree-loop-distribution -march=native -I/usr/lib64/gfortran/modules/  -c -o objs/mo_timing.o src/support/mo_timing.f90
gfortran -Wall -ffixed-line-length-132 -fdefault-real-8 -fdefault-double-8 -I/usr/include -Iobjs -Jobjs -O3 -funroll-loops -floop-block -ftree-loop-distribution -march=native -I/usr/lib64/gfortran/modules/  -c -o objs/sensimul_io.o src/simulator/sensimul_io.f90
ar -r lib/libmodel.a objs/prospect.redux.o objs/semiDbrf.o objs/semiDbrfe.o objs/semiDtools.o objs/mo_sensimul.o objs/simulate.o objs/mapping.o objs/model.o objs/target_operator.o objs/mo_sensimul_s2.o objs/price_soil_ftn.o objs/prospect_interface_ftn.o objs/semiD_ftn.o objs/canopy.o objs/core.o objs/dobson85.o objs/ground.o objs/mo_sensimul_s1.o objs/Oh92.o objs/scatterer.o objs/soil.o objs/util.o objs/sense.o objs/init-finish.o objs/sensimul_io.o
ar -r lib/libsupport.a objs/mo_timing.o objs/mo_util.o
make -C lbfgsb ../lib/liblbfgsb-gfortran.a FC="gfortran" FFLAGS="-Wall -ffixed-line-length-132 -fdefault-real-8 -fdefault-double-8 -I/usr/include -Iobjs -Jobjs -O3 -funroll-loops -floop-block -ftree-loop-distribution -march=native -I/usr/lib64/gfortran/modules/" LIBNAME="../lib/liblbfgsb-gfortran.a"
make[1]: Entering directory `/gws/nopw/j04/odanceo/epinnington/sen_syn/542_high_flat_hv_b4b5b6b7b8b8a_0/lbfgsb'
gfortran -Wall -ffixed-line-length-132 -fdefault-real-8 -fdefault-double-8 -I/usr/include -Iobjs -Jobjs -O3 -funroll-loops -floop-block -ftree-loop-distribution -march=native -I/usr/lib64/gfortran/modules/  -c -o blas.o blas.f
gfortran -Wall -ffixed-line-length-132 -fdefault-real-8 -fdefault-double-8 -I/usr/include -Iobjs -Jobjs -O3 -funroll-loops -floop-block -ftree-loop-distribution -march=native -I/usr/lib64/gfortran/modules/  -c -o lbfgsb.o lbfgsb.f
gfortran -Wall -ffixed-line-length-132 -fdefault-real-8 -fdefault-double-8 -I/usr/include -Iobjs -Jobjs -O3 -funroll-loops -floop-block -ftree-loop-distribution -march=native -I/usr/lib64/gfortran/modules/  -c -o linpack.o linpack.f
gfortran -Wall -ffixed-line-length-132 -fdefault-real-8 -fdefault-double-8 -I/usr/include -Iobjs -Jobjs -O3 -funroll-loops -floop-block -ftree-loop-distribution -march=native -I/usr/lib64/gfortran/modules/  -c -o timer.o timer.f
ar -r ../lib/liblbfgsb-gfortran.a blas.o lbfgsb.o linpack.o timer.o
make[1]: Leaving directory `/gws/nopw/j04/odanceo/epinnington/sen_syn/542_high_flat_hv_b4b5b6b7b8b8a_0/lbfgsb'
make -C eispack ../lib/libeis.a FC=gfortran FFLAGS="-Wall -ffixed-line-length-132 -fdefault-real-8 -fdefault-double-8 -I/usr/include -Iobjs -Jobjs -O3 -funroll-loops -floop-block -ftree-loop-distribution -march=native -I/usr/lib64/gfortran/modules/" LIBNAME="../lib/libeis.a"
make[1]: Entering directory `/gws/nopw/j04/odanceo/epinnington/sen_syn/542_high_flat_hv_b4b5b6b7b8b8a_0/eispack'
gfortran -Wall -ffixed-line-length-132 -fdefault-real-8 -fdefault-double-8 -I/usr/include -Iobjs -Jobjs -O3 -funroll-loops -floop-block -ftree-loop-distribution -march=native -I/usr/lib64/gfortran/modules/ -c eispack.f90
ar -r ../lib/libeis.a eispack.o
make[1]: Leaving directory `/gws/nopw/j04/odanceo/epinnington/sen_syn/542_high_flat_hv_b4b5b6b7b8b8a_0/eispack'
gfortran -o runretrieval.x -O3 -funroll-loops -floop-block -ftree-loop-distribution -march=native objs/runretrieval.o lib/libretr.a lib/libderiv.a lib/libmodel.a lib/libsupport.a lib/liblbfgsb-gfortran.a lib/libeis.a -L/usr/lib64/ -lnetcdff -lnetcdf
./runretrieval.x --no_fapar 2>&1 | tee mk.retrieval.log
 INFO::retrieval_read_ctl:read settings from file ***retrctl.nml***...
 INFO::retrieval_read_ctl:...reading done.
 INFO::use_prior_term: T
 INFO::use_state_term: T
 INFO::gradient_tolerance: .10000E+01
 INFO::priopr_pert: .00000E+00
 INFO::runretrieval:calling initf...
 DEBUG::load_ivgeom:ndims= 2
 INFO::initf:retrieval configuration was read from ***retrconfig.nc***
 DEBUG::initf:ncrd_retrieval_config has finished, yields:npts=  75 npts_s1=  65 npts_s2=  10
 INFO::load_sitenml:successfully read site namelist file ***site.nml***
 INFO::setprior:prior control vector was read from ***retrprior.nc***
 DEBUG::setprior:ncrd_retrieval_prior terminated successfully
 INFO::runretrieval:...done.
 DEBUG::runretrieval:initf yields:n=227 mf=260
 INFO::runretrieval:calling initx...
 INFO::runretrieval:...done.
 INFO::state_model_set:will be setting-up simple state-model of type "mx(i+1)=a(i+1)*x(i) + b(i+1)"
 INFO::state_model_set:reading model configuration from file ***retrmodel.nc***...
 INFO::state_model_set:...reading done.
 INFO::runretrieval:start optimise...
 INFO::optimise:load control vector boundary settings by calling initb...
 INFO::initb:bounds were read from file ***retrctlvecbounds.nml***
 INFO::initb:applying bounds: lai_coeff_lobound=    0.000 lai_coeff_hibound=    1.000
 INFO::initb:applying bounds: lai_lobound=    0.001 lai_hibound=   10.000
 INFO::initb:applying bounds: canht_lobound=    0.001 canht_hibound=    4.500
 INFO::initb:applying bounds: sm_lobound=    0.001 sm_hibound=    0.500
 INFO::optimise:...done.
 INFO::optimise:start optimiser...
RUNNING THE L-BFGS-B CODE

           * * *

Machine precision = 2.220D-16
 N =          227     M =            5

At X0         0 variables are exactly at the bounds
 INFO::getobs:initial loading of observations...
 INFO::getobs:reading S1 observations from ***obs_s1.nc***
 INFO::ncrd_obs_vector:dataset ---backscatter--- detected fill-value:-99999.00000000
 INFO::ncrd_obs_vector:dataset ---backscatter_unc--- detected fill-value:-99999.00000000
 INFO::ncrd_obs_vector:s1 detected data fill-values:      65
 INFO::ncrd_obs_vector:s1 detected no uncertainthy fill-values
 INFO::getobs:...loading S1 observations done.
 INFO::getobs:reading S2 observations from ***obs_s2.nc***
 INFO::ncrd_obs_vector:dataset ---brf--- detected fill-value:-99999.00000000
 INFO::ncrd_obs_vector:dataset ---brf_unc--- detected fill-value:-99999.00000000
 INFO::ncrd_obs_vector:s2 detected data fill-values:      70
 INFO::ncrd_obs_vector:s2 detected unc. fill-values:      70
 INFO::getobs:...loading observations done.
 INFO::getobs:...initial loading done

At iterate    0    f=  8.64738D+02    |proj g|=  2.83333D+00

At iterate    1    f=  7.85515D+02    |proj g|=  2.84937D+00

At iterate    2    f=  7.19280D+02    |proj g|=  2.85170D+00

At iterate    3    f=  6.65550D+02    |proj g|=  2.92098D+00

At iterate    4    f=  5.99910D+02    |proj g|=  3.09769D+00

At iterate    5    f=  5.22068D+02    |proj g|=  3.24742D+00

At iterate    6    f=  4.42670D+02    |proj g|=  3.27223D+00

At iterate    7    f=  3.82997D+02    |proj g|=  3.25362D+00

At iterate    8    f=  3.43544D+02    |proj g|=  3.24057D+00

At iterate    9    f=  3.22794D+02    |proj g|=  3.28279D+00

At iterate   10    f=  3.09628D+02    |proj g|=  3.28023D+00

At iterate   11    f=  3.03179D+02    |proj g|=  3.28341D+00

At iterate   12    f=  2.97542D+02    |proj g|=  3.29088D+00

At iterate   13    f=  2.94868D+02    |proj g|=  3.28922D+00

At iterate   14    f=  2.89706D+02    |proj g|=  3.29030D+00

At iterate   15    f=  2.88120D+02    |proj g|=  3.28428D+00

At iterate   16    f=  2.85848D+02    |proj g|=  3.27168D+00

At iterate   17    f=  2.84464D+02    |proj g|=  3.25082D+00

At iterate   18    f=  2.82268D+02    |proj g|=  3.24078D+00

At iterate   19    f=  2.81419D+02    |proj g|=  3.23246D+00

At iterate   20    f=  2.80764D+02    |proj g|=  3.22120D+00

At iterate   21    f=  2.80448D+02    |proj g|=  3.23255D+00

At iterate   22    f=  2.80070D+02    |proj g|=  2.39705D+00

At iterate   23    f=  2.79999D+02    |proj g|=  2.34042D+00

At iterate   24    f=  2.79807D+02    |proj g|=  2.51994D+00

At iterate   25    f=  2.79708D+02    |proj g|=  3.17743D+00

At iterate   26    f=  2.79498D+02    |proj g|=  3.17759D+00

At iterate   27    f=  2.79357D+02    |proj g|=  2.68354D+00

At iterate   28    f=  2.79199D+02    |proj g|=  2.76798D+00

At iterate   29    f=  2.78982D+02    |proj g|=  3.17088D+00

At iterate   30    f=  2.78781D+02    |proj g|=  2.91410D+00

At iterate   31    f=  2.78647D+02    |proj g|=  2.63814D+00

At iterate   32    f=  2.78458D+02    |proj g|=  3.09850D+00

At iterate   33    f=  2.78365D+02    |proj g|=  3.24124D+00

At iterate   34    f=  2.78214D+02    |proj g|=  3.23971D+00

At iterate   35    f=  2.78049D+02    |proj g|=  2.37251D+00

At iterate   36    f=  2.77928D+02    |proj g|=  3.13359D+00

At iterate   37    f=  2.77659D+02    |proj g|=  3.00605D+00

At iterate   38    f=  2.77542D+02    |proj g|=  3.24302D+00

At iterate   39    f=  2.77433D+02    |proj g|=  2.32012D+00

At iterate   40    f=  2.77320D+02    |proj g|=  2.95827D+00

At iterate   41    f=  2.77189D+02    |proj g|=  3.24910D+00

At iterate   42    f=  2.77034D+02    |proj g|=  3.24941D+00

At iterate   43    f=  2.76797D+02    |proj g|=  3.24994D+00

At iterate   44    f=  2.76667D+02    |proj g|=  2.22867D+00

At iterate   45    f=  2.76560D+02    |proj g|=  2.27002D+00

At iterate   46    f=  2.76398D+02    |proj g|=  3.00750D+00

At iterate   47    f=  2.76298D+02    |proj g|=  3.13918D+00

At iterate   48    f=  2.76161D+02    |proj g|=  2.15326D+00

At iterate   49    f=  2.76081D+02    |proj g|=  2.10657D+00

At iterate   50    f=  2.75980D+02    |proj g|=  2.83633D+00

At iterate   51    f=  2.75803D+02    |proj g|=  3.23472D+00

At iterate   52    f=  2.75670D+02    |proj g|=  3.25487D+00

At iterate   53    f=  2.75581D+02    |proj g|=  2.51551D+00

At iterate   54    f=  2.75519D+02    |proj g|=  2.13533D+00

At iterate   55    f=  2.75465D+02    |proj g|=  2.70746D+00

At iterate   56    f=  2.75402D+02    |proj g|=  3.25671D+00

At iterate   57    f=  2.75336D+02    |proj g|=  1.86884D+00

At iterate   58    f=  2.75302D+02    |proj g|=  1.60677D+00

At iterate   59    f=  2.75257D+02    |proj g|=  2.15485D+00

At iterate   60    f=  2.75227D+02    |proj g|=  3.26263D+00

At iterate   61    f=  2.75163D+02    |proj g|=  1.74376D+00

At iterate   62    f=  2.75137D+02    |proj g|=  1.13668D+00

At iterate   63    f=  2.75102D+02    |proj g|=  1.53297D+00

At iterate   64    f=  2.75045D+02    |proj g|=  2.17673D+00

At iterate   65    f=  2.75026D+02    |proj g|=  3.26140D+00

At iterate   66    f=  2.74960D+02    |proj g|=  1.57945D+00

At iterate   67    f=  2.74939D+02    |proj g|=  1.28112D+00

At iterate   68    f=  2.74908D+02    |proj g|=  2.29916D+00

At iterate   69    f=  2.74872D+02    |proj g|=  3.15736D+00

At iterate   70    f=  2.74822D+02    |proj g|=  3.02257D+00

At iterate   71    f=  2.74787D+02    |proj g|=  1.46661D+00

At iterate   72    f=  2.74755D+02    |proj g|=  2.18514D+00

At iterate   73    f=  2.74714D+02    |proj g|=  2.50532D+00

At iterate   74    f=  2.74677D+02    |proj g|=  2.83416D+00

At iterate   75    f=  2.74651D+02    |proj g|=  1.69360D+00

At iterate   76    f=  2.74622D+02    |proj g|=  1.13502D+00

At iterate   77    f=  2.74607D+02    |proj g|=  2.10326D+00

At iterate   78    f=  2.74590D+02    |proj g|=  1.23694D+00

At iterate   79    f=  2.74578D+02    |proj g|=  1.05331D+00

At iterate   80    f=  2.74574D+02    |proj g|=  2.68638D+00

At iterate   81    f=  2.74559D+02    |proj g|=  8.20965D-01

           * * *

Tit   = total number of iterations
Tnf   = total number of function evaluations
Tnint = total number of segments explored during Cauchy searches
Skip  = number of BFGS updates skipped
Nact  = number of active bounds at final generalized Cauchy point
Projg = norm of the final projected gradient
F     = final function value

           * * *

   N    Tit     Tnf  Tnint  Skip  Nact     Projg        F
  227     81     84    159     0     0   8.210D-01   2.746D+02
  F =   274.55902489475818     

CONVERGENCE: NORM_OF_PROJECTED_GRADIENT_<=_PGTOL            

 Cauchy                time 9.760E-04 seconds.
 Subspace minimization time 1.552E-03 seconds.
 Line search           time 4.012E+02 seconds.

 Total User time 4.060E+02 seconds.

 INFO::optimise:...optimiser finished.
 INFO::runretrieval:...optimise DONE
 INFO::runretrieval::opti_succeed: T
 
        i                Prior           Posterior          Change [%]
 
        1         0.990000E-01        0.987894E-01            -0.21271
        2         0.990000E-01        0.987894E-01            -0.21271
        3         0.150000E+01        0.226963E+00           -84.86914
        4         0.150000E+01        0.150117E+01             0.07817
        5         0.300000E+00        0.249645E+00           -16.78503
        6         0.150000E+01        0.221158E+00           -85.25613
        7         0.150000E+01        0.149914E+01            -0.05753
        8         0.300000E+00        0.251312E+00           -16.22933
        9         0.150000E+01        0.221319E+00           -85.24543
       10         0.150000E+01        0.149919E+01            -0.05426
       11         0.300000E+00        0.227995E+00           -24.00154
       12         0.150000E+01        0.226031E+00           -84.93125
       13         0.150000E+01        0.150234E+01             0.15574
       14         0.300000E+00        0.223732E+00           -25.42254
       15         0.150000E+01        0.219150E+00           -85.39002
       16         0.150000E+01        0.150256E+01             0.17084
       17         0.300000E+00        0.218194E+00           -27.26871
       18         0.150000E+01        0.295152E+00           -80.32322
       19         0.150000E+01        0.150832E+01             0.55487
       20         0.300000E+00        0.206488E+00           -31.17064
       21         0.150000E+01        0.335541E+00           -77.63062
       22         0.150000E+01        0.150055E+01             0.03649
       23         0.300000E+00        0.210713E+00           -29.76223
       24         0.150000E+01        0.378429E+00           -74.77140
       25         0.150000E+01        0.149886E+01            -0.07580
       26         0.300000E+00        0.243576E+00           -18.80816
       27         0.150000E+01        0.427685E+00           -71.48765
       28         0.150000E+01        0.150349E+01             0.23257
       29         0.300000E+00        0.248537E+00           -17.15442
       30         0.150000E+01        0.464235E+00           -69.05103
       31         0.150000E+01        0.149862E+01            -0.09201
       32         0.300000E+00        0.253184E+00           -15.60522
       33         0.150000E+01        0.507615E+00           -66.15903
       34         0.150000E+01        0.149841E+01            -0.10632
       35         0.300000E+00        0.273849E+00            -8.71709
       36         0.150000E+01        0.556515E+00           -62.89897
       37         0.150000E+01        0.150116E+01             0.07728
       38         0.300000E+00        0.273018E+00            -8.99400
       39         0.150000E+01        0.602173E+00           -59.85516
       40         0.150000E+01        0.150409E+01             0.27292
       41         0.300000E+00        0.268307E+00           -10.56417
       42         0.150000E+01        0.633915E+00           -57.73902
       43         0.150000E+01        0.149883E+01            -0.07798
       44         0.300000E+00        0.272725E+00            -9.09161
       45         0.150000E+01        0.669443E+00           -55.37049
       46         0.150000E+01        0.149773E+01            -0.15147
       47         0.300000E+00        0.311544E+00             3.84815
       48         0.150000E+01        0.710547E+00           -52.63022
       49         0.150000E+01        0.149970E+01            -0.01968
       50         0.300000E+00        0.327454E+00             9.15146
       51         0.150000E+01        0.750104E+00           -49.99304
       52         0.150000E+01        0.149769E+01            -0.15383
       53         0.300000E+00        0.328988E+00             9.66266
       54         0.150000E+01        0.793808E+00           -47.07944
       55         0.150000E+01        0.149780E+01            -0.14636
       56         0.300000E+00        0.329590E+00             9.86348
       57         0.150000E+01        0.842850E+00           -43.80997
       58         0.150000E+01        0.150027E+01             0.01821
       59         0.300000E+00        0.328521E+00             9.50697
       60         0.150000E+01        0.887746E+00           -40.81691
       61         0.150000E+01        0.150084E+01             0.05616
       62         0.300000E+00        0.330536E+00            10.17881
       63         0.150000E+01        0.928290E+00           -38.11399
       64         0.150000E+01        0.149770E+01            -0.15318
       65         0.300000E+00        0.332642E+00            10.88065
       66         0.150000E+01        0.972829E+00           -35.14472
       67         0.150000E+01        0.150038E+01             0.02509
       68         0.300000E+00        0.353064E+00            17.68815
       69         0.150000E+01        0.108804E+01           -27.46389
       70         0.150000E+01        0.149738E+01            -0.17476
       71         0.300000E+00        0.354097E+00            18.03246
       72         0.150000E+01        0.120715E+01           -19.52366
       73         0.150000E+01        0.149651E+01            -0.23254
       74         0.300000E+00        0.366002E+00            22.00058
       75         0.150000E+01        0.133386E+01           -11.07572
       76         0.150000E+01        0.149558E+01            -0.29437
       77         0.300000E+00        0.366333E+00            22.11113
       78         0.150000E+01        0.146668E+01            -2.22137
       79         0.150000E+01        0.149596E+01            -0.26906
       80         0.300000E+00        0.364530E+00            21.50992
       81         0.150000E+01        0.160596E+01             7.06411
       82         0.150000E+01        0.149551E+01            -0.29959
       83         0.300000E+00        0.364244E+00            21.41456
       84         0.150000E+01        0.175132E+01            16.75499
       85         0.150000E+01        0.149851E+01            -0.09964
       86         0.300000E+00        0.352592E+00            17.53078
       87         0.150000E+01        0.189668E+01            26.44524
       88         0.150000E+01        0.149410E+01            -0.39313
       89         0.300000E+00        0.353172E+00            17.72404
       90         0.150000E+01        0.204993E+01            36.66182
       91         0.150000E+01        0.149516E+01            -0.32244
       92         0.300000E+00        0.353409E+00            17.80286
       93         0.150000E+01        0.220933E+01            47.28886
       94         0.150000E+01        0.149762E+01            -0.15870
       95         0.300000E+00        0.345917E+00            15.30564
       96         0.150000E+01        0.236867E+01            57.91130
       97         0.150000E+01        0.149405E+01            -0.39677
       98         0.300000E+00        0.346259E+00            15.41968
       99         0.150000E+01        0.253434E+01            68.95595
      100         0.150000E+01        0.149560E+01            -0.29346
      101         0.300000E+00        0.345416E+00            15.13861
      102         0.150000E+01        0.270210E+01            80.14024
      103         0.150000E+01        0.149220E+01            -0.51993
      104         0.300000E+00        0.345485E+00            15.16152
      105         0.150000E+01        0.287586E+01            91.72398
      106         0.150000E+01        0.149147E+01            -0.56871
      107         0.300000E+00        0.333525E+00            11.17504
      108         0.150000E+01        0.305672E+01           103.78165
      109         0.150000E+01        0.149187E+01            -0.54205
      110         0.300000E+00        0.331734E+00            10.57809
      111         0.150000E+01        0.324360E+01           116.24030
      112         0.150000E+01        0.148656E+01            -0.89597
      113         0.300000E+00        0.329783E+00             9.92755
      114         0.150000E+01        0.334974E+01           123.31615
      115         0.150000E+01        0.149468E+01            -0.35498
      116         0.300000E+00        0.336234E+00            12.07801
      117         0.150000E+01        0.346116E+01           130.74384
      118         0.150000E+01        0.148970E+01            -0.68671
      119         0.300000E+00        0.342885E+00            14.29501
      120         0.150000E+01        0.358067E+01           138.71158
      121         0.150000E+01        0.149023E+01            -0.65111
      122         0.300000E+00        0.342738E+00            14.24585
      123         0.150000E+01        0.370873E+01           147.24883
      124         0.150000E+01        0.149467E+01            -0.35527
      125         0.300000E+00        0.337673E+00            12.55777
      126         0.150000E+01        0.384088E+01           156.05876
      127         0.150000E+01        0.148826E+01            -0.78261
      128         0.300000E+00        0.329560E+00             9.85329
      129         0.150000E+01        0.391889E+01           161.25926
      130         0.150000E+01        0.148879E+01            -0.74720
      131         0.300000E+00        0.331019E+00            10.33967
      132         0.150000E+01        0.400553E+01           167.03562
      133         0.150000E+01        0.149018E+01            -0.65477
      134         0.300000E+00        0.330812E+00            10.27060
      135         0.150000E+01        0.410131E+01           173.42075
      136         0.150000E+01        0.149512E+01            -0.32513
      137         0.300000E+00        0.323599E+00             7.86617
      138         0.150000E+01        0.420311E+01           180.20721
      139         0.150000E+01        0.149060E+01            -0.62644
      140         0.300000E+00        0.310549E+00             3.51631
      141         0.150000E+01        0.431291E+01           187.52736
      142         0.150000E+01        0.148015E+01            -1.32302
      143         0.300000E+00        0.309046E+00             3.01526
      144         0.150000E+01        0.432352E+01           188.23481
      145         0.150000E+01        0.149225E+01            -0.51636
      146         0.300000E+00        0.309862E+00             3.28725
      147         0.150000E+01        0.433917E+01           189.27808
      148         0.150000E+01        0.149684E+01            -0.21096
      149         0.300000E+00        0.319452E+00             6.48399
      150         0.150000E+01        0.435776E+01           190.51707
      151         0.150000E+01        0.148876E+01            -0.74956
      152         0.300000E+00        0.327791E+00             9.26364
      153         0.150000E+01        0.438401E+01           192.26708
      154         0.150000E+01        0.149090E+01            -0.60660
      155         0.300000E+00        0.327489E+00             9.16300
      156         0.150000E+01        0.441918E+01           194.61209
      157         0.150000E+01        0.149212E+01            -0.52534
      158         0.300000E+00        0.320126E+00             6.70880
      159         0.150000E+01        0.446182E+01           197.45436
      160         0.150000E+01        0.146745E+01            -2.17016
      161         0.300000E+00        0.293540E+00            -2.15334
      162         0.150000E+01        0.434017E+01           189.34497
      163         0.150000E+01        0.148588E+01            -0.94122
      164         0.300000E+00        0.331990E+00            10.66348
      165         0.150000E+01        0.422993E+01           181.99523
      166         0.150000E+01        0.148972E+01            -0.68540
      167         0.300000E+00        0.333060E+00            11.02003
      168         0.150000E+01        0.412804E+01           175.20257
      169         0.150000E+01        0.149354E+01            -0.43089
      170         0.300000E+00        0.336111E+00            12.03708
      171         0.150000E+01        0.403213E+01           168.80868
      172         0.150000E+01        0.148869E+01            -0.75414
      173         0.300000E+00        0.338997E+00            12.99898
      174         0.150000E+01        0.394563E+01           163.04169
      175         0.150000E+01        0.149380E+01            -0.41307
      176         0.300000E+00        0.338306E+00            12.76858
      177         0.150000E+01        0.386466E+01           157.64412
      178         0.150000E+01        0.149472E+01            -0.35211
      179         0.300000E+00        0.328843E+00             9.61432
      180         0.150000E+01        0.378932E+01           152.62126
      181         0.150000E+01        0.148711E+01            -0.85944
      182         0.300000E+00        0.316814E+00             5.60457
      183         0.150000E+01        0.365046E+01           143.36397
      184         0.150000E+01        0.149313E+01            -0.45821
      185         0.300000E+00        0.317907E+00             5.96898
      186         0.150000E+01        0.351731E+01           134.48741
      187         0.150000E+01        0.149550E+01            -0.29981
      188         0.300000E+00        0.318637E+00             6.21231
      189         0.150000E+01        0.338988E+01           125.99211
      190         0.150000E+01        0.149613E+01            -0.25800
      191         0.300000E+00        0.325407E+00             8.46898
      192         0.150000E+01        0.326694E+01           117.79615
      193         0.150000E+01        0.149216E+01            -0.52300
      194         0.300000E+00        0.333798E+00            11.26604
      195         0.150000E+01        0.315150E+01           110.09978
      196         0.150000E+01        0.149312E+01            -0.45847
      197         0.300000E+00        0.333621E+00            11.20715
      198         0.150000E+01        0.304285E+01           102.85691
      199         0.150000E+01        0.149449E+01            -0.36765
      200         0.300000E+00        0.325342E+00             8.44735
      201         0.150000E+01        0.294016E+01            96.01080
      202         0.150000E+01        0.149869E+01            -0.08734
      203         0.300000E+00        0.324122E+00             8.04052
      204         0.150000E+01        0.289288E+01            92.85875
      205         0.150000E+01        0.148207E+01            -1.19536
      206         0.300000E+00        0.302320E+00             0.77348
      207         0.150000E+01        0.269330E+01            79.55355
      208         0.150000E+01        0.149270E+01            -0.48655
      209         0.300000E+00        0.305962E+00             1.98734
      210         0.150000E+01        0.249933E+01            66.62220
      211         0.150000E+01        0.149292E+01            -0.47173
      212         0.300000E+00        0.308249E+00             2.74975
      213         0.150000E+01        0.231376E+01            54.25044
      214         0.150000E+01        0.149579E+01            -0.28083
      215         0.300000E+00        0.328503E+00             9.50106
      216         0.150000E+01        0.213418E+01            42.27876
      217         0.150000E+01        0.149372E+01            -0.41900
      218         0.300000E+00        0.346015E+00            15.33823
      219         0.150000E+01        0.196328E+01            30.88534
      220         0.150000E+01        0.149467E+01            -0.35562
      221         0.300000E+00        0.346352E+00            15.45061
      222         0.150000E+01        0.179947E+01            19.96450
      223         0.150000E+01        0.149567E+01            -0.28878
      224         0.300000E+00        0.345349E+00            15.11627
      225         0.150000E+01        0.164167E+01             9.44445
      226         0.150000E+01        0.149976E+01            -0.01577
      227         0.300000E+00        0.344725E+00            14.90831
 INFO::writing final control vector to x.b
 INFO::writing prior uncertainty (physical units) to sx.b
 INFO::runretrieval:start uncertainty analysis on state...
 
 INFO::ua:SVD done with ierr =          0
 
 INFO::runretrieval:...uncertainty analysis on state DONE
 
       Extreme off diagonal correlations
            Min/Max                 value    i    j
                Min              -0.01384   96   94
                Max               0.48300  227  224
 
 INFO::finishdf:target file ***controlvector_prior.nc*** successfully written.
 INFO::finishdf:target file ***controlvector_post.nc*** successfully written.
('exp_list length: ', '3')
/home/users/ewanp82/projects/ret_tool_s3
str, obs_s2
0.01
0.5
0.05
0.5
str, obs_s1
str, time_start
str, site_nml
0.001
3.0
0.1
0.05
float, gtol
float, s1_vv_uncfloor
float, s2_uncfloor
str, time_end
str, dynmodunc_inifile
float, s1_vh_uncfloor
float, s2_relunc
float, s1_unc
/gws/nopw/j04/odanceo/epinnington/sen_syn/542_high_flat_hv_b4b5b6b7b8b8a_0
<type 'netCDF4._netCDF4.Dataset'>
root group (NETCDF4 data model, file format HDF5):
    institution: The Inversion Lab, Hamburg, Germany
    date_created: 20210906T13:21:01+01:00
    optimisation_tag: SUCCESSFUL
    dimensions(sizes): nparam_s1(2), npoints(75)
    variables(dimensions): float64 [4mtime[0m(npoints), int32 [4msim_typ[0m(npoints), float64 [4mlaicoeff[0m(nparam_s1), float64 [4mlaicoeff_unc[0m(nparam_s1), float64 [4mlai[0m(npoints), float64 [4mcanht[0m(npoints), float64 [4msm[0m(npoints), float64 [4mlai_unc[0m(npoints), float64 [4mcanht_unc[0m(npoints), float64 [4msm_unc[0m(npoints)
    groups: 

[datetime.datetime(2017, 3, 23, 5, 26)
 datetime.datetime(2017, 3, 24, 5, 17)
 datetime.datetime(2017, 3, 25, 17, 6)
 datetime.datetime(2017, 3, 26, 16, 58)
 datetime.datetime(2017, 3, 28, 10, 20)
 datetime.datetime(2017, 3, 29, 5, 26)
 datetime.datetime(2017, 3, 30, 5, 17)
 datetime.datetime(2017, 3, 31, 17, 6)
 datetime.datetime(2017, 4, 4, 5, 26) datetime.datetime(2017, 4, 5, 5, 17)
 datetime.datetime(2017, 4, 6, 17, 6)
 datetime.datetime(2017, 4, 7, 16, 58)
 datetime.datetime(2017, 4, 10, 5, 26)
 datetime.datetime(2017, 4, 11, 5, 17)
 datetime.datetime(2017, 4, 12, 17, 6)
 datetime.datetime(2017, 4, 16, 5, 26)
 datetime.datetime(2017, 4, 17, 5, 17)
 datetime.datetime(2017, 4, 18, 17, 6)
 datetime.datetime(2017, 4, 19, 16, 58)
 datetime.datetime(2017, 4, 22, 5, 26)
 datetime.datetime(2017, 4, 23, 5, 17)
 datetime.datetime(2017, 4, 24, 10, 10)
 datetime.datetime(2017, 4, 24, 17, 6)
 datetime.datetime(2017, 4, 28, 5, 26)
 datetime.datetime(2017, 4, 29, 5, 17)
 datetime.datetime(2017, 4, 30, 17, 6)
 datetime.datetime(2017, 5, 1, 16, 58)
 datetime.datetime(2017, 5, 4, 5, 26) datetime.datetime(2017, 5, 5, 5, 17)
 datetime.datetime(2017, 5, 6, 17, 6)
 datetime.datetime(2017, 5, 10, 5, 26)
 datetime.datetime(2017, 5, 11, 5, 17)
 datetime.datetime(2017, 5, 12, 17, 6)
 datetime.datetime(2017, 5, 13, 16, 58)
 datetime.datetime(2017, 5, 16, 5, 26)
 datetime.datetime(2017, 5, 17, 5, 17)
 datetime.datetime(2017, 5, 17, 10, 20)
 datetime.datetime(2017, 5, 18, 17, 6)
 datetime.datetime(2017, 5, 22, 5, 26)
 datetime.datetime(2017, 5, 23, 5, 17)
 datetime.datetime(2017, 5, 24, 17, 6)
 datetime.datetime(2017, 5, 27, 10, 20)
 datetime.datetime(2017, 5, 28, 5, 26)
 datetime.datetime(2017, 5, 29, 5, 17)
 datetime.datetime(2017, 5, 30, 17, 6)
 datetime.datetime(2017, 6, 3, 5, 26)
 datetime.datetime(2017, 6, 3, 10, 10)
 datetime.datetime(2017, 6, 4, 5, 17) datetime.datetime(2017, 6, 5, 17, 6)
 datetime.datetime(2017, 6, 9, 5, 26)
 datetime.datetime(2017, 6, 10, 5, 17)
 datetime.datetime(2017, 6, 11, 17, 6)
 datetime.datetime(2017, 6, 13, 10, 10)
 datetime.datetime(2017, 6, 15, 5, 26)
 datetime.datetime(2017, 6, 16, 5, 17)
 datetime.datetime(2017, 6, 17, 17, 6)
 datetime.datetime(2017, 6, 21, 5, 26)
 datetime.datetime(2017, 6, 22, 5, 17)
 datetime.datetime(2017, 6, 23, 17, 6)
 datetime.datetime(2017, 6, 26, 10, 20)
 datetime.datetime(2017, 6, 27, 5, 26)
 datetime.datetime(2017, 6, 28, 5, 17)
 datetime.datetime(2017, 6, 29, 17, 6)
 datetime.datetime(2017, 7, 3, 5, 26) datetime.datetime(2017, 7, 4, 5, 17)
 datetime.datetime(2017, 7, 5, 17, 6)
 datetime.datetime(2017, 7, 6, 10, 20)
 datetime.datetime(2017, 7, 8, 10, 10)
 datetime.datetime(2017, 7, 9, 5, 26)
 datetime.datetime(2017, 7, 10, 5, 17)
 datetime.datetime(2017, 7, 11, 17, 6)
 datetime.datetime(2017, 7, 15, 5, 26)
 datetime.datetime(2017, 7, 16, 5, 17)
 datetime.datetime(2017, 7, 17, 17, 6)
 datetime.datetime(2017, 7, 18, 10, 10)]
[    0   106   321   464   712   827   970  1185  1691  1834  2049  2192
  2555  2698  2913  3419  3562  3777  3920  4277  4420  4593  4635  5141
  5284  5499  5642  6005  6148  6363  6869  7012  7227  7370  7733  7876
  7906  8091  8597  8740  8955  9346  9461  9604  9819 10325 10353 10468
 10683 11189 11332 11547 11793 12053 12196 12411 12917 13060 13275 13666
 13781 13924 14139 14645 14788 15003 15106 15392 15508 15651 15866 16372
 16515 16730 16832]
/gws/nopw/j04/odanceo/epinnington/sen_syn/542_high_flat_hv_b4b5b6b7b8b8a_0
<type 'netCDF4._netCDF4.Dataset'>
root group (NETCDF4 data model, file format HDF5):
    institution: The Inversion Lab, Hamburg, Germany
    date_created: 20210906T13:21:01+01:00
    optimisation_tag: SUCCESSFUL
    dimensions(sizes): nparam_s1(2), npoints(75)
    variables(dimensions): float64 [4mtime[0m(npoints), int32 [4msim_typ[0m(npoints), float64 [4mlaicoeff[0m(nparam_s1), float64 [4mlaicoeff_unc[0m(nparam_s1), float64 [4mlai[0m(npoints), float64 [4mcanht[0m(npoints), float64 [4msm[0m(npoints), float64 [4mlai_unc[0m(npoints), float64 [4mcanht_unc[0m(npoints), float64 [4msm_unc[0m(npoints)
    groups: 

[datetime.datetime(2017, 3, 23, 5, 26)
 datetime.datetime(2017, 3, 24, 5, 17)
 datetime.datetime(2017, 3, 25, 17, 6)
 datetime.datetime(2017, 3, 26, 16, 58)
 datetime.datetime(2017, 3, 28, 10, 20)
 datetime.datetime(2017, 3, 29, 5, 26)
 datetime.datetime(2017, 3, 30, 5, 17)
 datetime.datetime(2017, 3, 31, 17, 6)
 datetime.datetime(2017, 4, 4, 5, 26) datetime.datetime(2017, 4, 5, 5, 17)
 datetime.datetime(2017, 4, 6, 17, 6)
 datetime.datetime(2017, 4, 7, 16, 58)
 datetime.datetime(2017, 4, 10, 5, 26)
 datetime.datetime(2017, 4, 11, 5, 17)
 datetime.datetime(2017, 4, 12, 17, 6)
 datetime.datetime(2017, 4, 16, 5, 26)
 datetime.datetime(2017, 4, 17, 5, 17)
 datetime.datetime(2017, 4, 18, 17, 6)
 datetime.datetime(2017, 4, 19, 16, 58)
 datetime.datetime(2017, 4, 22, 5, 26)
 datetime.datetime(2017, 4, 23, 5, 17)
 datetime.datetime(2017, 4, 24, 10, 10)
 datetime.datetime(2017, 4, 24, 17, 6)
 datetime.datetime(2017, 4, 28, 5, 26)
 datetime.datetime(2017, 4, 29, 5, 17)
 datetime.datetime(2017, 4, 30, 17, 6)
 datetime.datetime(2017, 5, 1, 16, 58)
 datetime.datetime(2017, 5, 4, 5, 26) datetime.datetime(2017, 5, 5, 5, 17)
 datetime.datetime(2017, 5, 6, 17, 6)
 datetime.datetime(2017, 5, 10, 5, 26)
 datetime.datetime(2017, 5, 11, 5, 17)
 datetime.datetime(2017, 5, 12, 17, 6)
 datetime.datetime(2017, 5, 13, 16, 58)
 datetime.datetime(2017, 5, 16, 5, 26)
 datetime.datetime(2017, 5, 17, 5, 17)
 datetime.datetime(2017, 5, 17, 10, 20)
 datetime.datetime(2017, 5, 18, 17, 6)
 datetime.datetime(2017, 5, 22, 5, 26)
 datetime.datetime(2017, 5, 23, 5, 17)
 datetime.datetime(2017, 5, 24, 17, 6)
 datetime.datetime(2017, 5, 27, 10, 20)
 datetime.datetime(2017, 5, 28, 5, 26)
 datetime.datetime(2017, 5, 29, 5, 17)
 datetime.datetime(2017, 5, 30, 17, 6)
 datetime.datetime(2017, 6, 3, 5, 26)
 datetime.datetime(2017, 6, 3, 10, 10)
 datetime.datetime(2017, 6, 4, 5, 17) datetime.datetime(2017, 6, 5, 17, 6)
 datetime.datetime(2017, 6, 9, 5, 26)
 datetime.datetime(2017, 6, 10, 5, 17)
 datetime.datetime(2017, 6, 11, 17, 6)
 datetime.datetime(2017, 6, 13, 10, 10)
 datetime.datetime(2017, 6, 15, 5, 26)
 datetime.datetime(2017, 6, 16, 5, 17)
 datetime.datetime(2017, 6, 17, 17, 6)
 datetime.datetime(2017, 6, 21, 5, 26)
 datetime.datetime(2017, 6, 22, 5, 17)
 datetime.datetime(2017, 6, 23, 17, 6)
 datetime.datetime(2017, 6, 26, 10, 20)
 datetime.datetime(2017, 6, 27, 5, 26)
 datetime.datetime(2017, 6, 28, 5, 17)
 datetime.datetime(2017, 6, 29, 17, 6)
 datetime.datetime(2017, 7, 3, 5, 26) datetime.datetime(2017, 7, 4, 5, 17)
 datetime.datetime(2017, 7, 5, 17, 6)
 datetime.datetime(2017, 7, 6, 10, 20)
 datetime.datetime(2017, 7, 8, 10, 10)
 datetime.datetime(2017, 7, 9, 5, 26)
 datetime.datetime(2017, 7, 10, 5, 17)
 datetime.datetime(2017, 7, 11, 17, 6)
 datetime.datetime(2017, 7, 15, 5, 26)
 datetime.datetime(2017, 7, 16, 5, 17)
 datetime.datetime(2017, 7, 17, 17, 6)
 datetime.datetime(2017, 7, 18, 10, 10)]
/gws/nopw/j04/odanceo/epinnington/sen_syn/542_high_flat_hv_b4b5b6b7b8b8a_0
<type 'netCDF4._netCDF4.Dataset'>
root group (NETCDF4 data model, file format HDF5):
    institution: The Inversion Lab, Hamburg, Germany
    date_created: 20210906T13:21:01+01:00
    optimisation_tag: SUCCESSFUL
    dimensions(sizes): nparam_s1(2), npoints(75)
    variables(dimensions): float64 [4mtime[0m(npoints), int32 [4msim_typ[0m(npoints), float64 [4mlaicoeff[0m(nparam_s1), float64 [4mlaicoeff_unc[0m(nparam_s1), float64 [4mlai[0m(npoints), float64 [4mcanht[0m(npoints), float64 [4msm[0m(npoints), float64 [4mlai_unc[0m(npoints), float64 [4mcanht_unc[0m(npoints), float64 [4msm_unc[0m(npoints)
    groups: 

[datetime.datetime(2017, 3, 23, 5, 26)
 datetime.datetime(2017, 3, 24, 5, 17)
 datetime.datetime(2017, 3, 25, 17, 6)
 datetime.datetime(2017, 3, 26, 16, 58)
 datetime.datetime(2017, 3, 28, 10, 20)
 datetime.datetime(2017, 3, 29, 5, 26)
 datetime.datetime(2017, 3, 30, 5, 17)
 datetime.datetime(2017, 3, 31, 17, 6)
 datetime.datetime(2017, 4, 4, 5, 26) datetime.datetime(2017, 4, 5, 5, 17)
 datetime.datetime(2017, 4, 6, 17, 6)
 datetime.datetime(2017, 4, 7, 16, 58)
 datetime.datetime(2017, 4, 10, 5, 26)
 datetime.datetime(2017, 4, 11, 5, 17)
 datetime.datetime(2017, 4, 12, 17, 6)
 datetime.datetime(2017, 4, 16, 5, 26)
 datetime.datetime(2017, 4, 17, 5, 17)
 datetime.datetime(2017, 4, 18, 17, 6)
 datetime.datetime(2017, 4, 19, 16, 58)
 datetime.datetime(2017, 4, 22, 5, 26)
 datetime.datetime(2017, 4, 23, 5, 17)
 datetime.datetime(2017, 4, 24, 10, 10)
 datetime.datetime(2017, 4, 24, 17, 6)
 datetime.datetime(2017, 4, 28, 5, 26)
 datetime.datetime(2017, 4, 29, 5, 17)
 datetime.datetime(2017, 4, 30, 17, 6)
 datetime.datetime(2017, 5, 1, 16, 58)
 datetime.datetime(2017, 5, 4, 5, 26) datetime.datetime(2017, 5, 5, 5, 17)
 datetime.datetime(2017, 5, 6, 17, 6)
 datetime.datetime(2017, 5, 10, 5, 26)
 datetime.datetime(2017, 5, 11, 5, 17)
 datetime.datetime(2017, 5, 12, 17, 6)
 datetime.datetime(2017, 5, 13, 16, 58)
 datetime.datetime(2017, 5, 16, 5, 26)
 datetime.datetime(2017, 5, 17, 5, 17)
 datetime.datetime(2017, 5, 17, 10, 20)
 datetime.datetime(2017, 5, 18, 17, 6)
 datetime.datetime(2017, 5, 22, 5, 26)
 datetime.datetime(2017, 5, 23, 5, 17)
 datetime.datetime(2017, 5, 24, 17, 6)
 datetime.datetime(2017, 5, 27, 10, 20)
 datetime.datetime(2017, 5, 28, 5, 26)
 datetime.datetime(2017, 5, 29, 5, 17)
 datetime.datetime(2017, 5, 30, 17, 6)
 datetime.datetime(2017, 6, 3, 5, 26)
 datetime.datetime(2017, 6, 3, 10, 10)
 datetime.datetime(2017, 6, 4, 5, 17) datetime.datetime(2017, 6, 5, 17, 6)
 datetime.datetime(2017, 6, 9, 5, 26)
 datetime.datetime(2017, 6, 10, 5, 17)
 datetime.datetime(2017, 6, 11, 17, 6)
 datetime.datetime(2017, 6, 13, 10, 10)
 datetime.datetime(2017, 6, 15, 5, 26)
 datetime.datetime(2017, 6, 16, 5, 17)
 datetime.datetime(2017, 6, 17, 17, 6)
 datetime.datetime(2017, 6, 21, 5, 26)
 datetime.datetime(2017, 6, 22, 5, 17)
 datetime.datetime(2017, 6, 23, 17, 6)
 datetime.datetime(2017, 6, 26, 10, 20)
 datetime.datetime(2017, 6, 27, 5, 26)
 datetime.datetime(2017, 6, 28, 5, 17)
 datetime.datetime(2017, 6, 29, 17, 6)
 datetime.datetime(2017, 7, 3, 5, 26) datetime.datetime(2017, 7, 4, 5, 17)
 datetime.datetime(2017, 7, 5, 17, 6)
 datetime.datetime(2017, 7, 6, 10, 20)
 datetime.datetime(2017, 7, 8, 10, 10)
 datetime.datetime(2017, 7, 9, 5, 26)
 datetime.datetime(2017, 7, 10, 5, 17)
 datetime.datetime(2017, 7, 11, 17, 6)
 datetime.datetime(2017, 7, 15, 5, 26)
 datetime.datetime(2017, 7, 16, 5, 17)
 datetime.datetime(2017, 7, 17, 17, 6)
 datetime.datetime(2017, 7, 18, 10, 10)]
ran experiment 0
