which python
bin/rs_setup.py
------------------------------
 Retrieval System Setup properly finished, Retrieval System ready for use!
------------------------------
2021-09-06 13:06:48,317 INFO::<module>:: rs_pre.py::PROGRAM START::2021-09-06T13:06:48.317583
2021-09-06 13:06:48,317 INFO::<module>:: command-line: bin/rs_pre.py pre_general --obs_s2 /home/users/ewanp82/projects/ret_tool_s3/S2/mni_s2_515_med_b4b5b6b7b8b8a.csv --ctlvec_relunc 0.01 0.5 0.05 0.5 --time_start 20170608 --site_nml /home/users/ewanp82/projects/ret_tool_s3/site_new_test.nml --ctlvec_uncfloor 0.001 3.0 0.1 0.05 --gtol 1.0 --s1_vv_uncfloor 0.004 --s2_uncfloor 0.02 --time_end 20170922 --dynmodunc_inifile /home/users/ewanp82/projects/ret_tool_s3/mod_ini/dynmod_vtight.ini --s1_vh_uncfloor 1e-05 --s2_relunc 0.05 --s1_unc 1.6
2021-09-06 13:06:48,330 INFO::main:: user selection +++pre_general+++
2021-09-06 13:06:48,330 INFO::pre_general:: start setup of general retrieval setup...
2021-09-06 13:06:48,494 INFO::pre_general:: Copied default namelist file ***/home/users/ewanp82/projects/ret_tool_s3/site_new_test.nml*** to current working directory.
2021-09-06 13:06:48,494 INFO::pre_general:: START reading namelist ***site.nml***...
2021-09-06 13:06:48,498 INFO::pre_general:: ...reading DONE
2021-09-06 13:06:48,510 INFO::load_obs_csv:: observation data loaded from file ***/home/users/ewanp82/projects/ret_tool_s3/S2/mni_s2_515_med_b4b5b6b7b8b8a.csv***
2021-09-06 13:06:48,511 INFO::load_obs_csv:: detected ntimepts=12 #columns=21 in csv file
2021-09-06 13:06:48,511 INFO::load_obs_csv:: start reading S2 observations...
2021-09-06 13:06:48,511 WARNING::load_obs_csv:: detected negative BRF values: nneg=77. These will be set to fill-value!
2021-09-06 13:06:48,511 INFO::load_obs_csv:: BRF uncertainty is derived by applying 0.05 relative uncertainty, and an uncertainty floor value of 0.02
2021-09-06 13:06:48,511 INFO::load_obs_csv:: ...reading S2 observations DONE
2021-09-06 13:06:48,511 INFO::setup_common_schedule:: determined ntpts=11
2021-09-06 13:06:48,511 INFO::setup_common_schedule:: common schedule yields time-points  S1A=0 S1B=0 S2A=0 S2B=11 other=0
2021-09-06 13:06:48,511 INFO::_set_priorunc:: applied relative uncertainty 0.01 on lai coefficients.
2021-09-06 13:06:48,511 INFO::_set_priorunc:: applied relative uncertainty on state vector components, lai_relunc=0.5 canht_relunc=0.05 sm_relunc=0.5
2021-09-06 13:06:48,511 INFO::_set_priorunc:: uncertainty floor values were applied as follows: lai_uncfloor=3.0 canht_uncfloor=0.1 sm_uncfloor=0.05
2021-09-06 13:06:48,516 INFO::set_dynmodel:: START reading values on dynamical model uncertainties from ***/home/users/ewanp82/projects/ret_tool_s3/mod_ini/dynmod_vtight.ini***...
2021-09-06 13:06:48,518 INFO::set_dynmodel:: ...reading DONE
2021-09-06 13:06:48,518 INFO::pre_general:: ...general retrieval setup DONE
2021-09-06 13:06:48,518 INFO::pre_general:: START writing input files for retrieval system...
2021-09-06 13:06:48,518 INFO::ncwrt_retrieval_config:: Start writing configuration file ***retrconfig.nc***...
2021-09-06 13:06:50,050 INFO::ncwrt_retrieval_config:: ...writing ***retrconfig.nc*** DONE
2021-09-06 13:06:50,050 INFO::ncwrt_retrieval_prior:: Start writing configuration file ***retrprior.nc***...
2021-09-06 13:07:02,188 INFO::ncwrt_retrieval_prior:: ...writing ***retrprior.nc*** DONE
2021-09-06 13:07:02,189 INFO::ncwrt_retrieval_obs_s2:: Start writing configuration file ***obs_s2.nc***...
2021-09-06 13:07:04,608 INFO::ncwrt_retrieval_obs_s2:: ...writing ***obs_s2.nc*** DONE
2021-09-06 13:07:04,609 INFO::ncwrt_retrieval_model:: Start writing configuration file ***retrmodel.nc***...
2021-09-06 13:07:10,939 INFO::ncwrt_retrieval_model:: ...writing ***retrmodel.nc*** DONE
2021-09-06 13:07:10,939 INFO::wrt_nml_retrieval_control:: Start writing configuration file ***retrctl.nml***...
2021-09-06 13:07:11,551 INFO::wrt_nml_retrieval_control:: ...writing ***retrctl.nml*** DONE
2021-09-06 13:07:11,552 INFO::wrt_nml_controlvector_bounds:: Start writing configuration file ***retrctlvecbounds.nml***...
2021-09-06 13:07:11,700 INFO::wrt_nml_controlvector_bounds:: ...writing ***retrctlvecbounds.nml*** DONE
2021-09-06 13:07:11,700 INFO::pre_general:: ...writing input files for retrieval system DONE
gfortran -Wall -ffixed-line-length-132 -fdefault-real-8 -fdefault-double-8 -I/usr/include -Iobjs -Jobjs -O3 -funroll-loops -floop-block -ftree-loop-distribution -march=native -I/usr/lib64/gfortran/modules/  -c -o objs/mo_sensimul_s1.o src/sense/mo_sensimul_s1.f90
gfortran -Wall -ffixed-line-length-132 -fdefault-real-8 -fdefault-double-8 -I/usr/include -Iobjs -Jobjs -O3 -funroll-loops -floop-block -ftree-loop-distribution -march=native -I/usr/lib64/gfortran/modules/  -c -o objs/mo_sensimul_s2.o src/semid/mo_sensimul_s2.f90
gfortran -Wall -ffixed-line-length-132 -fdefault-real-8 -fdefault-double-8 -I/usr/include -Iobjs -Jobjs -O3 -funroll-loops -floop-block -ftree-loop-distribution -march=native -I/usr/lib64/gfortran/modules/  -c -o objs/mo_sensimul.o src/simulator/mo_sensimul.f90
gfortran -Wall -ffixed-line-length-132 -fdefault-real-8 -fdefault-double-8 -I/usr/include -Iobjs -Jobjs -O3 -funroll-loops -floop-block -ftree-loop-distribution -march=native -I/usr/lib64/gfortran/modules/  -c -o objs/runretrieval.o driver/runretrieval.f90
gfortran -Wall -ffixed-line-length-132 -fdefault-real-8 -fdefault-double-8 -I/usr/include -Iobjs -Jobjs -O3 -funroll-loops -floop-block -ftree-loop-distribution -march=native -I/usr/lib64/gfortran/modules/  -c -o objs/mo_retrieval.o src/retrieval/mo_retrieval.f90
gfortran -Wall -ffixed-line-length-132 -fdefault-real-8 -fdefault-double-8 -I/usr/include -Iobjs -Jobjs -O3 -funroll-loops -floop-block -ftree-loop-distribution -march=native -I/usr/lib64/gfortran/modules/  -c -o objs/cost.o src/retrieval/cost.f90
gfortran -Wall -ffixed-line-length-132 -fdefault-real-8 -fdefault-double-8 -I/usr/include -Iobjs -Jobjs -O3 -funroll-loops -floop-block -ftree-loop-distribution -march=native -I/usr/lib64/gfortran/modules/  -c -o objs/misfit.o src/retrieval/misfit.f90
gfortran -Wall -ffixed-line-length-132 -fdefault-real-8 -fdefault-double-8 -I/usr/include -Iobjs -Jobjs -O3 -funroll-loops -floop-block -ftree-loop-distribution -march=native -I/usr/lib64/gfortran/modules/  -c -o objs/prior.o src/retrieval/prior.f90
gfortran -Wall -ffixed-line-length-132 -fdefault-real-8 -fdefault-double-8 -I/usr/include -Iobjs -Jobjs -O3 -funroll-loops -floop-block -ftree-loop-distribution -march=native -I/usr/lib64/gfortran/modules/  -c -o objs/retrieval_control.o src/retrieval/retrieval_control.f90
gfortran -Wall -ffixed-line-length-132 -fdefault-real-8 -fdefault-double-8 -I/usr/include -Iobjs -Jobjs -O3 -funroll-loops -floop-block -ftree-loop-distribution -march=native -I/usr/lib64/gfortran/modules/  -c -o objs/DIFFSIZES.o src/derivatives/DIFFSIZES.f90
gfortran -Wall -ffixed-line-length-132 -fdefault-real-8 -fdefault-double-8 -I/usr/include -Iobjs -Jobjs -O3 -funroll-loops -floop-block -ftree-loop-distribution -march=native -I/usr/lib64/gfortran/modules/  -c -o objs/jacobian.o src/retrieval/jacobian.f90
gfortran -Wall -ffixed-line-length-132 -fdefault-real-8 -fdefault-double-8 -I/usr/include -Iobjs -Jobjs -O3 -funroll-loops -floop-block -ftree-loop-distribution -march=native -I/usr/lib64/gfortran/modules/  -c -o objs/ua.o src/retrieval/ua.f90
gfortran -Wall -ffixed-line-length-132 -fdefault-real-8 -fdefault-double-8 -I/usr/include -Iobjs -Jobjs -O3 -funroll-loops -floop-block -ftree-loop-distribution -march=native -I/usr/lib64/gfortran/modules/  -c -o objs/mo_util.o src/support/mo_util.f90
gfortran -Wall -ffixed-line-length-132 -fdefault-real-8 -fdefault-double-8 -I/usr/include -Iobjs -Jobjs -O3 -funroll-loops -floop-block -ftree-loop-distribution -march=native -I/usr/lib64/gfortran/modules/  -c -o objs/fapar.o src/retrieval/fapar.f90
ar -r lib/libretr.a objs/cost.o objs/misfit.o objs/prior.o objs/mo_retrieval.o objs/retrieval_control.o objs/jacobian.o objs/ua.o objs/fapar.o
gfortran -Wall -ffixed-line-length-132 -fdefault-real-8 -fdefault-double-8 -I/usr/include -Iobjs -Jobjs -O3 -funroll-loops -floop-block -ftree-loop-distribution -march=native -I/usr/lib64/gfortran/modules/  -c -o objs/model.o src/simulator/model.f90
gfortran -Wall -ffixed-line-length-132 -fdefault-real-8 -fdefault-double-8 -I/usr/include -Iobjs -Jobjs -O3 -funroll-loops -floop-block -ftree-loop-distribution -march=native -I/usr/lib64/gfortran/modules/  -c -o objs/price_soil_ftn.o src/semid/price_soil_ftn.f90
gfortran -Wall -ffixed-line-length-132 -fdefault-real-8 -fdefault-double-8 -I/usr/include -Iobjs -Jobjs -O3 -funroll-loops -floop-block -ftree-loop-distribution -march=native -I/usr/lib64/gfortran/modules/  -c -o objs/cost_bw.o src/derivatives/cost_bw.f90
gfortran -Wall -ffixed-line-length-132 -fdefault-real-8 -fdefault-double-8 -I/usr/include -Iobjs -Jobjs -O3 -funroll-loops -floop-block -ftree-loop-distribution -march=native -I/usr/lib64/gfortran/modules/  -c -o objs/cost_fwv.o src/derivatives/cost_fwv.f90
gfortran -Wall -ffixed-line-length-132 -fdefault-real-8 -fdefault-double-8 -I/usr/include -Iobjs -Jobjs -O3 -funroll-loops -floop-block -ftree-loop-distribution -march=native -I/usr/lib64/gfortran/modules/  -c -o objs/ad_support.o src/derivatives/ad_support.f90
gfortran -Wall -ffixed-line-length-132 -fdefault-real-8 -fdefault-double-8 -I/usr/include -Iobjs -Jobjs -O3 -funroll-loops -floop-block -ftree-loop-distribution -march=native -I/usr/lib64/gfortran/modules/  -c -o objs/adBuffer.o src/derivatives/adBuffer.f
/apps/contrib/jaspy/miniconda_envs/jaspy2.7/m2-4.6.14/envs/jaspy2.7-m2-4.6.14-r20190715/bin/x86_64-conda_cos6-linux-gnu-cc -fPIC -Isrc/derivatives -march=nocona -mtune=haswell -ftree-vectorize -fPIC -fstack-protector-strong -fno-plt -O2 -ffunction-sections -pipe  -c -o objs/adStack.o src/derivatives/adStack.c
ar -r lib/libderiv.a objs/cost_bw.o objs/cost_fwv.o objs/ad_support.o objs/DIFFSIZES.o objs/adBuffer.o objs/adStack.o
gfortran -Wall -ffixed-line-length-132 -fdefault-real-8 -fdefault-double-8 -I/usr/include -Iobjs -Jobjs -O3 -funroll-loops -floop-block -ftree-loop-distribution -march=native -I/usr/lib64/gfortran/modules/  -c -o objs/prospect.redux.o src/semid/prospect.redux.f
gfortran -Wall -ffixed-line-length-132 -fdefault-real-8 -fdefault-double-8 -I/usr/include -Iobjs -Jobjs -O3 -funroll-loops -floop-block -ftree-loop-distribution -march=native -I/usr/lib64/gfortran/modules/  -c -o objs/semiDbrf.o src/semid/semiDbrf.f
gfortran -Wall -ffixed-line-length-132 -fdefault-real-8 -fdefault-double-8 -I/usr/include -Iobjs -Jobjs -O3 -funroll-loops -floop-block -ftree-loop-distribution -march=native -I/usr/lib64/gfortran/modules/  -c -o objs/semiDbrfe.o src/semid/semiDbrfe.f
gfortran -Wall -ffixed-line-length-132 -fdefault-real-8 -fdefault-double-8 -I/usr/include -Iobjs -Jobjs -O3 -funroll-loops -floop-block -ftree-loop-distribution -march=native -I/usr/lib64/gfortran/modules/  -c -o objs/semiDtools.o src/semid/semiDtools.f
gfortran -Wall -ffixed-line-length-132 -fdefault-real-8 -fdefault-double-8 -I/usr/include -Iobjs -Jobjs -O3 -funroll-loops -floop-block -ftree-loop-distribution -march=native -I/usr/lib64/gfortran/modules/  -c -o objs/simulate.o src/simulator/simulate.f90
gfortran -Wall -ffixed-line-length-132 -fdefault-real-8 -fdefault-double-8 -I/usr/include -Iobjs -Jobjs -O3 -funroll-loops -floop-block -ftree-loop-distribution -march=native -I/usr/lib64/gfortran/modules/  -c -o objs/mapping.o src/simulator/mapping.f90
gfortran -Wall -ffixed-line-length-132 -fdefault-real-8 -fdefault-double-8 -I/usr/include -Iobjs -Jobjs -O3 -funroll-loops -floop-block -ftree-loop-distribution -march=native -I/usr/lib64/gfortran/modules/  -c -o objs/target_operator.o src/simulator/target_operator.f90
gfortran -Wall -ffixed-line-length-132 -fdefault-real-8 -fdefault-double-8 -I/usr/include -Iobjs -Jobjs -O3 -funroll-loops -floop-block -ftree-loop-distribution -march=native -I/usr/lib64/gfortran/modules/  -c -o objs/prospect_interface_ftn.o src/semid/prospect_interface_ftn.f90
gfortran -Wall -ffixed-line-length-132 -fdefault-real-8 -fdefault-double-8 -I/usr/include -Iobjs -Jobjs -O3 -funroll-loops -floop-block -ftree-loop-distribution -march=native -I/usr/lib64/gfortran/modules/  -c -o objs/semiD_ftn.o src/semid/semiD_ftn.f90
gfortran -Wall -ffixed-line-length-132 -fdefault-real-8 -fdefault-double-8 -I/usr/include -Iobjs -Jobjs -O3 -funroll-loops -floop-block -ftree-loop-distribution -march=native -I/usr/lib64/gfortran/modules/  -c -o objs/canopy.o src/sense/canopy.f90
gfortran -Wall -ffixed-line-length-132 -fdefault-real-8 -fdefault-double-8 -I/usr/include -Iobjs -Jobjs -O3 -funroll-loops -floop-block -ftree-loop-distribution -march=native -I/usr/lib64/gfortran/modules/  -c -o objs/core.o src/sense/core.f90
gfortran -Wall -ffixed-line-length-132 -fdefault-real-8 -fdefault-double-8 -I/usr/include -Iobjs -Jobjs -O3 -funroll-loops -floop-block -ftree-loop-distribution -march=native -I/usr/lib64/gfortran/modules/  -c -o objs/dobson85.o src/sense/dobson85.f90
gfortran -Wall -ffixed-line-length-132 -fdefault-real-8 -fdefault-double-8 -I/usr/include -Iobjs -Jobjs -O3 -funroll-loops -floop-block -ftree-loop-distribution -march=native -I/usr/lib64/gfortran/modules/  -c -o objs/ground.o src/sense/ground.f90
gfortran -Wall -ffixed-line-length-132 -fdefault-real-8 -fdefault-double-8 -I/usr/include -Iobjs -Jobjs -O3 -funroll-loops -floop-block -ftree-loop-distribution -march=native -I/usr/lib64/gfortran/modules/  -c -o objs/Oh92.o src/sense/Oh92.f90
gfortran -Wall -ffixed-line-length-132 -fdefault-real-8 -fdefault-double-8 -I/usr/include -Iobjs -Jobjs -O3 -funroll-loops -floop-block -ftree-loop-distribution -march=native -I/usr/lib64/gfortran/modules/  -c -o objs/scatterer.o src/sense/scatterer.f90
gfortran -Wall -ffixed-line-length-132 -fdefault-real-8 -fdefault-double-8 -I/usr/include -Iobjs -Jobjs -O3 -funroll-loops -floop-block -ftree-loop-distribution -march=native -I/usr/lib64/gfortran/modules/  -c -o objs/soil.o src/sense/soil.f90
gfortran -Wall -ffixed-line-length-132 -fdefault-real-8 -fdefault-double-8 -I/usr/include -Iobjs -Jobjs -O3 -funroll-loops -floop-block -ftree-loop-distribution -march=native -I/usr/lib64/gfortran/modules/  -c -o objs/util.o src/sense/util.f90
gfortran -Wall -ffixed-line-length-132 -fdefault-real-8 -fdefault-double-8 -I/usr/include -Iobjs -Jobjs -O3 -funroll-loops -floop-block -ftree-loop-distribution -march=native -I/usr/lib64/gfortran/modules/  -c -o objs/sense.o src/sense/sense.f90
gfortran -Wall -ffixed-line-length-132 -fdefault-real-8 -fdefault-double-8 -I/usr/include -Iobjs -Jobjs -O3 -funroll-loops -floop-block -ftree-loop-distribution -march=native -I/usr/lib64/gfortran/modules/  -c -o objs/init-finish.o src/simulator/init-finish.f90
gfortran -Wall -ffixed-line-length-132 -fdefault-real-8 -fdefault-double-8 -I/usr/include -Iobjs -Jobjs -O3 -funroll-loops -floop-block -ftree-loop-distribution -march=native -I/usr/lib64/gfortran/modules/  -c -o objs/mo_timing.o src/support/mo_timing.f90
gfortran -Wall -ffixed-line-length-132 -fdefault-real-8 -fdefault-double-8 -I/usr/include -Iobjs -Jobjs -O3 -funroll-loops -floop-block -ftree-loop-distribution -march=native -I/usr/lib64/gfortran/modules/  -c -o objs/sensimul_io.o src/simulator/sensimul_io.f90
ar -r lib/libmodel.a objs/prospect.redux.o objs/semiDbrf.o objs/semiDbrfe.o objs/semiDtools.o objs/mo_sensimul.o objs/simulate.o objs/mapping.o objs/model.o objs/target_operator.o objs/mo_sensimul_s2.o objs/price_soil_ftn.o objs/prospect_interface_ftn.o objs/semiD_ftn.o objs/canopy.o objs/core.o objs/dobson85.o objs/ground.o objs/mo_sensimul_s1.o objs/Oh92.o objs/scatterer.o objs/soil.o objs/util.o objs/sense.o objs/init-finish.o objs/sensimul_io.o
ar -r lib/libsupport.a objs/mo_timing.o objs/mo_util.o
make -C lbfgsb ../lib/liblbfgsb-gfortran.a FC="gfortran" FFLAGS="-Wall -ffixed-line-length-132 -fdefault-real-8 -fdefault-double-8 -I/usr/include -Iobjs -Jobjs -O3 -funroll-loops -floop-block -ftree-loop-distribution -march=native -I/usr/lib64/gfortran/modules/" LIBNAME="../lib/liblbfgsb-gfortran.a"
make[1]: Entering directory `/gws/nopw/j04/odanceo/epinnington/sen_syn/515_med_flat_nos1_b4b5b6b7b8b8a_2/lbfgsb'
gfortran -Wall -ffixed-line-length-132 -fdefault-real-8 -fdefault-double-8 -I/usr/include -Iobjs -Jobjs -O3 -funroll-loops -floop-block -ftree-loop-distribution -march=native -I/usr/lib64/gfortran/modules/  -c -o blas.o blas.f
gfortran -Wall -ffixed-line-length-132 -fdefault-real-8 -fdefault-double-8 -I/usr/include -Iobjs -Jobjs -O3 -funroll-loops -floop-block -ftree-loop-distribution -march=native -I/usr/lib64/gfortran/modules/  -c -o lbfgsb.o lbfgsb.f
gfortran -Wall -ffixed-line-length-132 -fdefault-real-8 -fdefault-double-8 -I/usr/include -Iobjs -Jobjs -O3 -funroll-loops -floop-block -ftree-loop-distribution -march=native -I/usr/lib64/gfortran/modules/  -c -o linpack.o linpack.f
gfortran -Wall -ffixed-line-length-132 -fdefault-real-8 -fdefault-double-8 -I/usr/include -Iobjs -Jobjs -O3 -funroll-loops -floop-block -ftree-loop-distribution -march=native -I/usr/lib64/gfortran/modules/  -c -o timer.o timer.f
ar -r ../lib/liblbfgsb-gfortran.a blas.o lbfgsb.o linpack.o timer.o
make[1]: Leaving directory `/gws/nopw/j04/odanceo/epinnington/sen_syn/515_med_flat_nos1_b4b5b6b7b8b8a_2/lbfgsb'
make -C eispack ../lib/libeis.a FC=gfortran FFLAGS="-Wall -ffixed-line-length-132 -fdefault-real-8 -fdefault-double-8 -I/usr/include -Iobjs -Jobjs -O3 -funroll-loops -floop-block -ftree-loop-distribution -march=native -I/usr/lib64/gfortran/modules/" LIBNAME="../lib/libeis.a"
make[1]: Entering directory `/gws/nopw/j04/odanceo/epinnington/sen_syn/515_med_flat_nos1_b4b5b6b7b8b8a_2/eispack'
gfortran -Wall -ffixed-line-length-132 -fdefault-real-8 -fdefault-double-8 -I/usr/include -Iobjs -Jobjs -O3 -funroll-loops -floop-block -ftree-loop-distribution -march=native -I/usr/lib64/gfortran/modules/ -c eispack.f90
ar -r ../lib/libeis.a eispack.o
make[1]: Leaving directory `/gws/nopw/j04/odanceo/epinnington/sen_syn/515_med_flat_nos1_b4b5b6b7b8b8a_2/eispack'
gfortran -o runretrieval.x -O3 -funroll-loops -floop-block -ftree-loop-distribution -march=native objs/runretrieval.o lib/libretr.a lib/libderiv.a lib/libmodel.a lib/libsupport.a lib/liblbfgsb-gfortran.a lib/libeis.a -L/usr/lib64/ -lnetcdff -lnetcdf
./runretrieval.x --no_fapar 2>&1 | tee mk.retrieval.log
 INFO::retrieval_read_ctl:read settings from file ***retrctl.nml***...
 INFO::retrieval_read_ctl:...reading done.
 INFO::use_prior_term: T
 INFO::use_state_term: T
 INFO::gradient_tolerance: .10000E+01
 INFO::priopr_pert: .00000E+00
 INFO::runretrieval:calling initf...
 DEBUG::load_ivgeom:ndims= 2
 INFO::initf:retrieval configuration was read from ***retrconfig.nc***
 DEBUG::initf:ncrd_retrieval_config has finished, yields:npts=  11 npts_s1=   0 npts_s2=  11
 INFO::load_sitenml:successfully read site namelist file ***site.nml***
 INFO::setprior:prior control vector was read from ***retrprior.nc***
 DEBUG::setprior:ncrd_retrieval_prior terminated successfully
 INFO::runretrieval:...done.
 DEBUG::runretrieval:initf yields:n= 35 mf=143
 INFO::runretrieval:calling initx...
 INFO::runretrieval:...done.
 INFO::state_model_set:will be setting-up simple state-model of type "mx(i+1)=a(i+1)*x(i) + b(i+1)"
 INFO::state_model_set:reading model configuration from file ***retrmodel.nc***...
 INFO::state_model_set:...reading done.
 INFO::runretrieval:start optimise...
 INFO::optimise:load control vector boundary settings by calling initb...
 INFO::initb:bounds were read from file ***retrctlvecbounds.nml***
 INFO::initb:applying bounds: lai_coeff_lobound=    0.000 lai_coeff_hibound=    1.000
 INFO::initb:applying bounds: lai_lobound=    0.001 lai_hibound=   10.000
 INFO::initb:applying bounds: canht_lobound=    0.001 canht_hibound=    4.500
 INFO::initb:applying bounds: sm_lobound=    0.001 sm_hibound=    0.500
 INFO::optimise:...done.
 INFO::optimise:start optimiser...
RUNNING THE L-BFGS-B CODE

           * * *

Machine precision = 2.220D-16
 N =           35     M =            5

At X0         0 variables are exactly at the bounds
 INFO::getobs:initial loading of observations...
 INFO::getobs:no S1 observations ***obs_s1.nc*** available.
 INFO::getobs:reading S2 observations from ***obs_s2.nc***
 INFO::ncrd_obs_vector:dataset ---brf--- detected fill-value:-99999.00000000
 INFO::ncrd_obs_vector:dataset ---brf_unc--- detected fill-value:-99999.00000000
 INFO::ncrd_obs_vector:s2 detected data fill-values:      77
 INFO::ncrd_obs_vector:s2 detected unc. fill-values:      77
 INFO::getobs:...loading observations done.
 INFO::getobs:...initial loading done

At iterate    0    f=  1.42611D+03    |proj g|=  2.83333D+00

At iterate    1    f=  1.00963D+03    |proj g|=  3.33300D+00

At iterate    2    f=  9.23593D+02    |proj g|=  3.33300D+00

At iterate    3    f=  9.02801D+02    |proj g|=  3.29720D+00

At iterate    4    f=  7.57011D+02    |proj g|=  3.33300D+00

At iterate    5    f=  5.74742D+02    |proj g|=  2.52220D+00

At iterate    6    f=  5.13594D+02    |proj g|=  3.03344D+00

At iterate    7    f=  4.89900D+02    |proj g|=  3.14580D+00

At iterate    8    f=  4.81279D+02    |proj g|=  3.03763D+00

At iterate    9    f=  4.72092D+02    |proj g|=  2.56089D+00

At iterate   10    f=  4.70220D+02    |proj g|=  1.90134D+00

At iterate   11    f=  4.62850D+02    |proj g|=  3.01224D+00

At iterate   12    f=  4.61555D+02    |proj g|=  2.97989D+00

At iterate   13    f=  4.60984D+02    |proj g|=  2.03508D+00

At iterate   14    f=  4.60717D+02    |proj g|=  2.52360D+00

At iterate   15    f=  4.60578D+02    |proj g|=  2.33535D+00

At iterate   16    f=  4.60465D+02    |proj g|=  1.91231D+00

At iterate   17    f=  4.60444D+02    |proj g|=  1.67573D+00

At iterate   18    f=  4.60391D+02    |proj g|=  1.67043D+00

At iterate   19    f=  4.60340D+02    |proj g|=  2.53833D+00

At iterate   20    f=  4.60247D+02    |proj g|=  2.53940D+00

At iterate   21    f=  4.60199D+02    |proj g|=  2.53861D+00

At iterate   22    f=  4.60101D+02    |proj g|=  2.53525D+00

At iterate   23    f=  4.59905D+02    |proj g|=  2.33610D+00

At iterate   24    f=  4.59828D+02    |proj g|=  2.34280D+00

At iterate   25    f=  4.59380D+02    |proj g|=  2.33273D+00

At iterate   26    f=  4.59155D+02    |proj g|=  1.92642D+00

At iterate   27    f=  4.58898D+02    |proj g|=  1.91841D+00

At iterate   28    f=  4.58830D+02    |proj g|=  1.91580D+00

At iterate   29    f=  4.58723D+02    |proj g|=  1.91034D+00

At iterate   30    f=  4.58674D+02    |proj g|=  1.70061D+00

At iterate   31    f=  4.58646D+02    |proj g|=  1.61714D+00

At iterate   32    f=  4.58619D+02    |proj g|=  2.03136D+00

At iterate   33    f=  4.58579D+02    |proj g|=  2.32060D+00

At iterate   34    f=  4.58510D+02    |proj g|=  2.32155D+00

At iterate   35    f=  4.58474D+02    |proj g|=  1.89761D+00

At iterate   36    f=  4.58440D+02    |proj g|=  1.86778D+00

At iterate   37    f=  4.58384D+02    |proj g|=  1.86425D+00

At iterate   38    f=  4.58342D+02    |proj g|=  1.51548D+00

At iterate   39    f=  4.58313D+02    |proj g|=  1.74800D+00

At iterate   40    f=  4.58282D+02    |proj g|=  2.52983D+00

At iterate   41    f=  4.58205D+02    |proj g|=  2.52916D+00

At iterate   42    f=  4.58167D+02    |proj g|=  1.52732D+00

At iterate   43    f=  4.58143D+02    |proj g|=  1.46030D+00

At iterate   44    f=  4.58122D+02    |proj g|=  1.71663D+00

At iterate   45    f=  4.58111D+02    |proj g|=  1.40508D+00

At iterate   46    f=  4.58095D+02    |proj g|=  5.58095D-01

           * * *

Tit   = total number of iterations
Tnf   = total number of function evaluations
Tnint = total number of segments explored during Cauchy searches
Skip  = number of BFGS updates skipped
Nact  = number of active bounds at final generalized Cauchy point
Projg = norm of the final projected gradient
F     = final function value

           * * *

   N    Tit     Tnf  Tnint  Skip  Nact     Projg        F
   35     46     54     69     0     0   5.581D-01   4.581D+02
  F =   458.09520919790896     

CONVERGENCE: NORM_OF_PROJECTED_GRADIENT_<=_PGTOL            

 Cauchy                time 3.600E-04 seconds.
 Subspace minimization time 5.020E-04 seconds.
 Line search           time 4.025E+02 seconds.

 Total User time 4.100E+02 seconds.

 INFO::optimise:...optimiser finished.
 INFO::runretrieval:...optimise DONE
 INFO::runretrieval::opti_succeed: T
 
        i                Prior           Posterior          Change [%]
 
        1         0.990000E-01        0.990000E-01             0.00000
        2         0.990000E-01        0.990000E-01             0.00000
        3         0.150000E+01        0.103090E+01           -31.27338
        4         0.150000E+01        0.149783E+01            -0.14441
        5         0.300000E+00        0.167606E+00           -44.13149
        6         0.150000E+01        0.244468E+01            62.97896
        7         0.150000E+01        0.150013E+01             0.00843
        8         0.300000E+00        0.291277E+00            -2.90751
        9         0.150000E+01        0.486723E+01           224.48198
       10         0.150000E+01        0.151074E+01             0.71584
       11         0.300000E+00        0.253785E+00           -15.40484
       12         0.150000E+01        0.507286E+01           238.19081
       13         0.150000E+01        0.143483E+01            -4.34475
       14         0.300000E+00        0.222452E+00           -25.84941
       15         0.150000E+01        0.567069E+01           278.04594
       16         0.150000E+01        0.148400E+01            -1.06678
       17         0.300000E+00        0.251243E+00           -16.25218
       18         0.150000E+01        0.566752E+01           277.83443
       19         0.150000E+01        0.149078E+01            -0.61484
       20         0.300000E+00        0.258868E+00           -13.71076
       21         0.150000E+01        0.546750E+01           264.50002
       22         0.150000E+01        0.150570E+01             0.37987
       23         0.300000E+00        0.263112E+00           -12.29610
       24         0.150000E+01        0.551075E+01           267.38311
       25         0.150000E+01        0.147388E+01            -1.74108
       26         0.300000E+00        0.251051E+00           -16.31646
       27         0.150000E+01        0.444308E+01           196.20513
       28         0.150000E+01        0.148665E+01            -0.88983
       29         0.300000E+00        0.257867E+00           -14.04427
       30         0.150000E+01        0.434380E+01           189.58654
       31         0.150000E+01        0.150129E+01             0.08601
       32         0.300000E+00        0.269794E+00           -10.06873
       33         0.150000E+01        0.308656E+01           105.77035
       34         0.150000E+01        0.149975E+01            -0.01656
       35         0.300000E+00        0.288887E+00            -3.70435
 INFO::writing final control vector to x.b
 INFO::writing prior uncertainty (physical units) to sx.b
 INFO::runretrieval:start uncertainty analysis on state...
 
 INFO::ua:SVD done with ierr =          0
 
 INFO::runretrieval:...uncertainty analysis on state DONE
 
       Extreme off diagonal correlations
            Min/Max                 value    i    j
                Min              -0.00693    4    5
                Max               0.45858   32   29
 
 INFO::finishdf:target file ***controlvector_prior.nc*** successfully written.
 INFO::finishdf:target file ***controlvector_post.nc*** successfully written.
('exp_list length: ', '3')
/home/users/ewanp82/projects/ret_tool_s3
str, obs_s2
0.01
0.5
0.05
0.5
str, time_start
str, site_nml
0.001
3.0
0.1
0.05
float, gtol
float, s1_vv_uncfloor
float, s2_uncfloor
str, time_end
str, dynmodunc_inifile
float, s1_vh_uncfloor
float, s2_relunc
float, s1_unc
/gws/nopw/j04/odanceo/epinnington/sen_syn/515_med_flat_nos1_b4b5b6b7b8b8a_2
<type 'netCDF4._netCDF4.Dataset'>
root group (NETCDF4 data model, file format HDF5):
    institution: The Inversion Lab, Hamburg, Germany
    date_created: 20210906T13:18:50+01:00
    optimisation_tag: SUCCESSFUL
    dimensions(sizes): nparam_s1(2), npoints(11)
    variables(dimensions): float64 [4mtime[0m(npoints), int32 [4msim_typ[0m(npoints), float64 [4mlaicoeff[0m(nparam_s1), float64 [4mlaicoeff_unc[0m(nparam_s1), float64 [4mlai[0m(npoints), float64 [4mcanht[0m(npoints), float64 [4msm[0m(npoints), float64 [4mlai_unc[0m(npoints), float64 [4mcanht_unc[0m(npoints), float64 [4msm_unc[0m(npoints)
    groups: 

[datetime.datetime(2017, 6, 13, 10, 10)
 datetime.datetime(2017, 6, 26, 10, 20)
 datetime.datetime(2017, 7, 6, 10, 20)
 datetime.datetime(2017, 7, 8, 10, 10)
 datetime.datetime(2017, 7, 18, 10, 10)
 datetime.datetime(2017, 7, 21, 10, 20)
 datetime.datetime(2017, 8, 5, 10, 20)
 datetime.datetime(2017, 8, 7, 10, 10)
 datetime.datetime(2017, 8, 22, 10, 10)
 datetime.datetime(2017, 8, 25, 10, 20)
 datetime.datetime(2017, 9, 21, 10, 10)]
[  828  2701  4141  4428  5868  6301  8461  8748 10907 11340 15227]
/gws/nopw/j04/odanceo/epinnington/sen_syn/515_med_flat_nos1_b4b5b6b7b8b8a_2
<type 'netCDF4._netCDF4.Dataset'>
root group (NETCDF4 data model, file format HDF5):
    institution: The Inversion Lab, Hamburg, Germany
    date_created: 20210906T13:18:50+01:00
    optimisation_tag: SUCCESSFUL
    dimensions(sizes): nparam_s1(2), npoints(11)
    variables(dimensions): float64 [4mtime[0m(npoints), int32 [4msim_typ[0m(npoints), float64 [4mlaicoeff[0m(nparam_s1), float64 [4mlaicoeff_unc[0m(nparam_s1), float64 [4mlai[0m(npoints), float64 [4mcanht[0m(npoints), float64 [4msm[0m(npoints), float64 [4mlai_unc[0m(npoints), float64 [4mcanht_unc[0m(npoints), float64 [4msm_unc[0m(npoints)
    groups: 

[datetime.datetime(2017, 6, 13, 10, 10)
 datetime.datetime(2017, 6, 26, 10, 20)
 datetime.datetime(2017, 7, 6, 10, 20)
 datetime.datetime(2017, 7, 8, 10, 10)
 datetime.datetime(2017, 7, 18, 10, 10)
 datetime.datetime(2017, 7, 21, 10, 20)
 datetime.datetime(2017, 8, 5, 10, 20)
 datetime.datetime(2017, 8, 7, 10, 10)
 datetime.datetime(2017, 8, 22, 10, 10)
 datetime.datetime(2017, 8, 25, 10, 20)
 datetime.datetime(2017, 9, 21, 10, 10)]
/gws/nopw/j04/odanceo/epinnington/sen_syn/515_med_flat_nos1_b4b5b6b7b8b8a_2
<type 'netCDF4._netCDF4.Dataset'>
root group (NETCDF4 data model, file format HDF5):
    institution: The Inversion Lab, Hamburg, Germany
    date_created: 20210906T13:18:50+01:00
    optimisation_tag: SUCCESSFUL
    dimensions(sizes): nparam_s1(2), npoints(11)
    variables(dimensions): float64 [4mtime[0m(npoints), int32 [4msim_typ[0m(npoints), float64 [4mlaicoeff[0m(nparam_s1), float64 [4mlaicoeff_unc[0m(nparam_s1), float64 [4mlai[0m(npoints), float64 [4mcanht[0m(npoints), float64 [4msm[0m(npoints), float64 [4mlai_unc[0m(npoints), float64 [4mcanht_unc[0m(npoints), float64 [4msm_unc[0m(npoints)
    groups: 

[datetime.datetime(2017, 6, 13, 10, 10)
 datetime.datetime(2017, 6, 26, 10, 20)
 datetime.datetime(2017, 7, 6, 10, 20)
 datetime.datetime(2017, 7, 8, 10, 10)
 datetime.datetime(2017, 7, 18, 10, 10)
 datetime.datetime(2017, 7, 21, 10, 20)
 datetime.datetime(2017, 8, 5, 10, 20)
 datetime.datetime(2017, 8, 7, 10, 10)
 datetime.datetime(2017, 8, 22, 10, 10)
 datetime.datetime(2017, 8, 25, 10, 20)
 datetime.datetime(2017, 9, 21, 10, 10)]
ran experiment 2
