which python
bin/rs_setup.py
------------------------------
 Retrieval System Setup properly finished, Retrieval System ready for use!
------------------------------
2021-09-06 13:09:39,313 INFO::<module>:: rs_pre.py::PROGRAM START::2021-09-06T13:09:39.313080
2021-09-06 13:09:39,313 INFO::<module>:: command-line: bin/rs_pre.py pre_general --obs_s2 /home/users/ewanp82/projects/ret_tool_s3/S2/mni_s2_542_low_b4b5b6b7b8b8a.csv --ctlvec_relunc 0.01 0.5 0.05 0.5 --obs_s1 /home/users/ewanp82/projects/ret_tool_s3/S1/mni_s1_542_low_hv.csv --time_start 20170323 --site_nml /home/users/ewanp82/projects/ret_tool_s3/site_new_test.nml --ctlvec_uncfloor 0.001 3.0 0.1 0.05 --gtol 1.0 --s1_vv_uncfloor 0.004 --s2_uncfloor 0.02 --time_end 20170720 --dynmodunc_inifile /home/users/ewanp82/projects/ret_tool_s3/mod_ini/dynmod_vtight.ini --s1_vh_uncfloor 1e-05 --s2_relunc 0.05 --s1_unc 1.6
2021-09-06 13:09:39,324 INFO::main:: user selection +++pre_general+++
2021-09-06 13:09:39,324 INFO::pre_general:: start setup of general retrieval setup...
2021-09-06 13:09:39,527 INFO::pre_general:: Copied default namelist file ***/home/users/ewanp82/projects/ret_tool_s3/site_new_test.nml*** to current working directory.
2021-09-06 13:09:39,527 INFO::pre_general:: START reading namelist ***site.nml***...
2021-09-06 13:09:39,539 INFO::pre_general:: ...reading DONE
2021-09-06 13:09:39,553 INFO::load_obs_csv:: observation data loaded from file ***/home/users/ewanp82/projects/ret_tool_s3/S1/mni_s1_542_low_hv.csv***
2021-09-06 13:09:39,554 INFO::load_obs_csv:: detected ntimepts=39 #columns=10 in csv file
2021-09-06 13:09:39,554 INFO::load_obs_csv:: start reading S1 observations...
2021-09-06 13:09:39,554 INFO::load_obs_csv:: observational backscatter values are assumed to be in linear units!
2021-09-06 13:09:39,554 INFO::load_obs_csv:: VH backscatter values read: VH[linear] min/max=0.00383534212597/0.0520015209913
2021-09-06 13:09:39,554 INFO::load_obs_csv:: VV backscatter values read: VV[linear] min/max=-99999.0/-99999.0
2021-09-06 13:09:39,554 INFO::load_obs_csv:: assuming S1 observational uncertainty of 1.6 [dB] yields relative uncertainty of 0.376804399913 [linear unit].
2021-09-06 13:09:39,554 INFO::load_obs_csv:: assuming vv=0.004 vh=1e-05 S1 observational uncertainty floor [linear unit].
2021-09-06 13:09:39,554 INFO::load_obs_csv:: number of applied uncertainty floor values on VH=0 VV=39
2021-09-06 13:09:39,555 INFO::load_obs_csv:: determined VH uncertainty in linear units, min/max=0.00144517378824/0.0195944019117
2021-09-06 13:09:39,555 INFO::load_obs_csv:: determined VV uncertainty in linear units, min/max=0.004/0.004
2021-09-06 13:09:39,555 INFO::load_obs_csv:: ...reading S1 observations DONE
2021-09-06 13:09:39,557 INFO::load_obs_csv:: observation data loaded from file ***/home/users/ewanp82/projects/ret_tool_s3/S2/mni_s2_542_low_b4b5b6b7b8b8a.csv***
2021-09-06 13:09:39,557 INFO::load_obs_csv:: detected ntimepts=11 #columns=21 in csv file
2021-09-06 13:09:39,558 INFO::load_obs_csv:: start reading S2 observations...
2021-09-06 13:09:39,558 WARNING::load_obs_csv:: detected negative BRF values: nneg=70. These will be set to fill-value!
2021-09-06 13:09:39,558 INFO::load_obs_csv:: BRF uncertainty is derived by applying 0.05 relative uncertainty, and an uncertainty floor value of 0.02
2021-09-06 13:09:39,558 INFO::load_obs_csv:: ...reading S2 observations DONE
2021-09-06 13:09:39,558 INFO::setup_common_schedule:: determined ntpts=49
2021-09-06 13:09:39,558 INFO::setup_common_schedule:: common schedule yields time-points  S1A=0 S1B=39 S2A=0 S2B=10 other=0
2021-09-06 13:09:39,558 INFO::_set_priorunc:: applied relative uncertainty 0.01 on lai coefficients.
2021-09-06 13:09:39,559 INFO::_set_priorunc:: applied relative uncertainty on state vector components, lai_relunc=0.5 canht_relunc=0.05 sm_relunc=0.5
2021-09-06 13:09:39,559 INFO::_set_priorunc:: uncertainty floor values were applied as follows: lai_uncfloor=3.0 canht_uncfloor=0.1 sm_uncfloor=0.05
2021-09-06 13:09:39,563 INFO::set_dynmodel:: START reading values on dynamical model uncertainties from ***/home/users/ewanp82/projects/ret_tool_s3/mod_ini/dynmod_vtight.ini***...
2021-09-06 13:09:39,565 INFO::set_dynmodel:: ...reading DONE
2021-09-06 13:09:39,565 INFO::pre_general:: ...general retrieval setup DONE
2021-09-06 13:09:39,565 INFO::pre_general:: START writing input files for retrieval system...
2021-09-06 13:09:39,565 INFO::ncwrt_retrieval_config:: Start writing configuration file ***retrconfig.nc***...
2021-09-06 13:09:41,645 INFO::ncwrt_retrieval_config:: ...writing ***retrconfig.nc*** DONE
2021-09-06 13:09:41,645 INFO::ncwrt_retrieval_prior:: Start writing configuration file ***retrprior.nc***...
2021-09-06 13:09:49,719 INFO::ncwrt_retrieval_prior:: ...writing ***retrprior.nc*** DONE
2021-09-06 13:09:49,719 INFO::ncwrt_retrieval_obs_s1:: Start writing configuration file ***obs_s1.nc***...
2021-09-06 13:09:54,711 INFO::ncwrt_retrieval_obs_s1:: ...writing ***obs_s1.nc*** DONE
2021-09-06 13:09:54,711 INFO::ncwrt_retrieval_obs_s2:: Start writing configuration file ***obs_s2.nc***...
2021-09-06 13:09:57,197 INFO::ncwrt_retrieval_obs_s2:: ...writing ***obs_s2.nc*** DONE
2021-09-06 13:09:57,197 INFO::ncwrt_retrieval_model:: Start writing configuration file ***retrmodel.nc***...
2021-09-06 13:10:03,813 INFO::ncwrt_retrieval_model:: ...writing ***retrmodel.nc*** DONE
2021-09-06 13:10:03,813 INFO::wrt_nml_retrieval_control:: Start writing configuration file ***retrctl.nml***...
2021-09-06 13:10:04,349 INFO::wrt_nml_retrieval_control:: ...writing ***retrctl.nml*** DONE
2021-09-06 13:10:04,349 INFO::wrt_nml_controlvector_bounds:: Start writing configuration file ***retrctlvecbounds.nml***...
2021-09-06 13:10:04,538 INFO::wrt_nml_controlvector_bounds:: ...writing ***retrctlvecbounds.nml*** DONE
2021-09-06 13:10:04,538 INFO::pre_general:: ...writing input files for retrieval system DONE
gfortran -Wall -ffixed-line-length-132 -fdefault-real-8 -fdefault-double-8 -I/usr/include -Iobjs -Jobjs -O3 -funroll-loops -floop-block -ftree-loop-distribution -march=native -I/usr/lib64/gfortran/modules/  -c -o objs/mo_sensimul_s1.o src/sense/mo_sensimul_s1.f90
gfortran -Wall -ffixed-line-length-132 -fdefault-real-8 -fdefault-double-8 -I/usr/include -Iobjs -Jobjs -O3 -funroll-loops -floop-block -ftree-loop-distribution -march=native -I/usr/lib64/gfortran/modules/  -c -o objs/mo_sensimul_s2.o src/semid/mo_sensimul_s2.f90
gfortran -Wall -ffixed-line-length-132 -fdefault-real-8 -fdefault-double-8 -I/usr/include -Iobjs -Jobjs -O3 -funroll-loops -floop-block -ftree-loop-distribution -march=native -I/usr/lib64/gfortran/modules/  -c -o objs/mo_sensimul.o src/simulator/mo_sensimul.f90
gfortran -Wall -ffixed-line-length-132 -fdefault-real-8 -fdefault-double-8 -I/usr/include -Iobjs -Jobjs -O3 -funroll-loops -floop-block -ftree-loop-distribution -march=native -I/usr/lib64/gfortran/modules/  -c -o objs/runretrieval.o driver/runretrieval.f90
gfortran -Wall -ffixed-line-length-132 -fdefault-real-8 -fdefault-double-8 -I/usr/include -Iobjs -Jobjs -O3 -funroll-loops -floop-block -ftree-loop-distribution -march=native -I/usr/lib64/gfortran/modules/  -c -o objs/mo_retrieval.o src/retrieval/mo_retrieval.f90
gfortran -Wall -ffixed-line-length-132 -fdefault-real-8 -fdefault-double-8 -I/usr/include -Iobjs -Jobjs -O3 -funroll-loops -floop-block -ftree-loop-distribution -march=native -I/usr/lib64/gfortran/modules/  -c -o objs/cost.o src/retrieval/cost.f90
gfortran -Wall -ffixed-line-length-132 -fdefault-real-8 -fdefault-double-8 -I/usr/include -Iobjs -Jobjs -O3 -funroll-loops -floop-block -ftree-loop-distribution -march=native -I/usr/lib64/gfortran/modules/  -c -o objs/misfit.o src/retrieval/misfit.f90
gfortran -Wall -ffixed-line-length-132 -fdefault-real-8 -fdefault-double-8 -I/usr/include -Iobjs -Jobjs -O3 -funroll-loops -floop-block -ftree-loop-distribution -march=native -I/usr/lib64/gfortran/modules/  -c -o objs/prior.o src/retrieval/prior.f90
gfortran -Wall -ffixed-line-length-132 -fdefault-real-8 -fdefault-double-8 -I/usr/include -Iobjs -Jobjs -O3 -funroll-loops -floop-block -ftree-loop-distribution -march=native -I/usr/lib64/gfortran/modules/  -c -o objs/retrieval_control.o src/retrieval/retrieval_control.f90
gfortran -Wall -ffixed-line-length-132 -fdefault-real-8 -fdefault-double-8 -I/usr/include -Iobjs -Jobjs -O3 -funroll-loops -floop-block -ftree-loop-distribution -march=native -I/usr/lib64/gfortran/modules/  -c -o objs/DIFFSIZES.o src/derivatives/DIFFSIZES.f90
gfortran -Wall -ffixed-line-length-132 -fdefault-real-8 -fdefault-double-8 -I/usr/include -Iobjs -Jobjs -O3 -funroll-loops -floop-block -ftree-loop-distribution -march=native -I/usr/lib64/gfortran/modules/  -c -o objs/jacobian.o src/retrieval/jacobian.f90
gfortran -Wall -ffixed-line-length-132 -fdefault-real-8 -fdefault-double-8 -I/usr/include -Iobjs -Jobjs -O3 -funroll-loops -floop-block -ftree-loop-distribution -march=native -I/usr/lib64/gfortran/modules/  -c -o objs/ua.o src/retrieval/ua.f90
gfortran -Wall -ffixed-line-length-132 -fdefault-real-8 -fdefault-double-8 -I/usr/include -Iobjs -Jobjs -O3 -funroll-loops -floop-block -ftree-loop-distribution -march=native -I/usr/lib64/gfortran/modules/  -c -o objs/mo_util.o src/support/mo_util.f90
gfortran -Wall -ffixed-line-length-132 -fdefault-real-8 -fdefault-double-8 -I/usr/include -Iobjs -Jobjs -O3 -funroll-loops -floop-block -ftree-loop-distribution -march=native -I/usr/lib64/gfortran/modules/  -c -o objs/fapar.o src/retrieval/fapar.f90
ar -r lib/libretr.a objs/cost.o objs/misfit.o objs/prior.o objs/mo_retrieval.o objs/retrieval_control.o objs/jacobian.o objs/ua.o objs/fapar.o
gfortran -Wall -ffixed-line-length-132 -fdefault-real-8 -fdefault-double-8 -I/usr/include -Iobjs -Jobjs -O3 -funroll-loops -floop-block -ftree-loop-distribution -march=native -I/usr/lib64/gfortran/modules/  -c -o objs/model.o src/simulator/model.f90
gfortran -Wall -ffixed-line-length-132 -fdefault-real-8 -fdefault-double-8 -I/usr/include -Iobjs -Jobjs -O3 -funroll-loops -floop-block -ftree-loop-distribution -march=native -I/usr/lib64/gfortran/modules/  -c -o objs/price_soil_ftn.o src/semid/price_soil_ftn.f90
gfortran -Wall -ffixed-line-length-132 -fdefault-real-8 -fdefault-double-8 -I/usr/include -Iobjs -Jobjs -O3 -funroll-loops -floop-block -ftree-loop-distribution -march=native -I/usr/lib64/gfortran/modules/  -c -o objs/cost_bw.o src/derivatives/cost_bw.f90
gfortran -Wall -ffixed-line-length-132 -fdefault-real-8 -fdefault-double-8 -I/usr/include -Iobjs -Jobjs -O3 -funroll-loops -floop-block -ftree-loop-distribution -march=native -I/usr/lib64/gfortran/modules/  -c -o objs/cost_fwv.o src/derivatives/cost_fwv.f90
gfortran -Wall -ffixed-line-length-132 -fdefault-real-8 -fdefault-double-8 -I/usr/include -Iobjs -Jobjs -O3 -funroll-loops -floop-block -ftree-loop-distribution -march=native -I/usr/lib64/gfortran/modules/  -c -o objs/ad_support.o src/derivatives/ad_support.f90
gfortran -Wall -ffixed-line-length-132 -fdefault-real-8 -fdefault-double-8 -I/usr/include -Iobjs -Jobjs -O3 -funroll-loops -floop-block -ftree-loop-distribution -march=native -I/usr/lib64/gfortran/modules/  -c -o objs/adBuffer.o src/derivatives/adBuffer.f
/apps/contrib/jaspy/miniconda_envs/jaspy2.7/m2-4.6.14/envs/jaspy2.7-m2-4.6.14-r20190715/bin/x86_64-conda_cos6-linux-gnu-cc -fPIC -Isrc/derivatives -march=nocona -mtune=haswell -ftree-vectorize -fPIC -fstack-protector-strong -fno-plt -O2 -ffunction-sections -pipe  -c -o objs/adStack.o src/derivatives/adStack.c
ar -r lib/libderiv.a objs/cost_bw.o objs/cost_fwv.o objs/ad_support.o objs/DIFFSIZES.o objs/adBuffer.o objs/adStack.o
gfortran -Wall -ffixed-line-length-132 -fdefault-real-8 -fdefault-double-8 -I/usr/include -Iobjs -Jobjs -O3 -funroll-loops -floop-block -ftree-loop-distribution -march=native -I/usr/lib64/gfortran/modules/  -c -o objs/prospect.redux.o src/semid/prospect.redux.f
gfortran -Wall -ffixed-line-length-132 -fdefault-real-8 -fdefault-double-8 -I/usr/include -Iobjs -Jobjs -O3 -funroll-loops -floop-block -ftree-loop-distribution -march=native -I/usr/lib64/gfortran/modules/  -c -o objs/semiDbrf.o src/semid/semiDbrf.f
gfortran -Wall -ffixed-line-length-132 -fdefault-real-8 -fdefault-double-8 -I/usr/include -Iobjs -Jobjs -O3 -funroll-loops -floop-block -ftree-loop-distribution -march=native -I/usr/lib64/gfortran/modules/  -c -o objs/semiDbrfe.o src/semid/semiDbrfe.f
gfortran -Wall -ffixed-line-length-132 -fdefault-real-8 -fdefault-double-8 -I/usr/include -Iobjs -Jobjs -O3 -funroll-loops -floop-block -ftree-loop-distribution -march=native -I/usr/lib64/gfortran/modules/  -c -o objs/semiDtools.o src/semid/semiDtools.f
gfortran -Wall -ffixed-line-length-132 -fdefault-real-8 -fdefault-double-8 -I/usr/include -Iobjs -Jobjs -O3 -funroll-loops -floop-block -ftree-loop-distribution -march=native -I/usr/lib64/gfortran/modules/  -c -o objs/simulate.o src/simulator/simulate.f90
gfortran -Wall -ffixed-line-length-132 -fdefault-real-8 -fdefault-double-8 -I/usr/include -Iobjs -Jobjs -O3 -funroll-loops -floop-block -ftree-loop-distribution -march=native -I/usr/lib64/gfortran/modules/  -c -o objs/mapping.o src/simulator/mapping.f90
gfortran -Wall -ffixed-line-length-132 -fdefault-real-8 -fdefault-double-8 -I/usr/include -Iobjs -Jobjs -O3 -funroll-loops -floop-block -ftree-loop-distribution -march=native -I/usr/lib64/gfortran/modules/  -c -o objs/target_operator.o src/simulator/target_operator.f90
gfortran -Wall -ffixed-line-length-132 -fdefault-real-8 -fdefault-double-8 -I/usr/include -Iobjs -Jobjs -O3 -funroll-loops -floop-block -ftree-loop-distribution -march=native -I/usr/lib64/gfortran/modules/  -c -o objs/prospect_interface_ftn.o src/semid/prospect_interface_ftn.f90
gfortran -Wall -ffixed-line-length-132 -fdefault-real-8 -fdefault-double-8 -I/usr/include -Iobjs -Jobjs -O3 -funroll-loops -floop-block -ftree-loop-distribution -march=native -I/usr/lib64/gfortran/modules/  -c -o objs/semiD_ftn.o src/semid/semiD_ftn.f90
gfortran -Wall -ffixed-line-length-132 -fdefault-real-8 -fdefault-double-8 -I/usr/include -Iobjs -Jobjs -O3 -funroll-loops -floop-block -ftree-loop-distribution -march=native -I/usr/lib64/gfortran/modules/  -c -o objs/canopy.o src/sense/canopy.f90
gfortran -Wall -ffixed-line-length-132 -fdefault-real-8 -fdefault-double-8 -I/usr/include -Iobjs -Jobjs -O3 -funroll-loops -floop-block -ftree-loop-distribution -march=native -I/usr/lib64/gfortran/modules/  -c -o objs/core.o src/sense/core.f90
gfortran -Wall -ffixed-line-length-132 -fdefault-real-8 -fdefault-double-8 -I/usr/include -Iobjs -Jobjs -O3 -funroll-loops -floop-block -ftree-loop-distribution -march=native -I/usr/lib64/gfortran/modules/  -c -o objs/dobson85.o src/sense/dobson85.f90
gfortran -Wall -ffixed-line-length-132 -fdefault-real-8 -fdefault-double-8 -I/usr/include -Iobjs -Jobjs -O3 -funroll-loops -floop-block -ftree-loop-distribution -march=native -I/usr/lib64/gfortran/modules/  -c -o objs/ground.o src/sense/ground.f90
gfortran -Wall -ffixed-line-length-132 -fdefault-real-8 -fdefault-double-8 -I/usr/include -Iobjs -Jobjs -O3 -funroll-loops -floop-block -ftree-loop-distribution -march=native -I/usr/lib64/gfortran/modules/  -c -o objs/Oh92.o src/sense/Oh92.f90
gfortran -Wall -ffixed-line-length-132 -fdefault-real-8 -fdefault-double-8 -I/usr/include -Iobjs -Jobjs -O3 -funroll-loops -floop-block -ftree-loop-distribution -march=native -I/usr/lib64/gfortran/modules/  -c -o objs/scatterer.o src/sense/scatterer.f90
gfortran -Wall -ffixed-line-length-132 -fdefault-real-8 -fdefault-double-8 -I/usr/include -Iobjs -Jobjs -O3 -funroll-loops -floop-block -ftree-loop-distribution -march=native -I/usr/lib64/gfortran/modules/  -c -o objs/soil.o src/sense/soil.f90
gfortran -Wall -ffixed-line-length-132 -fdefault-real-8 -fdefault-double-8 -I/usr/include -Iobjs -Jobjs -O3 -funroll-loops -floop-block -ftree-loop-distribution -march=native -I/usr/lib64/gfortran/modules/  -c -o objs/util.o src/sense/util.f90
gfortran -Wall -ffixed-line-length-132 -fdefault-real-8 -fdefault-double-8 -I/usr/include -Iobjs -Jobjs -O3 -funroll-loops -floop-block -ftree-loop-distribution -march=native -I/usr/lib64/gfortran/modules/  -c -o objs/sense.o src/sense/sense.f90
gfortran -Wall -ffixed-line-length-132 -fdefault-real-8 -fdefault-double-8 -I/usr/include -Iobjs -Jobjs -O3 -funroll-loops -floop-block -ftree-loop-distribution -march=native -I/usr/lib64/gfortran/modules/  -c -o objs/init-finish.o src/simulator/init-finish.f90
gfortran -Wall -ffixed-line-length-132 -fdefault-real-8 -fdefault-double-8 -I/usr/include -Iobjs -Jobjs -O3 -funroll-loops -floop-block -ftree-loop-distribution -march=native -I/usr/lib64/gfortran/modules/  -c -o objs/mo_timing.o src/support/mo_timing.f90
gfortran -Wall -ffixed-line-length-132 -fdefault-real-8 -fdefault-double-8 -I/usr/include -Iobjs -Jobjs -O3 -funroll-loops -floop-block -ftree-loop-distribution -march=native -I/usr/lib64/gfortran/modules/  -c -o objs/sensimul_io.o src/simulator/sensimul_io.f90
ar -r lib/libmodel.a objs/prospect.redux.o objs/semiDbrf.o objs/semiDbrfe.o objs/semiDtools.o objs/mo_sensimul.o objs/simulate.o objs/mapping.o objs/model.o objs/target_operator.o objs/mo_sensimul_s2.o objs/price_soil_ftn.o objs/prospect_interface_ftn.o objs/semiD_ftn.o objs/canopy.o objs/core.o objs/dobson85.o objs/ground.o objs/mo_sensimul_s1.o objs/Oh92.o objs/scatterer.o objs/soil.o objs/util.o objs/sense.o objs/init-finish.o objs/sensimul_io.o
ar -r lib/libsupport.a objs/mo_timing.o objs/mo_util.o
make -C lbfgsb ../lib/liblbfgsb-gfortran.a FC="gfortran" FFLAGS="-Wall -ffixed-line-length-132 -fdefault-real-8 -fdefault-double-8 -I/usr/include -Iobjs -Jobjs -O3 -funroll-loops -floop-block -ftree-loop-distribution -march=native -I/usr/lib64/gfortran/modules/" LIBNAME="../lib/liblbfgsb-gfortran.a"
make[1]: Entering directory `/gws/nopw/j04/odanceo/epinnington/sen_syn/542_low_flat_hv_b4b5b6b7b8b8a_0/lbfgsb'
gfortran -Wall -ffixed-line-length-132 -fdefault-real-8 -fdefault-double-8 -I/usr/include -Iobjs -Jobjs -O3 -funroll-loops -floop-block -ftree-loop-distribution -march=native -I/usr/lib64/gfortran/modules/  -c -o blas.o blas.f
gfortran -Wall -ffixed-line-length-132 -fdefault-real-8 -fdefault-double-8 -I/usr/include -Iobjs -Jobjs -O3 -funroll-loops -floop-block -ftree-loop-distribution -march=native -I/usr/lib64/gfortran/modules/  -c -o lbfgsb.o lbfgsb.f
gfortran -Wall -ffixed-line-length-132 -fdefault-real-8 -fdefault-double-8 -I/usr/include -Iobjs -Jobjs -O3 -funroll-loops -floop-block -ftree-loop-distribution -march=native -I/usr/lib64/gfortran/modules/  -c -o linpack.o linpack.f
gfortran -Wall -ffixed-line-length-132 -fdefault-real-8 -fdefault-double-8 -I/usr/include -Iobjs -Jobjs -O3 -funroll-loops -floop-block -ftree-loop-distribution -march=native -I/usr/lib64/gfortran/modules/  -c -o timer.o timer.f
ar -r ../lib/liblbfgsb-gfortran.a blas.o lbfgsb.o linpack.o timer.o
make[1]: Leaving directory `/gws/nopw/j04/odanceo/epinnington/sen_syn/542_low_flat_hv_b4b5b6b7b8b8a_0/lbfgsb'
make -C eispack ../lib/libeis.a FC=gfortran FFLAGS="-Wall -ffixed-line-length-132 -fdefault-real-8 -fdefault-double-8 -I/usr/include -Iobjs -Jobjs -O3 -funroll-loops -floop-block -ftree-loop-distribution -march=native -I/usr/lib64/gfortran/modules/" LIBNAME="../lib/libeis.a"
make[1]: Entering directory `/gws/nopw/j04/odanceo/epinnington/sen_syn/542_low_flat_hv_b4b5b6b7b8b8a_0/eispack'
gfortran -Wall -ffixed-line-length-132 -fdefault-real-8 -fdefault-double-8 -I/usr/include -Iobjs -Jobjs -O3 -funroll-loops -floop-block -ftree-loop-distribution -march=native -I/usr/lib64/gfortran/modules/ -c eispack.f90
ar -r ../lib/libeis.a eispack.o
make[1]: Leaving directory `/gws/nopw/j04/odanceo/epinnington/sen_syn/542_low_flat_hv_b4b5b6b7b8b8a_0/eispack'
gfortran -o runretrieval.x -O3 -funroll-loops -floop-block -ftree-loop-distribution -march=native objs/runretrieval.o lib/libretr.a lib/libderiv.a lib/libmodel.a lib/libsupport.a lib/liblbfgsb-gfortran.a lib/libeis.a -L/usr/lib64/ -lnetcdff -lnetcdf
./runretrieval.x --no_fapar 2>&1 | tee mk.retrieval.log
 INFO::retrieval_read_ctl:read settings from file ***retrctl.nml***...
 INFO::retrieval_read_ctl:...reading done.
 INFO::use_prior_term: T
 INFO::use_state_term: T
 INFO::gradient_tolerance: .10000E+01
 INFO::priopr_pert: .00000E+00
 INFO::runretrieval:calling initf...
 DEBUG::load_ivgeom:ndims= 2
 INFO::initf:retrieval configuration was read from ***retrconfig.nc***
 DEBUG::initf:ncrd_retrieval_config has finished, yields:npts=  49 npts_s1=  39 npts_s2=  10
 INFO::load_sitenml:successfully read site namelist file ***site.nml***
 INFO::setprior:prior control vector was read from ***retrprior.nc***
 DEBUG::setprior:ncrd_retrieval_prior terminated successfully
 INFO::runretrieval:...done.
 DEBUG::runretrieval:initf yields:n=149 mf=208
 INFO::runretrieval:calling initx...
 INFO::runretrieval:...done.
 INFO::state_model_set:will be setting-up simple state-model of type "mx(i+1)=a(i+1)*x(i) + b(i+1)"
 INFO::state_model_set:reading model configuration from file ***retrmodel.nc***...
 INFO::state_model_set:...reading done.
 INFO::runretrieval:start optimise...
 INFO::optimise:load control vector boundary settings by calling initb...
 INFO::initb:bounds were read from file ***retrctlvecbounds.nml***
 INFO::initb:applying bounds: lai_coeff_lobound=    0.000 lai_coeff_hibound=    1.000
 INFO::initb:applying bounds: lai_lobound=    0.001 lai_hibound=   10.000
 INFO::initb:applying bounds: canht_lobound=    0.001 canht_hibound=    4.500
 INFO::initb:applying bounds: sm_lobound=    0.001 sm_hibound=    0.500
 INFO::optimise:...done.
 INFO::optimise:start optimiser...
RUNNING THE L-BFGS-B CODE

           * * *

Machine precision = 2.220D-16
 N =          149     M =            5

At X0         0 variables are exactly at the bounds
 INFO::getobs:initial loading of observations...
 INFO::getobs:reading S1 observations from ***obs_s1.nc***
 INFO::ncrd_obs_vector:dataset ---backscatter--- detected fill-value:-99999.00000000
 INFO::ncrd_obs_vector:dataset ---backscatter_unc--- detected fill-value:-99999.00000000
 INFO::ncrd_obs_vector:s1 detected data fill-values:      39
 INFO::ncrd_obs_vector:s1 detected no uncertainthy fill-values
 INFO::getobs:...loading S1 observations done.
 INFO::getobs:reading S2 observations from ***obs_s2.nc***
 INFO::ncrd_obs_vector:dataset ---brf--- detected fill-value:-99999.00000000
 INFO::ncrd_obs_vector:dataset ---brf_unc--- detected fill-value:-99999.00000000
 INFO::ncrd_obs_vector:s2 detected data fill-values:      70
 INFO::ncrd_obs_vector:s2 detected unc. fill-values:      70
 INFO::getobs:...loading observations done.
 INFO::getobs:...initial loading done

At iterate    0    f=  7.98568D+02    |proj g|=  2.83333D+00

At iterate    1    f=  7.18730D+02    |proj g|=  2.84986D+00

At iterate    2    f=  6.20274D+02    |proj g|=  2.85512D+00

At iterate    3    f=  5.48698D+02    |proj g|=  3.04477D+00

At iterate    4    f=  4.20550D+02    |proj g|=  3.18060D+00

At iterate    5    f=  3.64256D+02    |proj g|=  3.25597D+00

At iterate    6    f=  2.86771D+02    |proj g|=  3.24630D+00

At iterate    7    f=  2.58129D+02    |proj g|=  3.21345D+00

At iterate    8    f=  2.41531D+02    |proj g|=  3.23076D+00

At iterate    9    f=  2.33967D+02    |proj g|=  3.28718D+00

At iterate   10    f=  2.22810D+02    |proj g|=  3.30282D+00

At iterate   11    f=  2.21240D+02    |proj g|=  3.29165D+00

At iterate   12    f=  2.18297D+02    |proj g|=  3.27873D+00

At iterate   13    f=  2.16674D+02    |proj g|=  3.27921D+00

At iterate   14    f=  2.14431D+02    |proj g|=  3.15213D+00

At iterate   15    f=  2.13513D+02    |proj g|=  2.88872D+00

At iterate   16    f=  2.12854D+02    |proj g|=  3.22388D+00

At iterate   17    f=  2.12490D+02    |proj g|=  3.28361D+00

At iterate   18    f=  2.12035D+02    |proj g|=  3.28652D+00

At iterate   19    f=  2.11729D+02    |proj g|=  3.28872D+00

At iterate   20    f=  2.11230D+02    |proj g|=  3.28880D+00

At iterate   21    f=  2.10991D+02    |proj g|=  3.29351D+00

At iterate   22    f=  2.10532D+02    |proj g|=  3.13347D+00

At iterate   23    f=  2.10354D+02    |proj g|=  2.78379D+00

At iterate   24    f=  2.10192D+02    |proj g|=  3.14591D+00

At iterate   25    f=  2.09878D+02    |proj g|=  3.14461D+00

At iterate   26    f=  2.09537D+02    |proj g|=  3.21369D+00

At iterate   27    f=  2.09209D+02    |proj g|=  2.60678D+00

At iterate   28    f=  2.08794D+02    |proj g|=  3.30147D+00

At iterate   29    f=  2.08703D+02    |proj g|=  3.30690D+00

At iterate   30    f=  2.08437D+02    |proj g|=  3.29167D+00

At iterate   31    f=  2.08275D+02    |proj g|=  2.99687D+00

At iterate   32    f=  2.08058D+02    |proj g|=  2.80477D+00

At iterate   33    f=  2.07770D+02    |proj g|=  3.09329D+00

At iterate   34    f=  2.07639D+02    |proj g|=  3.29788D+00

At iterate   35    f=  2.07457D+02    |proj g|=  2.64545D+00

At iterate   36    f=  2.07380D+02    |proj g|=  2.18298D+00

At iterate   37    f=  2.07323D+02    |proj g|=  3.29066D+00

At iterate   38    f=  2.07277D+02    |proj g|=  2.44249D+00

At iterate   39    f=  2.07237D+02    |proj g|=  2.18128D+00

At iterate   40    f=  2.07168D+02    |proj g|=  3.28776D+00

At iterate   41    f=  2.07087D+02    |proj g|=  2.47255D+00

At iterate   42    f=  2.07012D+02    |proj g|=  2.29635D+00

At iterate   43    f=  2.06924D+02    |proj g|=  2.29261D+00

At iterate   44    f=  2.06868D+02    |proj g|=  2.88661D+00

At iterate   45    f=  2.06797D+02    |proj g|=  2.07141D+00

At iterate   46    f=  2.06700D+02    |proj g|=  2.56291D+00

At iterate   47    f=  2.06627D+02    |proj g|=  2.98655D+00

At iterate   48    f=  2.06544D+02    |proj g|=  2.36659D+00

At iterate   49    f=  2.06367D+02    |proj g|=  2.14237D+00

At iterate   50    f=  2.06283D+02    |proj g|=  3.29060D+00

At iterate   51    f=  2.06199D+02    |proj g|=  1.98895D+00

At iterate   52    f=  2.06135D+02    |proj g|=  2.19652D+00

At iterate   53    f=  2.06052D+02    |proj g|=  3.29195D+00

At iterate   54    f=  2.05988D+02    |proj g|=  2.56087D+00

At iterate   55    f=  2.05929D+02    |proj g|=  1.60327D+00

At iterate   56    f=  2.05885D+02    |proj g|=  1.73554D+00

At iterate   57    f=  2.05847D+02    |proj g|=  1.96495D+00

At iterate   58    f=  2.05819D+02    |proj g|=  3.26724D+00

At iterate   59    f=  2.05788D+02    |proj g|=  1.32630D+00

At iterate   60    f=  2.05772D+02    |proj g|=  1.09581D+00

At iterate   61    f=  2.05748D+02    |proj g|=  1.99256D+00

At iterate   62    f=  2.05723D+02    |proj g|=  2.16084D+00

At iterate   63    f=  2.05695D+02    |proj g|=  1.56785D+00

At iterate   64    f=  2.05672D+02    |proj g|=  1.49983D+00

At iterate   65    f=  2.05648D+02    |proj g|=  1.76128D+00

At iterate   66    f=  2.05625D+02    |proj g|=  2.11816D+00

At iterate   67    f=  2.05599D+02    |proj g|=  2.07121D+00

At iterate   68    f=  2.05565D+02    |proj g|=  1.99808D+00

At iterate   69    f=  2.05543D+02    |proj g|=  3.27509D+00

At iterate   70    f=  2.05524D+02    |proj g|=  2.17781D+00

At iterate   71    f=  2.05483D+02    |proj g|=  2.23772D+00

At iterate   72    f=  2.05463D+02    |proj g|=  2.43911D+00

At iterate   73    f=  2.05449D+02    |proj g|=  1.66851D+00

At iterate   74    f=  2.05420D+02    |proj g|=  1.25934D+00

At iterate   75    f=  2.05404D+02    |proj g|=  1.33949D+00

At iterate   76    f=  2.05382D+02    |proj g|=  1.91735D+00

At iterate   77    f=  2.05360D+02    |proj g|=  1.38988D+00

At iterate   78    f=  2.05340D+02    |proj g|=  1.47261D+00

At iterate   79    f=  2.05325D+02    |proj g|=  1.33561D+00

At iterate   80    f=  2.05318D+02    |proj g|=  2.10944D+00

At iterate   81    f=  2.05309D+02    |proj g|=  9.07178D-01

           * * *

Tit   = total number of iterations
Tnf   = total number of function evaluations
Tnint = total number of segments explored during Cauchy searches
Skip  = number of BFGS updates skipped
Nact  = number of active bounds at final generalized Cauchy point
Projg = norm of the final projected gradient
F     = final function value

           * * *

   N    Tit     Tnf  Tnint  Skip  Nact     Projg        F
  149     81     86    139     0     0   9.072D-01   2.053D+02
  F =   205.30920040917624     

CONVERGENCE: NORM_OF_PROJECTED_GRADIENT_<=_PGTOL            

 Cauchy                time 1.076E-03 seconds.
 Subspace minimization time 1.124E-03 seconds.
 Line search           time 5.729E+02 seconds.

 Total User time 5.797E+02 seconds.

 INFO::optimise:...optimiser finished.
 INFO::runretrieval:...optimise DONE
 INFO::runretrieval::opti_succeed: T
 
        i                Prior           Posterior          Change [%]
 
        1         0.990000E-01        0.988853E-01            -0.11582
        2         0.990000E-01        0.988853E-01            -0.11582
        3         0.150000E+01        0.144746E+00           -90.35029
        4         0.150000E+01        0.149966E+01            -0.02283
        5         0.300000E+00        0.344426E+00            14.80876
        6         0.150000E+01        0.142386E+00           -90.50761
        7         0.150000E+01        0.149936E+01            -0.04284
        8         0.300000E+00        0.366432E+00            22.14387
        9         0.150000E+01        0.146107E+00           -90.25954
       10         0.150000E+01        0.150025E+01             0.01653
       11         0.300000E+00        0.367520E+00            22.50671
       12         0.150000E+01        0.148006E+00           -90.13292
       13         0.150000E+01        0.150041E+01             0.02757
       14         0.300000E+00        0.401319E+00            33.77294
       15         0.150000E+01        0.180835E+00           -87.94434
       16         0.150000E+01        0.149993E+01            -0.00498
       17         0.300000E+00        0.399611E+00            33.20383
       18         0.150000E+01        0.216149E+00           -85.59010
       19         0.150000E+01        0.149903E+01            -0.06478
       20         0.300000E+00        0.398019E+00            32.67288
       21         0.150000E+01        0.258161E+00           -82.78928
       22         0.150000E+01        0.149891E+01            -0.07270
       23         0.300000E+00        0.368029E+00            22.67622
       24         0.150000E+01        0.304704E+00           -79.68642
       25         0.150000E+01        0.149924E+01            -0.05063
       26         0.300000E+00        0.330401E+00            10.13370
       27         0.150000E+01        0.352483E+00           -76.50110
       28         0.150000E+01        0.149884E+01            -0.07741
       29         0.300000E+00        0.293699E+00            -2.10026
       30         0.150000E+01        0.405396E+00           -72.97359
       31         0.150000E+01        0.150165E+01             0.10970
       32         0.300000E+00        0.289328E+00            -3.55728
       33         0.150000E+01        0.571972E+00           -61.86857
       34         0.150000E+01        0.150046E+01             0.03036
       35         0.300000E+00        0.267929E+00           -10.69043
       36         0.150000E+01        0.612858E+00           -59.14283
       37         0.150000E+01        0.150259E+01             0.17254
       38         0.300000E+00        0.264131E+00           -11.95639
       39         0.150000E+01        0.643717E+00           -57.08556
       40         0.150000E+01        0.149905E+01            -0.06354
       41         0.300000E+00        0.310782E+00             3.59391
       42         0.150000E+01        0.677983E+00           -54.80112
       43         0.150000E+01        0.149798E+01            -0.13483
       44         0.300000E+00        0.345996E+00            15.33194
       45         0.150000E+01        0.720363E+00           -51.97580
       46         0.150000E+01        0.150058E+01             0.03881
       47         0.300000E+00        0.365561E+00            21.85373
       48         0.150000E+01        0.845518E+00           -43.63211
       49         0.150000E+01        0.149754E+01            -0.16414
       50         0.300000E+00        0.365046E+00            21.68194
       51         0.150000E+01        0.137919E+01            -8.05432
       52         0.150000E+01        0.149753E+01            -0.16481
       53         0.300000E+00        0.239930E+00           -20.02338
       54         0.150000E+01        0.151976E+01             1.31721
       55         0.150000E+01        0.151341E+01             0.89370
       56         0.300000E+00        0.234587E+00           -21.80418
       57         0.150000E+01        0.164366E+01             9.57764
       58         0.150000E+01        0.149687E+01            -0.20865
       59         0.300000E+00        0.278744E+00            -7.08523
       60         0.150000E+01        0.216654E+01            44.43625
       61         0.150000E+01        0.149344E+01            -0.43701
       62         0.300000E+00        0.352745E+00            17.58157
       63         0.150000E+01        0.230488E+01            53.65893
       64         0.150000E+01        0.149447E+01            -0.36876
       65         0.300000E+00        0.357339E+00            19.11301
       66         0.150000E+01        0.244902E+01            63.26783
       67         0.150000E+01        0.149324E+01            -0.45056
       68         0.300000E+00        0.357543E+00            19.18100
       69         0.150000E+01        0.259921E+01            73.28067
       70         0.150000E+01        0.149160E+01            -0.56029
       71         0.300000E+00        0.357403E+00            19.13427
       72         0.150000E+01        0.275582E+01            83.72130
       73         0.150000E+01        0.149641E+01            -0.23947
       74         0.300000E+00        0.342609E+00            14.20289
       75         0.150000E+01        0.290370E+01            93.57991
       76         0.150000E+01        0.149124E+01            -0.58390
       77         0.300000E+00        0.351392E+00            17.13069
       78         0.150000E+01        0.352389E+01           134.92586
       79         0.150000E+01        0.149343E+01            -0.43774
       80         0.300000E+00        0.322425E+00             7.47495
       81         0.150000E+01        0.368571E+01           145.71400
       82         0.150000E+01        0.148873E+01            -0.75107
       83         0.300000E+00        0.313043E+00             4.34759
       84         0.150000E+01        0.379630E+01           153.08665
       85         0.150000E+01        0.148772E+01            -0.81859
       86         0.300000E+00        0.313976E+00             4.65870
       87         0.150000E+01        0.391425E+01           160.94983
       88         0.150000E+01        0.149372E+01            -0.41839
       89         0.300000E+00        0.313596E+00             4.53199
       90         0.150000E+01        0.403634E+01           169.08950
       91         0.150000E+01        0.149267E+01            -0.48836
       92         0.300000E+00        0.309793E+00             3.26445
       93         0.150000E+01        0.416367E+01           177.57793
       94         0.150000E+01        0.148630E+01            -0.91364
       95         0.300000E+00        0.281430E+00            -6.19011
       96         0.150000E+01        0.420151E+01           180.10039
       97         0.150000E+01        0.150043E+01             0.02889
       98         0.300000E+00        0.278087E+00            -7.30441
       99         0.150000E+01        0.436213E+01           190.80893
      100         0.150000E+01        0.149256E+01            -0.49589
      101         0.300000E+00        0.301977E+00             0.65907
      102         0.150000E+01        0.441095E+01           194.06344
      103         0.150000E+01        0.146733E+01            -2.17767
      104         0.300000E+00        0.279620E+00            -6.79345
      105         0.150000E+01        0.428990E+01           185.99315
      106         0.150000E+01        0.148392E+01            -1.07169
      107         0.300000E+00        0.315677E+00             5.22560
      108         0.150000E+01        0.418112E+01           178.74147
      109         0.150000E+01        0.148954E+01            -0.69705
      110         0.300000E+00        0.331489E+00            10.49627
      111         0.150000E+01        0.377752E+01           151.83460
      112         0.150000E+01        0.148901E+01            -0.73272
      113         0.300000E+00        0.337180E+00            12.39344
      114         0.150000E+01        0.368309E+01           145.53945
      115         0.150000E+01        0.148820E+01            -0.78691
      116         0.300000E+00        0.325375E+00             8.45835
      117         0.150000E+01        0.353395E+01           135.59656
      118         0.150000E+01        0.149012E+01            -0.65837
      119         0.300000E+00        0.326703E+00             8.90103
      120         0.150000E+01        0.338931E+01           125.95425
      121         0.150000E+01        0.149098E+01            -0.60121
      122         0.300000E+00        0.338163E+00            12.72116
      123         0.150000E+01        0.325384E+01           116.92290
      124         0.150000E+01        0.149633E+01            -0.24479
      125         0.300000E+00        0.319706E+00             6.56864
      126         0.150000E+01        0.312027E+01           108.01772
      127         0.150000E+01        0.149373E+01            -0.41815
      128         0.300000E+00        0.306514E+00             2.17144
      129         0.150000E+01        0.299604E+01            99.73599
      130         0.150000E+01        0.149740E+01            -0.17358
      131         0.300000E+00        0.303702E+00             1.23402
      132         0.150000E+01        0.293454E+01            95.63599
      133         0.150000E+01        0.147956E+01            -1.36255
      134         0.300000E+00        0.265932E+00           -11.35597
      135         0.150000E+01        0.272253E+01            81.50221
      136         0.150000E+01        0.149159E+01            -0.56078
      137         0.300000E+00        0.303554E+00             1.18459
      138         0.150000E+01        0.251340E+01            67.56003
      139         0.150000E+01        0.149265E+01            -0.48994
      140         0.300000E+00        0.331609E+00            10.53631
      141         0.150000E+01        0.231261E+01            54.17409
      142         0.150000E+01        0.149278E+01            -0.48120
      143         0.300000E+00        0.350475E+00            16.82513
      144         0.150000E+01        0.211714E+01            41.14234
      145         0.150000E+01        0.149320E+01            -0.45343
      146         0.300000E+00        0.362894E+00            20.96466
      147         0.150000E+01        0.193188E+01            28.79209
      148         0.150000E+01        0.150023E+01             0.01514
      149         0.300000E+00        0.362606E+00            20.86870
 INFO::writing final control vector to x.b
 INFO::writing prior uncertainty (physical units) to sx.b
 INFO::runretrieval:start uncertainty analysis on state...
 
 INFO::ua:SVD done with ierr =          0
 
 INFO::runretrieval:...uncertainty analysis on state DONE
 
       Extreme off diagonal correlations
            Min/Max                 value    i    j
                Min              -0.00948   99   97
                Max               0.49412  149  146
 
 INFO::finishdf:target file ***controlvector_prior.nc*** successfully written.
 INFO::finishdf:target file ***controlvector_post.nc*** successfully written.
('exp_list length: ', '3')
/home/users/ewanp82/projects/ret_tool_s3
str, obs_s2
0.01
0.5
0.05
0.5
str, obs_s1
str, time_start
str, site_nml
0.001
3.0
0.1
0.05
float, gtol
float, s1_vv_uncfloor
float, s2_uncfloor
str, time_end
str, dynmodunc_inifile
float, s1_vh_uncfloor
float, s2_relunc
float, s1_unc
/gws/nopw/j04/odanceo/epinnington/sen_syn/542_low_flat_hv_b4b5b6b7b8b8a_0
<type 'netCDF4._netCDF4.Dataset'>
root group (NETCDF4 data model, file format HDF5):
    institution: The Inversion Lab, Hamburg, Germany
    date_created: 20210906T13:23:37+01:00
    optimisation_tag: SUCCESSFUL
    dimensions(sizes): nparam_s1(2), npoints(49)
    variables(dimensions): float64 [4mtime[0m(npoints), int32 [4msim_typ[0m(npoints), float64 [4mlaicoeff[0m(nparam_s1), float64 [4mlaicoeff_unc[0m(nparam_s1), float64 [4mlai[0m(npoints), float64 [4mcanht[0m(npoints), float64 [4msm[0m(npoints), float64 [4mlai_unc[0m(npoints), float64 [4mcanht_unc[0m(npoints), float64 [4msm_unc[0m(npoints)
    groups: 

[datetime.datetime(2017, 3, 23, 5, 26)
 datetime.datetime(2017, 3, 25, 17, 6)
 datetime.datetime(2017, 3, 26, 16, 58)
 datetime.datetime(2017, 3, 28, 10, 20)
 datetime.datetime(2017, 3, 29, 5, 26)
 datetime.datetime(2017, 3, 30, 5, 17)
 datetime.datetime(2017, 3, 31, 17, 6)
 datetime.datetime(2017, 4, 4, 5, 26) datetime.datetime(2017, 4, 6, 17, 6)
 datetime.datetime(2017, 4, 7, 16, 58)
 datetime.datetime(2017, 4, 12, 17, 6)
 datetime.datetime(2017, 4, 16, 5, 26)
 datetime.datetime(2017, 4, 19, 16, 58)
 datetime.datetime(2017, 4, 23, 5, 17)
 datetime.datetime(2017, 4, 24, 10, 10)
 datetime.datetime(2017, 4, 24, 17, 6)
 datetime.datetime(2017, 4, 30, 17, 6)
 datetime.datetime(2017, 5, 1, 16, 58)
 datetime.datetime(2017, 5, 4, 5, 26)
 datetime.datetime(2017, 5, 10, 5, 26)
 datetime.datetime(2017, 5, 12, 17, 6)
 datetime.datetime(2017, 5, 13, 16, 58)
 datetime.datetime(2017, 5, 16, 5, 26)
 datetime.datetime(2017, 5, 17, 10, 20)
 datetime.datetime(2017, 5, 18, 17, 6)
 datetime.datetime(2017, 5, 24, 17, 6)
 datetime.datetime(2017, 5, 27, 10, 20)
 datetime.datetime(2017, 5, 28, 5, 26)
 datetime.datetime(2017, 5, 29, 5, 17)
 datetime.datetime(2017, 5, 30, 17, 6)
 datetime.datetime(2017, 6, 3, 10, 10)
 datetime.datetime(2017, 6, 5, 17, 6)
 datetime.datetime(2017, 6, 11, 17, 6)
 datetime.datetime(2017, 6, 13, 10, 10)
 datetime.datetime(2017, 6, 16, 5, 17)
 datetime.datetime(2017, 6, 17, 17, 6)
 datetime.datetime(2017, 6, 23, 17, 6)
 datetime.datetime(2017, 6, 26, 10, 20)
 datetime.datetime(2017, 6, 27, 5, 26)
 datetime.datetime(2017, 6, 29, 17, 6)
 datetime.datetime(2017, 7, 3, 5, 26) datetime.datetime(2017, 7, 5, 17, 6)
 datetime.datetime(2017, 7, 6, 10, 20)
 datetime.datetime(2017, 7, 8, 10, 10)
 datetime.datetime(2017, 7, 10, 5, 17)
 datetime.datetime(2017, 7, 11, 17, 6)
 datetime.datetime(2017, 7, 15, 5, 26)
 datetime.datetime(2017, 7, 17, 17, 6)
 datetime.datetime(2017, 7, 18, 10, 10)]
[    0   319   462   710   825   968  1183  1689  2047  2190  2911  3417
  3918  4418  4591  4633  5497  5640  6003  6867  7225  7368  7731  7904
  8089  8953  9344  9459  9602  9817 10351 10681 11545 11791 12194 12409
 13273 13664 13779 14137 14643 15001 15104 15391 15650 15865 16371 16729
 16831]
/gws/nopw/j04/odanceo/epinnington/sen_syn/542_low_flat_hv_b4b5b6b7b8b8a_0
<type 'netCDF4._netCDF4.Dataset'>
root group (NETCDF4 data model, file format HDF5):
    institution: The Inversion Lab, Hamburg, Germany
    date_created: 20210906T13:23:37+01:00
    optimisation_tag: SUCCESSFUL
    dimensions(sizes): nparam_s1(2), npoints(49)
    variables(dimensions): float64 [4mtime[0m(npoints), int32 [4msim_typ[0m(npoints), float64 [4mlaicoeff[0m(nparam_s1), float64 [4mlaicoeff_unc[0m(nparam_s1), float64 [4mlai[0m(npoints), float64 [4mcanht[0m(npoints), float64 [4msm[0m(npoints), float64 [4mlai_unc[0m(npoints), float64 [4mcanht_unc[0m(npoints), float64 [4msm_unc[0m(npoints)
    groups: 

[datetime.datetime(2017, 3, 23, 5, 26)
 datetime.datetime(2017, 3, 25, 17, 6)
 datetime.datetime(2017, 3, 26, 16, 58)
 datetime.datetime(2017, 3, 28, 10, 20)
 datetime.datetime(2017, 3, 29, 5, 26)
 datetime.datetime(2017, 3, 30, 5, 17)
 datetime.datetime(2017, 3, 31, 17, 6)
 datetime.datetime(2017, 4, 4, 5, 26) datetime.datetime(2017, 4, 6, 17, 6)
 datetime.datetime(2017, 4, 7, 16, 58)
 datetime.datetime(2017, 4, 12, 17, 6)
 datetime.datetime(2017, 4, 16, 5, 26)
 datetime.datetime(2017, 4, 19, 16, 58)
 datetime.datetime(2017, 4, 23, 5, 17)
 datetime.datetime(2017, 4, 24, 10, 10)
 datetime.datetime(2017, 4, 24, 17, 6)
 datetime.datetime(2017, 4, 30, 17, 6)
 datetime.datetime(2017, 5, 1, 16, 58)
 datetime.datetime(2017, 5, 4, 5, 26)
 datetime.datetime(2017, 5, 10, 5, 26)
 datetime.datetime(2017, 5, 12, 17, 6)
 datetime.datetime(2017, 5, 13, 16, 58)
 datetime.datetime(2017, 5, 16, 5, 26)
 datetime.datetime(2017, 5, 17, 10, 20)
 datetime.datetime(2017, 5, 18, 17, 6)
 datetime.datetime(2017, 5, 24, 17, 6)
 datetime.datetime(2017, 5, 27, 10, 20)
 datetime.datetime(2017, 5, 28, 5, 26)
 datetime.datetime(2017, 5, 29, 5, 17)
 datetime.datetime(2017, 5, 30, 17, 6)
 datetime.datetime(2017, 6, 3, 10, 10)
 datetime.datetime(2017, 6, 5, 17, 6)
 datetime.datetime(2017, 6, 11, 17, 6)
 datetime.datetime(2017, 6, 13, 10, 10)
 datetime.datetime(2017, 6, 16, 5, 17)
 datetime.datetime(2017, 6, 17, 17, 6)
 datetime.datetime(2017, 6, 23, 17, 6)
 datetime.datetime(2017, 6, 26, 10, 20)
 datetime.datetime(2017, 6, 27, 5, 26)
 datetime.datetime(2017, 6, 29, 17, 6)
 datetime.datetime(2017, 7, 3, 5, 26) datetime.datetime(2017, 7, 5, 17, 6)
 datetime.datetime(2017, 7, 6, 10, 20)
 datetime.datetime(2017, 7, 8, 10, 10)
 datetime.datetime(2017, 7, 10, 5, 17)
 datetime.datetime(2017, 7, 11, 17, 6)
 datetime.datetime(2017, 7, 15, 5, 26)
 datetime.datetime(2017, 7, 17, 17, 6)
 datetime.datetime(2017, 7, 18, 10, 10)]
/gws/nopw/j04/odanceo/epinnington/sen_syn/542_low_flat_hv_b4b5b6b7b8b8a_0
<type 'netCDF4._netCDF4.Dataset'>
root group (NETCDF4 data model, file format HDF5):
    institution: The Inversion Lab, Hamburg, Germany
    date_created: 20210906T13:23:37+01:00
    optimisation_tag: SUCCESSFUL
    dimensions(sizes): nparam_s1(2), npoints(49)
    variables(dimensions): float64 [4mtime[0m(npoints), int32 [4msim_typ[0m(npoints), float64 [4mlaicoeff[0m(nparam_s1), float64 [4mlaicoeff_unc[0m(nparam_s1), float64 [4mlai[0m(npoints), float64 [4mcanht[0m(npoints), float64 [4msm[0m(npoints), float64 [4mlai_unc[0m(npoints), float64 [4mcanht_unc[0m(npoints), float64 [4msm_unc[0m(npoints)
    groups: 

[datetime.datetime(2017, 3, 23, 5, 26)
 datetime.datetime(2017, 3, 25, 17, 6)
 datetime.datetime(2017, 3, 26, 16, 58)
 datetime.datetime(2017, 3, 28, 10, 20)
 datetime.datetime(2017, 3, 29, 5, 26)
 datetime.datetime(2017, 3, 30, 5, 17)
 datetime.datetime(2017, 3, 31, 17, 6)
 datetime.datetime(2017, 4, 4, 5, 26) datetime.datetime(2017, 4, 6, 17, 6)
 datetime.datetime(2017, 4, 7, 16, 58)
 datetime.datetime(2017, 4, 12, 17, 6)
 datetime.datetime(2017, 4, 16, 5, 26)
 datetime.datetime(2017, 4, 19, 16, 58)
 datetime.datetime(2017, 4, 23, 5, 17)
 datetime.datetime(2017, 4, 24, 10, 10)
 datetime.datetime(2017, 4, 24, 17, 6)
 datetime.datetime(2017, 4, 30, 17, 6)
 datetime.datetime(2017, 5, 1, 16, 58)
 datetime.datetime(2017, 5, 4, 5, 26)
 datetime.datetime(2017, 5, 10, 5, 26)
 datetime.datetime(2017, 5, 12, 17, 6)
 datetime.datetime(2017, 5, 13, 16, 58)
 datetime.datetime(2017, 5, 16, 5, 26)
 datetime.datetime(2017, 5, 17, 10, 20)
 datetime.datetime(2017, 5, 18, 17, 6)
 datetime.datetime(2017, 5, 24, 17, 6)
 datetime.datetime(2017, 5, 27, 10, 20)
 datetime.datetime(2017, 5, 28, 5, 26)
 datetime.datetime(2017, 5, 29, 5, 17)
 datetime.datetime(2017, 5, 30, 17, 6)
 datetime.datetime(2017, 6, 3, 10, 10)
 datetime.datetime(2017, 6, 5, 17, 6)
 datetime.datetime(2017, 6, 11, 17, 6)
 datetime.datetime(2017, 6, 13, 10, 10)
 datetime.datetime(2017, 6, 16, 5, 17)
 datetime.datetime(2017, 6, 17, 17, 6)
 datetime.datetime(2017, 6, 23, 17, 6)
 datetime.datetime(2017, 6, 26, 10, 20)
 datetime.datetime(2017, 6, 27, 5, 26)
 datetime.datetime(2017, 6, 29, 17, 6)
 datetime.datetime(2017, 7, 3, 5, 26) datetime.datetime(2017, 7, 5, 17, 6)
 datetime.datetime(2017, 7, 6, 10, 20)
 datetime.datetime(2017, 7, 8, 10, 10)
 datetime.datetime(2017, 7, 10, 5, 17)
 datetime.datetime(2017, 7, 11, 17, 6)
 datetime.datetime(2017, 7, 15, 5, 26)
 datetime.datetime(2017, 7, 17, 17, 6)
 datetime.datetime(2017, 7, 18, 10, 10)]
ran experiment 0
