which python
bin/rs_setup.py
------------------------------
 Retrieval System Setup properly finished, Retrieval System ready for use!
------------------------------
2021-09-06 13:09:40,362 INFO::<module>:: rs_pre.py::PROGRAM START::2021-09-06T13:09:40.361958
2021-09-06 13:09:40,362 INFO::<module>:: command-line: bin/rs_pre.py pre_general --obs_s2 /home/users/ewanp82/projects/ret_tool_s3/S2/mni_s2_515_high_b4b5b6b7b8b8a.csv --ctlvec_relunc 0.01 0.5 0.05 0.5 --obs_s1 /home/users/ewanp82/projects/ret_tool_s3/S1/mni_s1_515_high_hv.csv --time_start 20170608 --site_nml /home/users/ewanp82/projects/ret_tool_s3/site_new_test.nml --ctlvec_uncfloor 0.001 3.0 0.1 0.05 --gtol 1.0 --s1_vv_uncfloor 0.004 --s2_uncfloor 0.02 --time_end 20170922 --dynmodunc_inifile /home/users/ewanp82/projects/ret_tool_s3/mod_ini/dynmod_vtight.ini --s1_vh_uncfloor 1e-05 --s2_relunc 0.05 --s1_unc 1.6
2021-09-06 13:09:40,373 INFO::main:: user selection +++pre_general+++
2021-09-06 13:09:40,373 INFO::pre_general:: start setup of general retrieval setup...
2021-09-06 13:09:40,868 INFO::pre_general:: Copied default namelist file ***/home/users/ewanp82/projects/ret_tool_s3/site_new_test.nml*** to current working directory.
2021-09-06 13:09:40,868 INFO::pre_general:: START reading namelist ***site.nml***...
2021-09-06 13:09:40,874 INFO::pre_general:: ...reading DONE
2021-09-06 13:09:40,885 INFO::load_obs_csv:: observation data loaded from file ***/home/users/ewanp82/projects/ret_tool_s3/S1/mni_s1_515_high_hv.csv***
2021-09-06 13:09:40,887 INFO::load_obs_csv:: detected ntimepts=55 #columns=10 in csv file
2021-09-06 13:09:40,887 INFO::load_obs_csv:: start reading S1 observations...
2021-09-06 13:09:40,887 INFO::load_obs_csv:: observational backscatter values are assumed to be in linear units!
2021-09-06 13:09:40,887 INFO::load_obs_csv:: VH backscatter values read: VH[linear] min/max=0.00310308276676/0.102163381875
2021-09-06 13:09:40,887 INFO::load_obs_csv:: VV backscatter values read: VV[linear] min/max=-99999.0/-99999.0
2021-09-06 13:09:40,887 INFO::load_obs_csv:: assuming S1 observational uncertainty of 1.6 [dB] yields relative uncertainty of 0.376804399913 [linear unit].
2021-09-06 13:09:40,887 INFO::load_obs_csv:: assuming vv=0.004 vh=1e-05 S1 observational uncertainty floor [linear unit].
2021-09-06 13:09:40,887 INFO::load_obs_csv:: number of applied uncertainty floor values on VH=0 VV=54
2021-09-06 13:09:40,887 INFO::load_obs_csv:: determined VH uncertainty in linear units, min/max=0.00116925523981/0.0384956118005
2021-09-06 13:09:40,887 INFO::load_obs_csv:: determined VV uncertainty in linear units, min/max=0.004/0.004
2021-09-06 13:09:40,887 INFO::load_obs_csv:: ...reading S1 observations DONE
2021-09-06 13:09:40,890 INFO::load_obs_csv:: observation data loaded from file ***/home/users/ewanp82/projects/ret_tool_s3/S2/mni_s2_515_high_b4b5b6b7b8b8a.csv***
2021-09-06 13:09:40,890 INFO::load_obs_csv:: detected ntimepts=12 #columns=21 in csv file
2021-09-06 13:09:40,890 INFO::load_obs_csv:: start reading S2 observations...
2021-09-06 13:09:40,890 WARNING::load_obs_csv:: detected negative BRF values: nneg=77. These will be set to fill-value!
2021-09-06 13:09:40,890 INFO::load_obs_csv:: BRF uncertainty is derived by applying 0.05 relative uncertainty, and an uncertainty floor value of 0.02
2021-09-06 13:09:40,891 INFO::load_obs_csv:: ...reading S2 observations DONE
2021-09-06 13:09:40,891 INFO::setup_common_schedule:: determined ntpts=65
2021-09-06 13:09:40,891 INFO::setup_common_schedule:: common schedule yields time-points  S1A=0 S1B=54 S2A=0 S2B=11 other=0
2021-09-06 13:09:40,891 INFO::_set_priorunc:: applied relative uncertainty 0.01 on lai coefficients.
2021-09-06 13:09:40,891 INFO::_set_priorunc:: applied relative uncertainty on state vector components, lai_relunc=0.5 canht_relunc=0.05 sm_relunc=0.5
2021-09-06 13:09:40,891 INFO::_set_priorunc:: uncertainty floor values were applied as follows: lai_uncfloor=3.0 canht_uncfloor=0.1 sm_uncfloor=0.05
2021-09-06 13:09:40,896 INFO::set_dynmodel:: START reading values on dynamical model uncertainties from ***/home/users/ewanp82/projects/ret_tool_s3/mod_ini/dynmod_vtight.ini***...
2021-09-06 13:09:40,898 INFO::set_dynmodel:: ...reading DONE
2021-09-06 13:09:40,898 INFO::pre_general:: ...general retrieval setup DONE
2021-09-06 13:09:40,898 INFO::pre_general:: START writing input files for retrieval system...
2021-09-06 13:09:40,898 INFO::ncwrt_retrieval_config:: Start writing configuration file ***retrconfig.nc***...
2021-09-06 13:09:44,695 INFO::ncwrt_retrieval_config:: ...writing ***retrconfig.nc*** DONE
2021-09-06 13:09:44,695 INFO::ncwrt_retrieval_prior:: Start writing configuration file ***retrprior.nc***...
2021-09-06 13:09:51,732 INFO::ncwrt_retrieval_prior:: ...writing ***retrprior.nc*** DONE
2021-09-06 13:09:51,733 INFO::ncwrt_retrieval_obs_s1:: Start writing configuration file ***obs_s1.nc***...
2021-09-06 13:09:54,961 INFO::ncwrt_retrieval_obs_s1:: ...writing ***obs_s1.nc*** DONE
2021-09-06 13:09:54,961 INFO::ncwrt_retrieval_obs_s2:: Start writing configuration file ***obs_s2.nc***...
2021-09-06 13:09:57,409 INFO::ncwrt_retrieval_obs_s2:: ...writing ***obs_s2.nc*** DONE
2021-09-06 13:09:57,410 INFO::ncwrt_retrieval_model:: Start writing configuration file ***retrmodel.nc***...
2021-09-06 13:10:03,986 INFO::ncwrt_retrieval_model:: ...writing ***retrmodel.nc*** DONE
2021-09-06 13:10:03,987 INFO::wrt_nml_retrieval_control:: Start writing configuration file ***retrctl.nml***...
2021-09-06 13:10:04,273 INFO::wrt_nml_retrieval_control:: ...writing ***retrctl.nml*** DONE
2021-09-06 13:10:04,273 INFO::wrt_nml_controlvector_bounds:: Start writing configuration file ***retrctlvecbounds.nml***...
2021-09-06 13:10:05,135 INFO::wrt_nml_controlvector_bounds:: ...writing ***retrctlvecbounds.nml*** DONE
2021-09-06 13:10:05,135 INFO::pre_general:: ...writing input files for retrieval system DONE
gfortran -Wall -ffixed-line-length-132 -fdefault-real-8 -fdefault-double-8 -I/usr/include -Iobjs -Jobjs -O3 -funroll-loops -floop-block -ftree-loop-distribution -march=native -I/usr/lib64/gfortran/modules/  -c -o objs/mo_sensimul_s1.o src/sense/mo_sensimul_s1.f90
gfortran -Wall -ffixed-line-length-132 -fdefault-real-8 -fdefault-double-8 -I/usr/include -Iobjs -Jobjs -O3 -funroll-loops -floop-block -ftree-loop-distribution -march=native -I/usr/lib64/gfortran/modules/  -c -o objs/mo_sensimul_s2.o src/semid/mo_sensimul_s2.f90
gfortran -Wall -ffixed-line-length-132 -fdefault-real-8 -fdefault-double-8 -I/usr/include -Iobjs -Jobjs -O3 -funroll-loops -floop-block -ftree-loop-distribution -march=native -I/usr/lib64/gfortran/modules/  -c -o objs/mo_sensimul.o src/simulator/mo_sensimul.f90
gfortran -Wall -ffixed-line-length-132 -fdefault-real-8 -fdefault-double-8 -I/usr/include -Iobjs -Jobjs -O3 -funroll-loops -floop-block -ftree-loop-distribution -march=native -I/usr/lib64/gfortran/modules/  -c -o objs/runretrieval.o driver/runretrieval.f90
gfortran -Wall -ffixed-line-length-132 -fdefault-real-8 -fdefault-double-8 -I/usr/include -Iobjs -Jobjs -O3 -funroll-loops -floop-block -ftree-loop-distribution -march=native -I/usr/lib64/gfortran/modules/  -c -o objs/mo_retrieval.o src/retrieval/mo_retrieval.f90
gfortran -Wall -ffixed-line-length-132 -fdefault-real-8 -fdefault-double-8 -I/usr/include -Iobjs -Jobjs -O3 -funroll-loops -floop-block -ftree-loop-distribution -march=native -I/usr/lib64/gfortran/modules/  -c -o objs/cost.o src/retrieval/cost.f90
gfortran -Wall -ffixed-line-length-132 -fdefault-real-8 -fdefault-double-8 -I/usr/include -Iobjs -Jobjs -O3 -funroll-loops -floop-block -ftree-loop-distribution -march=native -I/usr/lib64/gfortran/modules/  -c -o objs/misfit.o src/retrieval/misfit.f90
gfortran -Wall -ffixed-line-length-132 -fdefault-real-8 -fdefault-double-8 -I/usr/include -Iobjs -Jobjs -O3 -funroll-loops -floop-block -ftree-loop-distribution -march=native -I/usr/lib64/gfortran/modules/  -c -o objs/prior.o src/retrieval/prior.f90
gfortran -Wall -ffixed-line-length-132 -fdefault-real-8 -fdefault-double-8 -I/usr/include -Iobjs -Jobjs -O3 -funroll-loops -floop-block -ftree-loop-distribution -march=native -I/usr/lib64/gfortran/modules/  -c -o objs/retrieval_control.o src/retrieval/retrieval_control.f90
gfortran -Wall -ffixed-line-length-132 -fdefault-real-8 -fdefault-double-8 -I/usr/include -Iobjs -Jobjs -O3 -funroll-loops -floop-block -ftree-loop-distribution -march=native -I/usr/lib64/gfortran/modules/  -c -o objs/DIFFSIZES.o src/derivatives/DIFFSIZES.f90
gfortran -Wall -ffixed-line-length-132 -fdefault-real-8 -fdefault-double-8 -I/usr/include -Iobjs -Jobjs -O3 -funroll-loops -floop-block -ftree-loop-distribution -march=native -I/usr/lib64/gfortran/modules/  -c -o objs/jacobian.o src/retrieval/jacobian.f90
gfortran -Wall -ffixed-line-length-132 -fdefault-real-8 -fdefault-double-8 -I/usr/include -Iobjs -Jobjs -O3 -funroll-loops -floop-block -ftree-loop-distribution -march=native -I/usr/lib64/gfortran/modules/  -c -o objs/ua.o src/retrieval/ua.f90
gfortran -Wall -ffixed-line-length-132 -fdefault-real-8 -fdefault-double-8 -I/usr/include -Iobjs -Jobjs -O3 -funroll-loops -floop-block -ftree-loop-distribution -march=native -I/usr/lib64/gfortran/modules/  -c -o objs/mo_util.o src/support/mo_util.f90
gfortran -Wall -ffixed-line-length-132 -fdefault-real-8 -fdefault-double-8 -I/usr/include -Iobjs -Jobjs -O3 -funroll-loops -floop-block -ftree-loop-distribution -march=native -I/usr/lib64/gfortran/modules/  -c -o objs/fapar.o src/retrieval/fapar.f90
ar -r lib/libretr.a objs/cost.o objs/misfit.o objs/prior.o objs/mo_retrieval.o objs/retrieval_control.o objs/jacobian.o objs/ua.o objs/fapar.o
gfortran -Wall -ffixed-line-length-132 -fdefault-real-8 -fdefault-double-8 -I/usr/include -Iobjs -Jobjs -O3 -funroll-loops -floop-block -ftree-loop-distribution -march=native -I/usr/lib64/gfortran/modules/  -c -o objs/model.o src/simulator/model.f90
gfortran -Wall -ffixed-line-length-132 -fdefault-real-8 -fdefault-double-8 -I/usr/include -Iobjs -Jobjs -O3 -funroll-loops -floop-block -ftree-loop-distribution -march=native -I/usr/lib64/gfortran/modules/  -c -o objs/price_soil_ftn.o src/semid/price_soil_ftn.f90
gfortran -Wall -ffixed-line-length-132 -fdefault-real-8 -fdefault-double-8 -I/usr/include -Iobjs -Jobjs -O3 -funroll-loops -floop-block -ftree-loop-distribution -march=native -I/usr/lib64/gfortran/modules/  -c -o objs/cost_bw.o src/derivatives/cost_bw.f90
gfortran -Wall -ffixed-line-length-132 -fdefault-real-8 -fdefault-double-8 -I/usr/include -Iobjs -Jobjs -O3 -funroll-loops -floop-block -ftree-loop-distribution -march=native -I/usr/lib64/gfortran/modules/  -c -o objs/cost_fwv.o src/derivatives/cost_fwv.f90
gfortran -Wall -ffixed-line-length-132 -fdefault-real-8 -fdefault-double-8 -I/usr/include -Iobjs -Jobjs -O3 -funroll-loops -floop-block -ftree-loop-distribution -march=native -I/usr/lib64/gfortran/modules/  -c -o objs/ad_support.o src/derivatives/ad_support.f90
gfortran -Wall -ffixed-line-length-132 -fdefault-real-8 -fdefault-double-8 -I/usr/include -Iobjs -Jobjs -O3 -funroll-loops -floop-block -ftree-loop-distribution -march=native -I/usr/lib64/gfortran/modules/  -c -o objs/adBuffer.o src/derivatives/adBuffer.f
/apps/contrib/jaspy/miniconda_envs/jaspy2.7/m2-4.6.14/envs/jaspy2.7-m2-4.6.14-r20190715/bin/x86_64-conda_cos6-linux-gnu-cc -fPIC -Isrc/derivatives -march=nocona -mtune=haswell -ftree-vectorize -fPIC -fstack-protector-strong -fno-plt -O2 -ffunction-sections -pipe  -c -o objs/adStack.o src/derivatives/adStack.c
ar -r lib/libderiv.a objs/cost_bw.o objs/cost_fwv.o objs/ad_support.o objs/DIFFSIZES.o objs/adBuffer.o objs/adStack.o
gfortran -Wall -ffixed-line-length-132 -fdefault-real-8 -fdefault-double-8 -I/usr/include -Iobjs -Jobjs -O3 -funroll-loops -floop-block -ftree-loop-distribution -march=native -I/usr/lib64/gfortran/modules/  -c -o objs/prospect.redux.o src/semid/prospect.redux.f
gfortran -Wall -ffixed-line-length-132 -fdefault-real-8 -fdefault-double-8 -I/usr/include -Iobjs -Jobjs -O3 -funroll-loops -floop-block -ftree-loop-distribution -march=native -I/usr/lib64/gfortran/modules/  -c -o objs/semiDbrf.o src/semid/semiDbrf.f
gfortran -Wall -ffixed-line-length-132 -fdefault-real-8 -fdefault-double-8 -I/usr/include -Iobjs -Jobjs -O3 -funroll-loops -floop-block -ftree-loop-distribution -march=native -I/usr/lib64/gfortran/modules/  -c -o objs/semiDbrfe.o src/semid/semiDbrfe.f
gfortran -Wall -ffixed-line-length-132 -fdefault-real-8 -fdefault-double-8 -I/usr/include -Iobjs -Jobjs -O3 -funroll-loops -floop-block -ftree-loop-distribution -march=native -I/usr/lib64/gfortran/modules/  -c -o objs/semiDtools.o src/semid/semiDtools.f
gfortran -Wall -ffixed-line-length-132 -fdefault-real-8 -fdefault-double-8 -I/usr/include -Iobjs -Jobjs -O3 -funroll-loops -floop-block -ftree-loop-distribution -march=native -I/usr/lib64/gfortran/modules/  -c -o objs/simulate.o src/simulator/simulate.f90
gfortran -Wall -ffixed-line-length-132 -fdefault-real-8 -fdefault-double-8 -I/usr/include -Iobjs -Jobjs -O3 -funroll-loops -floop-block -ftree-loop-distribution -march=native -I/usr/lib64/gfortran/modules/  -c -o objs/mapping.o src/simulator/mapping.f90
gfortran -Wall -ffixed-line-length-132 -fdefault-real-8 -fdefault-double-8 -I/usr/include -Iobjs -Jobjs -O3 -funroll-loops -floop-block -ftree-loop-distribution -march=native -I/usr/lib64/gfortran/modules/  -c -o objs/target_operator.o src/simulator/target_operator.f90
gfortran -Wall -ffixed-line-length-132 -fdefault-real-8 -fdefault-double-8 -I/usr/include -Iobjs -Jobjs -O3 -funroll-loops -floop-block -ftree-loop-distribution -march=native -I/usr/lib64/gfortran/modules/  -c -o objs/prospect_interface_ftn.o src/semid/prospect_interface_ftn.f90
gfortran -Wall -ffixed-line-length-132 -fdefault-real-8 -fdefault-double-8 -I/usr/include -Iobjs -Jobjs -O3 -funroll-loops -floop-block -ftree-loop-distribution -march=native -I/usr/lib64/gfortran/modules/  -c -o objs/semiD_ftn.o src/semid/semiD_ftn.f90
gfortran -Wall -ffixed-line-length-132 -fdefault-real-8 -fdefault-double-8 -I/usr/include -Iobjs -Jobjs -O3 -funroll-loops -floop-block -ftree-loop-distribution -march=native -I/usr/lib64/gfortran/modules/  -c -o objs/canopy.o src/sense/canopy.f90
gfortran -Wall -ffixed-line-length-132 -fdefault-real-8 -fdefault-double-8 -I/usr/include -Iobjs -Jobjs -O3 -funroll-loops -floop-block -ftree-loop-distribution -march=native -I/usr/lib64/gfortran/modules/  -c -o objs/core.o src/sense/core.f90
gfortran -Wall -ffixed-line-length-132 -fdefault-real-8 -fdefault-double-8 -I/usr/include -Iobjs -Jobjs -O3 -funroll-loops -floop-block -ftree-loop-distribution -march=native -I/usr/lib64/gfortran/modules/  -c -o objs/dobson85.o src/sense/dobson85.f90
gfortran -Wall -ffixed-line-length-132 -fdefault-real-8 -fdefault-double-8 -I/usr/include -Iobjs -Jobjs -O3 -funroll-loops -floop-block -ftree-loop-distribution -march=native -I/usr/lib64/gfortran/modules/  -c -o objs/ground.o src/sense/ground.f90
gfortran -Wall -ffixed-line-length-132 -fdefault-real-8 -fdefault-double-8 -I/usr/include -Iobjs -Jobjs -O3 -funroll-loops -floop-block -ftree-loop-distribution -march=native -I/usr/lib64/gfortran/modules/  -c -o objs/Oh92.o src/sense/Oh92.f90
gfortran -Wall -ffixed-line-length-132 -fdefault-real-8 -fdefault-double-8 -I/usr/include -Iobjs -Jobjs -O3 -funroll-loops -floop-block -ftree-loop-distribution -march=native -I/usr/lib64/gfortran/modules/  -c -o objs/scatterer.o src/sense/scatterer.f90
gfortran -Wall -ffixed-line-length-132 -fdefault-real-8 -fdefault-double-8 -I/usr/include -Iobjs -Jobjs -O3 -funroll-loops -floop-block -ftree-loop-distribution -march=native -I/usr/lib64/gfortran/modules/  -c -o objs/soil.o src/sense/soil.f90
gfortran -Wall -ffixed-line-length-132 -fdefault-real-8 -fdefault-double-8 -I/usr/include -Iobjs -Jobjs -O3 -funroll-loops -floop-block -ftree-loop-distribution -march=native -I/usr/lib64/gfortran/modules/  -c -o objs/util.o src/sense/util.f90
gfortran -Wall -ffixed-line-length-132 -fdefault-real-8 -fdefault-double-8 -I/usr/include -Iobjs -Jobjs -O3 -funroll-loops -floop-block -ftree-loop-distribution -march=native -I/usr/lib64/gfortran/modules/  -c -o objs/sense.o src/sense/sense.f90
gfortran -Wall -ffixed-line-length-132 -fdefault-real-8 -fdefault-double-8 -I/usr/include -Iobjs -Jobjs -O3 -funroll-loops -floop-block -ftree-loop-distribution -march=native -I/usr/lib64/gfortran/modules/  -c -o objs/init-finish.o src/simulator/init-finish.f90
gfortran -Wall -ffixed-line-length-132 -fdefault-real-8 -fdefault-double-8 -I/usr/include -Iobjs -Jobjs -O3 -funroll-loops -floop-block -ftree-loop-distribution -march=native -I/usr/lib64/gfortran/modules/  -c -o objs/mo_timing.o src/support/mo_timing.f90
gfortran -Wall -ffixed-line-length-132 -fdefault-real-8 -fdefault-double-8 -I/usr/include -Iobjs -Jobjs -O3 -funroll-loops -floop-block -ftree-loop-distribution -march=native -I/usr/lib64/gfortran/modules/  -c -o objs/sensimul_io.o src/simulator/sensimul_io.f90
ar -r lib/libmodel.a objs/prospect.redux.o objs/semiDbrf.o objs/semiDbrfe.o objs/semiDtools.o objs/mo_sensimul.o objs/simulate.o objs/mapping.o objs/model.o objs/target_operator.o objs/mo_sensimul_s2.o objs/price_soil_ftn.o objs/prospect_interface_ftn.o objs/semiD_ftn.o objs/canopy.o objs/core.o objs/dobson85.o objs/ground.o objs/mo_sensimul_s1.o objs/Oh92.o objs/scatterer.o objs/soil.o objs/util.o objs/sense.o objs/init-finish.o objs/sensimul_io.o
ar -r lib/libsupport.a objs/mo_timing.o objs/mo_util.o
make -C lbfgsb ../lib/liblbfgsb-gfortran.a FC="gfortran" FFLAGS="-Wall -ffixed-line-length-132 -fdefault-real-8 -fdefault-double-8 -I/usr/include -Iobjs -Jobjs -O3 -funroll-loops -floop-block -ftree-loop-distribution -march=native -I/usr/lib64/gfortran/modules/" LIBNAME="../lib/liblbfgsb-gfortran.a"
make[1]: Entering directory `/gws/nopw/j04/odanceo/epinnington/sen_syn/515_high_flat_hv_b4b5b6b7b8b8a_0/lbfgsb'
gfortran -Wall -ffixed-line-length-132 -fdefault-real-8 -fdefault-double-8 -I/usr/include -Iobjs -Jobjs -O3 -funroll-loops -floop-block -ftree-loop-distribution -march=native -I/usr/lib64/gfortran/modules/  -c -o blas.o blas.f
gfortran -Wall -ffixed-line-length-132 -fdefault-real-8 -fdefault-double-8 -I/usr/include -Iobjs -Jobjs -O3 -funroll-loops -floop-block -ftree-loop-distribution -march=native -I/usr/lib64/gfortran/modules/  -c -o lbfgsb.o lbfgsb.f
gfortran -Wall -ffixed-line-length-132 -fdefault-real-8 -fdefault-double-8 -I/usr/include -Iobjs -Jobjs -O3 -funroll-loops -floop-block -ftree-loop-distribution -march=native -I/usr/lib64/gfortran/modules/  -c -o linpack.o linpack.f
gfortran -Wall -ffixed-line-length-132 -fdefault-real-8 -fdefault-double-8 -I/usr/include -Iobjs -Jobjs -O3 -funroll-loops -floop-block -ftree-loop-distribution -march=native -I/usr/lib64/gfortran/modules/  -c -o timer.o timer.f
ar -r ../lib/liblbfgsb-gfortran.a blas.o lbfgsb.o linpack.o timer.o
make[1]: Leaving directory `/gws/nopw/j04/odanceo/epinnington/sen_syn/515_high_flat_hv_b4b5b6b7b8b8a_0/lbfgsb'
make -C eispack ../lib/libeis.a FC=gfortran FFLAGS="-Wall -ffixed-line-length-132 -fdefault-real-8 -fdefault-double-8 -I/usr/include -Iobjs -Jobjs -O3 -funroll-loops -floop-block -ftree-loop-distribution -march=native -I/usr/lib64/gfortran/modules/" LIBNAME="../lib/libeis.a"
make[1]: Entering directory `/gws/nopw/j04/odanceo/epinnington/sen_syn/515_high_flat_hv_b4b5b6b7b8b8a_0/eispack'
gfortran -Wall -ffixed-line-length-132 -fdefault-real-8 -fdefault-double-8 -I/usr/include -Iobjs -Jobjs -O3 -funroll-loops -floop-block -ftree-loop-distribution -march=native -I/usr/lib64/gfortran/modules/ -c eispack.f90
ar -r ../lib/libeis.a eispack.o
make[1]: Leaving directory `/gws/nopw/j04/odanceo/epinnington/sen_syn/515_high_flat_hv_b4b5b6b7b8b8a_0/eispack'
gfortran -o runretrieval.x -O3 -funroll-loops -floop-block -ftree-loop-distribution -march=native objs/runretrieval.o lib/libretr.a lib/libderiv.a lib/libmodel.a lib/libsupport.a lib/liblbfgsb-gfortran.a lib/libeis.a -L/usr/lib64/ -lnetcdff -lnetcdf
./runretrieval.x --no_fapar 2>&1 | tee mk.retrieval.log
 INFO::retrieval_read_ctl:read settings from file ***retrctl.nml***...
 INFO::retrieval_read_ctl:...reading done.
 INFO::use_prior_term: T
 INFO::use_state_term: T
 INFO::gradient_tolerance: .10000E+01
 INFO::priopr_pert: .00000E+00
 INFO::runretrieval:calling initf...
 DEBUG::load_ivgeom:ndims= 2
 INFO::initf:retrieval configuration was read from ***retrconfig.nc***
 DEBUG::initf:ncrd_retrieval_config has finished, yields:npts=  65 npts_s1=  54 npts_s2=  11
 INFO::load_sitenml:successfully read site namelist file ***site.nml***
 INFO::setprior:prior control vector was read from ***retrprior.nc***
 DEBUG::setprior:ncrd_retrieval_prior terminated successfully
 INFO::runretrieval:...done.
 DEBUG::runretrieval:initf yields:n=197 mf=251
 INFO::runretrieval:calling initx...
 INFO::runretrieval:...done.
 INFO::state_model_set:will be setting-up simple state-model of type "mx(i+1)=a(i+1)*x(i) + b(i+1)"
 INFO::state_model_set:reading model configuration from file ***retrmodel.nc***...
 INFO::state_model_set:...reading done.
 INFO::runretrieval:start optimise...
 INFO::optimise:load control vector boundary settings by calling initb...
 INFO::initb:bounds were read from file ***retrctlvecbounds.nml***
 INFO::initb:applying bounds: lai_coeff_lobound=    0.000 lai_coeff_hibound=    1.000
 INFO::initb:applying bounds: lai_lobound=    0.001 lai_hibound=   10.000
 INFO::initb:applying bounds: canht_lobound=    0.001 canht_hibound=    4.500
 INFO::initb:applying bounds: sm_lobound=    0.001 sm_hibound=    0.500
 INFO::optimise:...done.
 INFO::optimise:start optimiser...
RUNNING THE L-BFGS-B CODE

           * * *

Machine precision = 2.220D-16
 N =          197     M =            5

At X0         0 variables are exactly at the bounds
 INFO::getobs:initial loading of observations...
 INFO::getobs:reading S1 observations from ***obs_s1.nc***
 INFO::ncrd_obs_vector:dataset ---backscatter--- detected fill-value:-99999.00000000
 INFO::ncrd_obs_vector:dataset ---backscatter_unc--- detected fill-value:-99999.00000000
 INFO::ncrd_obs_vector:s1 detected data fill-values:      54
 INFO::ncrd_obs_vector:s1 detected no uncertainthy fill-values
 INFO::getobs:...loading S1 observations done.
 INFO::getobs:reading S2 observations from ***obs_s2.nc***
 INFO::ncrd_obs_vector:dataset ---brf--- detected fill-value:-99999.00000000
 INFO::ncrd_obs_vector:dataset ---brf_unc--- detected fill-value:-99999.00000000
 INFO::ncrd_obs_vector:s2 detected data fill-values:      77
 INFO::ncrd_obs_vector:s2 detected unc. fill-values:      77
 INFO::getobs:...loading observations done.
 INFO::getobs:...initial loading done

At iterate    0    f=  1.30071D+03    |proj g|=  2.83333D+00

At iterate    1    f=  1.19403D+03    |proj g|=  2.84702D+00

At iterate    2    f=  1.03607D+03    |proj g|=  2.85162D+00

At iterate    3    f=  8.88898D+02    |proj g|=  2.86192D+00

At iterate    4    f=  7.95755D+02    |proj g|=  2.87241D+00

At iterate    5    f=  7.10726D+02    |proj g|=  2.88606D+00

At iterate    6    f=  6.33807D+02    |proj g|=  2.90184D+00

At iterate    7    f=  4.93902D+02    |proj g|=  2.93812D+00

At iterate    8    f=  4.39878D+02    |proj g|=  2.94354D+00

At iterate    9    f=  3.76576D+02    |proj g|=  2.93533D+00

At iterate   10    f=  3.56999D+02    |proj g|=  2.93428D+00

At iterate   11    f=  3.44781D+02    |proj g|=  2.94520D+00

At iterate   12    f=  3.28011D+02    |proj g|=  2.94135D+00

At iterate   13    f=  3.16473D+02    |proj g|=  2.93210D+00

At iterate   14    f=  3.10516D+02    |proj g|=  2.91948D+00

At iterate   15    f=  3.07218D+02    |proj g|=  2.90128D+00

At iterate   16    f=  3.04534D+02    |proj g|=  2.87392D+00

At iterate   17    f=  3.01587D+02    |proj g|=  2.85857D+00

At iterate   18    f=  2.99412D+02    |proj g|=  2.84847D+00

At iterate   19    f=  2.97476D+02    |proj g|=  2.84071D+00

At iterate   20    f=  2.96685D+02    |proj g|=  2.82284D+00

At iterate   21    f=  2.95704D+02    |proj g|=  2.81597D+00

At iterate   22    f=  2.95131D+02    |proj g|=  2.80527D+00

At iterate   23    f=  2.94795D+02    |proj g|=  2.40366D+00

At iterate   24    f=  2.94701D+02    |proj g|=  2.78284D+00

At iterate   25    f=  2.94340D+02    |proj g|=  2.39355D+00

At iterate   26    f=  2.94242D+02    |proj g|=  2.37094D+00

At iterate   27    f=  2.94009D+02    |proj g|=  2.36241D+00

At iterate   28    f=  2.93689D+02    |proj g|=  2.56136D+00

At iterate   29    f=  2.93500D+02    |proj g|=  2.78559D+00

At iterate   30    f=  2.93225D+02    |proj g|=  2.40050D+00

At iterate   31    f=  2.93004D+02    |proj g|=  2.46439D+00

At iterate   32    f=  2.92734D+02    |proj g|=  2.57838D+00

At iterate   33    f=  2.92551D+02    |proj g|=  2.79184D+00

At iterate   34    f=  2.92379D+02    |proj g|=  2.79314D+00

At iterate   35    f=  2.92267D+02    |proj g|=  2.20860D+00

At iterate   36    f=  2.92177D+02    |proj g|=  2.42665D+00

At iterate   37    f=  2.92155D+02    |proj g|=  2.74295D+00

At iterate   38    f=  2.91966D+02    |proj g|=  1.97751D+00

At iterate   39    f=  2.91925D+02    |proj g|=  1.89522D+00

At iterate   40    f=  2.91862D+02    |proj g|=  2.45592D+00

At iterate   41    f=  2.91759D+02    |proj g|=  2.46820D+00

At iterate   42    f=  2.91688D+02    |proj g|=  2.80685D+00

At iterate   43    f=  2.91579D+02    |proj g|=  2.55471D+00

At iterate   44    f=  2.91506D+02    |proj g|=  1.79615D+00

At iterate   45    f=  2.91405D+02    |proj g|=  2.75172D+00

At iterate   46    f=  2.91303D+02    |proj g|=  2.52745D+00

At iterate   47    f=  2.91200D+02    |proj g|=  2.58676D+00

At iterate   48    f=  2.91024D+02    |proj g|=  2.23337D+00

At iterate   49    f=  2.90891D+02    |proj g|=  2.67396D+00

At iterate   50    f=  2.90724D+02    |proj g|=  1.87976D+00

At iterate   51    f=  2.90578D+02    |proj g|=  2.78656D+00

At iterate   52    f=  2.90400D+02    |proj g|=  2.21233D+00

At iterate   53    f=  2.90344D+02    |proj g|=  1.68793D+00

At iterate   54    f=  2.90224D+02    |proj g|=  1.77149D+00

At iterate   55    f=  2.90199D+02    |proj g|=  2.78976D+00

At iterate   56    f=  2.90063D+02    |proj g|=  2.16408D+00

At iterate   57    f=  2.90016D+02    |proj g|=  1.65040D+00

At iterate   58    f=  2.89959D+02    |proj g|=  1.76411D+00

At iterate   59    f=  2.89867D+02    |proj g|=  2.24909D+00

At iterate   60    f=  2.89800D+02    |proj g|=  2.16747D+00

At iterate   61    f=  2.89690D+02    |proj g|=  1.94531D+00

At iterate   62    f=  2.89616D+02    |proj g|=  1.98655D+00

At iterate   63    f=  2.89524D+02    |proj g|=  2.06185D+00

At iterate   64    f=  2.89459D+02    |proj g|=  2.68812D+00

At iterate   65    f=  2.89362D+02    |proj g|=  1.80414D+00

At iterate   66    f=  2.89312D+02    |proj g|=  1.85557D+00

At iterate   67    f=  2.89261D+02    |proj g|=  1.85593D+00

At iterate   68    f=  2.89230D+02    |proj g|=  2.24867D+00

At iterate   69    f=  2.89139D+02    |proj g|=  2.11306D+00

At iterate   70    f=  2.89113D+02    |proj g|=  1.77103D+00

At iterate   71    f=  2.89087D+02    |proj g|=  1.76258D+00

At iterate   72    f=  2.89037D+02    |proj g|=  2.07109D+00

At iterate   73    f=  2.89019D+02    |proj g|=  2.74381D+00

At iterate   74    f=  2.88956D+02    |proj g|=  1.73811D+00

At iterate   75    f=  2.88933D+02    |proj g|=  1.42709D+00

At iterate   76    f=  2.88905D+02    |proj g|=  1.72703D+00

At iterate   77    f=  2.88896D+02    |proj g|=  2.24987D+00

At iterate   78    f=  2.88862D+02    |proj g|=  1.97666D+00

At iterate   79    f=  2.88840D+02    |proj g|=  1.23791D+00

At iterate   80    f=  2.88818D+02    |proj g|=  1.85099D+00

At iterate   81    f=  2.88788D+02    |proj g|=  1.83475D+00

At iterate   82    f=  2.88770D+02    |proj g|=  2.39435D+00

At iterate   83    f=  2.88736D+02    |proj g|=  1.61108D+00

At iterate   84    f=  2.88721D+02    |proj g|=  1.00643D+00

At iterate   85    f=  2.88708D+02    |proj g|=  1.14739D+00

At iterate   86    f=  2.88701D+02    |proj g|=  1.51333D+00

At iterate   87    f=  2.88694D+02    |proj g|=  1.01356D+00

At iterate   88    f=  2.88683D+02    |proj g|=  1.15312D+00

At iterate   89    f=  2.88677D+02    |proj g|=  8.64038D-01

           * * *

Tit   = total number of iterations
Tnf   = total number of function evaluations
Tnint = total number of segments explored during Cauchy searches
Skip  = number of BFGS updates skipped
Nact  = number of active bounds at final generalized Cauchy point
Projg = norm of the final projected gradient
F     = final function value

           * * *

   N    Tit     Tnf  Tnint  Skip  Nact     Projg        F
  197     89     94    168     0     0   8.640D-01   2.887D+02
  F =   288.67693653816571     

CONVERGENCE: NORM_OF_PROJECTED_GRADIENT_<=_PGTOL            

 Cauchy                time 9.310E-04 seconds.
 Subspace minimization time 1.773E-03 seconds.
 Line search           time 4.940E+02 seconds.

 Total User time 4.993E+02 seconds.

 INFO::optimise:...optimiser finished.
 INFO::runretrieval:...optimise DONE
 INFO::runretrieval::opti_succeed: T
 
        i                Prior           Posterior          Change [%]
 
        1         0.990000E-01        0.986996E-01            -0.30340
        2         0.990000E-01        0.986996E-01            -0.30340
        3         0.150000E+01        0.159322E+01             6.21466
        4         0.150000E+01        0.149469E+01            -0.35412
        5         0.300000E+00        0.354275E+00            18.09153
        6         0.150000E+01        0.160067E+01             6.71140
        7         0.150000E+01        0.149510E+01            -0.32661
        8         0.300000E+00        0.353752E+00            17.91723
        9         0.150000E+01        0.161509E+01             7.67291
       10         0.150000E+01        0.149514E+01            -0.32404
       11         0.300000E+00        0.341538E+00            13.84616
       12         0.150000E+01        0.163589E+01             9.05923
       13         0.150000E+01        0.150054E+01             0.03628
       14         0.300000E+00        0.309379E+00             3.12633
       15         0.150000E+01        0.180915E+01            20.60975
       16         0.150000E+01        0.151164E+01             0.77623
       17         0.300000E+00        0.284145E+00            -5.28502
       18         0.150000E+01        0.196557E+01            31.03811
       19         0.150000E+01        0.149578E+01            -0.28165
       20         0.300000E+00        0.288112E+00            -3.96253
       21         0.150000E+01        0.212814E+01            41.87614
       22         0.150000E+01        0.149418E+01            -0.38802
       23         0.300000E+00        0.325716E+00             8.57209
       24         0.150000E+01        0.229646E+01            53.09751
       25         0.150000E+01        0.149287E+01            -0.47528
       26         0.300000E+00        0.348023E+00            16.00760
       27         0.150000E+01        0.247255E+01            64.83663
       28         0.150000E+01        0.149003E+01            -0.66479
       29         0.300000E+00        0.349051E+00            16.35045
       30         0.150000E+01        0.265737E+01            77.15824
       31         0.150000E+01        0.149215E+01            -0.52301
       32         0.300000E+00        0.356254E+00            18.75147
       33         0.150000E+01        0.284835E+01            89.89009
       34         0.150000E+01        0.149625E+01            -0.25008
       35         0.300000E+00        0.351938E+00            17.31254
       36         0.150000E+01        0.304620E+01           103.08029
       37         0.150000E+01        0.149075E+01            -0.61641
       38         0.300000E+00        0.352918E+00            17.63933
       39         0.150000E+01        0.324920E+01           116.61361
       40         0.150000E+01        0.148785E+01            -0.80998
       41         0.300000E+00        0.353070E+00            17.68986
       42         0.150000E+01        0.345910E+01           130.60655
       43         0.150000E+01        0.149571E+01            -0.28599
       44         0.300000E+00        0.342326E+00            14.10867
       45         0.150000E+01        0.367240E+01           144.82666
       46         0.150000E+01        0.148894E+01            -0.73727
       47         0.300000E+00        0.338200E+00            12.73347
       48         0.150000E+01        0.389482E+01           159.65482
       49         0.150000E+01        0.148886E+01            -0.74282
       50         0.300000E+00        0.337202E+00            12.40061
       51         0.150000E+01        0.412685E+01           175.12311
       52         0.150000E+01        0.149385E+01            -0.41014
       53         0.300000E+00        0.315743E+00             5.24769
       54         0.150000E+01        0.436569E+01           191.04613
       55         0.150000E+01        0.148777E+01            -0.81505
       56         0.300000E+00        0.313916E+00             4.63881
       57         0.150000E+01        0.458241E+01           205.49373
       58         0.150000E+01        0.146508E+01            -2.32811
       59         0.300000E+00        0.294695E+00            -1.76834
       60         0.150000E+01        0.464445E+01           209.62967
       61         0.150000E+01        0.148792E+01            -0.80513
       62         0.300000E+00        0.296840E+00            -1.05334
       63         0.150000E+01        0.471487E+01           214.32483
       64         0.150000E+01        0.149521E+01            -0.31905
       65         0.300000E+00        0.297821E+00            -0.72619
       66         0.150000E+01        0.478912E+01           219.27459
       67         0.150000E+01        0.149503E+01            -0.33161
       68         0.300000E+00        0.311170E+00             3.72328
       69         0.150000E+01        0.487089E+01           224.72575
       70         0.150000E+01        0.149104E+01            -0.59713
       71         0.300000E+00        0.320822E+00             6.94060
       72         0.150000E+01        0.495905E+01           230.60339
       73         0.150000E+01        0.148466E+01            -1.02256
       74         0.300000E+00        0.321225E+00             7.07494
       75         0.150000E+01        0.505906E+01           237.27044
       76         0.150000E+01        0.149352E+01            -0.43217
       77         0.300000E+00        0.312694E+00             4.23146
       78         0.150000E+01        0.516324E+01           244.21607
       79         0.150000E+01        0.147610E+01            -1.59317
       80         0.300000E+00        0.311905E+00             3.96836
       81         0.150000E+01        0.517841E+01           245.22701
       82         0.150000E+01        0.148027E+01            -1.31553
       83         0.300000E+00        0.329093E+00             9.69782
       84         0.150000E+01        0.520362E+01           246.90789
       85         0.150000E+01        0.147922E+01            -1.38553
       86         0.300000E+00        0.328623E+00             9.54106
       87         0.150000E+01        0.516678E+01           244.45216
       88         0.150000E+01        0.148489E+01            -1.00730
       89         0.300000E+00        0.329704E+00             9.90122
       90         0.150000E+01        0.514082E+01           242.72164
       91         0.150000E+01        0.149408E+01            -0.39459
       92         0.300000E+00        0.329992E+00             9.99743
       93         0.150000E+01        0.512179E+01           241.45282
       94         0.150000E+01        0.149175E+01            -0.54996
       95         0.300000E+00        0.324580E+00             8.19319
       96         0.150000E+01        0.511084E+01           240.72296
       97         0.150000E+01        0.148856E+01            -0.76252
       98         0.300000E+00        0.324284E+00             8.09480
       99         0.150000E+01        0.510846E+01           240.56398
      100         0.150000E+01        0.149439E+01            -0.37410
      101         0.300000E+00        0.317119E+00             5.70631
      102         0.150000E+01        0.511132E+01           240.75469
      103         0.150000E+01        0.149435E+01            -0.37664
      104         0.300000E+00        0.313881E+00             4.62695
      105         0.150000E+01        0.511933E+01           241.28854
      106         0.150000E+01        0.149607E+01            -0.26167
      107         0.300000E+00        0.313726E+00             4.57543
      108         0.150000E+01        0.513104E+01           242.06923
      109         0.150000E+01        0.149506E+01            -0.32964
      110         0.300000E+00        0.316162E+00             5.38724
      111         0.150000E+01        0.514838E+01           243.22520
      112         0.150000E+01        0.149595E+01            -0.26983
      113         0.300000E+00        0.316089E+00             5.36296
      114         0.150000E+01        0.516754E+01           244.50234
      115         0.150000E+01        0.146770E+01            -2.15359
      116         0.300000E+00        0.318702E+00             6.23393
      117         0.150000E+01        0.505961E+01           237.30710
      118         0.150000E+01        0.149139E+01            -0.57428
      119         0.300000E+00        0.321383E+00             7.12775
      120         0.150000E+01        0.495788E+01           230.52506
      121         0.150000E+01        0.148298E+01            -1.13436
      122         0.300000E+00        0.323046E+00             7.68207
      123         0.150000E+01        0.486766E+01           224.51080
      124         0.150000E+01        0.149611E+01            -0.25952
      125         0.300000E+00        0.327013E+00             9.00435
      126         0.150000E+01        0.478309E+01           218.87243
      127         0.150000E+01        0.148900E+01            -0.73362
      128         0.300000E+00        0.325779E+00             8.59312
      129         0.150000E+01        0.470789E+01           213.85909
      130         0.150000E+01        0.149402E+01            -0.39844
      131         0.300000E+00        0.325236E+00             8.41209
      132         0.150000E+01        0.463931E+01           209.28757
      133         0.150000E+01        0.149460E+01            -0.36001
      134         0.300000E+00        0.322812E+00             7.60395
      135         0.150000E+01        0.457599E+01           205.06598
      136         0.150000E+01        0.148912E+01            -0.72537
      137         0.300000E+00        0.324947E+00             8.31571
      138         0.150000E+01        0.452203E+01           201.46855
      139         0.150000E+01        0.148892E+01            -0.73889
      140         0.300000E+00        0.324535E+00             8.17847
      141         0.150000E+01        0.447398E+01           198.26557
      142         0.150000E+01        0.148274E+01            -1.15069
      143         0.300000E+00        0.314312E+00             4.77069
      144         0.150000E+01        0.434317E+01           189.54492
      145         0.150000E+01        0.149325E+01            -0.45011
      146         0.300000E+00        0.315608E+00             5.20282
      147         0.150000E+01        0.421553E+01           181.03559
      148         0.150000E+01        0.149536E+01            -0.30917
      149         0.300000E+00        0.330102E+00            10.03392
      150         0.150000E+01        0.408157E+01           172.10453
      151         0.150000E+01        0.149096E+01            -0.60283
      152         0.300000E+00        0.331951E+00            10.65030
      153         0.150000E+01        0.395353E+01           163.56846
      154         0.150000E+01        0.148932E+01            -0.71214
      155         0.300000E+00        0.332599E+00            10.86648
      156         0.150000E+01        0.383546E+01           155.69758
      157         0.150000E+01        0.149649E+01            -0.23410
      158         0.300000E+00        0.336539E+00            12.17955
      159         0.150000E+01        0.372068E+01           148.04548
      160         0.150000E+01        0.149688E+01            -0.20829
      161         0.300000E+00        0.329039E+00             9.67978
      162         0.150000E+01        0.360949E+01           140.63239
      163         0.150000E+01        0.149513E+01            -0.32495
      164         0.300000E+00        0.329928E+00             9.97603
      165         0.150000E+01        0.350183E+01           133.45511
      166         0.150000E+01        0.149247E+01            -0.50204
      167         0.300000E+00        0.352713E+00            17.57084
      168         0.150000E+01        0.340130E+01           126.75349
      169         0.150000E+01        0.149571E+01            -0.28604
      170         0.300000E+00        0.351232E+00            17.07748
      171         0.150000E+01        0.330322E+01           120.21441
      172         0.150000E+01        0.148861E+01            -0.75956
      173         0.300000E+00        0.352337E+00            17.44576
      174         0.150000E+01        0.321499E+01           114.33294
      175         0.150000E+01        0.149332E+01            -0.44501
      176         0.300000E+00        0.362061E+00            20.68693
      177         0.150000E+01        0.313473E+01           108.98224
      178         0.150000E+01        0.149327E+01            -0.44890
      179         0.300000E+00        0.355374E+00            18.45795
      180         0.150000E+01        0.306162E+01           104.10770
      181         0.150000E+01        0.149065E+01            -0.62351
      182         0.300000E+00        0.355236E+00            18.41184
      183         0.150000E+01        0.299463E+01            99.64207
      184         0.150000E+01        0.149150E+01            -0.56649
      185         0.300000E+00        0.356207E+00            18.73575
      186         0.150000E+01        0.293494E+01            95.66298
      187         0.150000E+01        0.149029E+01            -0.64700
      188         0.300000E+00        0.353647E+00            17.88224
      189         0.150000E+01        0.288099E+01            92.06623
      190         0.150000E+01        0.149018E+01            -0.65456
      191         0.300000E+00        0.353286E+00            17.76207
      192         0.150000E+01        0.283608E+01            89.07169
      193         0.150000E+01        0.149834E+01            -0.11071
      194         0.300000E+00        0.347936E+00            15.97876
      195         0.150000E+01        0.282840E+01            88.56023
      196         0.150000E+01        0.149445E+01            -0.36982
      197         0.300000E+00        0.348205E+00            16.06838
 INFO::writing final control vector to x.b
 INFO::writing prior uncertainty (physical units) to sx.b
 INFO::runretrieval:start uncertainty analysis on state...
 
 INFO::ua:SVD done with ierr =          0
 
 INFO::runretrieval:...uncertainty analysis on state DONE
 
       Extreme off diagonal correlations
            Min/Max                 value    i    j
                Min              -0.02698  171  169
                Max               0.49464  197  194
 
 INFO::finishdf:target file ***controlvector_prior.nc*** successfully written.
 INFO::finishdf:target file ***controlvector_post.nc*** successfully written.
('exp_list length: ', '3')
/home/users/ewanp82/projects/ret_tool_s3
str, obs_s2
0.01
0.5
0.05
0.5
str, obs_s1
str, time_start
str, site_nml
0.001
3.0
0.1
0.05
float, gtol
float, s1_vv_uncfloor
float, s2_uncfloor
str, time_end
str, dynmodunc_inifile
float, s1_vh_uncfloor
float, s2_relunc
float, s1_unc
/gws/nopw/j04/odanceo/epinnington/sen_syn/515_high_flat_hv_b4b5b6b7b8b8a_0
<type 'netCDF4._netCDF4.Dataset'>
root group (NETCDF4 data model, file format HDF5):
    institution: The Inversion Lab, Hamburg, Germany
    date_created: 20210906T13:22:15+01:00
    optimisation_tag: SUCCESSFUL
    dimensions(sizes): nparam_s1(2), npoints(65)
    variables(dimensions): float64 [4mtime[0m(npoints), int32 [4msim_typ[0m(npoints), float64 [4mlaicoeff[0m(nparam_s1), float64 [4mlaicoeff_unc[0m(nparam_s1), float64 [4mlai[0m(npoints), float64 [4mcanht[0m(npoints), float64 [4msm[0m(npoints), float64 [4mlai_unc[0m(npoints), float64 [4mcanht_unc[0m(npoints), float64 [4msm_unc[0m(npoints)
    groups: 

[datetime.datetime(2017, 6, 9, 5, 26)
 datetime.datetime(2017, 6, 10, 5, 17)
 datetime.datetime(2017, 6, 11, 17, 6)
 datetime.datetime(2017, 6, 13, 10, 10)
 datetime.datetime(2017, 6, 15, 5, 26)
 datetime.datetime(2017, 6, 16, 5, 17)
 datetime.datetime(2017, 6, 17, 17, 6)
 datetime.datetime(2017, 6, 21, 5, 26)
 datetime.datetime(2017, 6, 22, 5, 17)
 datetime.datetime(2017, 6, 23, 17, 6)
 datetime.datetime(2017, 6, 26, 10, 20)
 datetime.datetime(2017, 6, 27, 5, 26)
 datetime.datetime(2017, 6, 28, 5, 17)
 datetime.datetime(2017, 6, 29, 17, 6)
 datetime.datetime(2017, 7, 3, 5, 26) datetime.datetime(2017, 7, 4, 5, 17)
 datetime.datetime(2017, 7, 5, 17, 6)
 datetime.datetime(2017, 7, 6, 10, 20)
 datetime.datetime(2017, 7, 8, 10, 10)
 datetime.datetime(2017, 7, 9, 5, 26)
 datetime.datetime(2017, 7, 10, 5, 17)
 datetime.datetime(2017, 7, 11, 17, 6)
 datetime.datetime(2017, 7, 15, 5, 26)
 datetime.datetime(2017, 7, 16, 5, 17)
 datetime.datetime(2017, 7, 17, 17, 6)
 datetime.datetime(2017, 7, 18, 10, 10)
 datetime.datetime(2017, 7, 21, 5, 26)
 datetime.datetime(2017, 7, 21, 10, 20)
 datetime.datetime(2017, 7, 22, 5, 17)
 datetime.datetime(2017, 7, 23, 17, 6)
 datetime.datetime(2017, 7, 27, 5, 26)
 datetime.datetime(2017, 7, 28, 5, 17)
 datetime.datetime(2017, 7, 29, 17, 6)
 datetime.datetime(2017, 8, 2, 5, 26) datetime.datetime(2017, 8, 3, 5, 17)
 datetime.datetime(2017, 8, 4, 17, 6)
 datetime.datetime(2017, 8, 5, 10, 20)
 datetime.datetime(2017, 8, 7, 10, 10)
 datetime.datetime(2017, 8, 8, 5, 26) datetime.datetime(2017, 8, 9, 5, 17)
 datetime.datetime(2017, 8, 10, 17, 6)
 datetime.datetime(2017, 8, 14, 5, 26)
 datetime.datetime(2017, 8, 15, 5, 17)
 datetime.datetime(2017, 8, 16, 17, 6)
 datetime.datetime(2017, 8, 20, 5, 26)
 datetime.datetime(2017, 8, 21, 5, 17)
 datetime.datetime(2017, 8, 22, 10, 10)
 datetime.datetime(2017, 8, 22, 17, 6)
 datetime.datetime(2017, 8, 25, 10, 20)
 datetime.datetime(2017, 8, 26, 5, 26)
 datetime.datetime(2017, 8, 27, 5, 17)
 datetime.datetime(2017, 8, 28, 17, 6)
 datetime.datetime(2017, 9, 1, 5, 26) datetime.datetime(2017, 9, 2, 5, 17)
 datetime.datetime(2017, 9, 3, 17, 6) datetime.datetime(2017, 9, 7, 5, 26)
 datetime.datetime(2017, 9, 8, 5, 17) datetime.datetime(2017, 9, 9, 17, 6)
 datetime.datetime(2017, 9, 13, 5, 26)
 datetime.datetime(2017, 9, 14, 5, 17)
 datetime.datetime(2017, 9, 15, 17, 6)
 datetime.datetime(2017, 9, 19, 5, 26)
 datetime.datetime(2017, 9, 20, 5, 17)
 datetime.datetime(2017, 9, 21, 10, 10)
 datetime.datetime(2017, 9, 21, 17, 6)]
[  233   376   591   837  1097  1240  1455  1961  2104  2319  2710  2825
  2968  3183  3689  3832  4047  4150  4437  4553  4696  4911  5417  5560
  5775  5877  6281  6310  6424  6639  7145  7288  7503  8009  8152  8367
  8470  8757  8873  9016  9231  9737  9880 10095 10601 10744 10917 10959
 11350 11465 11608 11823 12329 12472 12687 13193 13336 13551 14057 14200
 14415 14921 15064 15237 15279]
/gws/nopw/j04/odanceo/epinnington/sen_syn/515_high_flat_hv_b4b5b6b7b8b8a_0
<type 'netCDF4._netCDF4.Dataset'>
root group (NETCDF4 data model, file format HDF5):
    institution: The Inversion Lab, Hamburg, Germany
    date_created: 20210906T13:22:15+01:00
    optimisation_tag: SUCCESSFUL
    dimensions(sizes): nparam_s1(2), npoints(65)
    variables(dimensions): float64 [4mtime[0m(npoints), int32 [4msim_typ[0m(npoints), float64 [4mlaicoeff[0m(nparam_s1), float64 [4mlaicoeff_unc[0m(nparam_s1), float64 [4mlai[0m(npoints), float64 [4mcanht[0m(npoints), float64 [4msm[0m(npoints), float64 [4mlai_unc[0m(npoints), float64 [4mcanht_unc[0m(npoints), float64 [4msm_unc[0m(npoints)
    groups: 

[datetime.datetime(2017, 6, 9, 5, 26)
 datetime.datetime(2017, 6, 10, 5, 17)
 datetime.datetime(2017, 6, 11, 17, 6)
 datetime.datetime(2017, 6, 13, 10, 10)
 datetime.datetime(2017, 6, 15, 5, 26)
 datetime.datetime(2017, 6, 16, 5, 17)
 datetime.datetime(2017, 6, 17, 17, 6)
 datetime.datetime(2017, 6, 21, 5, 26)
 datetime.datetime(2017, 6, 22, 5, 17)
 datetime.datetime(2017, 6, 23, 17, 6)
 datetime.datetime(2017, 6, 26, 10, 20)
 datetime.datetime(2017, 6, 27, 5, 26)
 datetime.datetime(2017, 6, 28, 5, 17)
 datetime.datetime(2017, 6, 29, 17, 6)
 datetime.datetime(2017, 7, 3, 5, 26) datetime.datetime(2017, 7, 4, 5, 17)
 datetime.datetime(2017, 7, 5, 17, 6)
 datetime.datetime(2017, 7, 6, 10, 20)
 datetime.datetime(2017, 7, 8, 10, 10)
 datetime.datetime(2017, 7, 9, 5, 26)
 datetime.datetime(2017, 7, 10, 5, 17)
 datetime.datetime(2017, 7, 11, 17, 6)
 datetime.datetime(2017, 7, 15, 5, 26)
 datetime.datetime(2017, 7, 16, 5, 17)
 datetime.datetime(2017, 7, 17, 17, 6)
 datetime.datetime(2017, 7, 18, 10, 10)
 datetime.datetime(2017, 7, 21, 5, 26)
 datetime.datetime(2017, 7, 21, 10, 20)
 datetime.datetime(2017, 7, 22, 5, 17)
 datetime.datetime(2017, 7, 23, 17, 6)
 datetime.datetime(2017, 7, 27, 5, 26)
 datetime.datetime(2017, 7, 28, 5, 17)
 datetime.datetime(2017, 7, 29, 17, 6)
 datetime.datetime(2017, 8, 2, 5, 26) datetime.datetime(2017, 8, 3, 5, 17)
 datetime.datetime(2017, 8, 4, 17, 6)
 datetime.datetime(2017, 8, 5, 10, 20)
 datetime.datetime(2017, 8, 7, 10, 10)
 datetime.datetime(2017, 8, 8, 5, 26) datetime.datetime(2017, 8, 9, 5, 17)
 datetime.datetime(2017, 8, 10, 17, 6)
 datetime.datetime(2017, 8, 14, 5, 26)
 datetime.datetime(2017, 8, 15, 5, 17)
 datetime.datetime(2017, 8, 16, 17, 6)
 datetime.datetime(2017, 8, 20, 5, 26)
 datetime.datetime(2017, 8, 21, 5, 17)
 datetime.datetime(2017, 8, 22, 10, 10)
 datetime.datetime(2017, 8, 22, 17, 6)
 datetime.datetime(2017, 8, 25, 10, 20)
 datetime.datetime(2017, 8, 26, 5, 26)
 datetime.datetime(2017, 8, 27, 5, 17)
 datetime.datetime(2017, 8, 28, 17, 6)
 datetime.datetime(2017, 9, 1, 5, 26) datetime.datetime(2017, 9, 2, 5, 17)
 datetime.datetime(2017, 9, 3, 17, 6) datetime.datetime(2017, 9, 7, 5, 26)
 datetime.datetime(2017, 9, 8, 5, 17) datetime.datetime(2017, 9, 9, 17, 6)
 datetime.datetime(2017, 9, 13, 5, 26)
 datetime.datetime(2017, 9, 14, 5, 17)
 datetime.datetime(2017, 9, 15, 17, 6)
 datetime.datetime(2017, 9, 19, 5, 26)
 datetime.datetime(2017, 9, 20, 5, 17)
 datetime.datetime(2017, 9, 21, 10, 10)
 datetime.datetime(2017, 9, 21, 17, 6)]
/gws/nopw/j04/odanceo/epinnington/sen_syn/515_high_flat_hv_b4b5b6b7b8b8a_0
<type 'netCDF4._netCDF4.Dataset'>
root group (NETCDF4 data model, file format HDF5):
    institution: The Inversion Lab, Hamburg, Germany
    date_created: 20210906T13:22:15+01:00
    optimisation_tag: SUCCESSFUL
    dimensions(sizes): nparam_s1(2), npoints(65)
    variables(dimensions): float64 [4mtime[0m(npoints), int32 [4msim_typ[0m(npoints), float64 [4mlaicoeff[0m(nparam_s1), float64 [4mlaicoeff_unc[0m(nparam_s1), float64 [4mlai[0m(npoints), float64 [4mcanht[0m(npoints), float64 [4msm[0m(npoints), float64 [4mlai_unc[0m(npoints), float64 [4mcanht_unc[0m(npoints), float64 [4msm_unc[0m(npoints)
    groups: 

[datetime.datetime(2017, 6, 9, 5, 26)
 datetime.datetime(2017, 6, 10, 5, 17)
 datetime.datetime(2017, 6, 11, 17, 6)
 datetime.datetime(2017, 6, 13, 10, 10)
 datetime.datetime(2017, 6, 15, 5, 26)
 datetime.datetime(2017, 6, 16, 5, 17)
 datetime.datetime(2017, 6, 17, 17, 6)
 datetime.datetime(2017, 6, 21, 5, 26)
 datetime.datetime(2017, 6, 22, 5, 17)
 datetime.datetime(2017, 6, 23, 17, 6)
 datetime.datetime(2017, 6, 26, 10, 20)
 datetime.datetime(2017, 6, 27, 5, 26)
 datetime.datetime(2017, 6, 28, 5, 17)
 datetime.datetime(2017, 6, 29, 17, 6)
 datetime.datetime(2017, 7, 3, 5, 26) datetime.datetime(2017, 7, 4, 5, 17)
 datetime.datetime(2017, 7, 5, 17, 6)
 datetime.datetime(2017, 7, 6, 10, 20)
 datetime.datetime(2017, 7, 8, 10, 10)
 datetime.datetime(2017, 7, 9, 5, 26)
 datetime.datetime(2017, 7, 10, 5, 17)
 datetime.datetime(2017, 7, 11, 17, 6)
 datetime.datetime(2017, 7, 15, 5, 26)
 datetime.datetime(2017, 7, 16, 5, 17)
 datetime.datetime(2017, 7, 17, 17, 6)
 datetime.datetime(2017, 7, 18, 10, 10)
 datetime.datetime(2017, 7, 21, 5, 26)
 datetime.datetime(2017, 7, 21, 10, 20)
 datetime.datetime(2017, 7, 22, 5, 17)
 datetime.datetime(2017, 7, 23, 17, 6)
 datetime.datetime(2017, 7, 27, 5, 26)
 datetime.datetime(2017, 7, 28, 5, 17)
 datetime.datetime(2017, 7, 29, 17, 6)
 datetime.datetime(2017, 8, 2, 5, 26) datetime.datetime(2017, 8, 3, 5, 17)
 datetime.datetime(2017, 8, 4, 17, 6)
 datetime.datetime(2017, 8, 5, 10, 20)
 datetime.datetime(2017, 8, 7, 10, 10)
 datetime.datetime(2017, 8, 8, 5, 26) datetime.datetime(2017, 8, 9, 5, 17)
 datetime.datetime(2017, 8, 10, 17, 6)
 datetime.datetime(2017, 8, 14, 5, 26)
 datetime.datetime(2017, 8, 15, 5, 17)
 datetime.datetime(2017, 8, 16, 17, 6)
 datetime.datetime(2017, 8, 20, 5, 26)
 datetime.datetime(2017, 8, 21, 5, 17)
 datetime.datetime(2017, 8, 22, 10, 10)
 datetime.datetime(2017, 8, 22, 17, 6)
 datetime.datetime(2017, 8, 25, 10, 20)
 datetime.datetime(2017, 8, 26, 5, 26)
 datetime.datetime(2017, 8, 27, 5, 17)
 datetime.datetime(2017, 8, 28, 17, 6)
 datetime.datetime(2017, 9, 1, 5, 26) datetime.datetime(2017, 9, 2, 5, 17)
 datetime.datetime(2017, 9, 3, 17, 6) datetime.datetime(2017, 9, 7, 5, 26)
 datetime.datetime(2017, 9, 8, 5, 17) datetime.datetime(2017, 9, 9, 17, 6)
 datetime.datetime(2017, 9, 13, 5, 26)
 datetime.datetime(2017, 9, 14, 5, 17)
 datetime.datetime(2017, 9, 15, 17, 6)
 datetime.datetime(2017, 9, 19, 5, 26)
 datetime.datetime(2017, 9, 20, 5, 17)
 datetime.datetime(2017, 9, 21, 10, 10)
 datetime.datetime(2017, 9, 21, 17, 6)]
ran experiment 0
