which python
bin/rs_setup.py
------------------------------
 Retrieval System Setup properly finished, Retrieval System ready for use!
------------------------------
2021-09-06 13:07:01,165 INFO::<module>:: rs_pre.py::PROGRAM START::2021-09-06T13:07:01.165368
2021-09-06 13:07:01,165 INFO::<module>:: command-line: bin/rs_pre.py pre_general --ctlvec_relunc 0.01 0.5 0.05 0.5 --obs_s1 /home/users/ewanp82/projects/ret_tool_s3/S1/mni_s1_515_low_hv.csv --time_start 20170608 --site_nml /home/users/ewanp82/projects/ret_tool_s3/site_new_test.nml --ctlvec_uncfloor 0.001 3.0 0.1 0.05 --gtol 1.0 --s1_vv_uncfloor 0.004 --s2_uncfloor 0.02 --time_end 20170922 --dynmodunc_inifile /home/users/ewanp82/projects/ret_tool_s3/mod_ini/dynmod_vtight.ini --s1_vh_uncfloor 1e-05 --s2_relunc 0.05 --s1_unc 1.6
2021-09-06 13:07:01,178 INFO::main:: user selection +++pre_general+++
2021-09-06 13:07:01,178 INFO::pre_general:: start setup of general retrieval setup...
2021-09-06 13:07:01,356 INFO::pre_general:: Copied default namelist file ***/home/users/ewanp82/projects/ret_tool_s3/site_new_test.nml*** to current working directory.
2021-09-06 13:07:01,356 INFO::pre_general:: START reading namelist ***site.nml***...
2021-09-06 13:07:01,362 INFO::pre_general:: ...reading DONE
2021-09-06 13:07:01,373 INFO::load_obs_csv:: observation data loaded from file ***/home/users/ewanp82/projects/ret_tool_s3/S1/mni_s1_515_low_hv.csv***
2021-09-06 13:07:01,375 INFO::load_obs_csv:: detected ntimepts=55 #columns=10 in csv file
2021-09-06 13:07:01,375 INFO::load_obs_csv:: start reading S1 observations...
2021-09-06 13:07:01,376 INFO::load_obs_csv:: observational backscatter values are assumed to be in linear units!
2021-09-06 13:07:01,376 INFO::load_obs_csv:: VH backscatter values read: VH[linear] min/max=0.0193019751459/0.061437856406
2021-09-06 13:07:01,376 INFO::load_obs_csv:: VV backscatter values read: VV[linear] min/max=-99999.0/-99999.0
2021-09-06 13:07:01,376 INFO::load_obs_csv:: assuming S1 observational uncertainty of 1.6 [dB] yields relative uncertainty of 0.376804399913 [linear unit].
2021-09-06 13:07:01,376 INFO::load_obs_csv:: assuming vv=0.004 vh=1e-05 S1 observational uncertainty floor [linear unit].
2021-09-06 13:07:01,376 INFO::load_obs_csv:: number of applied uncertainty floor values on VH=0 VV=54
2021-09-06 13:07:01,376 INFO::load_obs_csv:: determined VH uncertainty in linear units, min/max=0.007273069162/0.023150054615
2021-09-06 13:07:01,376 INFO::load_obs_csv:: determined VV uncertainty in linear units, min/max=0.004/0.004
2021-09-06 13:07:01,376 INFO::load_obs_csv:: ...reading S1 observations DONE
2021-09-06 13:07:01,376 INFO::setup_common_schedule:: determined ntpts=54
2021-09-06 13:07:01,377 INFO::setup_common_schedule:: common schedule yields time-points  S1A=0 S1B=54 S2A=0 S2B=0 other=0
2021-09-06 13:07:01,377 INFO::_set_priorunc:: applied relative uncertainty 0.01 on lai coefficients.
2021-09-06 13:07:01,377 INFO::_set_priorunc:: applied relative uncertainty on state vector components, lai_relunc=0.5 canht_relunc=0.05 sm_relunc=0.5
2021-09-06 13:07:01,377 INFO::_set_priorunc:: uncertainty floor values were applied as follows: lai_uncfloor=3.0 canht_uncfloor=0.1 sm_uncfloor=0.05
2021-09-06 13:07:01,381 INFO::set_dynmodel:: START reading values on dynamical model uncertainties from ***/home/users/ewanp82/projects/ret_tool_s3/mod_ini/dynmod_vtight.ini***...
2021-09-06 13:07:01,382 INFO::set_dynmodel:: ...reading DONE
2021-09-06 13:07:01,382 INFO::pre_general:: ...general retrieval setup DONE
2021-09-06 13:07:01,382 INFO::pre_general:: START writing input files for retrieval system...
2021-09-06 13:07:01,382 INFO::ncwrt_retrieval_config:: Start writing configuration file ***retrconfig.nc***...
2021-09-06 13:07:03,278 INFO::ncwrt_retrieval_config:: ...writing ***retrconfig.nc*** DONE
2021-09-06 13:07:03,278 INFO::ncwrt_retrieval_prior:: Start writing configuration file ***retrprior.nc***...
2021-09-06 13:07:13,118 INFO::ncwrt_retrieval_prior:: ...writing ***retrprior.nc*** DONE
2021-09-06 13:07:13,119 INFO::ncwrt_retrieval_obs_s1:: Start writing configuration file ***obs_s1.nc***...
2021-09-06 13:07:17,681 INFO::ncwrt_retrieval_obs_s1:: ...writing ***obs_s1.nc*** DONE
2021-09-06 13:07:17,681 INFO::ncwrt_retrieval_model:: Start writing configuration file ***retrmodel.nc***...
2021-09-06 13:07:27,022 INFO::ncwrt_retrieval_model:: ...writing ***retrmodel.nc*** DONE
2021-09-06 13:07:27,023 INFO::wrt_nml_retrieval_control:: Start writing configuration file ***retrctl.nml***...
2021-09-06 13:07:27,685 INFO::wrt_nml_retrieval_control:: ...writing ***retrctl.nml*** DONE
2021-09-06 13:07:27,685 INFO::wrt_nml_controlvector_bounds:: Start writing configuration file ***retrctlvecbounds.nml***...
2021-09-06 13:07:27,935 INFO::wrt_nml_controlvector_bounds:: ...writing ***retrctlvecbounds.nml*** DONE
2021-09-06 13:07:27,935 INFO::pre_general:: ...writing input files for retrieval system DONE
gfortran -Wall -ffixed-line-length-132 -fdefault-real-8 -fdefault-double-8 -I/usr/include -Iobjs -Jobjs -O3 -funroll-loops -floop-block -ftree-loop-distribution -march=native -I/usr/lib64/gfortran/modules/  -c -o objs/mo_sensimul_s1.o src/sense/mo_sensimul_s1.f90
gfortran -Wall -ffixed-line-length-132 -fdefault-real-8 -fdefault-double-8 -I/usr/include -Iobjs -Jobjs -O3 -funroll-loops -floop-block -ftree-loop-distribution -march=native -I/usr/lib64/gfortran/modules/  -c -o objs/mo_sensimul_s2.o src/semid/mo_sensimul_s2.f90
gfortran -Wall -ffixed-line-length-132 -fdefault-real-8 -fdefault-double-8 -I/usr/include -Iobjs -Jobjs -O3 -funroll-loops -floop-block -ftree-loop-distribution -march=native -I/usr/lib64/gfortran/modules/  -c -o objs/mo_sensimul.o src/simulator/mo_sensimul.f90
gfortran -Wall -ffixed-line-length-132 -fdefault-real-8 -fdefault-double-8 -I/usr/include -Iobjs -Jobjs -O3 -funroll-loops -floop-block -ftree-loop-distribution -march=native -I/usr/lib64/gfortran/modules/  -c -o objs/runretrieval.o driver/runretrieval.f90
gfortran -Wall -ffixed-line-length-132 -fdefault-real-8 -fdefault-double-8 -I/usr/include -Iobjs -Jobjs -O3 -funroll-loops -floop-block -ftree-loop-distribution -march=native -I/usr/lib64/gfortran/modules/  -c -o objs/mo_retrieval.o src/retrieval/mo_retrieval.f90
gfortran -Wall -ffixed-line-length-132 -fdefault-real-8 -fdefault-double-8 -I/usr/include -Iobjs -Jobjs -O3 -funroll-loops -floop-block -ftree-loop-distribution -march=native -I/usr/lib64/gfortran/modules/  -c -o objs/cost.o src/retrieval/cost.f90
gfortran -Wall -ffixed-line-length-132 -fdefault-real-8 -fdefault-double-8 -I/usr/include -Iobjs -Jobjs -O3 -funroll-loops -floop-block -ftree-loop-distribution -march=native -I/usr/lib64/gfortran/modules/  -c -o objs/misfit.o src/retrieval/misfit.f90
gfortran -Wall -ffixed-line-length-132 -fdefault-real-8 -fdefault-double-8 -I/usr/include -Iobjs -Jobjs -O3 -funroll-loops -floop-block -ftree-loop-distribution -march=native -I/usr/lib64/gfortran/modules/  -c -o objs/prior.o src/retrieval/prior.f90
gfortran -Wall -ffixed-line-length-132 -fdefault-real-8 -fdefault-double-8 -I/usr/include -Iobjs -Jobjs -O3 -funroll-loops -floop-block -ftree-loop-distribution -march=native -I/usr/lib64/gfortran/modules/  -c -o objs/retrieval_control.o src/retrieval/retrieval_control.f90
gfortran -Wall -ffixed-line-length-132 -fdefault-real-8 -fdefault-double-8 -I/usr/include -Iobjs -Jobjs -O3 -funroll-loops -floop-block -ftree-loop-distribution -march=native -I/usr/lib64/gfortran/modules/  -c -o objs/DIFFSIZES.o src/derivatives/DIFFSIZES.f90
gfortran -Wall -ffixed-line-length-132 -fdefault-real-8 -fdefault-double-8 -I/usr/include -Iobjs -Jobjs -O3 -funroll-loops -floop-block -ftree-loop-distribution -march=native -I/usr/lib64/gfortran/modules/  -c -o objs/jacobian.o src/retrieval/jacobian.f90
gfortran -Wall -ffixed-line-length-132 -fdefault-real-8 -fdefault-double-8 -I/usr/include -Iobjs -Jobjs -O3 -funroll-loops -floop-block -ftree-loop-distribution -march=native -I/usr/lib64/gfortran/modules/  -c -o objs/ua.o src/retrieval/ua.f90
gfortran -Wall -ffixed-line-length-132 -fdefault-real-8 -fdefault-double-8 -I/usr/include -Iobjs -Jobjs -O3 -funroll-loops -floop-block -ftree-loop-distribution -march=native -I/usr/lib64/gfortran/modules/  -c -o objs/mo_util.o src/support/mo_util.f90
gfortran -Wall -ffixed-line-length-132 -fdefault-real-8 -fdefault-double-8 -I/usr/include -Iobjs -Jobjs -O3 -funroll-loops -floop-block -ftree-loop-distribution -march=native -I/usr/lib64/gfortran/modules/  -c -o objs/fapar.o src/retrieval/fapar.f90
ar -r lib/libretr.a objs/cost.o objs/misfit.o objs/prior.o objs/mo_retrieval.o objs/retrieval_control.o objs/jacobian.o objs/ua.o objs/fapar.o
gfortran -Wall -ffixed-line-length-132 -fdefault-real-8 -fdefault-double-8 -I/usr/include -Iobjs -Jobjs -O3 -funroll-loops -floop-block -ftree-loop-distribution -march=native -I/usr/lib64/gfortran/modules/  -c -o objs/model.o src/simulator/model.f90
gfortran -Wall -ffixed-line-length-132 -fdefault-real-8 -fdefault-double-8 -I/usr/include -Iobjs -Jobjs -O3 -funroll-loops -floop-block -ftree-loop-distribution -march=native -I/usr/lib64/gfortran/modules/  -c -o objs/price_soil_ftn.o src/semid/price_soil_ftn.f90
gfortran -Wall -ffixed-line-length-132 -fdefault-real-8 -fdefault-double-8 -I/usr/include -Iobjs -Jobjs -O3 -funroll-loops -floop-block -ftree-loop-distribution -march=native -I/usr/lib64/gfortran/modules/  -c -o objs/cost_bw.o src/derivatives/cost_bw.f90
gfortran -Wall -ffixed-line-length-132 -fdefault-real-8 -fdefault-double-8 -I/usr/include -Iobjs -Jobjs -O3 -funroll-loops -floop-block -ftree-loop-distribution -march=native -I/usr/lib64/gfortran/modules/  -c -o objs/cost_fwv.o src/derivatives/cost_fwv.f90
gfortran -Wall -ffixed-line-length-132 -fdefault-real-8 -fdefault-double-8 -I/usr/include -Iobjs -Jobjs -O3 -funroll-loops -floop-block -ftree-loop-distribution -march=native -I/usr/lib64/gfortran/modules/  -c -o objs/ad_support.o src/derivatives/ad_support.f90
gfortran -Wall -ffixed-line-length-132 -fdefault-real-8 -fdefault-double-8 -I/usr/include -Iobjs -Jobjs -O3 -funroll-loops -floop-block -ftree-loop-distribution -march=native -I/usr/lib64/gfortran/modules/  -c -o objs/adBuffer.o src/derivatives/adBuffer.f
/apps/contrib/jaspy/miniconda_envs/jaspy2.7/m2-4.6.14/envs/jaspy2.7-m2-4.6.14-r20190715/bin/x86_64-conda_cos6-linux-gnu-cc -fPIC -Isrc/derivatives -march=nocona -mtune=haswell -ftree-vectorize -fPIC -fstack-protector-strong -fno-plt -O2 -ffunction-sections -pipe  -c -o objs/adStack.o src/derivatives/adStack.c
ar -r lib/libderiv.a objs/cost_bw.o objs/cost_fwv.o objs/ad_support.o objs/DIFFSIZES.o objs/adBuffer.o objs/adStack.o
gfortran -Wall -ffixed-line-length-132 -fdefault-real-8 -fdefault-double-8 -I/usr/include -Iobjs -Jobjs -O3 -funroll-loops -floop-block -ftree-loop-distribution -march=native -I/usr/lib64/gfortran/modules/  -c -o objs/prospect.redux.o src/semid/prospect.redux.f
gfortran -Wall -ffixed-line-length-132 -fdefault-real-8 -fdefault-double-8 -I/usr/include -Iobjs -Jobjs -O3 -funroll-loops -floop-block -ftree-loop-distribution -march=native -I/usr/lib64/gfortran/modules/  -c -o objs/semiDbrf.o src/semid/semiDbrf.f
gfortran -Wall -ffixed-line-length-132 -fdefault-real-8 -fdefault-double-8 -I/usr/include -Iobjs -Jobjs -O3 -funroll-loops -floop-block -ftree-loop-distribution -march=native -I/usr/lib64/gfortran/modules/  -c -o objs/semiDbrfe.o src/semid/semiDbrfe.f
gfortran -Wall -ffixed-line-length-132 -fdefault-real-8 -fdefault-double-8 -I/usr/include -Iobjs -Jobjs -O3 -funroll-loops -floop-block -ftree-loop-distribution -march=native -I/usr/lib64/gfortran/modules/  -c -o objs/semiDtools.o src/semid/semiDtools.f
gfortran -Wall -ffixed-line-length-132 -fdefault-real-8 -fdefault-double-8 -I/usr/include -Iobjs -Jobjs -O3 -funroll-loops -floop-block -ftree-loop-distribution -march=native -I/usr/lib64/gfortran/modules/  -c -o objs/simulate.o src/simulator/simulate.f90
gfortran -Wall -ffixed-line-length-132 -fdefault-real-8 -fdefault-double-8 -I/usr/include -Iobjs -Jobjs -O3 -funroll-loops -floop-block -ftree-loop-distribution -march=native -I/usr/lib64/gfortran/modules/  -c -o objs/mapping.o src/simulator/mapping.f90
gfortran -Wall -ffixed-line-length-132 -fdefault-real-8 -fdefault-double-8 -I/usr/include -Iobjs -Jobjs -O3 -funroll-loops -floop-block -ftree-loop-distribution -march=native -I/usr/lib64/gfortran/modules/  -c -o objs/target_operator.o src/simulator/target_operator.f90
gfortran -Wall -ffixed-line-length-132 -fdefault-real-8 -fdefault-double-8 -I/usr/include -Iobjs -Jobjs -O3 -funroll-loops -floop-block -ftree-loop-distribution -march=native -I/usr/lib64/gfortran/modules/  -c -o objs/prospect_interface_ftn.o src/semid/prospect_interface_ftn.f90
gfortran -Wall -ffixed-line-length-132 -fdefault-real-8 -fdefault-double-8 -I/usr/include -Iobjs -Jobjs -O3 -funroll-loops -floop-block -ftree-loop-distribution -march=native -I/usr/lib64/gfortran/modules/  -c -o objs/semiD_ftn.o src/semid/semiD_ftn.f90
gfortran -Wall -ffixed-line-length-132 -fdefault-real-8 -fdefault-double-8 -I/usr/include -Iobjs -Jobjs -O3 -funroll-loops -floop-block -ftree-loop-distribution -march=native -I/usr/lib64/gfortran/modules/  -c -o objs/canopy.o src/sense/canopy.f90
gfortran -Wall -ffixed-line-length-132 -fdefault-real-8 -fdefault-double-8 -I/usr/include -Iobjs -Jobjs -O3 -funroll-loops -floop-block -ftree-loop-distribution -march=native -I/usr/lib64/gfortran/modules/  -c -o objs/core.o src/sense/core.f90
gfortran -Wall -ffixed-line-length-132 -fdefault-real-8 -fdefault-double-8 -I/usr/include -Iobjs -Jobjs -O3 -funroll-loops -floop-block -ftree-loop-distribution -march=native -I/usr/lib64/gfortran/modules/  -c -o objs/dobson85.o src/sense/dobson85.f90
gfortran -Wall -ffixed-line-length-132 -fdefault-real-8 -fdefault-double-8 -I/usr/include -Iobjs -Jobjs -O3 -funroll-loops -floop-block -ftree-loop-distribution -march=native -I/usr/lib64/gfortran/modules/  -c -o objs/ground.o src/sense/ground.f90
gfortran -Wall -ffixed-line-length-132 -fdefault-real-8 -fdefault-double-8 -I/usr/include -Iobjs -Jobjs -O3 -funroll-loops -floop-block -ftree-loop-distribution -march=native -I/usr/lib64/gfortran/modules/  -c -o objs/Oh92.o src/sense/Oh92.f90
gfortran -Wall -ffixed-line-length-132 -fdefault-real-8 -fdefault-double-8 -I/usr/include -Iobjs -Jobjs -O3 -funroll-loops -floop-block -ftree-loop-distribution -march=native -I/usr/lib64/gfortran/modules/  -c -o objs/scatterer.o src/sense/scatterer.f90
gfortran -Wall -ffixed-line-length-132 -fdefault-real-8 -fdefault-double-8 -I/usr/include -Iobjs -Jobjs -O3 -funroll-loops -floop-block -ftree-loop-distribution -march=native -I/usr/lib64/gfortran/modules/  -c -o objs/soil.o src/sense/soil.f90
gfortran -Wall -ffixed-line-length-132 -fdefault-real-8 -fdefault-double-8 -I/usr/include -Iobjs -Jobjs -O3 -funroll-loops -floop-block -ftree-loop-distribution -march=native -I/usr/lib64/gfortran/modules/  -c -o objs/util.o src/sense/util.f90
gfortran -Wall -ffixed-line-length-132 -fdefault-real-8 -fdefault-double-8 -I/usr/include -Iobjs -Jobjs -O3 -funroll-loops -floop-block -ftree-loop-distribution -march=native -I/usr/lib64/gfortran/modules/  -c -o objs/sense.o src/sense/sense.f90
gfortran -Wall -ffixed-line-length-132 -fdefault-real-8 -fdefault-double-8 -I/usr/include -Iobjs -Jobjs -O3 -funroll-loops -floop-block -ftree-loop-distribution -march=native -I/usr/lib64/gfortran/modules/  -c -o objs/init-finish.o src/simulator/init-finish.f90
gfortran -Wall -ffixed-line-length-132 -fdefault-real-8 -fdefault-double-8 -I/usr/include -Iobjs -Jobjs -O3 -funroll-loops -floop-block -ftree-loop-distribution -march=native -I/usr/lib64/gfortran/modules/  -c -o objs/mo_timing.o src/support/mo_timing.f90
gfortran -Wall -ffixed-line-length-132 -fdefault-real-8 -fdefault-double-8 -I/usr/include -Iobjs -Jobjs -O3 -funroll-loops -floop-block -ftree-loop-distribution -march=native -I/usr/lib64/gfortran/modules/  -c -o objs/sensimul_io.o src/simulator/sensimul_io.f90
ar -r lib/libmodel.a objs/prospect.redux.o objs/semiDbrf.o objs/semiDbrfe.o objs/semiDtools.o objs/mo_sensimul.o objs/simulate.o objs/mapping.o objs/model.o objs/target_operator.o objs/mo_sensimul_s2.o objs/price_soil_ftn.o objs/prospect_interface_ftn.o objs/semiD_ftn.o objs/canopy.o objs/core.o objs/dobson85.o objs/ground.o objs/mo_sensimul_s1.o objs/Oh92.o objs/scatterer.o objs/soil.o objs/util.o objs/sense.o objs/init-finish.o objs/sensimul_io.o
ar -r lib/libsupport.a objs/mo_timing.o objs/mo_util.o
make -C lbfgsb ../lib/liblbfgsb-gfortran.a FC="gfortran" FFLAGS="-Wall -ffixed-line-length-132 -fdefault-real-8 -fdefault-double-8 -I/usr/include -Iobjs -Jobjs -O3 -funroll-loops -floop-block -ftree-loop-distribution -march=native -I/usr/lib64/gfortran/modules/" LIBNAME="../lib/liblbfgsb-gfortran.a"
make[1]: Entering directory `/gws/nopw/j04/odanceo/epinnington/sen_syn/515_low_flat_hv_nos2_1/lbfgsb'
gfortran -Wall -ffixed-line-length-132 -fdefault-real-8 -fdefault-double-8 -I/usr/include -Iobjs -Jobjs -O3 -funroll-loops -floop-block -ftree-loop-distribution -march=native -I/usr/lib64/gfortran/modules/  -c -o blas.o blas.f
gfortran -Wall -ffixed-line-length-132 -fdefault-real-8 -fdefault-double-8 -I/usr/include -Iobjs -Jobjs -O3 -funroll-loops -floop-block -ftree-loop-distribution -march=native -I/usr/lib64/gfortran/modules/  -c -o lbfgsb.o lbfgsb.f
gfortran -Wall -ffixed-line-length-132 -fdefault-real-8 -fdefault-double-8 -I/usr/include -Iobjs -Jobjs -O3 -funroll-loops -floop-block -ftree-loop-distribution -march=native -I/usr/lib64/gfortran/modules/  -c -o linpack.o linpack.f
gfortran -Wall -ffixed-line-length-132 -fdefault-real-8 -fdefault-double-8 -I/usr/include -Iobjs -Jobjs -O3 -funroll-loops -floop-block -ftree-loop-distribution -march=native -I/usr/lib64/gfortran/modules/  -c -o timer.o timer.f
ar -r ../lib/liblbfgsb-gfortran.a blas.o lbfgsb.o linpack.o timer.o
make[1]: Leaving directory `/gws/nopw/j04/odanceo/epinnington/sen_syn/515_low_flat_hv_nos2_1/lbfgsb'
make -C eispack ../lib/libeis.a FC=gfortran FFLAGS="-Wall -ffixed-line-length-132 -fdefault-real-8 -fdefault-double-8 -I/usr/include -Iobjs -Jobjs -O3 -funroll-loops -floop-block -ftree-loop-distribution -march=native -I/usr/lib64/gfortran/modules/" LIBNAME="../lib/libeis.a"
make[1]: Entering directory `/gws/nopw/j04/odanceo/epinnington/sen_syn/515_low_flat_hv_nos2_1/eispack'
gfortran -Wall -ffixed-line-length-132 -fdefault-real-8 -fdefault-double-8 -I/usr/include -Iobjs -Jobjs -O3 -funroll-loops -floop-block -ftree-loop-distribution -march=native -I/usr/lib64/gfortran/modules/ -c eispack.f90
ar -r ../lib/libeis.a eispack.o
make[1]: Leaving directory `/gws/nopw/j04/odanceo/epinnington/sen_syn/515_low_flat_hv_nos2_1/eispack'
gfortran -o runretrieval.x -O3 -funroll-loops -floop-block -ftree-loop-distribution -march=native objs/runretrieval.o lib/libretr.a lib/libderiv.a lib/libmodel.a lib/libsupport.a lib/liblbfgsb-gfortran.a lib/libeis.a -L/usr/lib64/ -lnetcdff -lnetcdf
./runretrieval.x --no_fapar 2>&1 | tee mk.retrieval.log
 INFO::retrieval_read_ctl:read settings from file ***retrctl.nml***...
 INFO::retrieval_read_ctl:...reading done.
 INFO::use_prior_term: T
 INFO::use_state_term: T
 INFO::gradient_tolerance: .10000E+01
 INFO::priopr_pert: .00000E+00
 INFO::runretrieval:calling initf...
 DEBUG::load_ivgeom:ndims= 2
 INFO::initf:retrieval configuration was read from ***retrconfig.nc***
 DEBUG::initf:ncrd_retrieval_config has finished, yields:npts=  54 npts_s1=  54 npts_s2=   0
 INFO::load_sitenml:successfully read site namelist file ***site.nml***
 INFO::setprior:prior control vector was read from ***retrprior.nc***
 DEBUG::setprior:ncrd_retrieval_prior terminated successfully
 INFO::runretrieval:...done.
 DEBUG::runretrieval:initf yields:n=164 mf=108
 INFO::runretrieval:calling initx...
 INFO::runretrieval:...done.
 INFO::state_model_set:will be setting-up simple state-model of type "mx(i+1)=a(i+1)*x(i) + b(i+1)"
 INFO::state_model_set:reading model configuration from file ***retrmodel.nc***...
 INFO::state_model_set:...reading done.
 INFO::runretrieval:start optimise...
 INFO::optimise:load control vector boundary settings by calling initb...
 INFO::initb:bounds were read from file ***retrctlvecbounds.nml***
 INFO::initb:applying bounds: lai_coeff_lobound=    0.000 lai_coeff_hibound=    1.000
 INFO::initb:applying bounds: lai_lobound=    0.001 lai_hibound=   10.000
 INFO::initb:applying bounds: canht_lobound=    0.001 canht_hibound=    4.500
 INFO::initb:applying bounds: sm_lobound=    0.001 sm_hibound=    0.500
 INFO::optimise:...done.
 INFO::optimise:start optimiser...
RUNNING THE L-BFGS-B CODE

           * * *

Machine precision = 2.220D-16
 N =          164     M =            5

At X0         0 variables are exactly at the bounds
 INFO::getobs:initial loading of observations...
 INFO::getobs:reading S1 observations from ***obs_s1.nc***
 INFO::ncrd_obs_vector:dataset ---backscatter--- detected fill-value:-99999.00000000
 INFO::ncrd_obs_vector:dataset ---backscatter_unc--- detected fill-value:-99999.00000000
 INFO::ncrd_obs_vector:s1 detected data fill-values:      54
 INFO::ncrd_obs_vector:s1 detected no uncertainthy fill-values
 INFO::getobs:...loading S1 observations done.
 INFO::getobs:no S2 observations ***obs_s2.nc*** available.
 INFO::getobs:...initial loading done

At iterate    0    f=  7.13046D+01    |proj g|=  8.12379D-01

           * * *

Tit   = total number of iterations
Tnf   = total number of function evaluations
Tnint = total number of segments explored during Cauchy searches
Skip  = number of BFGS updates skipped
Nact  = number of active bounds at final generalized Cauchy point
Projg = norm of the final projected gradient
F     = final function value

           * * *

   N    Tit     Tnf  Tnint  Skip  Nact     Projg        F
  164      0      1      0     0     0   8.124D-01   7.130D+01
  F =   71.304558814410811     

CONVERGENCE: NORM_OF_PROJECTED_GRADIENT_<=_PGTOL            

 Cauchy                time 0.000E+00 seconds.
 Subspace minimization time 0.000E+00 seconds.
 Line search           time 0.000E+00 seconds.

 Total User time 2.992E-03 seconds.

 INFO::optimise:...optimiser finished.
 INFO::runretrieval:...optimise DONE
 INFO::runretrieval::opti_succeed: T
 
        i                Prior           Posterior          Change [%]
 
        1         0.990000E-01        0.990000E-01             0.00000
        2         0.990000E-01        0.990000E-01             0.00000
        3         0.150000E+01        0.150000E+01             0.00000
        4         0.150000E+01        0.150000E+01             0.00000
        5         0.300000E+00        0.300000E+00             0.00000
        6         0.150000E+01        0.150000E+01             0.00000
        7         0.150000E+01        0.150000E+01             0.00000
        8         0.300000E+00        0.300000E+00             0.00000
        9         0.150000E+01        0.150000E+01             0.00000
       10         0.150000E+01        0.150000E+01             0.00000
       11         0.300000E+00        0.300000E+00             0.00000
       12         0.150000E+01        0.150000E+01             0.00000
       13         0.150000E+01        0.150000E+01             0.00000
       14         0.300000E+00        0.300000E+00             0.00000
       15         0.150000E+01        0.150000E+01             0.00000
       16         0.150000E+01        0.150000E+01             0.00000
       17         0.300000E+00        0.300000E+00             0.00000
       18         0.150000E+01        0.150000E+01             0.00000
       19         0.150000E+01        0.150000E+01             0.00000
       20         0.300000E+00        0.300000E+00             0.00000
       21         0.150000E+01        0.150000E+01             0.00000
       22         0.150000E+01        0.150000E+01             0.00000
       23         0.300000E+00        0.300000E+00             0.00000
       24         0.150000E+01        0.150000E+01             0.00000
       25         0.150000E+01        0.150000E+01             0.00000
       26         0.300000E+00        0.300000E+00             0.00000
       27         0.150000E+01        0.150000E+01             0.00000
       28         0.150000E+01        0.150000E+01             0.00000
       29         0.300000E+00        0.300000E+00             0.00000
       30         0.150000E+01        0.150000E+01             0.00000
       31         0.150000E+01        0.150000E+01             0.00000
       32         0.300000E+00        0.300000E+00             0.00000
       33         0.150000E+01        0.150000E+01             0.00000
       34         0.150000E+01        0.150000E+01             0.00000
       35         0.300000E+00        0.300000E+00             0.00000
       36         0.150000E+01        0.150000E+01             0.00000
       37         0.150000E+01        0.150000E+01             0.00000
       38         0.300000E+00        0.300000E+00             0.00000
       39         0.150000E+01        0.150000E+01             0.00000
       40         0.150000E+01        0.150000E+01             0.00000
       41         0.300000E+00        0.300000E+00             0.00000
       42         0.150000E+01        0.150000E+01             0.00000
       43         0.150000E+01        0.150000E+01             0.00000
       44         0.300000E+00        0.300000E+00             0.00000
       45         0.150000E+01        0.150000E+01             0.00000
       46         0.150000E+01        0.150000E+01             0.00000
       47         0.300000E+00        0.300000E+00             0.00000
       48         0.150000E+01        0.150000E+01             0.00000
       49         0.150000E+01        0.150000E+01             0.00000
       50         0.300000E+00        0.300000E+00             0.00000
       51         0.150000E+01        0.150000E+01             0.00000
       52         0.150000E+01        0.150000E+01             0.00000
       53         0.300000E+00        0.300000E+00             0.00000
       54         0.150000E+01        0.150000E+01             0.00000
       55         0.150000E+01        0.150000E+01             0.00000
       56         0.300000E+00        0.300000E+00             0.00000
       57         0.150000E+01        0.150000E+01             0.00000
       58         0.150000E+01        0.150000E+01             0.00000
       59         0.300000E+00        0.300000E+00             0.00000
       60         0.150000E+01        0.150000E+01             0.00000
       61         0.150000E+01        0.150000E+01             0.00000
       62         0.300000E+00        0.300000E+00             0.00000
       63         0.150000E+01        0.150000E+01             0.00000
       64         0.150000E+01        0.150000E+01             0.00000
       65         0.300000E+00        0.300000E+00             0.00000
       66         0.150000E+01        0.150000E+01             0.00000
       67         0.150000E+01        0.150000E+01             0.00000
       68         0.300000E+00        0.300000E+00             0.00000
       69         0.150000E+01        0.150000E+01             0.00000
       70         0.150000E+01        0.150000E+01             0.00000
       71         0.300000E+00        0.300000E+00             0.00000
       72         0.150000E+01        0.150000E+01             0.00000
       73         0.150000E+01        0.150000E+01             0.00000
       74         0.300000E+00        0.300000E+00             0.00000
       75         0.150000E+01        0.150000E+01             0.00000
       76         0.150000E+01        0.150000E+01             0.00000
       77         0.300000E+00        0.300000E+00             0.00000
       78         0.150000E+01        0.150000E+01             0.00000
       79         0.150000E+01        0.150000E+01             0.00000
       80         0.300000E+00        0.300000E+00             0.00000
       81         0.150000E+01        0.150000E+01             0.00000
       82         0.150000E+01        0.150000E+01             0.00000
       83         0.300000E+00        0.300000E+00             0.00000
       84         0.150000E+01        0.150000E+01             0.00000
       85         0.150000E+01        0.150000E+01             0.00000
       86         0.300000E+00        0.300000E+00             0.00000
       87         0.150000E+01        0.150000E+01             0.00000
       88         0.150000E+01        0.150000E+01             0.00000
       89         0.300000E+00        0.300000E+00             0.00000
       90         0.150000E+01        0.150000E+01             0.00000
       91         0.150000E+01        0.150000E+01             0.00000
       92         0.300000E+00        0.300000E+00             0.00000
       93         0.150000E+01        0.150000E+01             0.00000
       94         0.150000E+01        0.150000E+01             0.00000
       95         0.300000E+00        0.300000E+00             0.00000
       96         0.150000E+01        0.150000E+01             0.00000
       97         0.150000E+01        0.150000E+01             0.00000
       98         0.300000E+00        0.300000E+00             0.00000
       99         0.150000E+01        0.150000E+01             0.00000
      100         0.150000E+01        0.150000E+01             0.00000
      101         0.300000E+00        0.300000E+00             0.00000
      102         0.150000E+01        0.150000E+01             0.00000
      103         0.150000E+01        0.150000E+01             0.00000
      104         0.300000E+00        0.300000E+00             0.00000
      105         0.150000E+01        0.150000E+01             0.00000
      106         0.150000E+01        0.150000E+01             0.00000
      107         0.300000E+00        0.300000E+00             0.00000
      108         0.150000E+01        0.150000E+01             0.00000
      109         0.150000E+01        0.150000E+01             0.00000
      110         0.300000E+00        0.300000E+00             0.00000
      111         0.150000E+01        0.150000E+01             0.00000
      112         0.150000E+01        0.150000E+01             0.00000
      113         0.300000E+00        0.300000E+00             0.00000
      114         0.150000E+01        0.150000E+01             0.00000
      115         0.150000E+01        0.150000E+01             0.00000
      116         0.300000E+00        0.300000E+00             0.00000
      117         0.150000E+01        0.150000E+01             0.00000
      118         0.150000E+01        0.150000E+01             0.00000
      119         0.300000E+00        0.300000E+00             0.00000
      120         0.150000E+01        0.150000E+01             0.00000
      121         0.150000E+01        0.150000E+01             0.00000
      122         0.300000E+00        0.300000E+00             0.00000
      123         0.150000E+01        0.150000E+01             0.00000
      124         0.150000E+01        0.150000E+01             0.00000
      125         0.300000E+00        0.300000E+00             0.00000
      126         0.150000E+01        0.150000E+01             0.00000
      127         0.150000E+01        0.150000E+01             0.00000
      128         0.300000E+00        0.300000E+00             0.00000
      129         0.150000E+01        0.150000E+01             0.00000
      130         0.150000E+01        0.150000E+01             0.00000
      131         0.300000E+00        0.300000E+00             0.00000
      132         0.150000E+01        0.150000E+01             0.00000
      133         0.150000E+01        0.150000E+01             0.00000
      134         0.300000E+00        0.300000E+00             0.00000
      135         0.150000E+01        0.150000E+01             0.00000
      136         0.150000E+01        0.150000E+01             0.00000
      137         0.300000E+00        0.300000E+00             0.00000
      138         0.150000E+01        0.150000E+01             0.00000
      139         0.150000E+01        0.150000E+01             0.00000
      140         0.300000E+00        0.300000E+00             0.00000
      141         0.150000E+01        0.150000E+01             0.00000
      142         0.150000E+01        0.150000E+01             0.00000
      143         0.300000E+00        0.300000E+00             0.00000
      144         0.150000E+01        0.150000E+01             0.00000
      145         0.150000E+01        0.150000E+01             0.00000
      146         0.300000E+00        0.300000E+00             0.00000
      147         0.150000E+01        0.150000E+01             0.00000
      148         0.150000E+01        0.150000E+01             0.00000
      149         0.300000E+00        0.300000E+00             0.00000
      150         0.150000E+01        0.150000E+01             0.00000
      151         0.150000E+01        0.150000E+01             0.00000
      152         0.300000E+00        0.300000E+00             0.00000
      153         0.150000E+01        0.150000E+01             0.00000
      154         0.150000E+01        0.150000E+01             0.00000
      155         0.300000E+00        0.300000E+00             0.00000
      156         0.150000E+01        0.150000E+01             0.00000
      157         0.150000E+01        0.150000E+01             0.00000
      158         0.300000E+00        0.300000E+00             0.00000
      159         0.150000E+01        0.150000E+01             0.00000
      160         0.150000E+01        0.150000E+01             0.00000
      161         0.300000E+00        0.300000E+00             0.00000
      162         0.150000E+01        0.150000E+01             0.00000
      163         0.150000E+01        0.150000E+01             0.00000
      164         0.300000E+00        0.300000E+00             0.00000
 INFO::writing final control vector to x.b
 INFO::writing prior uncertainty (physical units) to sx.b
 INFO::runretrieval:start uncertainty analysis on state...
 
 INFO::ua:SVD done with ierr =          0
 
 INFO::runretrieval:...uncertainty analysis on state DONE
 
       Extreme off diagonal correlations
            Min/Max                 value    i    j
                Min              -0.01343   24   22
                Max               0.49119    8    5
 
 INFO::finishdf:target file ***controlvector_prior.nc*** successfully written.
 INFO::finishdf:target file ***controlvector_post.nc*** successfully written.
('exp_list length: ', '3')
/home/users/ewanp82/projects/ret_tool_s3
0.01
0.5
0.05
0.5
str, obs_s1
str, time_start
str, site_nml
0.001
3.0
0.1
0.05
float, gtol
float, s1_vv_uncfloor
float, s2_uncfloor
str, time_end
str, dynmodunc_inifile
float, s1_vh_uncfloor
float, s2_relunc
float, s1_unc
/gws/nopw/j04/odanceo/epinnington/sen_syn/515_low_flat_hv_nos2_1
<type 'netCDF4._netCDF4.Dataset'>
root group (NETCDF4 data model, file format HDF5):
    institution: The Inversion Lab, Hamburg, Germany
    date_created: 20210906T13:12:41+01:00
    optimisation_tag: SUCCESSFUL
    dimensions(sizes): nparam_s1(2), npoints(54)
    variables(dimensions): float64 [4mtime[0m(npoints), int32 [4msim_typ[0m(npoints), float64 [4mlaicoeff[0m(nparam_s1), float64 [4mlaicoeff_unc[0m(nparam_s1), float64 [4mlai[0m(npoints), float64 [4mcanht[0m(npoints), float64 [4msm[0m(npoints), float64 [4mlai_unc[0m(npoints), float64 [4mcanht_unc[0m(npoints), float64 [4msm_unc[0m(npoints)
    groups: 

[datetime.datetime(2017, 6, 9, 5, 26)
 datetime.datetime(2017, 6, 10, 5, 17)
 datetime.datetime(2017, 6, 11, 17, 6)
 datetime.datetime(2017, 6, 15, 5, 26)
 datetime.datetime(2017, 6, 16, 5, 17)
 datetime.datetime(2017, 6, 17, 17, 6)
 datetime.datetime(2017, 6, 21, 5, 26)
 datetime.datetime(2017, 6, 22, 5, 17)
 datetime.datetime(2017, 6, 23, 17, 6)
 datetime.datetime(2017, 6, 27, 5, 26)
 datetime.datetime(2017, 6, 28, 5, 17)
 datetime.datetime(2017, 6, 29, 17, 6)
 datetime.datetime(2017, 7, 3, 5, 26) datetime.datetime(2017, 7, 4, 5, 17)
 datetime.datetime(2017, 7, 5, 17, 6) datetime.datetime(2017, 7, 9, 5, 26)
 datetime.datetime(2017, 7, 10, 5, 17)
 datetime.datetime(2017, 7, 11, 17, 6)
 datetime.datetime(2017, 7, 15, 5, 26)
 datetime.datetime(2017, 7, 16, 5, 17)
 datetime.datetime(2017, 7, 17, 17, 6)
 datetime.datetime(2017, 7, 21, 5, 26)
 datetime.datetime(2017, 7, 22, 5, 17)
 datetime.datetime(2017, 7, 23, 17, 6)
 datetime.datetime(2017, 7, 27, 5, 26)
 datetime.datetime(2017, 7, 28, 5, 17)
 datetime.datetime(2017, 7, 29, 17, 6)
 datetime.datetime(2017, 8, 2, 5, 26) datetime.datetime(2017, 8, 3, 5, 17)
 datetime.datetime(2017, 8, 4, 17, 6) datetime.datetime(2017, 8, 8, 5, 26)
 datetime.datetime(2017, 8, 9, 5, 17)
 datetime.datetime(2017, 8, 10, 17, 6)
 datetime.datetime(2017, 8, 14, 5, 26)
 datetime.datetime(2017, 8, 15, 5, 17)
 datetime.datetime(2017, 8, 16, 17, 6)
 datetime.datetime(2017, 8, 20, 5, 26)
 datetime.datetime(2017, 8, 21, 5, 17)
 datetime.datetime(2017, 8, 22, 17, 6)
 datetime.datetime(2017, 8, 26, 5, 26)
 datetime.datetime(2017, 8, 27, 5, 17)
 datetime.datetime(2017, 8, 28, 17, 6)
 datetime.datetime(2017, 9, 1, 5, 26) datetime.datetime(2017, 9, 2, 5, 17)
 datetime.datetime(2017, 9, 3, 17, 6) datetime.datetime(2017, 9, 7, 5, 26)
 datetime.datetime(2017, 9, 8, 5, 17) datetime.datetime(2017, 9, 9, 17, 6)
 datetime.datetime(2017, 9, 13, 5, 26)
 datetime.datetime(2017, 9, 14, 5, 17)
 datetime.datetime(2017, 9, 15, 17, 6)
 datetime.datetime(2017, 9, 19, 5, 26)
 datetime.datetime(2017, 9, 20, 5, 17)
 datetime.datetime(2017, 9, 21, 17, 6)]
[  227   370   585  1089  1232  1447  1953  2096  2311  2817  2960  3175
  3681  3824  4039  4486  4629  4844  5350  5493  5708  6214  6357  6572
  7078  7221  7436  7942  8085  8300  8806  8949  9164  9670  9813 10028
 10534 10677 10892 11398 11541 11756 12262 12405 12620 13126 13269 13484
 13990 14133 14348 14854 14997 15212]
/gws/nopw/j04/odanceo/epinnington/sen_syn/515_low_flat_hv_nos2_1
<type 'netCDF4._netCDF4.Dataset'>
root group (NETCDF4 data model, file format HDF5):
    institution: The Inversion Lab, Hamburg, Germany
    date_created: 20210906T13:12:41+01:00
    optimisation_tag: SUCCESSFUL
    dimensions(sizes): nparam_s1(2), npoints(54)
    variables(dimensions): float64 [4mtime[0m(npoints), int32 [4msim_typ[0m(npoints), float64 [4mlaicoeff[0m(nparam_s1), float64 [4mlaicoeff_unc[0m(nparam_s1), float64 [4mlai[0m(npoints), float64 [4mcanht[0m(npoints), float64 [4msm[0m(npoints), float64 [4mlai_unc[0m(npoints), float64 [4mcanht_unc[0m(npoints), float64 [4msm_unc[0m(npoints)
    groups: 

[datetime.datetime(2017, 6, 9, 5, 26)
 datetime.datetime(2017, 6, 10, 5, 17)
 datetime.datetime(2017, 6, 11, 17, 6)
 datetime.datetime(2017, 6, 15, 5, 26)
 datetime.datetime(2017, 6, 16, 5, 17)
 datetime.datetime(2017, 6, 17, 17, 6)
 datetime.datetime(2017, 6, 21, 5, 26)
 datetime.datetime(2017, 6, 22, 5, 17)
 datetime.datetime(2017, 6, 23, 17, 6)
 datetime.datetime(2017, 6, 27, 5, 26)
 datetime.datetime(2017, 6, 28, 5, 17)
 datetime.datetime(2017, 6, 29, 17, 6)
 datetime.datetime(2017, 7, 3, 5, 26) datetime.datetime(2017, 7, 4, 5, 17)
 datetime.datetime(2017, 7, 5, 17, 6) datetime.datetime(2017, 7, 9, 5, 26)
 datetime.datetime(2017, 7, 10, 5, 17)
 datetime.datetime(2017, 7, 11, 17, 6)
 datetime.datetime(2017, 7, 15, 5, 26)
 datetime.datetime(2017, 7, 16, 5, 17)
 datetime.datetime(2017, 7, 17, 17, 6)
 datetime.datetime(2017, 7, 21, 5, 26)
 datetime.datetime(2017, 7, 22, 5, 17)
 datetime.datetime(2017, 7, 23, 17, 6)
 datetime.datetime(2017, 7, 27, 5, 26)
 datetime.datetime(2017, 7, 28, 5, 17)
 datetime.datetime(2017, 7, 29, 17, 6)
 datetime.datetime(2017, 8, 2, 5, 26) datetime.datetime(2017, 8, 3, 5, 17)
 datetime.datetime(2017, 8, 4, 17, 6) datetime.datetime(2017, 8, 8, 5, 26)
 datetime.datetime(2017, 8, 9, 5, 17)
 datetime.datetime(2017, 8, 10, 17, 6)
 datetime.datetime(2017, 8, 14, 5, 26)
 datetime.datetime(2017, 8, 15, 5, 17)
 datetime.datetime(2017, 8, 16, 17, 6)
 datetime.datetime(2017, 8, 20, 5, 26)
 datetime.datetime(2017, 8, 21, 5, 17)
 datetime.datetime(2017, 8, 22, 17, 6)
 datetime.datetime(2017, 8, 26, 5, 26)
 datetime.datetime(2017, 8, 27, 5, 17)
 datetime.datetime(2017, 8, 28, 17, 6)
 datetime.datetime(2017, 9, 1, 5, 26) datetime.datetime(2017, 9, 2, 5, 17)
 datetime.datetime(2017, 9, 3, 17, 6) datetime.datetime(2017, 9, 7, 5, 26)
 datetime.datetime(2017, 9, 8, 5, 17) datetime.datetime(2017, 9, 9, 17, 6)
 datetime.datetime(2017, 9, 13, 5, 26)
 datetime.datetime(2017, 9, 14, 5, 17)
 datetime.datetime(2017, 9, 15, 17, 6)
 datetime.datetime(2017, 9, 19, 5, 26)
 datetime.datetime(2017, 9, 20, 5, 17)
 datetime.datetime(2017, 9, 21, 17, 6)]
/gws/nopw/j04/odanceo/epinnington/sen_syn/515_low_flat_hv_nos2_1
<type 'netCDF4._netCDF4.Dataset'>
root group (NETCDF4 data model, file format HDF5):
    institution: The Inversion Lab, Hamburg, Germany
    date_created: 20210906T13:12:41+01:00
    optimisation_tag: SUCCESSFUL
    dimensions(sizes): nparam_s1(2), npoints(54)
    variables(dimensions): float64 [4mtime[0m(npoints), int32 [4msim_typ[0m(npoints), float64 [4mlaicoeff[0m(nparam_s1), float64 [4mlaicoeff_unc[0m(nparam_s1), float64 [4mlai[0m(npoints), float64 [4mcanht[0m(npoints), float64 [4msm[0m(npoints), float64 [4mlai_unc[0m(npoints), float64 [4mcanht_unc[0m(npoints), float64 [4msm_unc[0m(npoints)
    groups: 

[datetime.datetime(2017, 6, 9, 5, 26)
 datetime.datetime(2017, 6, 10, 5, 17)
 datetime.datetime(2017, 6, 11, 17, 6)
 datetime.datetime(2017, 6, 15, 5, 26)
 datetime.datetime(2017, 6, 16, 5, 17)
 datetime.datetime(2017, 6, 17, 17, 6)
 datetime.datetime(2017, 6, 21, 5, 26)
 datetime.datetime(2017, 6, 22, 5, 17)
 datetime.datetime(2017, 6, 23, 17, 6)
 datetime.datetime(2017, 6, 27, 5, 26)
 datetime.datetime(2017, 6, 28, 5, 17)
 datetime.datetime(2017, 6, 29, 17, 6)
 datetime.datetime(2017, 7, 3, 5, 26) datetime.datetime(2017, 7, 4, 5, 17)
 datetime.datetime(2017, 7, 5, 17, 6) datetime.datetime(2017, 7, 9, 5, 26)
 datetime.datetime(2017, 7, 10, 5, 17)
 datetime.datetime(2017, 7, 11, 17, 6)
 datetime.datetime(2017, 7, 15, 5, 26)
 datetime.datetime(2017, 7, 16, 5, 17)
 datetime.datetime(2017, 7, 17, 17, 6)
 datetime.datetime(2017, 7, 21, 5, 26)
 datetime.datetime(2017, 7, 22, 5, 17)
 datetime.datetime(2017, 7, 23, 17, 6)
 datetime.datetime(2017, 7, 27, 5, 26)
 datetime.datetime(2017, 7, 28, 5, 17)
 datetime.datetime(2017, 7, 29, 17, 6)
 datetime.datetime(2017, 8, 2, 5, 26) datetime.datetime(2017, 8, 3, 5, 17)
 datetime.datetime(2017, 8, 4, 17, 6) datetime.datetime(2017, 8, 8, 5, 26)
 datetime.datetime(2017, 8, 9, 5, 17)
 datetime.datetime(2017, 8, 10, 17, 6)
 datetime.datetime(2017, 8, 14, 5, 26)
 datetime.datetime(2017, 8, 15, 5, 17)
 datetime.datetime(2017, 8, 16, 17, 6)
 datetime.datetime(2017, 8, 20, 5, 26)
 datetime.datetime(2017, 8, 21, 5, 17)
 datetime.datetime(2017, 8, 22, 17, 6)
 datetime.datetime(2017, 8, 26, 5, 26)
 datetime.datetime(2017, 8, 27, 5, 17)
 datetime.datetime(2017, 8, 28, 17, 6)
 datetime.datetime(2017, 9, 1, 5, 26) datetime.datetime(2017, 9, 2, 5, 17)
 datetime.datetime(2017, 9, 3, 17, 6) datetime.datetime(2017, 9, 7, 5, 26)
 datetime.datetime(2017, 9, 8, 5, 17) datetime.datetime(2017, 9, 9, 17, 6)
 datetime.datetime(2017, 9, 13, 5, 26)
 datetime.datetime(2017, 9, 14, 5, 17)
 datetime.datetime(2017, 9, 15, 17, 6)
 datetime.datetime(2017, 9, 19, 5, 26)
 datetime.datetime(2017, 9, 20, 5, 17)
 datetime.datetime(2017, 9, 21, 17, 6)]
ran experiment 1
