which python
bin/rs_setup.py
------------------------------
 Retrieval System Setup properly finished, Retrieval System ready for use!
------------------------------
2021-09-06 11:16:17,731 INFO::<module>:: rs_pre.py::PROGRAM START::2021-09-06T11:16:17.731549
2021-09-06 11:16:17,731 INFO::<module>:: command-line: bin/rs_pre.py pre_general --obs_s2 /home/users/ewanp82/projects/ret_tool_s3/S2/mni_s2_508_med_b4b5b6b7b8b8a.csv --ctlvec_relunc 0.01 0.5 0.05 0.5 --obs_s1 /home/users/ewanp82/projects/ret_tool_s3/S1/mni_s1_508_med_hv.csv --time_start 20170323 --site_nml /home/users/ewanp82/projects/ret_tool_s3/site_new_test.nml --ctlvec_uncfloor 0.001 3.0 0.1 0.05 --gtol 1.0 --s1_vv_uncfloor 0.004 --s2_uncfloor 0.02 --time_end 20170720 --dynmodunc_inifile /home/users/ewanp82/projects/ret_tool_s3/mod_ini/dynmod_vtight.ini --s1_vh_uncfloor 1e-05 --s2_relunc 0.05 --s1_unc 1.6
2021-09-06 11:16:17,743 INFO::main:: user selection +++pre_general+++
2021-09-06 11:16:17,743 INFO::pre_general:: start setup of general retrieval setup...
2021-09-06 11:16:18,039 INFO::pre_general:: Copied default namelist file ***/home/users/ewanp82/projects/ret_tool_s3/site_new_test.nml*** to current working directory.
2021-09-06 11:16:18,039 INFO::pre_general:: START reading namelist ***site.nml***...
2021-09-06 11:16:18,044 INFO::pre_general:: ...reading DONE
2021-09-06 11:16:18,054 INFO::load_obs_csv:: observation data loaded from file ***/home/users/ewanp82/projects/ret_tool_s3/S1/mni_s1_508_med_hv.csv***
2021-09-06 11:16:18,056 INFO::load_obs_csv:: detected ntimepts=65 #columns=10 in csv file
2021-09-06 11:16:18,056 INFO::load_obs_csv:: start reading S1 observations...
2021-09-06 11:16:18,056 INFO::load_obs_csv:: observational backscatter values are assumed to be in linear units!
2021-09-06 11:16:18,056 INFO::load_obs_csv:: VH backscatter values read: VH[linear] min/max=0.00468693161383/0.0643324255943
2021-09-06 11:16:18,056 INFO::load_obs_csv:: VV backscatter values read: VV[linear] min/max=-99999.0/-99999.0
2021-09-06 11:16:18,056 INFO::load_obs_csv:: assuming S1 observational uncertainty of 1.6 [dB] yields relative uncertainty of 0.376804399913 [linear unit].
2021-09-06 11:16:18,056 INFO::load_obs_csv:: assuming vv=0.004 vh=1e-05 S1 observational uncertainty floor [linear unit].
2021-09-06 11:16:18,056 INFO::load_obs_csv:: number of applied uncertainty floor values on VH=0 VV=65
2021-09-06 11:16:18,056 INFO::load_obs_csv:: determined VH uncertainty in linear units, min/max=0.00176605645418/0.024240741021
2021-09-06 11:16:18,057 INFO::load_obs_csv:: determined VV uncertainty in linear units, min/max=0.004/0.004
2021-09-06 11:16:18,057 INFO::load_obs_csv:: ...reading S1 observations DONE
2021-09-06 11:16:18,059 INFO::load_obs_csv:: observation data loaded from file ***/home/users/ewanp82/projects/ret_tool_s3/S2/mni_s2_508_med_b4b5b6b7b8b8a.csv***
2021-09-06 11:16:18,059 INFO::load_obs_csv:: detected ntimepts=11 #columns=21 in csv file
2021-09-06 11:16:18,059 INFO::load_obs_csv:: start reading S2 observations...
2021-09-06 11:16:18,060 WARNING::load_obs_csv:: detected negative BRF values: nneg=51. These will be set to fill-value!
2021-09-06 11:16:18,060 INFO::load_obs_csv:: BRF uncertainty is derived by applying 0.05 relative uncertainty, and an uncertainty floor value of 0.02
2021-09-06 11:16:18,060 INFO::load_obs_csv:: ...reading S2 observations DONE
2021-09-06 11:16:18,060 INFO::setup_common_schedule:: determined ntpts=75
2021-09-06 11:16:18,060 INFO::setup_common_schedule:: common schedule yields time-points  S1A=0 S1B=65 S2A=0 S2B=10 other=0
2021-09-06 11:16:18,060 INFO::_set_priorunc:: applied relative uncertainty 0.01 on lai coefficients.
2021-09-06 11:16:18,061 INFO::_set_priorunc:: applied relative uncertainty on state vector components, lai_relunc=0.5 canht_relunc=0.05 sm_relunc=0.5
2021-09-06 11:16:18,061 INFO::_set_priorunc:: uncertainty floor values were applied as follows: lai_uncfloor=3.0 canht_uncfloor=0.1 sm_uncfloor=0.05
2021-09-06 11:16:18,065 INFO::set_dynmodel:: START reading values on dynamical model uncertainties from ***/home/users/ewanp82/projects/ret_tool_s3/mod_ini/dynmod_vtight.ini***...
2021-09-06 11:16:18,066 INFO::set_dynmodel:: ...reading DONE
2021-09-06 11:16:18,066 INFO::pre_general:: ...general retrieval setup DONE
2021-09-06 11:16:18,066 INFO::pre_general:: START writing input files for retrieval system...
2021-09-06 11:16:18,066 INFO::ncwrt_retrieval_config:: Start writing configuration file ***retrconfig.nc***...
2021-09-06 11:16:19,470 INFO::ncwrt_retrieval_config:: ...writing ***retrconfig.nc*** DONE
2021-09-06 11:16:19,470 INFO::ncwrt_retrieval_prior:: Start writing configuration file ***retrprior.nc***...
2021-09-06 11:16:24,575 INFO::ncwrt_retrieval_prior:: ...writing ***retrprior.nc*** DONE
2021-09-06 11:16:24,575 INFO::ncwrt_retrieval_obs_s1:: Start writing configuration file ***obs_s1.nc***...
2021-09-06 11:16:27,721 INFO::ncwrt_retrieval_obs_s1:: ...writing ***obs_s1.nc*** DONE
2021-09-06 11:16:27,721 INFO::ncwrt_retrieval_obs_s2:: Start writing configuration file ***obs_s2.nc***...
2021-09-06 11:16:31,562 INFO::ncwrt_retrieval_obs_s2:: ...writing ***obs_s2.nc*** DONE
2021-09-06 11:16:31,562 INFO::ncwrt_retrieval_model:: Start writing configuration file ***retrmodel.nc***...
2021-09-06 11:16:36,967 INFO::ncwrt_retrieval_model:: ...writing ***retrmodel.nc*** DONE
2021-09-06 11:16:36,968 INFO::wrt_nml_retrieval_control:: Start writing configuration file ***retrctl.nml***...
2021-09-06 11:16:37,427 INFO::wrt_nml_retrieval_control:: ...writing ***retrctl.nml*** DONE
2021-09-06 11:16:37,427 INFO::wrt_nml_controlvector_bounds:: Start writing configuration file ***retrctlvecbounds.nml***...
2021-09-06 11:16:37,676 INFO::wrt_nml_controlvector_bounds:: ...writing ***retrctlvecbounds.nml*** DONE
2021-09-06 11:16:37,676 INFO::pre_general:: ...writing input files for retrieval system DONE
make -C lbfgsb ../lib/liblbfgsb-gfortran.a FC="gfortran" FFLAGS="-Wall -ffixed-line-length-132 -fdefault-real-8 -fdefault-double-8 -I/usr/include -Iobjs -Jobjs -O3 -funroll-loops -floop-block -ftree-loop-distribution -march=native -I/usr/lib64/gfortran/modules/" LIBNAME="../lib/liblbfgsb-gfortran.a"
make[1]: Entering directory `/gws/nopw/j04/odanceo/epinnington/sen_syn/508_med_flat_hv_b4b5b6b7b8b8a_0/lbfgsb'
make[1]: `../lib/liblbfgsb-gfortran.a' is up to date.
make[1]: Leaving directory `/gws/nopw/j04/odanceo/epinnington/sen_syn/508_med_flat_hv_b4b5b6b7b8b8a_0/lbfgsb'
make -C eispack ../lib/libeis.a FC=gfortran FFLAGS="-Wall -ffixed-line-length-132 -fdefault-real-8 -fdefault-double-8 -I/usr/include -Iobjs -Jobjs -O3 -funroll-loops -floop-block -ftree-loop-distribution -march=native -I/usr/lib64/gfortran/modules/" LIBNAME="../lib/libeis.a"
make[1]: Entering directory `/gws/nopw/j04/odanceo/epinnington/sen_syn/508_med_flat_hv_b4b5b6b7b8b8a_0/eispack'
make[1]: `../lib/libeis.a' is up to date.
make[1]: Leaving directory `/gws/nopw/j04/odanceo/epinnington/sen_syn/508_med_flat_hv_b4b5b6b7b8b8a_0/eispack'
./runretrieval.x --no_fapar 2>&1 | tee mk.retrieval.log
 INFO::retrieval_read_ctl:read settings from file ***retrctl.nml***...
 INFO::retrieval_read_ctl:...reading done.
 INFO::use_prior_term: T
 INFO::use_state_term: T
 INFO::gradient_tolerance: .10000E+01
 INFO::priopr_pert: .00000E+00
 INFO::runretrieval:calling initf...
 DEBUG::load_ivgeom:ndims= 2
 INFO::initf:retrieval configuration was read from ***retrconfig.nc***
 DEBUG::initf:ncrd_retrieval_config has finished, yields:npts=  75 npts_s1=  65 npts_s2=  10
 INFO::load_sitenml:successfully read site namelist file ***site.nml***
 INFO::setprior:prior control vector was read from ***retrprior.nc***
 DEBUG::setprior:ncrd_retrieval_prior terminated successfully
 INFO::runretrieval:...done.
 DEBUG::runretrieval:initf yields:n=227 mf=260
 INFO::runretrieval:calling initx...
 INFO::runretrieval:...done.
 INFO::state_model_set:will be setting-up simple state-model of type "mx(i+1)=a(i+1)*x(i) + b(i+1)"
 INFO::state_model_set:reading model configuration from file ***retrmodel.nc***...
 INFO::state_model_set:...reading done.
 INFO::runretrieval:start optimise...
 INFO::optimise:load control vector boundary settings by calling initb...
 INFO::initb:bounds were read from file ***retrctlvecbounds.nml***
 INFO::initb:applying bounds: lai_coeff_lobound=    0.000 lai_coeff_hibound=    1.000
 INFO::initb:applying bounds: lai_lobound=    0.001 lai_hibound=   10.000
 INFO::initb:applying bounds: canht_lobound=    0.001 canht_hibound=    4.500
 INFO::initb:applying bounds: sm_lobound=    0.001 sm_hibound=    0.500
 INFO::optimise:...done.
 INFO::optimise:start optimiser...
RUNNING THE L-BFGS-B CODE

           * * *

Machine precision = 2.220D-16
 N =          227     M =            5

At X0         0 variables are exactly at the bounds
 INFO::getobs:initial loading of observations...
 INFO::getobs:reading S1 observations from ***obs_s1.nc***
 INFO::ncrd_obs_vector:dataset ---backscatter--- detected fill-value:-99999.00000000
 INFO::ncrd_obs_vector:dataset ---backscatter_unc--- detected fill-value:-99999.00000000
 INFO::ncrd_obs_vector:s1 detected data fill-values:      65
 INFO::ncrd_obs_vector:s1 detected no uncertainthy fill-values
 INFO::getobs:...loading S1 observations done.
 INFO::getobs:reading S2 observations from ***obs_s2.nc***
 INFO::ncrd_obs_vector:dataset ---brf--- detected fill-value:-99999.00000000
 INFO::ncrd_obs_vector:dataset ---brf_unc--- detected fill-value:-99999.00000000
 INFO::ncrd_obs_vector:s2 detected data fill-values:      51
 INFO::ncrd_obs_vector:s2 detected unc. fill-values:      51
 INFO::getobs:...loading observations done.
 INFO::getobs:...initial loading done

At iterate    0    f=  1.34272D+03    |proj g|=  2.83333D+00

At iterate    1    f=  1.19701D+03    |proj g|=  2.85152D+00

At iterate    2    f=  1.00985D+03    |proj g|=  2.85800D+00

At iterate    3    f=  8.79547D+02    |proj g|=  2.86926D+00

At iterate    4    f=  7.62188D+02    |proj g|=  2.86046D+00

At iterate    5    f=  6.42177D+02    |proj g|=  2.78290D+00

At iterate    6    f=  5.53849D+02    |proj g|=  2.71817D+00

At iterate    7    f=  5.06784D+02    |proj g|=  2.70534D+00

At iterate    8    f=  4.76837D+02    |proj g|=  2.68530D+00

At iterate    9    f=  4.45081D+02    |proj g|=  2.63173D+00

At iterate   10    f=  4.13209D+02    |proj g|=  2.55835D+00

At iterate   11    f=  3.82542D+02    |proj g|=  2.44404D+00

At iterate   12    f=  3.75743D+02    |proj g|=  2.43601D+00

At iterate   13    f=  3.64207D+02    |proj g|=  2.33024D+00

At iterate   14    f=  3.60351D+02    |proj g|=  2.31295D+00

At iterate   15    f=  3.53773D+02    |proj g|=  2.41954D+00

At iterate   16    f=  3.45475D+02    |proj g|=  2.45672D+00

At iterate   17    f=  3.40382D+02    |proj g|=  2.55364D+00

At iterate   18    f=  3.34468D+02    |proj g|=  2.50499D+00

At iterate   19    f=  3.32855D+02    |proj g|=  2.42989D+00

At iterate   20    f=  3.31235D+02    |proj g|=  2.53732D+00

At iterate   21    f=  3.30043D+02    |proj g|=  2.56927D+00

At iterate   22    f=  3.28584D+02    |proj g|=  2.23264D+00

At iterate   23    f=  3.27917D+02    |proj g|=  2.22975D+00

At iterate   24    f=  3.27302D+02    |proj g|=  2.38274D+00

At iterate   25    f=  3.26725D+02    |proj g|=  2.60500D+00

At iterate   26    f=  3.26122D+02    |proj g|=  2.38181D+00

At iterate   27    f=  3.25404D+02    |proj g|=  2.61851D+00

At iterate   28    f=  3.24845D+02    |proj g|=  2.39092D+00

At iterate   29    f=  3.24055D+02    |proj g|=  2.59187D+00

At iterate   30    f=  3.23356D+02    |proj g|=  2.66510D+00

At iterate   31    f=  3.22617D+02    |proj g|=  2.64445D+00

At iterate   32    f=  3.22177D+02    |proj g|=  2.64410D+00

At iterate   33    f=  3.21630D+02    |proj g|=  2.68783D+00

At iterate   34    f=  3.21101D+02    |proj g|=  2.69235D+00

At iterate   35    f=  3.20713D+02    |proj g|=  2.57784D+00

At iterate   36    f=  3.20157D+02    |proj g|=  2.70847D+00

At iterate   37    f=  3.19763D+02    |proj g|=  2.66794D+00

At iterate   38    f=  3.19387D+02    |proj g|=  2.71112D+00

At iterate   39    f=  3.18661D+02    |proj g|=  2.71315D+00

At iterate   40    f=  3.18196D+02    |proj g|=  2.71281D+00

At iterate   41    f=  3.17855D+02    |proj g|=  2.71145D+00

At iterate   42    f=  3.17324D+02    |proj g|=  2.69856D+00

At iterate   43    f=  3.16907D+02    |proj g|=  2.69587D+00

At iterate   44    f=  3.16671D+02    |proj g|=  2.70122D+00

At iterate   45    f=  3.16109D+02    |proj g|=  2.69951D+00

At iterate   46    f=  3.15785D+02    |proj g|=  2.63392D+00

At iterate   47    f=  3.15278D+02    |proj g|=  2.68997D+00

At iterate   48    f=  3.14617D+02    |proj g|=  2.67975D+00

At iterate   49    f=  3.14243D+02    |proj g|=  2.45258D+00

At iterate   50    f=  3.13852D+02    |proj g|=  2.44211D+00

At iterate   51    f=  3.13491D+02    |proj g|=  2.44779D+00

At iterate   52    f=  3.13120D+02    |proj g|=  2.49327D+00

At iterate   53    f=  3.12923D+02    |proj g|=  2.60281D+00

At iterate   54    f=  3.12623D+02    |proj g|=  2.40083D+00

At iterate   55    f=  3.12420D+02    |proj g|=  2.32603D+00

At iterate   56    f=  3.12168D+02    |proj g|=  2.58106D+00

At iterate   57    f=  3.11866D+02    |proj g|=  2.58121D+00

At iterate   58    f=  3.11486D+02    |proj g|=  2.35486D+00

At iterate   59    f=  3.11322D+02    |proj g|=  2.35174D+00

At iterate   60    f=  3.11121D+02    |proj g|=  2.68592D+00

At iterate   61    f=  3.10919D+02    |proj g|=  2.69412D+00

At iterate   62    f=  3.10644D+02    |proj g|=  2.35080D+00

At iterate   63    f=  3.10319D+02    |proj g|=  2.54339D+00

At iterate   64    f=  3.09995D+02    |proj g|=  2.71234D+00

At iterate   65    f=  3.09693D+02    |proj g|=  2.71180D+00

At iterate   66    f=  3.09542D+02    |proj g|=  2.70773D+00

At iterate   67    f=  3.09305D+02    |proj g|=  2.47048D+00

At iterate   68    f=  3.09127D+02    |proj g|=  2.69005D+00

At iterate   69    f=  3.08945D+02    |proj g|=  2.69319D+00

At iterate   70    f=  3.08684D+02    |proj g|=  2.68410D+00

At iterate   71    f=  3.08598D+02    |proj g|=  2.68510D+00

At iterate   72    f=  3.08502D+02    |proj g|=  1.85406D+00

At iterate   73    f=  3.08384D+02    |proj g|=  1.91274D+00

At iterate   74    f=  3.08325D+02    |proj g|=  1.62327D+00

At iterate   75    f=  3.08303D+02    |proj g|=  2.67810D+00

At iterate   76    f=  3.08165D+02    |proj g|=  2.04255D+00

At iterate   77    f=  3.08137D+02    |proj g|=  1.79785D+00

At iterate   78    f=  3.08075D+02    |proj g|=  2.19161D+00

At iterate   79    f=  3.07995D+02    |proj g|=  2.50416D+00

At iterate   80    f=  3.07910D+02    |proj g|=  2.65120D+00

At iterate   81    f=  3.07842D+02    |proj g|=  1.78365D+00

At iterate   82    f=  3.07768D+02    |proj g|=  2.07643D+00

At iterate   83    f=  3.07736D+02    |proj g|=  1.93885D+00

At iterate   84    f=  3.07705D+02    |proj g|=  1.87441D+00

At iterate   85    f=  3.07654D+02    |proj g|=  1.40035D+00

At iterate   86    f=  3.07624D+02    |proj g|=  1.49202D+00

At iterate   87    f=  3.07563D+02    |proj g|=  2.24585D+00

At iterate   88    f=  3.07512D+02    |proj g|=  2.17292D+00

At iterate   89    f=  3.07467D+02    |proj g|=  1.97943D+00

At iterate   90    f=  3.07389D+02    |proj g|=  1.94904D+00

At iterate   91    f=  3.07372D+02    |proj g|=  2.33582D+00

At iterate   92    f=  3.07312D+02    |proj g|=  1.86213D+00

At iterate   93    f=  3.07272D+02    |proj g|=  1.36686D+00

At iterate   94    f=  3.07239D+02    |proj g|=  1.84891D+00

At iterate   95    f=  3.07206D+02    |proj g|=  2.23301D+00

At iterate   96    f=  3.07185D+02    |proj g|=  1.71909D+00

At iterate   97    f=  3.07171D+02    |proj g|=  1.03602D+00

At iterate   98    f=  3.07162D+02    |proj g|=  7.66241D-01

           * * *

Tit   = total number of iterations
Tnf   = total number of function evaluations
Tnint = total number of segments explored during Cauchy searches
Skip  = number of BFGS updates skipped
Nact  = number of active bounds at final generalized Cauchy point
Projg = norm of the final projected gradient
F     = final function value

           * * *

   N    Tit     Tnf  Tnint  Skip  Nact     Projg        F
  227     98    102    195     0     0   7.662D-01   3.072D+02
  F =   307.16232459287176     

CONVERGENCE: NORM_OF_PROJECTED_GRADIENT_<=_PGTOL            

 Cauchy                time 1.080E-03 seconds.
 Subspace minimization time 1.871E-03 seconds.
 Line search           time 4.893E+02 seconds.

 Total User time 4.942E+02 seconds.

 INFO::optimise:...optimiser finished.
 INFO::runretrieval:...optimise DONE
 INFO::runretrieval::opti_succeed: T
 
        i                Prior           Posterior          Change [%]
 
        1         0.990000E-01        0.986657E-01            -0.33766
        2         0.990000E-01        0.986657E-01            -0.33766
        3         0.150000E+01        0.196360E+01            30.90664
        4         0.150000E+01        0.149987E+01            -0.00886
        5         0.300000E+00        0.240113E+00           -19.96236
        6         0.150000E+01        0.196626E+01            31.08414
        7         0.150000E+01        0.149505E+01            -0.32977
        8         0.300000E+00        0.239123E+00           -20.29249
        9         0.150000E+01        0.197622E+01            31.74782
       10         0.150000E+01        0.150054E+01             0.03607
       11         0.300000E+00        0.163347E+00           -45.55105
       12         0.150000E+01        0.199286E+01            32.85714
       13         0.150000E+01        0.152390E+01             1.59354
       14         0.300000E+00        0.153285E+00           -48.90485
       15         0.150000E+01        0.199012E+01            32.67446
       16         0.150000E+01        0.151350E+01             0.90000
       17         0.300000E+00        0.179439E+00           -40.18707
       18         0.150000E+01        0.209212E+01            39.47461
       19         0.150000E+01        0.152132E+01             1.42119
       20         0.300000E+00        0.177882E+00           -40.70616
       21         0.150000E+01        0.217624E+01            45.08247
       22         0.150000E+01        0.150397E+01             0.26470
       23         0.300000E+00        0.184903E+00           -38.36582
       24         0.150000E+01        0.226384E+01            50.92280
       25         0.150000E+01        0.150278E+01             0.18515
       26         0.300000E+00        0.229694E+00           -23.43550
       27         0.150000E+01        0.235273E+01            56.84839
       28         0.150000E+01        0.149751E+01            -0.16629
       29         0.300000E+00        0.255694E+00           -14.76865
       30         0.150000E+01        0.244560E+01            63.04030
       31         0.150000E+01        0.149268E+01            -0.48790
       32         0.300000E+00        0.255788E+00           -14.73749
       33         0.150000E+01        0.254773E+01            69.84848
       34         0.150000E+01        0.150023E+01             0.01518
       35         0.300000E+00        0.210368E+00           -29.87744
       36         0.150000E+01        0.265590E+01            77.06027
       37         0.150000E+01        0.152914E+01             1.94273
       38         0.300000E+00        0.203259E+00           -32.24691
       39         0.150000E+01        0.274451E+01            82.96720
       40         0.150000E+01        0.151075E+01             0.71644
       41         0.300000E+00        0.248940E+00           -17.01989
       42         0.150000E+01        0.283275E+01            88.84984
       43         0.150000E+01        0.150375E+01             0.24982
       44         0.300000E+00        0.251919E+00           -16.02701
       45         0.150000E+01        0.292253E+01            94.83567
       46         0.150000E+01        0.150056E+01             0.03744
       47         0.300000E+00        0.291175E+00            -2.94169
       48         0.150000E+01        0.301452E+01           100.96823
       49         0.150000E+01        0.150057E+01             0.03777
       50         0.300000E+00        0.321264E+00             7.08815
       51         0.150000E+01        0.310471E+01           106.98034
       52         0.150000E+01        0.149024E+01            -0.65054
       53         0.300000E+00        0.324240E+00             8.07984
       54         0.150000E+01        0.320169E+01           113.44595
       55         0.150000E+01        0.149054E+01            -0.63093
       56         0.300000E+00        0.342165E+00            14.05507
       57         0.150000E+01        0.330407E+01           120.27129
       58         0.150000E+01        0.149377E+01            -0.41555
       59         0.300000E+00        0.341735E+00            13.91173
       60         0.150000E+01        0.341019E+01           127.34584
       61         0.150000E+01        0.149961E+01            -0.02571
       62         0.300000E+00        0.332692E+00            10.89747
       63         0.150000E+01        0.351661E+01           134.44036
       64         0.150000E+01        0.148812E+01            -0.79228
       65         0.300000E+00        0.333573E+00            11.19113
       66         0.150000E+01        0.363171E+01           142.11423
       67         0.150000E+01        0.148444E+01            -1.03728
       68         0.300000E+00        0.327773E+00             9.25780
       69         0.150000E+01        0.365163E+01           143.44185
       70         0.150000E+01        0.148644E+01            -0.90394
       71         0.300000E+00        0.330330E+00            10.10986
       72         0.150000E+01        0.367939E+01           145.29254
       73         0.150000E+01        0.148759E+01            -0.82737
       74         0.300000E+00        0.354852E+00            18.28393
       75         0.150000E+01        0.371597E+01           147.73155
       76         0.150000E+01        0.148855E+01            -0.76317
       77         0.300000E+00        0.355551E+00            18.51703
       78         0.150000E+01        0.375894E+01           150.59588
       79         0.150000E+01        0.148847E+01            -0.76899
       80         0.300000E+00        0.359371E+00            19.79033
       81         0.150000E+01        0.380858E+01           153.90541
       82         0.150000E+01        0.148870E+01            -0.75362
       83         0.300000E+00        0.359561E+00            19.85377
       84         0.150000E+01        0.386618E+01           157.74516
       85         0.150000E+01        0.148797E+01            -0.80180
       86         0.300000E+00        0.369314E+00            23.10473
       87         0.150000E+01        0.393125E+01           162.08338
       88         0.150000E+01        0.148764E+01            -0.82399
       89         0.300000E+00        0.369834E+00            23.27814
       90         0.150000E+01        0.400685E+01           167.12342
       91         0.150000E+01        0.148826E+01            -0.78260
       92         0.300000E+00        0.369015E+00            23.00502
       93         0.150000E+01        0.409177E+01           172.78466
       94         0.150000E+01        0.149089E+01            -0.60702
       95         0.300000E+00        0.366065E+00            22.02175
       96         0.150000E+01        0.418317E+01           178.87805
       97         0.150000E+01        0.148603E+01            -0.93151
       98         0.300000E+00        0.366433E+00            22.14428
       99         0.150000E+01        0.428423E+01           185.61546
      100         0.150000E+01        0.148666E+01            -0.88942
      101         0.300000E+00        0.361886E+00            20.62878
      102         0.150000E+01        0.439501E+01           193.00035
      103         0.150000E+01        0.148683E+01            -0.87803
      104         0.300000E+00        0.361059E+00            20.35305
      105         0.150000E+01        0.451506E+01           201.00383
      106         0.150000E+01        0.148571E+01            -0.95284
      107         0.300000E+00        0.345664E+00            15.22136
      108         0.150000E+01        0.464512E+01           209.67457
      109         0.150000E+01        0.148399E+01            -1.06747
      110         0.300000E+00        0.343935E+00            14.64516
      111         0.150000E+01        0.478701E+01           219.13375
      112         0.150000E+01        0.147919E+01            -1.38715
      113         0.300000E+00        0.341830E+00            13.94321
      114         0.150000E+01        0.484439E+01           222.95947
      115         0.150000E+01        0.148694E+01            -0.87096
      116         0.300000E+00        0.349841E+00            16.61361
      117         0.150000E+01        0.491253E+01           227.50192
      118         0.150000E+01        0.149352E+01            -0.43221
      119         0.300000E+00        0.351337E+00            17.11244
      120         0.150000E+01        0.498452E+01           232.30148
      121         0.150000E+01        0.148670E+01            -0.88681
      122         0.300000E+00        0.352011E+00            17.33692
      123         0.150000E+01        0.506792E+01           237.86164
      124         0.150000E+01        0.148352E+01            -1.09892
      125         0.300000E+00        0.347360E+00            15.78657
      126         0.150000E+01        0.516239E+01           244.15907
      127         0.150000E+01        0.148399E+01            -1.06714
      128         0.300000E+00        0.335436E+00            11.81213
      129         0.150000E+01        0.518578E+01           245.71841
      130         0.150000E+01        0.149130E+01            -0.57990
      131         0.300000E+00        0.336603E+00            12.20111
      132         0.150000E+01        0.521497E+01           247.66458
      133         0.150000E+01        0.148817E+01            -0.78842
      134         0.300000E+00        0.338075E+00            12.69158
      135         0.150000E+01        0.525544E+01           250.36234
      136         0.150000E+01        0.148459E+01            -1.02708
      137         0.300000E+00        0.342453E+00            14.15112
      138         0.150000E+01        0.530660E+01           253.77342
      139         0.150000E+01        0.148196E+01            -1.20287
      140         0.300000E+00        0.336266E+00            12.08875
      141         0.150000E+01        0.536640E+01           257.75984
      142         0.150000E+01        0.147095E+01            -1.93637
      143         0.300000E+00        0.335053E+00            11.68428
      144         0.150000E+01        0.532648E+01           255.09840
      145         0.150000E+01        0.148155E+01            -1.22982
      146         0.300000E+00        0.336572E+00            12.19074
      147         0.150000E+01        0.529664E+01           253.10956
      148         0.150000E+01        0.148686E+01            -0.87630
      149         0.300000E+00        0.348817E+00            16.27217
      150         0.150000E+01        0.527704E+01           251.80236
      151         0.150000E+01        0.148582E+01            -0.94559
      152         0.300000E+00        0.352972E+00            17.65735
      153         0.150000E+01        0.526731E+01           251.15409
      154         0.150000E+01        0.148689E+01            -0.87420
      155         0.300000E+00        0.352676E+00            17.55850
      156         0.150000E+01        0.526855E+01           251.23659
      157         0.150000E+01        0.148130E+01            -1.24678
      158         0.300000E+00        0.332889E+00            10.96288
      159         0.150000E+01        0.528046E+01           252.03042
      160         0.150000E+01        0.146522E+01            -2.31887
      161         0.300000E+00        0.313457E+00             4.48569
      162         0.150000E+01        0.517815E+01           245.20973
      163         0.150000E+01        0.148477E+01            -1.01534
      164         0.300000E+00        0.330071E+00            10.02377
      165         0.150000E+01        0.508381E+01           238.92087
      166         0.150000E+01        0.148888E+01            -0.74117
      167         0.300000E+00        0.330561E+00            10.18683
      168         0.150000E+01        0.499763E+01           233.17533
      169         0.150000E+01        0.149071E+01            -0.61963
      170         0.300000E+00        0.334685E+00            11.56180
      171         0.150000E+01        0.491788E+01           227.85879
      172         0.150000E+01        0.148573E+01            -0.95126
      173         0.300000E+00        0.337445E+00            12.48176
      174         0.150000E+01        0.484799E+01           223.19912
      175         0.150000E+01        0.149057E+01            -0.62888
      176         0.300000E+00        0.336949E+00            12.31633
      177         0.150000E+01        0.478513E+01           219.00843
      178         0.150000E+01        0.149317E+01            -0.45526
      179         0.300000E+00        0.328180E+00             9.39334
      180         0.150000E+01        0.472742E+01           215.16105
      181         0.150000E+01        0.148159E+01            -1.22749
      182         0.300000E+00        0.323662E+00             7.88741
      183         0.150000E+01        0.461049E+01           207.36595
      184         0.150000E+01        0.148653E+01            -0.89808
      185         0.300000E+00        0.325110E+00             8.36990
      186         0.150000E+01        0.450216E+01           200.14388
      187         0.150000E+01        0.149326E+01            -0.44941
      188         0.300000E+00        0.325643E+00             8.54753
      189         0.150000E+01        0.440137E+01           193.42476
      190         0.150000E+01        0.149409E+01            -0.39383
      191         0.300000E+00        0.330869E+00            10.28975
      192         0.150000E+01        0.430585E+01           187.05671
      193         0.150000E+01        0.148747E+01            -0.83525
      194         0.300000E+00        0.336544E+00            12.18119
      195         0.150000E+01        0.421959E+01           181.30618
      196         0.150000E+01        0.149257E+01            -0.49511
      197         0.300000E+00        0.336042E+00            12.01394
      198         0.150000E+01        0.413894E+01           175.92912
      199         0.150000E+01        0.149109E+01            -0.59408
      200         0.300000E+00        0.322936E+00             7.64527
      201         0.150000E+01        0.406460E+01           170.97319
      202         0.150000E+01        0.149350E+01            -0.43356
      203         0.300000E+00        0.321458E+00             7.15273
      204         0.150000E+01        0.401447E+01           167.63106
      205         0.150000E+01        0.146878E+01            -2.08140
      206         0.300000E+00        0.313266E+00             4.42216
      207         0.150000E+01        0.382210E+01           154.80648
      208         0.150000E+01        0.148632E+01            -0.91214
      209         0.300000E+00        0.316536E+00             5.51199
      210         0.150000E+01        0.363949E+01           142.63241
      211         0.150000E+01        0.149206E+01            -0.52912
      212         0.300000E+00        0.318582E+00             6.19402
      213         0.150000E+01        0.346232E+01           130.82120
      214         0.150000E+01        0.149001E+01            -0.66572
      215         0.300000E+00        0.341199E+00            13.73304
      216         0.150000E+01        0.329391E+01           119.59413
      217         0.150000E+01        0.148875E+01            -0.75002
      218         0.300000E+00        0.354669E+00            18.22305
      219         0.150000E+01        0.313211E+01           108.80732
      220         0.150000E+01        0.148836E+01            -0.77620
      221         0.300000E+00        0.355294E+00            18.43133
      222         0.150000E+01        0.298036E+01            98.69081
      223         0.150000E+01        0.149123E+01            -0.58459
      224         0.300000E+00        0.352736E+00            17.57880
      225         0.150000E+01        0.283624E+01            89.08290
      226         0.150000E+01        0.149687E+01            -0.20876
      227         0.300000E+00        0.351547E+00            17.18228
 INFO::writing final control vector to x.b
 INFO::writing prior uncertainty (physical units) to sx.b
 INFO::runretrieval:start uncertainty analysis on state...
 
 INFO::ua:SVD done with ierr =          0
 
 INFO::runretrieval:...uncertainty analysis on state DONE
 
       Extreme off diagonal correlations
            Min/Max                 value    i    j
                Min              -0.02875  120  118
                Max               0.48695  227  224
 
 INFO::finishdf:target file ***controlvector_prior.nc*** successfully written.
 INFO::finishdf:target file ***controlvector_post.nc*** successfully written.
('exp_list length: ', '1')
/home/users/ewanp82/projects/ret_tool_s3
str, obs_s2
0.01
0.5
0.05
0.5
str, obs_s1
str, time_start
str, site_nml
0.001
3.0
0.1
0.05
float, gtol
float, s1_vv_uncfloor
float, s2_uncfloor
str, time_end
str, dynmodunc_inifile
float, s1_vh_uncfloor
float, s2_relunc
float, s1_unc
/gws/nopw/j04/odanceo/epinnington/sen_syn/508_med_flat_hv_b4b5b6b7b8b8a_0
<type 'netCDF4._netCDF4.Dataset'>
root group (NETCDF4 data model, file format HDF5):
    institution: The Inversion Lab, Hamburg, Germany
    date_created: 20210906T11:25:10+01:00
    optimisation_tag: SUCCESSFUL
    dimensions(sizes): nparam_s1(2), npoints(75)
    variables(dimensions): float64 [4mtime[0m(npoints), int32 [4msim_typ[0m(npoints), float64 [4mlaicoeff[0m(nparam_s1), float64 [4mlaicoeff_unc[0m(nparam_s1), float64 [4mlai[0m(npoints), float64 [4mcanht[0m(npoints), float64 [4msm[0m(npoints), float64 [4mlai_unc[0m(npoints), float64 [4mcanht_unc[0m(npoints), float64 [4msm_unc[0m(npoints)
    groups: 

[datetime.datetime(2017, 3, 23, 5, 26)
 datetime.datetime(2017, 3, 24, 5, 17)
 datetime.datetime(2017, 3, 25, 17, 6)
 datetime.datetime(2017, 3, 26, 16, 58)
 datetime.datetime(2017, 3, 28, 10, 20)
 datetime.datetime(2017, 3, 29, 5, 26)
 datetime.datetime(2017, 3, 30, 5, 17)
 datetime.datetime(2017, 3, 31, 17, 6)
 datetime.datetime(2017, 4, 4, 5, 26) datetime.datetime(2017, 4, 5, 5, 17)
 datetime.datetime(2017, 4, 6, 17, 6)
 datetime.datetime(2017, 4, 7, 16, 58)
 datetime.datetime(2017, 4, 10, 5, 26)
 datetime.datetime(2017, 4, 11, 5, 17)
 datetime.datetime(2017, 4, 12, 17, 6)
 datetime.datetime(2017, 4, 16, 5, 26)
 datetime.datetime(2017, 4, 17, 5, 17)
 datetime.datetime(2017, 4, 18, 17, 6)
 datetime.datetime(2017, 4, 19, 16, 58)
 datetime.datetime(2017, 4, 22, 5, 26)
 datetime.datetime(2017, 4, 23, 5, 17)
 datetime.datetime(2017, 4, 24, 10, 10)
 datetime.datetime(2017, 4, 24, 17, 6)
 datetime.datetime(2017, 4, 28, 5, 26)
 datetime.datetime(2017, 4, 29, 5, 17)
 datetime.datetime(2017, 4, 30, 17, 6)
 datetime.datetime(2017, 5, 1, 16, 58)
 datetime.datetime(2017, 5, 4, 5, 26) datetime.datetime(2017, 5, 5, 5, 17)
 datetime.datetime(2017, 5, 6, 17, 6)
 datetime.datetime(2017, 5, 10, 5, 26)
 datetime.datetime(2017, 5, 11, 5, 17)
 datetime.datetime(2017, 5, 12, 17, 6)
 datetime.datetime(2017, 5, 13, 16, 58)
 datetime.datetime(2017, 5, 16, 5, 26)
 datetime.datetime(2017, 5, 17, 5, 17)
 datetime.datetime(2017, 5, 17, 10, 20)
 datetime.datetime(2017, 5, 18, 17, 6)
 datetime.datetime(2017, 5, 22, 5, 26)
 datetime.datetime(2017, 5, 23, 5, 17)
 datetime.datetime(2017, 5, 24, 17, 6)
 datetime.datetime(2017, 5, 27, 10, 20)
 datetime.datetime(2017, 5, 28, 5, 26)
 datetime.datetime(2017, 5, 29, 5, 17)
 datetime.datetime(2017, 5, 30, 17, 6)
 datetime.datetime(2017, 6, 3, 5, 26)
 datetime.datetime(2017, 6, 3, 10, 10)
 datetime.datetime(2017, 6, 4, 5, 17) datetime.datetime(2017, 6, 5, 17, 6)
 datetime.datetime(2017, 6, 9, 5, 26)
 datetime.datetime(2017, 6, 10, 5, 17)
 datetime.datetime(2017, 6, 11, 17, 6)
 datetime.datetime(2017, 6, 13, 10, 10)
 datetime.datetime(2017, 6, 15, 5, 26)
 datetime.datetime(2017, 6, 16, 5, 17)
 datetime.datetime(2017, 6, 17, 17, 6)
 datetime.datetime(2017, 6, 21, 5, 26)
 datetime.datetime(2017, 6, 22, 5, 17)
 datetime.datetime(2017, 6, 23, 17, 6)
 datetime.datetime(2017, 6, 26, 10, 20)
 datetime.datetime(2017, 6, 27, 5, 26)
 datetime.datetime(2017, 6, 28, 5, 17)
 datetime.datetime(2017, 6, 29, 17, 6)
 datetime.datetime(2017, 7, 3, 5, 26) datetime.datetime(2017, 7, 4, 5, 17)
 datetime.datetime(2017, 7, 5, 17, 6)
 datetime.datetime(2017, 7, 6, 10, 20)
 datetime.datetime(2017, 7, 8, 10, 10)
 datetime.datetime(2017, 7, 9, 5, 26)
 datetime.datetime(2017, 7, 10, 5, 17)
 datetime.datetime(2017, 7, 11, 17, 6)
 datetime.datetime(2017, 7, 15, 5, 26)
 datetime.datetime(2017, 7, 16, 5, 17)
 datetime.datetime(2017, 7, 17, 17, 6)
 datetime.datetime(2017, 7, 18, 10, 10)]
[    0   114   329   472   720   835   972  1187  1693  1836  2051  2194
  2557  2700  2915  3421  3564  3779  3922  4285  4428  4601  4643  5149
  5292  5507  5650  6013  6156  6371  6877  7020  7235  7378  7741  7884
  7914  8099  8605  8748  8963  9354  9469  9612  9827 10333 10361 10476
 10691 11197 11340 11555 11801 12061 12204 12419 12925 13068 13283 13674
 13789 13932 14147 14653 14796 15011 15114 15401 15517 15660 15875 16381
 16524 16739 16841]
/gws/nopw/j04/odanceo/epinnington/sen_syn/508_med_flat_hv_b4b5b6b7b8b8a_0
<type 'netCDF4._netCDF4.Dataset'>
root group (NETCDF4 data model, file format HDF5):
    institution: The Inversion Lab, Hamburg, Germany
    date_created: 20210906T11:25:10+01:00
    optimisation_tag: SUCCESSFUL
    dimensions(sizes): nparam_s1(2), npoints(75)
    variables(dimensions): float64 [4mtime[0m(npoints), int32 [4msim_typ[0m(npoints), float64 [4mlaicoeff[0m(nparam_s1), float64 [4mlaicoeff_unc[0m(nparam_s1), float64 [4mlai[0m(npoints), float64 [4mcanht[0m(npoints), float64 [4msm[0m(npoints), float64 [4mlai_unc[0m(npoints), float64 [4mcanht_unc[0m(npoints), float64 [4msm_unc[0m(npoints)
    groups: 

[datetime.datetime(2017, 3, 23, 5, 26)
 datetime.datetime(2017, 3, 24, 5, 17)
 datetime.datetime(2017, 3, 25, 17, 6)
 datetime.datetime(2017, 3, 26, 16, 58)
 datetime.datetime(2017, 3, 28, 10, 20)
 datetime.datetime(2017, 3, 29, 5, 26)
 datetime.datetime(2017, 3, 30, 5, 17)
 datetime.datetime(2017, 3, 31, 17, 6)
 datetime.datetime(2017, 4, 4, 5, 26) datetime.datetime(2017, 4, 5, 5, 17)
 datetime.datetime(2017, 4, 6, 17, 6)
 datetime.datetime(2017, 4, 7, 16, 58)
 datetime.datetime(2017, 4, 10, 5, 26)
 datetime.datetime(2017, 4, 11, 5, 17)
 datetime.datetime(2017, 4, 12, 17, 6)
 datetime.datetime(2017, 4, 16, 5, 26)
 datetime.datetime(2017, 4, 17, 5, 17)
 datetime.datetime(2017, 4, 18, 17, 6)
 datetime.datetime(2017, 4, 19, 16, 58)
 datetime.datetime(2017, 4, 22, 5, 26)
 datetime.datetime(2017, 4, 23, 5, 17)
 datetime.datetime(2017, 4, 24, 10, 10)
 datetime.datetime(2017, 4, 24, 17, 6)
 datetime.datetime(2017, 4, 28, 5, 26)
 datetime.datetime(2017, 4, 29, 5, 17)
 datetime.datetime(2017, 4, 30, 17, 6)
 datetime.datetime(2017, 5, 1, 16, 58)
 datetime.datetime(2017, 5, 4, 5, 26) datetime.datetime(2017, 5, 5, 5, 17)
 datetime.datetime(2017, 5, 6, 17, 6)
 datetime.datetime(2017, 5, 10, 5, 26)
 datetime.datetime(2017, 5, 11, 5, 17)
 datetime.datetime(2017, 5, 12, 17, 6)
 datetime.datetime(2017, 5, 13, 16, 58)
 datetime.datetime(2017, 5, 16, 5, 26)
 datetime.datetime(2017, 5, 17, 5, 17)
 datetime.datetime(2017, 5, 17, 10, 20)
 datetime.datetime(2017, 5, 18, 17, 6)
 datetime.datetime(2017, 5, 22, 5, 26)
 datetime.datetime(2017, 5, 23, 5, 17)
 datetime.datetime(2017, 5, 24, 17, 6)
 datetime.datetime(2017, 5, 27, 10, 20)
 datetime.datetime(2017, 5, 28, 5, 26)
 datetime.datetime(2017, 5, 29, 5, 17)
 datetime.datetime(2017, 5, 30, 17, 6)
 datetime.datetime(2017, 6, 3, 5, 26)
 datetime.datetime(2017, 6, 3, 10, 10)
 datetime.datetime(2017, 6, 4, 5, 17) datetime.datetime(2017, 6, 5, 17, 6)
 datetime.datetime(2017, 6, 9, 5, 26)
 datetime.datetime(2017, 6, 10, 5, 17)
 datetime.datetime(2017, 6, 11, 17, 6)
 datetime.datetime(2017, 6, 13, 10, 10)
 datetime.datetime(2017, 6, 15, 5, 26)
 datetime.datetime(2017, 6, 16, 5, 17)
 datetime.datetime(2017, 6, 17, 17, 6)
 datetime.datetime(2017, 6, 21, 5, 26)
 datetime.datetime(2017, 6, 22, 5, 17)
 datetime.datetime(2017, 6, 23, 17, 6)
 datetime.datetime(2017, 6, 26, 10, 20)
 datetime.datetime(2017, 6, 27, 5, 26)
 datetime.datetime(2017, 6, 28, 5, 17)
 datetime.datetime(2017, 6, 29, 17, 6)
 datetime.datetime(2017, 7, 3, 5, 26) datetime.datetime(2017, 7, 4, 5, 17)
 datetime.datetime(2017, 7, 5, 17, 6)
 datetime.datetime(2017, 7, 6, 10, 20)
 datetime.datetime(2017, 7, 8, 10, 10)
 datetime.datetime(2017, 7, 9, 5, 26)
 datetime.datetime(2017, 7, 10, 5, 17)
 datetime.datetime(2017, 7, 11, 17, 6)
 datetime.datetime(2017, 7, 15, 5, 26)
 datetime.datetime(2017, 7, 16, 5, 17)
 datetime.datetime(2017, 7, 17, 17, 6)
 datetime.datetime(2017, 7, 18, 10, 10)]
/gws/nopw/j04/odanceo/epinnington/sen_syn/508_med_flat_hv_b4b5b6b7b8b8a_0
<type 'netCDF4._netCDF4.Dataset'>
root group (NETCDF4 data model, file format HDF5):
    institution: The Inversion Lab, Hamburg, Germany
    date_created: 20210906T11:25:10+01:00
    optimisation_tag: SUCCESSFUL
    dimensions(sizes): nparam_s1(2), npoints(75)
    variables(dimensions): float64 [4mtime[0m(npoints), int32 [4msim_typ[0m(npoints), float64 [4mlaicoeff[0m(nparam_s1), float64 [4mlaicoeff_unc[0m(nparam_s1), float64 [4mlai[0m(npoints), float64 [4mcanht[0m(npoints), float64 [4msm[0m(npoints), float64 [4mlai_unc[0m(npoints), float64 [4mcanht_unc[0m(npoints), float64 [4msm_unc[0m(npoints)
    groups: 

[datetime.datetime(2017, 3, 23, 5, 26)
 datetime.datetime(2017, 3, 24, 5, 17)
 datetime.datetime(2017, 3, 25, 17, 6)
 datetime.datetime(2017, 3, 26, 16, 58)
 datetime.datetime(2017, 3, 28, 10, 20)
 datetime.datetime(2017, 3, 29, 5, 26)
 datetime.datetime(2017, 3, 30, 5, 17)
 datetime.datetime(2017, 3, 31, 17, 6)
 datetime.datetime(2017, 4, 4, 5, 26) datetime.datetime(2017, 4, 5, 5, 17)
 datetime.datetime(2017, 4, 6, 17, 6)
 datetime.datetime(2017, 4, 7, 16, 58)
 datetime.datetime(2017, 4, 10, 5, 26)
 datetime.datetime(2017, 4, 11, 5, 17)
 datetime.datetime(2017, 4, 12, 17, 6)
 datetime.datetime(2017, 4, 16, 5, 26)
 datetime.datetime(2017, 4, 17, 5, 17)
 datetime.datetime(2017, 4, 18, 17, 6)
 datetime.datetime(2017, 4, 19, 16, 58)
 datetime.datetime(2017, 4, 22, 5, 26)
 datetime.datetime(2017, 4, 23, 5, 17)
 datetime.datetime(2017, 4, 24, 10, 10)
 datetime.datetime(2017, 4, 24, 17, 6)
 datetime.datetime(2017, 4, 28, 5, 26)
 datetime.datetime(2017, 4, 29, 5, 17)
 datetime.datetime(2017, 4, 30, 17, 6)
 datetime.datetime(2017, 5, 1, 16, 58)
 datetime.datetime(2017, 5, 4, 5, 26) datetime.datetime(2017, 5, 5, 5, 17)
 datetime.datetime(2017, 5, 6, 17, 6)
 datetime.datetime(2017, 5, 10, 5, 26)
 datetime.datetime(2017, 5, 11, 5, 17)
 datetime.datetime(2017, 5, 12, 17, 6)
 datetime.datetime(2017, 5, 13, 16, 58)
 datetime.datetime(2017, 5, 16, 5, 26)
 datetime.datetime(2017, 5, 17, 5, 17)
 datetime.datetime(2017, 5, 17, 10, 20)
 datetime.datetime(2017, 5, 18, 17, 6)
 datetime.datetime(2017, 5, 22, 5, 26)
 datetime.datetime(2017, 5, 23, 5, 17)
 datetime.datetime(2017, 5, 24, 17, 6)
 datetime.datetime(2017, 5, 27, 10, 20)
 datetime.datetime(2017, 5, 28, 5, 26)
 datetime.datetime(2017, 5, 29, 5, 17)
 datetime.datetime(2017, 5, 30, 17, 6)
 datetime.datetime(2017, 6, 3, 5, 26)
 datetime.datetime(2017, 6, 3, 10, 10)
 datetime.datetime(2017, 6, 4, 5, 17) datetime.datetime(2017, 6, 5, 17, 6)
 datetime.datetime(2017, 6, 9, 5, 26)
 datetime.datetime(2017, 6, 10, 5, 17)
 datetime.datetime(2017, 6, 11, 17, 6)
 datetime.datetime(2017, 6, 13, 10, 10)
 datetime.datetime(2017, 6, 15, 5, 26)
 datetime.datetime(2017, 6, 16, 5, 17)
 datetime.datetime(2017, 6, 17, 17, 6)
 datetime.datetime(2017, 6, 21, 5, 26)
 datetime.datetime(2017, 6, 22, 5, 17)
 datetime.datetime(2017, 6, 23, 17, 6)
 datetime.datetime(2017, 6, 26, 10, 20)
 datetime.datetime(2017, 6, 27, 5, 26)
 datetime.datetime(2017, 6, 28, 5, 17)
 datetime.datetime(2017, 6, 29, 17, 6)
 datetime.datetime(2017, 7, 3, 5, 26) datetime.datetime(2017, 7, 4, 5, 17)
 datetime.datetime(2017, 7, 5, 17, 6)
 datetime.datetime(2017, 7, 6, 10, 20)
 datetime.datetime(2017, 7, 8, 10, 10)
 datetime.datetime(2017, 7, 9, 5, 26)
 datetime.datetime(2017, 7, 10, 5, 17)
 datetime.datetime(2017, 7, 11, 17, 6)
 datetime.datetime(2017, 7, 15, 5, 26)
 datetime.datetime(2017, 7, 16, 5, 17)
 datetime.datetime(2017, 7, 17, 17, 6)
 datetime.datetime(2017, 7, 18, 10, 10)]
ran experiment 0
