which python
bin/rs_setup.py
------------------------------
 Retrieval System Setup properly finished, Retrieval System ready for use!
------------------------------
2021-09-06 13:05:35,721 INFO::<module>:: rs_pre.py::PROGRAM START::2021-09-06T13:05:35.721019
2021-09-06 13:05:35,721 INFO::<module>:: command-line: bin/rs_pre.py pre_general --ctlvec_relunc 0.01 0.5 0.05 0.5 --obs_s1 /home/users/ewanp82/projects/ret_tool_s3/S1/mni_s1_508_low_hv.csv --time_start 20170323 --site_nml /home/users/ewanp82/projects/ret_tool_s3/site_new_test.nml --ctlvec_uncfloor 0.001 3.0 0.1 0.05 --gtol 1.0 --s1_vv_uncfloor 0.004 --s2_uncfloor 0.02 --time_end 20170720 --dynmodunc_inifile /home/users/ewanp82/projects/ret_tool_s3/mod_ini/dynmod_vtight.ini --s1_vh_uncfloor 1e-05 --s2_relunc 0.05 --s1_unc 1.6
2021-09-06 13:05:35,733 INFO::main:: user selection +++pre_general+++
2021-09-06 13:05:35,733 INFO::pre_general:: start setup of general retrieval setup...
2021-09-06 13:05:36,721 INFO::pre_general:: Copied default namelist file ***/home/users/ewanp82/projects/ret_tool_s3/site_new_test.nml*** to current working directory.
2021-09-06 13:05:36,722 INFO::pre_general:: START reading namelist ***site.nml***...
2021-09-06 13:05:36,729 INFO::pre_general:: ...reading DONE
2021-09-06 13:05:36,740 INFO::load_obs_csv:: observation data loaded from file ***/home/users/ewanp82/projects/ret_tool_s3/S1/mni_s1_508_low_hv.csv***
2021-09-06 13:05:36,742 INFO::load_obs_csv:: detected ntimepts=65 #columns=10 in csv file
2021-09-06 13:05:36,742 INFO::load_obs_csv:: start reading S1 observations...
2021-09-06 13:05:36,742 INFO::load_obs_csv:: observational backscatter values are assumed to be in linear units!
2021-09-06 13:05:36,742 INFO::load_obs_csv:: VH backscatter values read: VH[linear] min/max=0.00231136917137/0.0682727992535
2021-09-06 13:05:36,742 INFO::load_obs_csv:: VV backscatter values read: VV[linear] min/max=-99999.0/-99999.0
2021-09-06 13:05:36,742 INFO::load_obs_csv:: assuming S1 observational uncertainty of 1.6 [dB] yields relative uncertainty of 0.376804399913 [linear unit].
2021-09-06 13:05:36,742 INFO::load_obs_csv:: assuming vv=0.004 vh=1e-05 S1 observational uncertainty floor [linear unit].
2021-09-06 13:05:36,743 INFO::load_obs_csv:: number of applied uncertainty floor values on VH=0 VV=65
2021-09-06 13:05:36,743 INFO::load_obs_csv:: determined VH uncertainty in linear units, min/max=0.000870934073597/0.0257254911531
2021-09-06 13:05:36,743 INFO::load_obs_csv:: determined VV uncertainty in linear units, min/max=0.004/0.004
2021-09-06 13:05:36,743 INFO::load_obs_csv:: ...reading S1 observations DONE
2021-09-06 13:05:36,743 INFO::setup_common_schedule:: determined ntpts=65
2021-09-06 13:05:36,743 INFO::setup_common_schedule:: common schedule yields time-points  S1A=0 S1B=65 S2A=0 S2B=0 other=0
2021-09-06 13:05:36,743 INFO::_set_priorunc:: applied relative uncertainty 0.01 on lai coefficients.
2021-09-06 13:05:36,743 INFO::_set_priorunc:: applied relative uncertainty on state vector components, lai_relunc=0.5 canht_relunc=0.05 sm_relunc=0.5
2021-09-06 13:05:36,743 INFO::_set_priorunc:: uncertainty floor values were applied as follows: lai_uncfloor=3.0 canht_uncfloor=0.1 sm_uncfloor=0.05
2021-09-06 13:05:36,748 INFO::set_dynmodel:: START reading values on dynamical model uncertainties from ***/home/users/ewanp82/projects/ret_tool_s3/mod_ini/dynmod_vtight.ini***...
2021-09-06 13:05:36,750 INFO::set_dynmodel:: ...reading DONE
2021-09-06 13:05:36,750 INFO::pre_general:: ...general retrieval setup DONE
2021-09-06 13:05:36,750 INFO::pre_general:: START writing input files for retrieval system...
2021-09-06 13:05:36,750 INFO::ncwrt_retrieval_config:: Start writing configuration file ***retrconfig.nc***...
2021-09-06 13:05:41,494 INFO::ncwrt_retrieval_config:: ...writing ***retrconfig.nc*** DONE
2021-09-06 13:05:41,495 INFO::ncwrt_retrieval_prior:: Start writing configuration file ***retrprior.nc***...
2021-09-06 13:05:47,174 INFO::ncwrt_retrieval_prior:: ...writing ***retrprior.nc*** DONE
2021-09-06 13:05:47,174 INFO::ncwrt_retrieval_obs_s1:: Start writing configuration file ***obs_s1.nc***...
2021-09-06 13:05:51,213 INFO::ncwrt_retrieval_obs_s1:: ...writing ***obs_s1.nc*** DONE
2021-09-06 13:05:51,213 INFO::ncwrt_retrieval_model:: Start writing configuration file ***retrmodel.nc***...
2021-09-06 13:06:34,682 INFO::ncwrt_retrieval_model:: ...writing ***retrmodel.nc*** DONE
2021-09-06 13:06:34,683 INFO::wrt_nml_retrieval_control:: Start writing configuration file ***retrctl.nml***...
2021-09-06 13:06:34,808 INFO::wrt_nml_retrieval_control:: ...writing ***retrctl.nml*** DONE
2021-09-06 13:06:34,809 INFO::wrt_nml_controlvector_bounds:: Start writing configuration file ***retrctlvecbounds.nml***...
2021-09-06 13:06:34,950 INFO::wrt_nml_controlvector_bounds:: ...writing ***retrctlvecbounds.nml*** DONE
2021-09-06 13:06:34,950 INFO::pre_general:: ...writing input files for retrieval system DONE
gfortran -Wall -ffixed-line-length-132 -fdefault-real-8 -fdefault-double-8 -I/usr/include -Iobjs -Jobjs -O3 -funroll-loops -floop-block -ftree-loop-distribution -march=native -I/usr/lib64/gfortran/modules/  -c -o objs/mo_sensimul_s1.o src/sense/mo_sensimul_s1.f90
gfortran -Wall -ffixed-line-length-132 -fdefault-real-8 -fdefault-double-8 -I/usr/include -Iobjs -Jobjs -O3 -funroll-loops -floop-block -ftree-loop-distribution -march=native -I/usr/lib64/gfortran/modules/  -c -o objs/mo_sensimul_s2.o src/semid/mo_sensimul_s2.f90
gfortran -Wall -ffixed-line-length-132 -fdefault-real-8 -fdefault-double-8 -I/usr/include -Iobjs -Jobjs -O3 -funroll-loops -floop-block -ftree-loop-distribution -march=native -I/usr/lib64/gfortran/modules/  -c -o objs/mo_sensimul.o src/simulator/mo_sensimul.f90
gfortran -Wall -ffixed-line-length-132 -fdefault-real-8 -fdefault-double-8 -I/usr/include -Iobjs -Jobjs -O3 -funroll-loops -floop-block -ftree-loop-distribution -march=native -I/usr/lib64/gfortran/modules/  -c -o objs/runretrieval.o driver/runretrieval.f90
gfortran -Wall -ffixed-line-length-132 -fdefault-real-8 -fdefault-double-8 -I/usr/include -Iobjs -Jobjs -O3 -funroll-loops -floop-block -ftree-loop-distribution -march=native -I/usr/lib64/gfortran/modules/  -c -o objs/mo_retrieval.o src/retrieval/mo_retrieval.f90
gfortran -Wall -ffixed-line-length-132 -fdefault-real-8 -fdefault-double-8 -I/usr/include -Iobjs -Jobjs -O3 -funroll-loops -floop-block -ftree-loop-distribution -march=native -I/usr/lib64/gfortran/modules/  -c -o objs/cost.o src/retrieval/cost.f90
gfortran -Wall -ffixed-line-length-132 -fdefault-real-8 -fdefault-double-8 -I/usr/include -Iobjs -Jobjs -O3 -funroll-loops -floop-block -ftree-loop-distribution -march=native -I/usr/lib64/gfortran/modules/  -c -o objs/misfit.o src/retrieval/misfit.f90
gfortran -Wall -ffixed-line-length-132 -fdefault-real-8 -fdefault-double-8 -I/usr/include -Iobjs -Jobjs -O3 -funroll-loops -floop-block -ftree-loop-distribution -march=native -I/usr/lib64/gfortran/modules/  -c -o objs/prior.o src/retrieval/prior.f90
gfortran -Wall -ffixed-line-length-132 -fdefault-real-8 -fdefault-double-8 -I/usr/include -Iobjs -Jobjs -O3 -funroll-loops -floop-block -ftree-loop-distribution -march=native -I/usr/lib64/gfortran/modules/  -c -o objs/retrieval_control.o src/retrieval/retrieval_control.f90
gfortran -Wall -ffixed-line-length-132 -fdefault-real-8 -fdefault-double-8 -I/usr/include -Iobjs -Jobjs -O3 -funroll-loops -floop-block -ftree-loop-distribution -march=native -I/usr/lib64/gfortran/modules/  -c -o objs/DIFFSIZES.o src/derivatives/DIFFSIZES.f90
gfortran -Wall -ffixed-line-length-132 -fdefault-real-8 -fdefault-double-8 -I/usr/include -Iobjs -Jobjs -O3 -funroll-loops -floop-block -ftree-loop-distribution -march=native -I/usr/lib64/gfortran/modules/  -c -o objs/jacobian.o src/retrieval/jacobian.f90
gfortran -Wall -ffixed-line-length-132 -fdefault-real-8 -fdefault-double-8 -I/usr/include -Iobjs -Jobjs -O3 -funroll-loops -floop-block -ftree-loop-distribution -march=native -I/usr/lib64/gfortran/modules/  -c -o objs/ua.o src/retrieval/ua.f90
gfortran -Wall -ffixed-line-length-132 -fdefault-real-8 -fdefault-double-8 -I/usr/include -Iobjs -Jobjs -O3 -funroll-loops -floop-block -ftree-loop-distribution -march=native -I/usr/lib64/gfortran/modules/  -c -o objs/mo_util.o src/support/mo_util.f90
gfortran -Wall -ffixed-line-length-132 -fdefault-real-8 -fdefault-double-8 -I/usr/include -Iobjs -Jobjs -O3 -funroll-loops -floop-block -ftree-loop-distribution -march=native -I/usr/lib64/gfortran/modules/  -c -o objs/fapar.o src/retrieval/fapar.f90
ar -r lib/libretr.a objs/cost.o objs/misfit.o objs/prior.o objs/mo_retrieval.o objs/retrieval_control.o objs/jacobian.o objs/ua.o objs/fapar.o
gfortran -Wall -ffixed-line-length-132 -fdefault-real-8 -fdefault-double-8 -I/usr/include -Iobjs -Jobjs -O3 -funroll-loops -floop-block -ftree-loop-distribution -march=native -I/usr/lib64/gfortran/modules/  -c -o objs/model.o src/simulator/model.f90
gfortran -Wall -ffixed-line-length-132 -fdefault-real-8 -fdefault-double-8 -I/usr/include -Iobjs -Jobjs -O3 -funroll-loops -floop-block -ftree-loop-distribution -march=native -I/usr/lib64/gfortran/modules/  -c -o objs/price_soil_ftn.o src/semid/price_soil_ftn.f90
gfortran -Wall -ffixed-line-length-132 -fdefault-real-8 -fdefault-double-8 -I/usr/include -Iobjs -Jobjs -O3 -funroll-loops -floop-block -ftree-loop-distribution -march=native -I/usr/lib64/gfortran/modules/  -c -o objs/cost_bw.o src/derivatives/cost_bw.f90
gfortran -Wall -ffixed-line-length-132 -fdefault-real-8 -fdefault-double-8 -I/usr/include -Iobjs -Jobjs -O3 -funroll-loops -floop-block -ftree-loop-distribution -march=native -I/usr/lib64/gfortran/modules/  -c -o objs/cost_fwv.o src/derivatives/cost_fwv.f90
gfortran -Wall -ffixed-line-length-132 -fdefault-real-8 -fdefault-double-8 -I/usr/include -Iobjs -Jobjs -O3 -funroll-loops -floop-block -ftree-loop-distribution -march=native -I/usr/lib64/gfortran/modules/  -c -o objs/ad_support.o src/derivatives/ad_support.f90
gfortran -Wall -ffixed-line-length-132 -fdefault-real-8 -fdefault-double-8 -I/usr/include -Iobjs -Jobjs -O3 -funroll-loops -floop-block -ftree-loop-distribution -march=native -I/usr/lib64/gfortran/modules/  -c -o objs/adBuffer.o src/derivatives/adBuffer.f
/apps/contrib/jaspy/miniconda_envs/jaspy2.7/m2-4.6.14/envs/jaspy2.7-m2-4.6.14-r20190715/bin/x86_64-conda_cos6-linux-gnu-cc -fPIC -Isrc/derivatives -march=nocona -mtune=haswell -ftree-vectorize -fPIC -fstack-protector-strong -fno-plt -O2 -ffunction-sections -pipe  -c -o objs/adStack.o src/derivatives/adStack.c
ar -r lib/libderiv.a objs/cost_bw.o objs/cost_fwv.o objs/ad_support.o objs/DIFFSIZES.o objs/adBuffer.o objs/adStack.o
gfortran -Wall -ffixed-line-length-132 -fdefault-real-8 -fdefault-double-8 -I/usr/include -Iobjs -Jobjs -O3 -funroll-loops -floop-block -ftree-loop-distribution -march=native -I/usr/lib64/gfortran/modules/  -c -o objs/prospect.redux.o src/semid/prospect.redux.f
gfortran -Wall -ffixed-line-length-132 -fdefault-real-8 -fdefault-double-8 -I/usr/include -Iobjs -Jobjs -O3 -funroll-loops -floop-block -ftree-loop-distribution -march=native -I/usr/lib64/gfortran/modules/  -c -o objs/semiDbrf.o src/semid/semiDbrf.f
gfortran -Wall -ffixed-line-length-132 -fdefault-real-8 -fdefault-double-8 -I/usr/include -Iobjs -Jobjs -O3 -funroll-loops -floop-block -ftree-loop-distribution -march=native -I/usr/lib64/gfortran/modules/  -c -o objs/semiDbrfe.o src/semid/semiDbrfe.f
gfortran -Wall -ffixed-line-length-132 -fdefault-real-8 -fdefault-double-8 -I/usr/include -Iobjs -Jobjs -O3 -funroll-loops -floop-block -ftree-loop-distribution -march=native -I/usr/lib64/gfortran/modules/  -c -o objs/semiDtools.o src/semid/semiDtools.f
gfortran -Wall -ffixed-line-length-132 -fdefault-real-8 -fdefault-double-8 -I/usr/include -Iobjs -Jobjs -O3 -funroll-loops -floop-block -ftree-loop-distribution -march=native -I/usr/lib64/gfortran/modules/  -c -o objs/simulate.o src/simulator/simulate.f90
gfortran -Wall -ffixed-line-length-132 -fdefault-real-8 -fdefault-double-8 -I/usr/include -Iobjs -Jobjs -O3 -funroll-loops -floop-block -ftree-loop-distribution -march=native -I/usr/lib64/gfortran/modules/  -c -o objs/mapping.o src/simulator/mapping.f90
gfortran -Wall -ffixed-line-length-132 -fdefault-real-8 -fdefault-double-8 -I/usr/include -Iobjs -Jobjs -O3 -funroll-loops -floop-block -ftree-loop-distribution -march=native -I/usr/lib64/gfortran/modules/  -c -o objs/target_operator.o src/simulator/target_operator.f90
gfortran -Wall -ffixed-line-length-132 -fdefault-real-8 -fdefault-double-8 -I/usr/include -Iobjs -Jobjs -O3 -funroll-loops -floop-block -ftree-loop-distribution -march=native -I/usr/lib64/gfortran/modules/  -c -o objs/prospect_interface_ftn.o src/semid/prospect_interface_ftn.f90
gfortran -Wall -ffixed-line-length-132 -fdefault-real-8 -fdefault-double-8 -I/usr/include -Iobjs -Jobjs -O3 -funroll-loops -floop-block -ftree-loop-distribution -march=native -I/usr/lib64/gfortran/modules/  -c -o objs/semiD_ftn.o src/semid/semiD_ftn.f90
gfortran -Wall -ffixed-line-length-132 -fdefault-real-8 -fdefault-double-8 -I/usr/include -Iobjs -Jobjs -O3 -funroll-loops -floop-block -ftree-loop-distribution -march=native -I/usr/lib64/gfortran/modules/  -c -o objs/canopy.o src/sense/canopy.f90
gfortran -Wall -ffixed-line-length-132 -fdefault-real-8 -fdefault-double-8 -I/usr/include -Iobjs -Jobjs -O3 -funroll-loops -floop-block -ftree-loop-distribution -march=native -I/usr/lib64/gfortran/modules/  -c -o objs/core.o src/sense/core.f90
gfortran -Wall -ffixed-line-length-132 -fdefault-real-8 -fdefault-double-8 -I/usr/include -Iobjs -Jobjs -O3 -funroll-loops -floop-block -ftree-loop-distribution -march=native -I/usr/lib64/gfortran/modules/  -c -o objs/dobson85.o src/sense/dobson85.f90
gfortran -Wall -ffixed-line-length-132 -fdefault-real-8 -fdefault-double-8 -I/usr/include -Iobjs -Jobjs -O3 -funroll-loops -floop-block -ftree-loop-distribution -march=native -I/usr/lib64/gfortran/modules/  -c -o objs/ground.o src/sense/ground.f90
gfortran -Wall -ffixed-line-length-132 -fdefault-real-8 -fdefault-double-8 -I/usr/include -Iobjs -Jobjs -O3 -funroll-loops -floop-block -ftree-loop-distribution -march=native -I/usr/lib64/gfortran/modules/  -c -o objs/Oh92.o src/sense/Oh92.f90
gfortran -Wall -ffixed-line-length-132 -fdefault-real-8 -fdefault-double-8 -I/usr/include -Iobjs -Jobjs -O3 -funroll-loops -floop-block -ftree-loop-distribution -march=native -I/usr/lib64/gfortran/modules/  -c -o objs/scatterer.o src/sense/scatterer.f90
gfortran -Wall -ffixed-line-length-132 -fdefault-real-8 -fdefault-double-8 -I/usr/include -Iobjs -Jobjs -O3 -funroll-loops -floop-block -ftree-loop-distribution -march=native -I/usr/lib64/gfortran/modules/  -c -o objs/soil.o src/sense/soil.f90
gfortran -Wall -ffixed-line-length-132 -fdefault-real-8 -fdefault-double-8 -I/usr/include -Iobjs -Jobjs -O3 -funroll-loops -floop-block -ftree-loop-distribution -march=native -I/usr/lib64/gfortran/modules/  -c -o objs/util.o src/sense/util.f90
gfortran -Wall -ffixed-line-length-132 -fdefault-real-8 -fdefault-double-8 -I/usr/include -Iobjs -Jobjs -O3 -funroll-loops -floop-block -ftree-loop-distribution -march=native -I/usr/lib64/gfortran/modules/  -c -o objs/sense.o src/sense/sense.f90
gfortran -Wall -ffixed-line-length-132 -fdefault-real-8 -fdefault-double-8 -I/usr/include -Iobjs -Jobjs -O3 -funroll-loops -floop-block -ftree-loop-distribution -march=native -I/usr/lib64/gfortran/modules/  -c -o objs/init-finish.o src/simulator/init-finish.f90
gfortran -Wall -ffixed-line-length-132 -fdefault-real-8 -fdefault-double-8 -I/usr/include -Iobjs -Jobjs -O3 -funroll-loops -floop-block -ftree-loop-distribution -march=native -I/usr/lib64/gfortran/modules/  -c -o objs/mo_timing.o src/support/mo_timing.f90
gfortran -Wall -ffixed-line-length-132 -fdefault-real-8 -fdefault-double-8 -I/usr/include -Iobjs -Jobjs -O3 -funroll-loops -floop-block -ftree-loop-distribution -march=native -I/usr/lib64/gfortran/modules/  -c -o objs/sensimul_io.o src/simulator/sensimul_io.f90
ar -r lib/libmodel.a objs/prospect.redux.o objs/semiDbrf.o objs/semiDbrfe.o objs/semiDtools.o objs/mo_sensimul.o objs/simulate.o objs/mapping.o objs/model.o objs/target_operator.o objs/mo_sensimul_s2.o objs/price_soil_ftn.o objs/prospect_interface_ftn.o objs/semiD_ftn.o objs/canopy.o objs/core.o objs/dobson85.o objs/ground.o objs/mo_sensimul_s1.o objs/Oh92.o objs/scatterer.o objs/soil.o objs/util.o objs/sense.o objs/init-finish.o objs/sensimul_io.o
ar -r lib/libsupport.a objs/mo_timing.o objs/mo_util.o
make -C lbfgsb ../lib/liblbfgsb-gfortran.a FC="gfortran" FFLAGS="-Wall -ffixed-line-length-132 -fdefault-real-8 -fdefault-double-8 -I/usr/include -Iobjs -Jobjs -O3 -funroll-loops -floop-block -ftree-loop-distribution -march=native -I/usr/lib64/gfortran/modules/" LIBNAME="../lib/liblbfgsb-gfortran.a"
make[1]: Entering directory `/gws/nopw/j04/odanceo/epinnington/sen_syn/508_low_flat_hv_nos2_1/lbfgsb'
gfortran -Wall -ffixed-line-length-132 -fdefault-real-8 -fdefault-double-8 -I/usr/include -Iobjs -Jobjs -O3 -funroll-loops -floop-block -ftree-loop-distribution -march=native -I/usr/lib64/gfortran/modules/  -c -o blas.o blas.f
gfortran -Wall -ffixed-line-length-132 -fdefault-real-8 -fdefault-double-8 -I/usr/include -Iobjs -Jobjs -O3 -funroll-loops -floop-block -ftree-loop-distribution -march=native -I/usr/lib64/gfortran/modules/  -c -o lbfgsb.o lbfgsb.f
gfortran -Wall -ffixed-line-length-132 -fdefault-real-8 -fdefault-double-8 -I/usr/include -Iobjs -Jobjs -O3 -funroll-loops -floop-block -ftree-loop-distribution -march=native -I/usr/lib64/gfortran/modules/  -c -o linpack.o linpack.f
gfortran -Wall -ffixed-line-length-132 -fdefault-real-8 -fdefault-double-8 -I/usr/include -Iobjs -Jobjs -O3 -funroll-loops -floop-block -ftree-loop-distribution -march=native -I/usr/lib64/gfortran/modules/  -c -o timer.o timer.f
ar -r ../lib/liblbfgsb-gfortran.a blas.o lbfgsb.o linpack.o timer.o
make[1]: Leaving directory `/gws/nopw/j04/odanceo/epinnington/sen_syn/508_low_flat_hv_nos2_1/lbfgsb'
make -C eispack ../lib/libeis.a FC=gfortran FFLAGS="-Wall -ffixed-line-length-132 -fdefault-real-8 -fdefault-double-8 -I/usr/include -Iobjs -Jobjs -O3 -funroll-loops -floop-block -ftree-loop-distribution -march=native -I/usr/lib64/gfortran/modules/" LIBNAME="../lib/libeis.a"
make[1]: Entering directory `/gws/nopw/j04/odanceo/epinnington/sen_syn/508_low_flat_hv_nos2_1/eispack'
gfortran -Wall -ffixed-line-length-132 -fdefault-real-8 -fdefault-double-8 -I/usr/include -Iobjs -Jobjs -O3 -funroll-loops -floop-block -ftree-loop-distribution -march=native -I/usr/lib64/gfortran/modules/ -c eispack.f90
ar -r ../lib/libeis.a eispack.o
make[1]: Leaving directory `/gws/nopw/j04/odanceo/epinnington/sen_syn/508_low_flat_hv_nos2_1/eispack'
gfortran -o runretrieval.x -O3 -funroll-loops -floop-block -ftree-loop-distribution -march=native objs/runretrieval.o lib/libretr.a lib/libderiv.a lib/libmodel.a lib/libsupport.a lib/liblbfgsb-gfortran.a lib/libeis.a -L/usr/lib64/ -lnetcdff -lnetcdf
./runretrieval.x --no_fapar 2>&1 | tee mk.retrieval.log
 INFO::retrieval_read_ctl:read settings from file ***retrctl.nml***...
 INFO::retrieval_read_ctl:...reading done.
 INFO::use_prior_term: T
 INFO::use_state_term: T
 INFO::gradient_tolerance: .10000E+01
 INFO::priopr_pert: .00000E+00
 INFO::runretrieval:calling initf...
 DEBUG::load_ivgeom:ndims= 2
 INFO::initf:retrieval configuration was read from ***retrconfig.nc***
 DEBUG::initf:ncrd_retrieval_config has finished, yields:npts=  65 npts_s1=  65 npts_s2=   0
 INFO::load_sitenml:successfully read site namelist file ***site.nml***
 INFO::setprior:prior control vector was read from ***retrprior.nc***
 DEBUG::setprior:ncrd_retrieval_prior terminated successfully
 INFO::runretrieval:...done.
 DEBUG::runretrieval:initf yields:n=197 mf=130
 INFO::runretrieval:calling initx...
 INFO::runretrieval:...done.
 INFO::state_model_set:will be setting-up simple state-model of type "mx(i+1)=a(i+1)*x(i) + b(i+1)"
 INFO::state_model_set:reading model configuration from file ***retrmodel.nc***...
 INFO::state_model_set:...reading done.
 INFO::runretrieval:start optimise...
 INFO::optimise:load control vector boundary settings by calling initb...
 INFO::initb:bounds were read from file ***retrctlvecbounds.nml***
 INFO::initb:applying bounds: lai_coeff_lobound=    0.000 lai_coeff_hibound=    1.000
 INFO::initb:applying bounds: lai_lobound=    0.001 lai_hibound=   10.000
 INFO::initb:applying bounds: canht_lobound=    0.001 canht_hibound=    4.500
 INFO::initb:applying bounds: sm_lobound=    0.001 sm_hibound=    0.500
 INFO::optimise:...done.
 INFO::optimise:start optimiser...
RUNNING THE L-BFGS-B CODE

           * * *

Machine precision = 2.220D-16
 N =          197     M =            5

At X0         0 variables are exactly at the bounds
 INFO::getobs:initial loading of observations...
 INFO::getobs:reading S1 observations from ***obs_s1.nc***
 INFO::ncrd_obs_vector:dataset ---backscatter--- detected fill-value:-99999.00000000
 INFO::ncrd_obs_vector:dataset ---backscatter_unc--- detected fill-value:-99999.00000000
 INFO::ncrd_obs_vector:s1 detected data fill-values:      65
 INFO::ncrd_obs_vector:s1 detected no uncertainthy fill-values
 INFO::getobs:...loading S1 observations done.
 INFO::getobs:no S2 observations ***obs_s2.nc*** available.
 INFO::getobs:...initial loading done

At iterate    0    f=  2.99938D+02    |proj g|=  5.81047D+00

At iterate    1    f=  2.49997D+02    |proj g|=  4.25970D+00

At iterate    2    f=  1.69437D+02    |proj g|=  2.97804D+00

At iterate    3    f=  1.34385D+02    |proj g|=  2.88316D+00

At iterate    4    f=  1.21984D+02    |proj g|=  2.89554D+00

At iterate    5    f=  1.15067D+02    |proj g|=  2.90766D+00

At iterate    6    f=  1.11529D+02    |proj g|=  2.90547D+00

At iterate    7    f=  1.05217D+02    |proj g|=  2.91246D+00

At iterate    8    f=  9.97771D+01    |proj g|=  2.92174D+00

At iterate    9    f=  9.69142D+01    |proj g|=  2.93797D+00

At iterate   10    f=  9.11861D+01    |proj g|=  2.94368D+00

At iterate   11    f=  8.92056D+01    |proj g|=  2.94233D+00

At iterate   12    f=  8.60090D+01    |proj g|=  2.94063D+00

At iterate   13    f=  8.55921D+01    |proj g|=  2.97211D+00

At iterate   14    f=  8.20661D+01    |proj g|=  2.93733D+00

At iterate   15    f=  8.11757D+01    |proj g|=  2.92401D+00

At iterate   16    f=  8.01262D+01    |proj g|=  2.94463D+00

At iterate   17    f=  7.86604D+01    |proj g|=  2.96247D+00

At iterate   18    f=  7.82654D+01    |proj g|=  3.02664D+00

At iterate   19    f=  7.56818D+01    |proj g|=  3.00527D+00

At iterate   20    f=  7.50758D+01    |proj g|=  3.00607D+00

At iterate   21    f=  7.44946D+01    |proj g|=  2.98985D+00

At iterate   22    f=  7.44251D+01    |proj g|=  3.02451D+00

At iterate   23    f=  7.37449D+01    |proj g|=  2.94971D+00

At iterate   24    f=  7.34380D+01    |proj g|=  2.73602D+00

At iterate   25    f=  7.30387D+01    |proj g|=  2.96357D+00

At iterate   26    f=  7.24599D+01    |proj g|=  2.95833D+00

At iterate   27    f=  7.16914D+01    |proj g|=  3.10414D+00

At iterate   28    f=  7.07610D+01    |proj g|=  3.11253D+00

At iterate   29    f=  7.02317D+01    |proj g|=  2.90205D+00

At iterate   30    f=  6.95233D+01    |proj g|=  3.07662D+00

At iterate   31    f=  6.88950D+01    |proj g|=  3.20376D+00

At iterate   32    f=  6.79958D+01    |proj g|=  3.22316D+00

At iterate   33    f=  6.71385D+01    |proj g|=  3.25572D+00

At iterate   34    f=  6.64829D+01    |proj g|=  3.28025D+00

At iterate   35    f=  6.55697D+01    |proj g|=  3.33300D+00

At iterate   36    f=  6.46849D+01    |proj g|=  3.32924D+00

At iterate   37    f=  6.42428D+01    |proj g|=  3.33226D+00

At iterate   38    f=  6.35319D+01    |proj g|=  3.30304D+00

At iterate   39    f=  6.32067D+01    |proj g|=  3.32705D+00

At iterate   40    f=  6.28259D+01    |proj g|=  3.28560D+00

At iterate   41    f=  6.24330D+01    |proj g|=  2.72305D+00

At iterate   42    f=  6.21167D+01    |proj g|=  3.31735D+00

At iterate   43    f=  6.17688D+01    |proj g|=  3.32594D+00

At iterate   44    f=  6.13838D+01    |proj g|=  3.10530D+00

At iterate   45    f=  6.11643D+01    |proj g|=  3.05703D+00

At iterate   46    f=  6.08570D+01    |proj g|=  3.27850D+00

At iterate   47    f=  6.06456D+01    |proj g|=  3.33240D+00

At iterate   48    f=  6.03768D+01    |proj g|=  3.19443D+00

At iterate   49    f=  6.00698D+01    |proj g|=  3.29346D+00

At iterate   50    f=  5.98817D+01    |proj g|=  3.29104D+00

At iterate   51    f=  5.96167D+01    |proj g|=  3.31122D+00

At iterate   52    f=  5.93529D+01    |proj g|=  3.25454D+00

At iterate   53    f=  5.91795D+01    |proj g|=  3.11005D+00

At iterate   54    f=  5.89253D+01    |proj g|=  3.27413D+00

At iterate   55    f=  5.87270D+01    |proj g|=  3.29022D+00

At iterate   56    f=  5.85599D+01    |proj g|=  2.99755D+00

At iterate   57    f=  5.83337D+01    |proj g|=  2.65668D+00

At iterate   58    f=  5.82114D+01    |proj g|=  3.26621D+00

At iterate   59    f=  5.80324D+01    |proj g|=  3.26741D+00

At iterate   60    f=  5.78760D+01    |proj g|=  3.33300D+00

At iterate   61    f=  5.76317D+01    |proj g|=  2.79725D+00

At iterate   62    f=  5.75682D+01    |proj g|=  2.70283D+00

At iterate   63    f=  5.72690D+01    |proj g|=  3.31778D+00

At iterate   64    f=  5.71344D+01    |proj g|=  3.30633D+00

At iterate   65    f=  5.68364D+01    |proj g|=  3.30499D+00

At iterate   66    f=  5.66797D+01    |proj g|=  2.35909D+00

At iterate   67    f=  5.65466D+01    |proj g|=  3.33179D+00

At iterate   68    f=  5.63655D+01    |proj g|=  3.33300D+00

At iterate   69    f=  5.61771D+01    |proj g|=  3.11347D+00

At iterate   70    f=  5.60418D+01    |proj g|=  2.59550D+00

At iterate   71    f=  5.59150D+01    |proj g|=  3.33169D+00

At iterate   72    f=  5.58701D+01    |proj g|=  3.32508D+00

At iterate   73    f=  5.58015D+01    |proj g|=  2.52820D+00

At iterate   74    f=  5.57313D+01    |proj g|=  1.41903D+00

At iterate   75    f=  5.56760D+01    |proj g|=  2.01770D+00

At iterate   76    f=  5.55623D+01    |proj g|=  3.33286D+00

At iterate   77    f=  5.54174D+01    |proj g|=  3.31054D+00

At iterate   78    f=  5.52983D+01    |proj g|=  2.77355D+00

At iterate   79    f=  5.51704D+01    |proj g|=  3.32408D+00

At iterate   80    f=  5.50909D+01    |proj g|=  3.33300D+00

At iterate   81    f=  5.49922D+01    |proj g|=  2.19111D+00

At iterate   82    f=  5.49234D+01    |proj g|=  2.76093D+00

At iterate   83    f=  5.49049D+01    |proj g|=  2.90755D+00

At iterate   84    f=  5.48877D+01    |proj g|=  1.22360D+00

At iterate   85    f=  5.48657D+01    |proj g|=  1.33154D+00

At iterate   86    f=  5.48476D+01    |proj g|=  1.72095D+00

At iterate   87    f=  5.48083D+01    |proj g|=  3.18392D+00

At iterate   88    f=  5.47555D+01    |proj g|=  2.22179D+00

At iterate   89    f=  5.46847D+01    |proj g|=  2.42335D+00

At iterate   90    f=  5.45946D+01    |proj g|=  2.75069D+00

At iterate   91    f=  5.45578D+01    |proj g|=  3.30551D+00

At iterate   92    f=  5.45299D+01    |proj g|=  1.26135D+00

At iterate   93    f=  5.45132D+01    |proj g|=  1.09466D+00

At iterate   94    f=  5.44853D+01    |proj g|=  1.74515D+00

At iterate   95    f=  5.44594D+01    |proj g|=  3.31267D+00

At iterate   96    f=  5.44185D+01    |proj g|=  1.86820D+00

At iterate   97    f=  5.43874D+01    |proj g|=  1.13937D+00

At iterate   98    f=  5.43674D+01    |proj g|=  9.48236D-01

           * * *

Tit   = total number of iterations
Tnf   = total number of function evaluations
Tnint = total number of segments explored during Cauchy searches
Skip  = number of BFGS updates skipped
Nact  = number of active bounds at final generalized Cauchy point
Projg = norm of the final projected gradient
F     = final function value

           * * *

   N    Tit     Tnf  Tnint  Skip  Nact     Projg        F
  197     98    100    176     0     5   9.482D-01   5.437D+01
  F =   54.367393122765321     

CONVERGENCE: NORM_OF_PROJECTED_GRADIENT_<=_PGTOL            

 Cauchy                time 1.612E-03 seconds.
 Subspace minimization time 1.550E-03 seconds.
 Line search           time 7.367E-02 seconds.

 Total User time 8.286E-02 seconds.

 INFO::optimise:...optimiser finished.
 INFO::runretrieval:...optimise DONE
 INFO::runretrieval::opti_succeed: T
 
        i                Prior           Posterior          Change [%]
 
        1         0.990000E-01        0.990653E-01             0.06592
        2         0.990000E-01        0.990653E-01             0.06592
        3         0.150000E+01        0.140078E+01            -6.61438
        4         0.150000E+01        0.149175E+01            -0.54993
        5         0.300000E+00        0.363121E+00            21.04033
        6         0.150000E+01        0.140619E+01            -6.25380
        7         0.150000E+01        0.149159E+01            -0.56056
        8         0.300000E+00        0.361477E+00            20.49229
        9         0.150000E+01        0.141808E+01            -5.46156
       10         0.150000E+01        0.149143E+01            -0.57154
       11         0.300000E+00        0.315342E+00             5.11413
       12         0.150000E+01        0.143593E+01            -4.27123
       13         0.150000E+01        0.149668E+01            -0.22151
       14         0.300000E+00        0.309623E+00             3.20774
       15         0.150000E+01        0.145059E+01            -3.29422
       16         0.150000E+01        0.149516E+01            -0.32276
       17         0.300000E+00        0.228942E+00           -23.68610
       18         0.150000E+01        0.147129E+01            -1.91398
       19         0.150000E+01        0.150958E+01             0.63892
       20         0.300000E+00        0.220423E+00           -26.52560
       21         0.150000E+01        0.148371E+01            -1.08631
       22         0.150000E+01        0.151740E+01             1.16027
       23         0.300000E+00        0.138972E+00           -53.67601
       24         0.150000E+01        0.148442E+01            -1.03888
       25         0.150000E+01        0.151568E+01             1.04560
       26         0.300000E+00        0.113084E+00           -62.30520
       27         0.150000E+01        0.147725E+01            -1.51664
       28         0.150000E+01        0.150991E+01             0.66043
       29         0.300000E+00        0.117451E+00           -60.84978
       30         0.150000E+01        0.147320E+01            -1.78646
       31         0.150000E+01        0.151262E+01             0.84164
       32         0.300000E+00        0.645844E-01           -78.47186
       33         0.150000E+01        0.146217E+01            -2.52221
       34         0.150000E+01        0.151791E+01             1.19389
       35         0.300000E+00        0.667071E-01           -77.76430
       36         0.150000E+01        0.144615E+01            -3.59005
       37         0.150000E+01        0.151795E+01             1.19636
       38         0.300000E+00        0.819757E-01           -72.67476
       39         0.150000E+01        0.142404E+01            -5.06419
       40         0.150000E+01        0.151000E+01             0.66656
       41         0.300000E+00        0.879473E-01           -70.68423
       42         0.150000E+01        0.140096E+01            -6.60253
       43         0.150000E+01        0.151269E+01             0.84598
       44         0.300000E+00        0.998716E-01           -66.70947
       45         0.150000E+01        0.137529E+01            -8.31389
       46         0.150000E+01        0.151473E+01             0.98184
       47         0.300000E+00        0.136654E+00           -54.44853
       48         0.150000E+01        0.134012E+01           -10.65883
       49         0.150000E+01        0.149695E+01            -0.20328
       50         0.300000E+00        0.143813E+00           -52.06235
       51         0.150000E+01        0.131256E+01           -12.49589
       52         0.150000E+01        0.149776E+01            -0.14963
       53         0.300000E+00        0.143805E+00           -52.06485
       54         0.150000E+01        0.129100E+01           -13.93340
       55         0.150000E+01        0.151779E+01             1.18595
       56         0.300000E+00        0.137780E+00           -54.07338
       57         0.150000E+01        0.125666E+01           -16.22287
       58         0.150000E+01        0.152083E+01             1.38852
       59         0.300000E+00        0.139706E+00           -53.43131
       60         0.150000E+01        0.120773E+01           -19.48467
       61         0.150000E+01        0.149938E+01            -0.04152
       62         0.300000E+00        0.148689E+00           -50.43687
       63         0.150000E+01        0.116574E+01           -22.28377
       64         0.150000E+01        0.150670E+01             0.44681
       65         0.300000E+00        0.206109E+00           -31.29706
       66         0.150000E+01        0.111184E+01           -25.87755
       67         0.150000E+01        0.149540E+01            -0.30678
       68         0.300000E+00        0.304329E+00             1.44288
       69         0.150000E+01        0.106409E+01           -29.06073
       70         0.150000E+01        0.149361E+01            -0.42583
       71         0.300000E+00        0.308399E+00             2.79969
       72         0.150000E+01        0.102533E+01           -31.64483
       73         0.150000E+01        0.149427E+01            -0.38197
       74         0.300000E+00        0.341735E+00            13.91159
       75         0.150000E+01        0.990404E+00           -33.97306
       76         0.150000E+01        0.149689E+01            -0.20711
       77         0.300000E+00        0.342376E+00            14.12519
       78         0.150000E+01        0.953554E+00           -36.42971
       79         0.150000E+01        0.149453E+01            -0.36500
       80         0.300000E+00        0.356065E+00            18.68836
       81         0.150000E+01        0.921342E+00           -38.57723
       82         0.150000E+01        0.149468E+01            -0.35492
       83         0.300000E+00        0.355603E+00            18.53449
       84         0.150000E+01        0.891673E+00           -40.55516
       85         0.150000E+01        0.149560E+01            -0.29322
       86         0.300000E+00        0.339148E+00            13.04919
       87         0.150000E+01        0.863989E+00           -42.40070
       88         0.150000E+01        0.149478E+01            -0.34833
       89         0.300000E+00        0.308321E+00             2.77381
       90         0.150000E+01        0.842390E+00           -43.84068
       91         0.150000E+01        0.149613E+01            -0.25784
       92         0.300000E+00        0.303895E+00             1.29846
       93         0.150000E+01        0.824469E+00           -45.03542
       94         0.150000E+01        0.150058E+01             0.03875
       95         0.300000E+00        0.221454E+00           -26.18211
       96         0.150000E+01        0.808205E+00           -46.11965
       97         0.150000E+01        0.151395E+01             0.92985
       98         0.300000E+00        0.213539E+00           -28.82026
       99         0.150000E+01        0.763117E+00           -49.12555
      100         0.150000E+01        0.150008E+01             0.00544
      101         0.300000E+00        0.283731E+00            -5.42288
      102         0.150000E+01        0.722700E+00           -51.82000
      103         0.150000E+01        0.149611E+01            -0.25938
      104         0.300000E+00        0.286400E+00            -4.53327
      105         0.150000E+01        0.686541E+00           -54.23060
      106         0.150000E+01        0.149870E+01            -0.08649
      107         0.300000E+00        0.298996E+00            -0.33474
      108         0.150000E+01        0.652304E+00           -56.51309
      109         0.150000E+01        0.150291E+01             0.19406
      110         0.300000E+00        0.297499E+00            -0.83372
      111         0.150000E+01        0.604480E+00           -59.70134
      112         0.150000E+01        0.149705E+01            -0.19674
      113         0.300000E+00        0.300227E+00             0.07558
      114         0.150000E+01        0.560211E+00           -62.65263
      115         0.150000E+01        0.149842E+01            -0.10550
      116         0.300000E+00        0.312414E+00             4.13816
      117         0.150000E+01        0.516162E+00           -65.58917
      118         0.150000E+01        0.150191E+01             0.12717
      119         0.300000E+00        0.315033E+00             5.01116
      120         0.150000E+01        0.456313E+00           -69.57912
      121         0.150000E+01        0.149767E+01            -0.15562
      122         0.300000E+00        0.318271E+00             6.09046
      123         0.150000E+01        0.402756E+00           -73.14961
      124         0.150000E+01        0.149784E+01            -0.14418
      125         0.300000E+00        0.345738E+00            15.24592
      126         0.150000E+01        0.349558E+00           -76.69613
      127         0.150000E+01        0.149814E+01            -0.12384
      128         0.300000E+00        0.366263E+00            22.08766
      129         0.150000E+01        0.301601E+00           -79.89326
      130         0.150000E+01        0.149795E+01            -0.13669
      131         0.300000E+00        0.367430E+00            22.47678
      132         0.150000E+01        0.259590E+00           -82.69403
      133         0.150000E+01        0.149814E+01            -0.12389
      134         0.300000E+00        0.374131E+00            24.71045
      135         0.150000E+01        0.223774E+00           -85.08171
      136         0.150000E+01        0.149848E+01            -0.10130
      137         0.300000E+00        0.373826E+00            24.60869
      138         0.150000E+01        0.193631E+00           -87.09127
      139         0.150000E+01        0.149834E+01            -0.11051
      140         0.300000E+00        0.373882E+00            24.62725
      141         0.150000E+01        0.166398E+00           -88.90683
      142         0.150000E+01        0.149894E+01            -0.07086
      143         0.300000E+00        0.363967E+00            21.32220
      144         0.150000E+01        0.143130E+00           -90.45797
      145         0.150000E+01        0.149916E+01            -0.05617
      146         0.300000E+00        0.360260E+00            20.08667
      147         0.150000E+01        0.115339E+00           -92.31076
      148         0.150000E+01        0.149882E+01            -0.07839
      149         0.300000E+00        0.361049E+00            20.34973
      150         0.150000E+01        0.921494E-01           -93.85671
      151         0.150000E+01        0.149897E+01            -0.06887
      152         0.300000E+00        0.366839E+00            22.27958
      153         0.150000E+01        0.717992E-01           -95.21339
      154         0.150000E+01        0.149915E+01            -0.05668
      155         0.300000E+00        0.373211E+00            24.40359
      156         0.150000E+01        0.490359E-01           -96.73094
      157         0.150000E+01        0.149906E+01            -0.06258
      158         0.300000E+00        0.374013E+00            24.67111
      159         0.150000E+01        0.324665E-01           -97.83557
      160         0.150000E+01        0.149917E+01            -0.05518
      161         0.300000E+00        0.378251E+00            26.08353
      162         0.150000E+01        0.196746E-01           -98.68836
      163         0.150000E+01        0.149928E+01            -0.04794
      164         0.300000E+00        0.376803E+00            25.60089
      165         0.150000E+01        0.115574E-01           -99.22951
      166         0.150000E+01        0.149925E+01            -0.04970
      167         0.300000E+00        0.376611E+00            25.53696
      168         0.150000E+01        0.964446E-02           -99.35704
      169         0.150000E+01        0.149934E+01            -0.04399
      170         0.300000E+00        0.367362E+00            22.45389
      171         0.150000E+01        0.111840E-01           -99.25440
      172         0.150000E+01        0.149942E+01            -0.03882
      173         0.300000E+00        0.352504E+00            17.50143
      174         0.150000E+01        0.525490E-02           -99.64967
      175         0.150000E+01        0.149933E+01            -0.04490
      176         0.300000E+00        0.353395E+00            17.79823
      177         0.150000E+01        0.131865E-02           -99.91209
      178         0.150000E+01        0.149929E+01            -0.04747
      179         0.300000E+00        0.364106E+00            21.36854
      180         0.150000E+01        0.175772E-02           -99.88282
      181         0.150000E+01        0.149943E+01            -0.03832
      182         0.300000E+00        0.367692E+00            22.56408
      183         0.150000E+01        0.100000E-02           -99.93333
      184         0.150000E+01        0.149939E+01            -0.04052
      185         0.300000E+00        0.368871E+00            22.95701
      186         0.150000E+01        0.100000E-02           -99.93333
      187         0.150000E+01        0.149944E+01            -0.03754
      188         0.300000E+00        0.380646E+00            26.88210
      189         0.150000E+01        0.100000E-02           -99.93333
      190         0.150000E+01        0.149942E+01            -0.03900
      191         0.300000E+00        0.387389E+00            29.12976
      192         0.150000E+01        0.100000E-02           -99.93333
      193         0.150000E+01        0.149942E+01            -0.03851
      194         0.300000E+00        0.387646E+00            29.21528
      195         0.150000E+01        0.100000E-02           -99.93333
      196         0.150000E+01        0.149942E+01            -0.03870
      197         0.300000E+00        0.389249E+00            29.74971
 INFO::writing final control vector to x.b
 INFO::writing prior uncertainty (physical units) to sx.b
 INFO::runretrieval:start uncertainty analysis on state...
 
 INFO::ua:SVD done with ierr =          0
 
 INFO::runretrieval:...uncertainty analysis on state DONE
 
       Extreme off diagonal correlations
            Min/Max                 value    i    j
                Min              -0.01750   21   19
                Max               0.46529    8    5
 
 INFO::finishdf:target file ***controlvector_prior.nc*** successfully written.
 INFO::finishdf:target file ***controlvector_post.nc*** successfully written.
('exp_list length: ', '3')
/home/users/ewanp82/projects/ret_tool_s3
0.01
0.5
0.05
0.5
str, obs_s1
str, time_start
str, site_nml
0.001
3.0
0.1
0.05
float, gtol
float, s1_vv_uncfloor
float, s2_uncfloor
str, time_end
str, dynmodunc_inifile
float, s1_vh_uncfloor
float, s2_relunc
float, s1_unc
/gws/nopw/j04/odanceo/epinnington/sen_syn/508_low_flat_hv_nos2_1
<type 'netCDF4._netCDF4.Dataset'>
root group (NETCDF4 data model, file format HDF5):
    institution: The Inversion Lab, Hamburg, Germany
    date_created: 20210906T13:13:41+01:00
    optimisation_tag: SUCCESSFUL
    dimensions(sizes): nparam_s1(2), npoints(65)
    variables(dimensions): float64 [4mtime[0m(npoints), int32 [4msim_typ[0m(npoints), float64 [4mlaicoeff[0m(nparam_s1), float64 [4mlaicoeff_unc[0m(nparam_s1), float64 [4mlai[0m(npoints), float64 [4mcanht[0m(npoints), float64 [4msm[0m(npoints), float64 [4mlai_unc[0m(npoints), float64 [4mcanht_unc[0m(npoints), float64 [4msm_unc[0m(npoints)
    groups: 

[datetime.datetime(2017, 3, 23, 5, 26)
 datetime.datetime(2017, 3, 24, 5, 17)
 datetime.datetime(2017, 3, 25, 17, 6)
 datetime.datetime(2017, 3, 26, 16, 58)
 datetime.datetime(2017, 3, 29, 5, 26)
 datetime.datetime(2017, 3, 30, 5, 17)
 datetime.datetime(2017, 3, 31, 17, 6)
 datetime.datetime(2017, 4, 4, 5, 26) datetime.datetime(2017, 4, 5, 5, 17)
 datetime.datetime(2017, 4, 6, 17, 6)
 datetime.datetime(2017, 4, 7, 16, 58)
 datetime.datetime(2017, 4, 10, 5, 26)
 datetime.datetime(2017, 4, 11, 5, 17)
 datetime.datetime(2017, 4, 12, 17, 6)
 datetime.datetime(2017, 4, 16, 5, 26)
 datetime.datetime(2017, 4, 17, 5, 17)
 datetime.datetime(2017, 4, 18, 17, 6)
 datetime.datetime(2017, 4, 19, 16, 58)
 datetime.datetime(2017, 4, 22, 5, 26)
 datetime.datetime(2017, 4, 23, 5, 17)
 datetime.datetime(2017, 4, 24, 17, 6)
 datetime.datetime(2017, 4, 28, 5, 26)
 datetime.datetime(2017, 4, 29, 5, 17)
 datetime.datetime(2017, 4, 30, 17, 6)
 datetime.datetime(2017, 5, 1, 16, 58)
 datetime.datetime(2017, 5, 4, 5, 26) datetime.datetime(2017, 5, 5, 5, 17)
 datetime.datetime(2017, 5, 6, 17, 6)
 datetime.datetime(2017, 5, 10, 5, 26)
 datetime.datetime(2017, 5, 11, 5, 17)
 datetime.datetime(2017, 5, 12, 17, 6)
 datetime.datetime(2017, 5, 13, 16, 58)
 datetime.datetime(2017, 5, 16, 5, 26)
 datetime.datetime(2017, 5, 17, 5, 17)
 datetime.datetime(2017, 5, 18, 17, 6)
 datetime.datetime(2017, 5, 22, 5, 26)
 datetime.datetime(2017, 5, 23, 5, 17)
 datetime.datetime(2017, 5, 24, 17, 6)
 datetime.datetime(2017, 5, 28, 5, 26)
 datetime.datetime(2017, 5, 29, 5, 17)
 datetime.datetime(2017, 5, 30, 17, 6)
 datetime.datetime(2017, 6, 3, 5, 26) datetime.datetime(2017, 6, 4, 5, 17)
 datetime.datetime(2017, 6, 5, 17, 6) datetime.datetime(2017, 6, 9, 5, 26)
 datetime.datetime(2017, 6, 10, 5, 17)
 datetime.datetime(2017, 6, 11, 17, 6)
 datetime.datetime(2017, 6, 15, 5, 26)
 datetime.datetime(2017, 6, 16, 5, 17)
 datetime.datetime(2017, 6, 17, 17, 6)
 datetime.datetime(2017, 6, 21, 5, 26)
 datetime.datetime(2017, 6, 22, 5, 17)
 datetime.datetime(2017, 6, 23, 17, 6)
 datetime.datetime(2017, 6, 27, 5, 26)
 datetime.datetime(2017, 6, 28, 5, 17)
 datetime.datetime(2017, 6, 29, 17, 6)
 datetime.datetime(2017, 7, 3, 5, 26) datetime.datetime(2017, 7, 4, 5, 17)
 datetime.datetime(2017, 7, 5, 17, 6) datetime.datetime(2017, 7, 9, 5, 26)
 datetime.datetime(2017, 7, 10, 5, 17)
 datetime.datetime(2017, 7, 11, 17, 6)
 datetime.datetime(2017, 7, 15, 5, 26)
 datetime.datetime(2017, 7, 16, 5, 17)
 datetime.datetime(2017, 7, 17, 17, 6)]
[    0   114   329   472   835   972  1187  1693  1836  2051  2194  2557
  2700  2915  3421  3564  3779  3922  4285  4428  4643  5149  5292  5507
  5650  6013  6156  6371  6877  7020  7235  7378  7741  7884  8099  8605
  8748  8963  9469  9612  9827 10333 10476 10691 11197 11340 11555 12061
 12204 12419 12925 13068 13283 13789 13932 14147 14653 14796 15011 15517
 15660 15875 16381 16524 16739]
/gws/nopw/j04/odanceo/epinnington/sen_syn/508_low_flat_hv_nos2_1
<type 'netCDF4._netCDF4.Dataset'>
root group (NETCDF4 data model, file format HDF5):
    institution: The Inversion Lab, Hamburg, Germany
    date_created: 20210906T13:13:41+01:00
    optimisation_tag: SUCCESSFUL
    dimensions(sizes): nparam_s1(2), npoints(65)
    variables(dimensions): float64 [4mtime[0m(npoints), int32 [4msim_typ[0m(npoints), float64 [4mlaicoeff[0m(nparam_s1), float64 [4mlaicoeff_unc[0m(nparam_s1), float64 [4mlai[0m(npoints), float64 [4mcanht[0m(npoints), float64 [4msm[0m(npoints), float64 [4mlai_unc[0m(npoints), float64 [4mcanht_unc[0m(npoints), float64 [4msm_unc[0m(npoints)
    groups: 

[datetime.datetime(2017, 3, 23, 5, 26)
 datetime.datetime(2017, 3, 24, 5, 17)
 datetime.datetime(2017, 3, 25, 17, 6)
 datetime.datetime(2017, 3, 26, 16, 58)
 datetime.datetime(2017, 3, 29, 5, 26)
 datetime.datetime(2017, 3, 30, 5, 17)
 datetime.datetime(2017, 3, 31, 17, 6)
 datetime.datetime(2017, 4, 4, 5, 26) datetime.datetime(2017, 4, 5, 5, 17)
 datetime.datetime(2017, 4, 6, 17, 6)
 datetime.datetime(2017, 4, 7, 16, 58)
 datetime.datetime(2017, 4, 10, 5, 26)
 datetime.datetime(2017, 4, 11, 5, 17)
 datetime.datetime(2017, 4, 12, 17, 6)
 datetime.datetime(2017, 4, 16, 5, 26)
 datetime.datetime(2017, 4, 17, 5, 17)
 datetime.datetime(2017, 4, 18, 17, 6)
 datetime.datetime(2017, 4, 19, 16, 58)
 datetime.datetime(2017, 4, 22, 5, 26)
 datetime.datetime(2017, 4, 23, 5, 17)
 datetime.datetime(2017, 4, 24, 17, 6)
 datetime.datetime(2017, 4, 28, 5, 26)
 datetime.datetime(2017, 4, 29, 5, 17)
 datetime.datetime(2017, 4, 30, 17, 6)
 datetime.datetime(2017, 5, 1, 16, 58)
 datetime.datetime(2017, 5, 4, 5, 26) datetime.datetime(2017, 5, 5, 5, 17)
 datetime.datetime(2017, 5, 6, 17, 6)
 datetime.datetime(2017, 5, 10, 5, 26)
 datetime.datetime(2017, 5, 11, 5, 17)
 datetime.datetime(2017, 5, 12, 17, 6)
 datetime.datetime(2017, 5, 13, 16, 58)
 datetime.datetime(2017, 5, 16, 5, 26)
 datetime.datetime(2017, 5, 17, 5, 17)
 datetime.datetime(2017, 5, 18, 17, 6)
 datetime.datetime(2017, 5, 22, 5, 26)
 datetime.datetime(2017, 5, 23, 5, 17)
 datetime.datetime(2017, 5, 24, 17, 6)
 datetime.datetime(2017, 5, 28, 5, 26)
 datetime.datetime(2017, 5, 29, 5, 17)
 datetime.datetime(2017, 5, 30, 17, 6)
 datetime.datetime(2017, 6, 3, 5, 26) datetime.datetime(2017, 6, 4, 5, 17)
 datetime.datetime(2017, 6, 5, 17, 6) datetime.datetime(2017, 6, 9, 5, 26)
 datetime.datetime(2017, 6, 10, 5, 17)
 datetime.datetime(2017, 6, 11, 17, 6)
 datetime.datetime(2017, 6, 15, 5, 26)
 datetime.datetime(2017, 6, 16, 5, 17)
 datetime.datetime(2017, 6, 17, 17, 6)
 datetime.datetime(2017, 6, 21, 5, 26)
 datetime.datetime(2017, 6, 22, 5, 17)
 datetime.datetime(2017, 6, 23, 17, 6)
 datetime.datetime(2017, 6, 27, 5, 26)
 datetime.datetime(2017, 6, 28, 5, 17)
 datetime.datetime(2017, 6, 29, 17, 6)
 datetime.datetime(2017, 7, 3, 5, 26) datetime.datetime(2017, 7, 4, 5, 17)
 datetime.datetime(2017, 7, 5, 17, 6) datetime.datetime(2017, 7, 9, 5, 26)
 datetime.datetime(2017, 7, 10, 5, 17)
 datetime.datetime(2017, 7, 11, 17, 6)
 datetime.datetime(2017, 7, 15, 5, 26)
 datetime.datetime(2017, 7, 16, 5, 17)
 datetime.datetime(2017, 7, 17, 17, 6)]
/gws/nopw/j04/odanceo/epinnington/sen_syn/508_low_flat_hv_nos2_1
<type 'netCDF4._netCDF4.Dataset'>
root group (NETCDF4 data model, file format HDF5):
    institution: The Inversion Lab, Hamburg, Germany
    date_created: 20210906T13:13:41+01:00
    optimisation_tag: SUCCESSFUL
    dimensions(sizes): nparam_s1(2), npoints(65)
    variables(dimensions): float64 [4mtime[0m(npoints), int32 [4msim_typ[0m(npoints), float64 [4mlaicoeff[0m(nparam_s1), float64 [4mlaicoeff_unc[0m(nparam_s1), float64 [4mlai[0m(npoints), float64 [4mcanht[0m(npoints), float64 [4msm[0m(npoints), float64 [4mlai_unc[0m(npoints), float64 [4mcanht_unc[0m(npoints), float64 [4msm_unc[0m(npoints)
    groups: 

[datetime.datetime(2017, 3, 23, 5, 26)
 datetime.datetime(2017, 3, 24, 5, 17)
 datetime.datetime(2017, 3, 25, 17, 6)
 datetime.datetime(2017, 3, 26, 16, 58)
 datetime.datetime(2017, 3, 29, 5, 26)
 datetime.datetime(2017, 3, 30, 5, 17)
 datetime.datetime(2017, 3, 31, 17, 6)
 datetime.datetime(2017, 4, 4, 5, 26) datetime.datetime(2017, 4, 5, 5, 17)
 datetime.datetime(2017, 4, 6, 17, 6)
 datetime.datetime(2017, 4, 7, 16, 58)
 datetime.datetime(2017, 4, 10, 5, 26)
 datetime.datetime(2017, 4, 11, 5, 17)
 datetime.datetime(2017, 4, 12, 17, 6)
 datetime.datetime(2017, 4, 16, 5, 26)
 datetime.datetime(2017, 4, 17, 5, 17)
 datetime.datetime(2017, 4, 18, 17, 6)
 datetime.datetime(2017, 4, 19, 16, 58)
 datetime.datetime(2017, 4, 22, 5, 26)
 datetime.datetime(2017, 4, 23, 5, 17)
 datetime.datetime(2017, 4, 24, 17, 6)
 datetime.datetime(2017, 4, 28, 5, 26)
 datetime.datetime(2017, 4, 29, 5, 17)
 datetime.datetime(2017, 4, 30, 17, 6)
 datetime.datetime(2017, 5, 1, 16, 58)
 datetime.datetime(2017, 5, 4, 5, 26) datetime.datetime(2017, 5, 5, 5, 17)
 datetime.datetime(2017, 5, 6, 17, 6)
 datetime.datetime(2017, 5, 10, 5, 26)
 datetime.datetime(2017, 5, 11, 5, 17)
 datetime.datetime(2017, 5, 12, 17, 6)
 datetime.datetime(2017, 5, 13, 16, 58)
 datetime.datetime(2017, 5, 16, 5, 26)
 datetime.datetime(2017, 5, 17, 5, 17)
 datetime.datetime(2017, 5, 18, 17, 6)
 datetime.datetime(2017, 5, 22, 5, 26)
 datetime.datetime(2017, 5, 23, 5, 17)
 datetime.datetime(2017, 5, 24, 17, 6)
 datetime.datetime(2017, 5, 28, 5, 26)
 datetime.datetime(2017, 5, 29, 5, 17)
 datetime.datetime(2017, 5, 30, 17, 6)
 datetime.datetime(2017, 6, 3, 5, 26) datetime.datetime(2017, 6, 4, 5, 17)
 datetime.datetime(2017, 6, 5, 17, 6) datetime.datetime(2017, 6, 9, 5, 26)
 datetime.datetime(2017, 6, 10, 5, 17)
 datetime.datetime(2017, 6, 11, 17, 6)
 datetime.datetime(2017, 6, 15, 5, 26)
 datetime.datetime(2017, 6, 16, 5, 17)
 datetime.datetime(2017, 6, 17, 17, 6)
 datetime.datetime(2017, 6, 21, 5, 26)
 datetime.datetime(2017, 6, 22, 5, 17)
 datetime.datetime(2017, 6, 23, 17, 6)
 datetime.datetime(2017, 6, 27, 5, 26)
 datetime.datetime(2017, 6, 28, 5, 17)
 datetime.datetime(2017, 6, 29, 17, 6)
 datetime.datetime(2017, 7, 3, 5, 26) datetime.datetime(2017, 7, 4, 5, 17)
 datetime.datetime(2017, 7, 5, 17, 6) datetime.datetime(2017, 7, 9, 5, 26)
 datetime.datetime(2017, 7, 10, 5, 17)
 datetime.datetime(2017, 7, 11, 17, 6)
 datetime.datetime(2017, 7, 15, 5, 26)
 datetime.datetime(2017, 7, 16, 5, 17)
 datetime.datetime(2017, 7, 17, 17, 6)]
ran experiment 1
