which python
bin/rs_setup.py
------------------------------
 Retrieval System Setup properly finished, Retrieval System ready for use!
------------------------------
2021-09-06 13:06:53,107 INFO::<module>:: rs_pre.py::PROGRAM START::2021-09-06T13:06:53.107334
2021-09-06 13:06:53,107 INFO::<module>:: command-line: bin/rs_pre.py pre_general --ctlvec_relunc 0.01 0.5 0.05 0.5 --obs_s1 /home/users/ewanp82/projects/ret_tool_s3/S1/mni_s1_542_med_hv.csv --time_start 20170323 --site_nml /home/users/ewanp82/projects/ret_tool_s3/site_new_test.nml --ctlvec_uncfloor 0.001 3.0 0.1 0.05 --gtol 1.0 --s1_vv_uncfloor 0.004 --s2_uncfloor 0.02 --time_end 20170720 --dynmodunc_inifile /home/users/ewanp82/projects/ret_tool_s3/mod_ini/dynmod_vtight.ini --s1_vh_uncfloor 1e-05 --s2_relunc 0.05 --s1_unc 1.6
2021-09-06 13:06:53,119 INFO::main:: user selection +++pre_general+++
2021-09-06 13:06:53,119 INFO::pre_general:: start setup of general retrieval setup...
2021-09-06 13:06:53,652 INFO::pre_general:: Copied default namelist file ***/home/users/ewanp82/projects/ret_tool_s3/site_new_test.nml*** to current working directory.
2021-09-06 13:06:53,652 INFO::pre_general:: START reading namelist ***site.nml***...
2021-09-06 13:06:53,658 INFO::pre_general:: ...reading DONE
2021-09-06 13:06:53,668 INFO::load_obs_csv:: observation data loaded from file ***/home/users/ewanp82/projects/ret_tool_s3/S1/mni_s1_542_med_hv.csv***
2021-09-06 13:06:53,670 INFO::load_obs_csv:: detected ntimepts=65 #columns=10 in csv file
2021-09-06 13:06:53,670 INFO::load_obs_csv:: start reading S1 observations...
2021-09-06 13:06:53,670 INFO::load_obs_csv:: observational backscatter values are assumed to be in linear units!
2021-09-06 13:06:53,670 INFO::load_obs_csv:: VH backscatter values read: VH[linear] min/max=0.0139173083007/0.0865402370691
2021-09-06 13:06:53,670 INFO::load_obs_csv:: VV backscatter values read: VV[linear] min/max=-99999.0/-99999.0
2021-09-06 13:06:53,671 INFO::load_obs_csv:: assuming S1 observational uncertainty of 1.6 [dB] yields relative uncertainty of 0.376804399913 [linear unit].
2021-09-06 13:06:53,671 INFO::load_obs_csv:: assuming vv=0.004 vh=1e-05 S1 observational uncertainty floor [linear unit].
2021-09-06 13:06:53,671 INFO::load_obs_csv:: number of applied uncertainty floor values on VH=0 VV=65
2021-09-06 13:06:53,671 INFO::load_obs_csv:: determined VH uncertainty in linear units, min/max=0.00524410300266/0.0326087420972
2021-09-06 13:06:53,671 INFO::load_obs_csv:: determined VV uncertainty in linear units, min/max=0.004/0.004
2021-09-06 13:06:53,671 INFO::load_obs_csv:: ...reading S1 observations DONE
2021-09-06 13:06:53,671 INFO::setup_common_schedule:: determined ntpts=65
2021-09-06 13:06:53,671 INFO::setup_common_schedule:: common schedule yields time-points  S1A=0 S1B=65 S2A=0 S2B=0 other=0
2021-09-06 13:06:53,671 INFO::_set_priorunc:: applied relative uncertainty 0.01 on lai coefficients.
2021-09-06 13:06:53,671 INFO::_set_priorunc:: applied relative uncertainty on state vector components, lai_relunc=0.5 canht_relunc=0.05 sm_relunc=0.5
2021-09-06 13:06:53,671 INFO::_set_priorunc:: uncertainty floor values were applied as follows: lai_uncfloor=3.0 canht_uncfloor=0.1 sm_uncfloor=0.05
2021-09-06 13:06:53,676 INFO::set_dynmodel:: START reading values on dynamical model uncertainties from ***/home/users/ewanp82/projects/ret_tool_s3/mod_ini/dynmod_vtight.ini***...
2021-09-06 13:06:53,677 INFO::set_dynmodel:: ...reading DONE
2021-09-06 13:06:53,678 INFO::pre_general:: ...general retrieval setup DONE
2021-09-06 13:06:53,678 INFO::pre_general:: START writing input files for retrieval system...
2021-09-06 13:06:53,678 INFO::ncwrt_retrieval_config:: Start writing configuration file ***retrconfig.nc***...
2021-09-06 13:06:55,228 INFO::ncwrt_retrieval_config:: ...writing ***retrconfig.nc*** DONE
2021-09-06 13:06:55,228 INFO::ncwrt_retrieval_prior:: Start writing configuration file ***retrprior.nc***...
2021-09-06 13:07:15,886 INFO::ncwrt_retrieval_prior:: ...writing ***retrprior.nc*** DONE
2021-09-06 13:07:15,887 INFO::ncwrt_retrieval_obs_s1:: Start writing configuration file ***obs_s1.nc***...
2021-09-06 13:07:20,137 INFO::ncwrt_retrieval_obs_s1:: ...writing ***obs_s1.nc*** DONE
2021-09-06 13:07:20,137 INFO::ncwrt_retrieval_model:: Start writing configuration file ***retrmodel.nc***...
2021-09-06 13:07:28,729 INFO::ncwrt_retrieval_model:: ...writing ***retrmodel.nc*** DONE
2021-09-06 13:07:28,729 INFO::wrt_nml_retrieval_control:: Start writing configuration file ***retrctl.nml***...
2021-09-06 13:07:28,909 INFO::wrt_nml_retrieval_control:: ...writing ***retrctl.nml*** DONE
2021-09-06 13:07:28,909 INFO::wrt_nml_controlvector_bounds:: Start writing configuration file ***retrctlvecbounds.nml***...
2021-09-06 13:07:29,203 INFO::wrt_nml_controlvector_bounds:: ...writing ***retrctlvecbounds.nml*** DONE
2021-09-06 13:07:29,203 INFO::pre_general:: ...writing input files for retrieval system DONE
gfortran -Wall -ffixed-line-length-132 -fdefault-real-8 -fdefault-double-8 -I/usr/include -Iobjs -Jobjs -O3 -funroll-loops -floop-block -ftree-loop-distribution -march=native -I/usr/lib64/gfortran/modules/  -c -o objs/mo_sensimul_s1.o src/sense/mo_sensimul_s1.f90
gfortran -Wall -ffixed-line-length-132 -fdefault-real-8 -fdefault-double-8 -I/usr/include -Iobjs -Jobjs -O3 -funroll-loops -floop-block -ftree-loop-distribution -march=native -I/usr/lib64/gfortran/modules/  -c -o objs/mo_sensimul_s2.o src/semid/mo_sensimul_s2.f90
gfortran -Wall -ffixed-line-length-132 -fdefault-real-8 -fdefault-double-8 -I/usr/include -Iobjs -Jobjs -O3 -funroll-loops -floop-block -ftree-loop-distribution -march=native -I/usr/lib64/gfortran/modules/  -c -o objs/mo_sensimul.o src/simulator/mo_sensimul.f90
gfortran -Wall -ffixed-line-length-132 -fdefault-real-8 -fdefault-double-8 -I/usr/include -Iobjs -Jobjs -O3 -funroll-loops -floop-block -ftree-loop-distribution -march=native -I/usr/lib64/gfortran/modules/  -c -o objs/runretrieval.o driver/runretrieval.f90
gfortran -Wall -ffixed-line-length-132 -fdefault-real-8 -fdefault-double-8 -I/usr/include -Iobjs -Jobjs -O3 -funroll-loops -floop-block -ftree-loop-distribution -march=native -I/usr/lib64/gfortran/modules/  -c -o objs/mo_retrieval.o src/retrieval/mo_retrieval.f90
gfortran -Wall -ffixed-line-length-132 -fdefault-real-8 -fdefault-double-8 -I/usr/include -Iobjs -Jobjs -O3 -funroll-loops -floop-block -ftree-loop-distribution -march=native -I/usr/lib64/gfortran/modules/  -c -o objs/cost.o src/retrieval/cost.f90
gfortran -Wall -ffixed-line-length-132 -fdefault-real-8 -fdefault-double-8 -I/usr/include -Iobjs -Jobjs -O3 -funroll-loops -floop-block -ftree-loop-distribution -march=native -I/usr/lib64/gfortran/modules/  -c -o objs/misfit.o src/retrieval/misfit.f90
gfortran -Wall -ffixed-line-length-132 -fdefault-real-8 -fdefault-double-8 -I/usr/include -Iobjs -Jobjs -O3 -funroll-loops -floop-block -ftree-loop-distribution -march=native -I/usr/lib64/gfortran/modules/  -c -o objs/prior.o src/retrieval/prior.f90
gfortran -Wall -ffixed-line-length-132 -fdefault-real-8 -fdefault-double-8 -I/usr/include -Iobjs -Jobjs -O3 -funroll-loops -floop-block -ftree-loop-distribution -march=native -I/usr/lib64/gfortran/modules/  -c -o objs/retrieval_control.o src/retrieval/retrieval_control.f90
gfortran -Wall -ffixed-line-length-132 -fdefault-real-8 -fdefault-double-8 -I/usr/include -Iobjs -Jobjs -O3 -funroll-loops -floop-block -ftree-loop-distribution -march=native -I/usr/lib64/gfortran/modules/  -c -o objs/DIFFSIZES.o src/derivatives/DIFFSIZES.f90
gfortran -Wall -ffixed-line-length-132 -fdefault-real-8 -fdefault-double-8 -I/usr/include -Iobjs -Jobjs -O3 -funroll-loops -floop-block -ftree-loop-distribution -march=native -I/usr/lib64/gfortran/modules/  -c -o objs/jacobian.o src/retrieval/jacobian.f90
gfortran -Wall -ffixed-line-length-132 -fdefault-real-8 -fdefault-double-8 -I/usr/include -Iobjs -Jobjs -O3 -funroll-loops -floop-block -ftree-loop-distribution -march=native -I/usr/lib64/gfortran/modules/  -c -o objs/ua.o src/retrieval/ua.f90
gfortran -Wall -ffixed-line-length-132 -fdefault-real-8 -fdefault-double-8 -I/usr/include -Iobjs -Jobjs -O3 -funroll-loops -floop-block -ftree-loop-distribution -march=native -I/usr/lib64/gfortran/modules/  -c -o objs/mo_util.o src/support/mo_util.f90
gfortran -Wall -ffixed-line-length-132 -fdefault-real-8 -fdefault-double-8 -I/usr/include -Iobjs -Jobjs -O3 -funroll-loops -floop-block -ftree-loop-distribution -march=native -I/usr/lib64/gfortran/modules/  -c -o objs/fapar.o src/retrieval/fapar.f90
ar -r lib/libretr.a objs/cost.o objs/misfit.o objs/prior.o objs/mo_retrieval.o objs/retrieval_control.o objs/jacobian.o objs/ua.o objs/fapar.o
gfortran -Wall -ffixed-line-length-132 -fdefault-real-8 -fdefault-double-8 -I/usr/include -Iobjs -Jobjs -O3 -funroll-loops -floop-block -ftree-loop-distribution -march=native -I/usr/lib64/gfortran/modules/  -c -o objs/model.o src/simulator/model.f90
gfortran -Wall -ffixed-line-length-132 -fdefault-real-8 -fdefault-double-8 -I/usr/include -Iobjs -Jobjs -O3 -funroll-loops -floop-block -ftree-loop-distribution -march=native -I/usr/lib64/gfortran/modules/  -c -o objs/price_soil_ftn.o src/semid/price_soil_ftn.f90
gfortran -Wall -ffixed-line-length-132 -fdefault-real-8 -fdefault-double-8 -I/usr/include -Iobjs -Jobjs -O3 -funroll-loops -floop-block -ftree-loop-distribution -march=native -I/usr/lib64/gfortran/modules/  -c -o objs/cost_bw.o src/derivatives/cost_bw.f90
gfortran -Wall -ffixed-line-length-132 -fdefault-real-8 -fdefault-double-8 -I/usr/include -Iobjs -Jobjs -O3 -funroll-loops -floop-block -ftree-loop-distribution -march=native -I/usr/lib64/gfortran/modules/  -c -o objs/cost_fwv.o src/derivatives/cost_fwv.f90
gfortran -Wall -ffixed-line-length-132 -fdefault-real-8 -fdefault-double-8 -I/usr/include -Iobjs -Jobjs -O3 -funroll-loops -floop-block -ftree-loop-distribution -march=native -I/usr/lib64/gfortran/modules/  -c -o objs/ad_support.o src/derivatives/ad_support.f90
gfortran -Wall -ffixed-line-length-132 -fdefault-real-8 -fdefault-double-8 -I/usr/include -Iobjs -Jobjs -O3 -funroll-loops -floop-block -ftree-loop-distribution -march=native -I/usr/lib64/gfortran/modules/  -c -o objs/adBuffer.o src/derivatives/adBuffer.f
/apps/contrib/jaspy/miniconda_envs/jaspy2.7/m2-4.6.14/envs/jaspy2.7-m2-4.6.14-r20190715/bin/x86_64-conda_cos6-linux-gnu-cc -fPIC -Isrc/derivatives -march=nocona -mtune=haswell -ftree-vectorize -fPIC -fstack-protector-strong -fno-plt -O2 -ffunction-sections -pipe  -c -o objs/adStack.o src/derivatives/adStack.c
ar -r lib/libderiv.a objs/cost_bw.o objs/cost_fwv.o objs/ad_support.o objs/DIFFSIZES.o objs/adBuffer.o objs/adStack.o
gfortran -Wall -ffixed-line-length-132 -fdefault-real-8 -fdefault-double-8 -I/usr/include -Iobjs -Jobjs -O3 -funroll-loops -floop-block -ftree-loop-distribution -march=native -I/usr/lib64/gfortran/modules/  -c -o objs/prospect.redux.o src/semid/prospect.redux.f
gfortran -Wall -ffixed-line-length-132 -fdefault-real-8 -fdefault-double-8 -I/usr/include -Iobjs -Jobjs -O3 -funroll-loops -floop-block -ftree-loop-distribution -march=native -I/usr/lib64/gfortran/modules/  -c -o objs/semiDbrf.o src/semid/semiDbrf.f
gfortran -Wall -ffixed-line-length-132 -fdefault-real-8 -fdefault-double-8 -I/usr/include -Iobjs -Jobjs -O3 -funroll-loops -floop-block -ftree-loop-distribution -march=native -I/usr/lib64/gfortran/modules/  -c -o objs/semiDbrfe.o src/semid/semiDbrfe.f
gfortran -Wall -ffixed-line-length-132 -fdefault-real-8 -fdefault-double-8 -I/usr/include -Iobjs -Jobjs -O3 -funroll-loops -floop-block -ftree-loop-distribution -march=native -I/usr/lib64/gfortran/modules/  -c -o objs/semiDtools.o src/semid/semiDtools.f
gfortran -Wall -ffixed-line-length-132 -fdefault-real-8 -fdefault-double-8 -I/usr/include -Iobjs -Jobjs -O3 -funroll-loops -floop-block -ftree-loop-distribution -march=native -I/usr/lib64/gfortran/modules/  -c -o objs/simulate.o src/simulator/simulate.f90
gfortran -Wall -ffixed-line-length-132 -fdefault-real-8 -fdefault-double-8 -I/usr/include -Iobjs -Jobjs -O3 -funroll-loops -floop-block -ftree-loop-distribution -march=native -I/usr/lib64/gfortran/modules/  -c -o objs/mapping.o src/simulator/mapping.f90
gfortran -Wall -ffixed-line-length-132 -fdefault-real-8 -fdefault-double-8 -I/usr/include -Iobjs -Jobjs -O3 -funroll-loops -floop-block -ftree-loop-distribution -march=native -I/usr/lib64/gfortran/modules/  -c -o objs/target_operator.o src/simulator/target_operator.f90
gfortran -Wall -ffixed-line-length-132 -fdefault-real-8 -fdefault-double-8 -I/usr/include -Iobjs -Jobjs -O3 -funroll-loops -floop-block -ftree-loop-distribution -march=native -I/usr/lib64/gfortran/modules/  -c -o objs/prospect_interface_ftn.o src/semid/prospect_interface_ftn.f90
gfortran -Wall -ffixed-line-length-132 -fdefault-real-8 -fdefault-double-8 -I/usr/include -Iobjs -Jobjs -O3 -funroll-loops -floop-block -ftree-loop-distribution -march=native -I/usr/lib64/gfortran/modules/  -c -o objs/semiD_ftn.o src/semid/semiD_ftn.f90
gfortran -Wall -ffixed-line-length-132 -fdefault-real-8 -fdefault-double-8 -I/usr/include -Iobjs -Jobjs -O3 -funroll-loops -floop-block -ftree-loop-distribution -march=native -I/usr/lib64/gfortran/modules/  -c -o objs/canopy.o src/sense/canopy.f90
gfortran -Wall -ffixed-line-length-132 -fdefault-real-8 -fdefault-double-8 -I/usr/include -Iobjs -Jobjs -O3 -funroll-loops -floop-block -ftree-loop-distribution -march=native -I/usr/lib64/gfortran/modules/  -c -o objs/core.o src/sense/core.f90
gfortran -Wall -ffixed-line-length-132 -fdefault-real-8 -fdefault-double-8 -I/usr/include -Iobjs -Jobjs -O3 -funroll-loops -floop-block -ftree-loop-distribution -march=native -I/usr/lib64/gfortran/modules/  -c -o objs/dobson85.o src/sense/dobson85.f90
gfortran -Wall -ffixed-line-length-132 -fdefault-real-8 -fdefault-double-8 -I/usr/include -Iobjs -Jobjs -O3 -funroll-loops -floop-block -ftree-loop-distribution -march=native -I/usr/lib64/gfortran/modules/  -c -o objs/ground.o src/sense/ground.f90
gfortran -Wall -ffixed-line-length-132 -fdefault-real-8 -fdefault-double-8 -I/usr/include -Iobjs -Jobjs -O3 -funroll-loops -floop-block -ftree-loop-distribution -march=native -I/usr/lib64/gfortran/modules/  -c -o objs/Oh92.o src/sense/Oh92.f90
gfortran -Wall -ffixed-line-length-132 -fdefault-real-8 -fdefault-double-8 -I/usr/include -Iobjs -Jobjs -O3 -funroll-loops -floop-block -ftree-loop-distribution -march=native -I/usr/lib64/gfortran/modules/  -c -o objs/scatterer.o src/sense/scatterer.f90
gfortran -Wall -ffixed-line-length-132 -fdefault-real-8 -fdefault-double-8 -I/usr/include -Iobjs -Jobjs -O3 -funroll-loops -floop-block -ftree-loop-distribution -march=native -I/usr/lib64/gfortran/modules/  -c -o objs/soil.o src/sense/soil.f90
gfortran -Wall -ffixed-line-length-132 -fdefault-real-8 -fdefault-double-8 -I/usr/include -Iobjs -Jobjs -O3 -funroll-loops -floop-block -ftree-loop-distribution -march=native -I/usr/lib64/gfortran/modules/  -c -o objs/util.o src/sense/util.f90
gfortran -Wall -ffixed-line-length-132 -fdefault-real-8 -fdefault-double-8 -I/usr/include -Iobjs -Jobjs -O3 -funroll-loops -floop-block -ftree-loop-distribution -march=native -I/usr/lib64/gfortran/modules/  -c -o objs/sense.o src/sense/sense.f90
gfortran -Wall -ffixed-line-length-132 -fdefault-real-8 -fdefault-double-8 -I/usr/include -Iobjs -Jobjs -O3 -funroll-loops -floop-block -ftree-loop-distribution -march=native -I/usr/lib64/gfortran/modules/  -c -o objs/init-finish.o src/simulator/init-finish.f90
gfortran -Wall -ffixed-line-length-132 -fdefault-real-8 -fdefault-double-8 -I/usr/include -Iobjs -Jobjs -O3 -funroll-loops -floop-block -ftree-loop-distribution -march=native -I/usr/lib64/gfortran/modules/  -c -o objs/mo_timing.o src/support/mo_timing.f90
gfortran -Wall -ffixed-line-length-132 -fdefault-real-8 -fdefault-double-8 -I/usr/include -Iobjs -Jobjs -O3 -funroll-loops -floop-block -ftree-loop-distribution -march=native -I/usr/lib64/gfortran/modules/  -c -o objs/sensimul_io.o src/simulator/sensimul_io.f90
ar -r lib/libmodel.a objs/prospect.redux.o objs/semiDbrf.o objs/semiDbrfe.o objs/semiDtools.o objs/mo_sensimul.o objs/simulate.o objs/mapping.o objs/model.o objs/target_operator.o objs/mo_sensimul_s2.o objs/price_soil_ftn.o objs/prospect_interface_ftn.o objs/semiD_ftn.o objs/canopy.o objs/core.o objs/dobson85.o objs/ground.o objs/mo_sensimul_s1.o objs/Oh92.o objs/scatterer.o objs/soil.o objs/util.o objs/sense.o objs/init-finish.o objs/sensimul_io.o
ar -r lib/libsupport.a objs/mo_timing.o objs/mo_util.o
make -C lbfgsb ../lib/liblbfgsb-gfortran.a FC="gfortran" FFLAGS="-Wall -ffixed-line-length-132 -fdefault-real-8 -fdefault-double-8 -I/usr/include -Iobjs -Jobjs -O3 -funroll-loops -floop-block -ftree-loop-distribution -march=native -I/usr/lib64/gfortran/modules/" LIBNAME="../lib/liblbfgsb-gfortran.a"
make[1]: Entering directory `/gws/nopw/j04/odanceo/epinnington/sen_syn/542_med_flat_hv_nos2_1/lbfgsb'
gfortran -Wall -ffixed-line-length-132 -fdefault-real-8 -fdefault-double-8 -I/usr/include -Iobjs -Jobjs -O3 -funroll-loops -floop-block -ftree-loop-distribution -march=native -I/usr/lib64/gfortran/modules/  -c -o blas.o blas.f
gfortran -Wall -ffixed-line-length-132 -fdefault-real-8 -fdefault-double-8 -I/usr/include -Iobjs -Jobjs -O3 -funroll-loops -floop-block -ftree-loop-distribution -march=native -I/usr/lib64/gfortran/modules/  -c -o lbfgsb.o lbfgsb.f
gfortran -Wall -ffixed-line-length-132 -fdefault-real-8 -fdefault-double-8 -I/usr/include -Iobjs -Jobjs -O3 -funroll-loops -floop-block -ftree-loop-distribution -march=native -I/usr/lib64/gfortran/modules/  -c -o linpack.o linpack.f
gfortran -Wall -ffixed-line-length-132 -fdefault-real-8 -fdefault-double-8 -I/usr/include -Iobjs -Jobjs -O3 -funroll-loops -floop-block -ftree-loop-distribution -march=native -I/usr/lib64/gfortran/modules/  -c -o timer.o timer.f
ar -r ../lib/liblbfgsb-gfortran.a blas.o lbfgsb.o linpack.o timer.o
make[1]: Leaving directory `/gws/nopw/j04/odanceo/epinnington/sen_syn/542_med_flat_hv_nos2_1/lbfgsb'
make -C eispack ../lib/libeis.a FC=gfortran FFLAGS="-Wall -ffixed-line-length-132 -fdefault-real-8 -fdefault-double-8 -I/usr/include -Iobjs -Jobjs -O3 -funroll-loops -floop-block -ftree-loop-distribution -march=native -I/usr/lib64/gfortran/modules/" LIBNAME="../lib/libeis.a"
make[1]: Entering directory `/gws/nopw/j04/odanceo/epinnington/sen_syn/542_med_flat_hv_nos2_1/eispack'
gfortran -Wall -ffixed-line-length-132 -fdefault-real-8 -fdefault-double-8 -I/usr/include -Iobjs -Jobjs -O3 -funroll-loops -floop-block -ftree-loop-distribution -march=native -I/usr/lib64/gfortran/modules/ -c eispack.f90
ar -r ../lib/libeis.a eispack.o
make[1]: Leaving directory `/gws/nopw/j04/odanceo/epinnington/sen_syn/542_med_flat_hv_nos2_1/eispack'
gfortran -o runretrieval.x -O3 -funroll-loops -floop-block -ftree-loop-distribution -march=native objs/runretrieval.o lib/libretr.a lib/libderiv.a lib/libmodel.a lib/libsupport.a lib/liblbfgsb-gfortran.a lib/libeis.a -L/usr/lib64/ -lnetcdff -lnetcdf
./runretrieval.x --no_fapar 2>&1 | tee mk.retrieval.log
 INFO::retrieval_read_ctl:read settings from file ***retrctl.nml***...
 INFO::retrieval_read_ctl:...reading done.
 INFO::use_prior_term: T
 INFO::use_state_term: T
 INFO::gradient_tolerance: .10000E+01
 INFO::priopr_pert: .00000E+00
 INFO::runretrieval:calling initf...
 DEBUG::load_ivgeom:ndims= 2
 INFO::initf:retrieval configuration was read from ***retrconfig.nc***
 DEBUG::initf:ncrd_retrieval_config has finished, yields:npts=  65 npts_s1=  65 npts_s2=   0
 INFO::load_sitenml:successfully read site namelist file ***site.nml***
 INFO::setprior:prior control vector was read from ***retrprior.nc***
 DEBUG::setprior:ncrd_retrieval_prior terminated successfully
 INFO::runretrieval:...done.
 DEBUG::runretrieval:initf yields:n=197 mf=130
 INFO::runretrieval:calling initx...
 INFO::runretrieval:...done.
 INFO::state_model_set:will be setting-up simple state-model of type "mx(i+1)=a(i+1)*x(i) + b(i+1)"
 INFO::state_model_set:reading model configuration from file ***retrmodel.nc***...
 INFO::state_model_set:...reading done.
 INFO::runretrieval:start optimise...
 INFO::optimise:load control vector boundary settings by calling initb...
 INFO::initb:bounds were read from file ***retrctlvecbounds.nml***
 INFO::initb:applying bounds: lai_coeff_lobound=    0.000 lai_coeff_hibound=    1.000
 INFO::initb:applying bounds: lai_lobound=    0.001 lai_hibound=   10.000
 INFO::initb:applying bounds: canht_lobound=    0.001 canht_hibound=    4.500
 INFO::initb:applying bounds: sm_lobound=    0.001 sm_hibound=    0.500
 INFO::optimise:...done.
 INFO::optimise:start optimiser...
RUNNING THE L-BFGS-B CODE

           * * *

Machine precision = 2.220D-16
 N =          197     M =            5

At X0         0 variables are exactly at the bounds
 INFO::getobs:initial loading of observations...
 INFO::getobs:reading S1 observations from ***obs_s1.nc***
 INFO::ncrd_obs_vector:dataset ---backscatter--- detected fill-value:-99999.00000000
 INFO::ncrd_obs_vector:dataset ---backscatter_unc--- detected fill-value:-99999.00000000
 INFO::ncrd_obs_vector:s1 detected data fill-values:      65
 INFO::ncrd_obs_vector:s1 detected no uncertainthy fill-values
 INFO::getobs:...loading S1 observations done.
 INFO::getobs:no S2 observations ***obs_s2.nc*** available.
 INFO::getobs:...initial loading done

At iterate    0    f=  7.37303D+01    |proj g|=  1.48050D+00

At iterate    1    f=  7.32661D+01    |proj g|=  2.83874D+00

At iterate    2    f=  7.24295D+01    |proj g|=  2.84465D+00

At iterate    3    f=  6.72143D+01    |proj g|=  2.90333D+00

At iterate    4    f=  6.35083D+01    |proj g|=  2.96945D+00

At iterate    5    f=  5.94564D+01    |proj g|=  3.02007D+00

At iterate    6    f=  5.61611D+01    |proj g|=  3.05338D+00

At iterate    7    f=  5.33880D+01    |proj g|=  3.08534D+00

At iterate    8    f=  5.05040D+01    |proj g|=  3.11966D+00

At iterate    9    f=  4.81097D+01    |proj g|=  3.13783D+00

At iterate   10    f=  4.68446D+01    |proj g|=  3.14570D+00

At iterate   11    f=  4.63465D+01    |proj g|=  3.15046D+00

At iterate   12    f=  4.60162D+01    |proj g|=  3.15373D+00

At iterate   13    f=  4.57650D+01    |proj g|=  3.16093D+00

At iterate   14    f=  4.56218D+01    |proj g|=  3.16717D+00

At iterate   15    f=  4.55113D+01    |proj g|=  3.16275D+00

At iterate   16    f=  4.54539D+01    |proj g|=  1.97233D+00

At iterate   17    f=  4.53703D+01    |proj g|=  3.11044D+00

At iterate   18    f=  4.52882D+01    |proj g|=  3.16784D+00

At iterate   19    f=  4.51802D+01    |proj g|=  2.76035D+00

At iterate   20    f=  4.50289D+01    |proj g|=  2.75713D+00

At iterate   21    f=  4.49350D+01    |proj g|=  3.18050D+00

At iterate   22    f=  4.48351D+01    |proj g|=  3.04599D+00

At iterate   23    f=  4.47443D+01    |proj g|=  1.82983D+00

At iterate   24    f=  4.46835D+01    |proj g|=  2.66868D+00

At iterate   25    f=  4.45984D+01    |proj g|=  2.47043D+00

At iterate   26    f=  4.45188D+01    |proj g|=  2.97112D+00

At iterate   27    f=  4.44231D+01    |proj g|=  2.75135D+00

At iterate   28    f=  4.42936D+01    |proj g|=  3.16043D+00

At iterate   29    f=  4.41620D+01    |proj g|=  3.25534D+00

At iterate   30    f=  4.40232D+01    |proj g|=  2.61873D+00

At iterate   31    f=  4.38935D+01    |proj g|=  2.72211D+00

At iterate   32    f=  4.37631D+01    |proj g|=  3.30718D+00

At iterate   33    f=  4.36322D+01    |proj g|=  2.73434D+00

At iterate   34    f=  4.35263D+01    |proj g|=  3.13920D+00

At iterate   35    f=  4.34050D+01    |proj g|=  3.32685D+00

At iterate   36    f=  4.33152D+01    |proj g|=  3.33300D+00

At iterate   37    f=  4.32123D+01    |proj g|=  2.67643D+00

At iterate   38    f=  4.31288D+01    |proj g|=  2.23855D+00

At iterate   39    f=  4.30765D+01    |proj g|=  1.80898D+00

At iterate   40    f=  4.30149D+01    |proj g|=  2.12791D+00

At iterate   41    f=  4.29509D+01    |proj g|=  2.63870D+00

At iterate   42    f=  4.28681D+01    |proj g|=  2.62502D+00

At iterate   43    f=  4.27837D+01    |proj g|=  3.30469D+00

At iterate   44    f=  4.26732D+01    |proj g|=  3.32373D+00

At iterate   45    f=  4.24970D+01    |proj g|=  3.32533D+00

At iterate   46    f=  4.23904D+01    |proj g|=  3.33300D+00

At iterate   47    f=  4.22310D+01    |proj g|=  3.33153D+00

At iterate   48    f=  4.21137D+01    |proj g|=  2.92586D+00

At iterate   49    f=  4.19611D+01    |proj g|=  3.32267D+00

At iterate   50    f=  4.17614D+01    |proj g|=  3.32982D+00

At iterate   51    f=  4.15728D+01    |proj g|=  3.32828D+00

At iterate   52    f=  4.14815D+01    |proj g|=  2.51985D+00

At iterate   53    f=  4.14152D+01    |proj g|=  1.67140D+00

At iterate   54    f=  4.14033D+01    |proj g|=  2.49536D+00

At iterate   55    f=  4.13796D+01    |proj g|=  1.23471D+00

At iterate   56    f=  4.13623D+01    |proj g|=  6.88092D-01

           * * *

Tit   = total number of iterations
Tnf   = total number of function evaluations
Tnint = total number of segments explored during Cauchy searches
Skip  = number of BFGS updates skipped
Nact  = number of active bounds at final generalized Cauchy point
Projg = norm of the final projected gradient
F     = final function value

           * * *

   N    Tit     Tnf  Tnint  Skip  Nact     Projg        F
  197     56     58    118     0     1   6.881D-01   4.136D+01
  F =   41.362273928971412     

CONVERGENCE: NORM_OF_PROJECTED_GRADIENT_<=_PGTOL            

 Cauchy                time 8.180E-04 seconds.
 Subspace minimization time 7.760E-04 seconds.
 Line search           time 4.194E-02 seconds.

 Total User time 4.850E-02 seconds.

 INFO::optimise:...optimiser finished.
 INFO::runretrieval:...optimise DONE
 INFO::runretrieval::opti_succeed: T
 
        i                Prior           Posterior          Change [%]
 
        1         0.990000E-01        0.989258E-01            -0.07497
        2         0.990000E-01        0.989258E-01            -0.07497
        3         0.150000E+01        0.100000E-02           -99.93333
        4         0.150000E+01        0.149776E+01            -0.14951
        5         0.300000E+00        0.366637E+00            22.21227
        6         0.150000E+01        0.605973E-02           -99.59602
        7         0.150000E+01        0.149765E+01            -0.15693
        8         0.300000E+00        0.365120E+00            21.70665
        9         0.150000E+01        0.139255E-01           -99.07163
       10         0.150000E+01        0.149800E+01            -0.13332
       11         0.300000E+00        0.316609E+00             5.53628
       12         0.150000E+01        0.280601E-01           -98.12933
       13         0.150000E+01        0.150057E+01             0.03769
       14         0.300000E+00        0.313144E+00             4.38134
       15         0.150000E+01        0.262789E-01           -98.24807
       16         0.150000E+01        0.149812E+01            -0.12539
       17         0.300000E+00        0.365430E+00            21.81000
       18         0.150000E+01        0.304446E-01           -97.97036
       19         0.150000E+01        0.149793E+01            -0.13800
       20         0.300000E+00        0.367611E+00            22.53706
       21         0.150000E+01        0.412254E-01           -97.25164
       22         0.150000E+01        0.149812E+01            -0.12525
       23         0.300000E+00        0.386900E+00            28.96665
       24         0.150000E+01        0.565948E-01           -96.22702
       25         0.150000E+01        0.149800E+01            -0.13305
       26         0.300000E+00        0.382766E+00            27.58852
       27         0.150000E+01        0.784769E-01           -94.76821
       28         0.150000E+01        0.149771E+01            -0.15271
       29         0.300000E+00        0.381048E+00            27.01615
       30         0.150000E+01        0.107879E+00           -92.80803
       31         0.150000E+01        0.149781E+01            -0.14610
       32         0.300000E+00        0.333616E+00            11.20540
       33         0.150000E+01        0.142959E+00           -90.46939
       34         0.150000E+01        0.149952E+01            -0.03206
       35         0.300000E+00        0.330756E+00            10.25204
       36         0.150000E+01        0.169910E+00           -88.67266
       37         0.150000E+01        0.149816E+01            -0.12270
       38         0.300000E+00        0.341562E+00            13.85391
       39         0.150000E+01        0.195952E+00           -86.93656
       40         0.150000E+01        0.149712E+01            -0.19194
       41         0.300000E+00        0.341905E+00            13.96849
       42         0.150000E+01        0.223426E+00           -85.10491
       43         0.150000E+01        0.149772E+01            -0.15192
       44         0.300000E+00        0.324301E+00             8.10040
       45         0.150000E+01        0.251904E+00           -83.20641
       46         0.150000E+01        0.150167E+01             0.11139
       47         0.300000E+00        0.283613E+00            -5.46233
       48         0.150000E+01        0.265895E+00           -82.27370
       49         0.150000E+01        0.149733E+01            -0.17794
       50         0.300000E+00        0.285470E+00            -4.84346
       51         0.150000E+01        0.283988E+00           -81.06743
       52         0.150000E+01        0.149755E+01            -0.16319
       53         0.300000E+00        0.284039E+00            -5.32035
       54         0.150000E+01        0.305614E+00           -79.62577
       55         0.150000E+01        0.150362E+01             0.24155
       56         0.300000E+00        0.281206E+00            -6.26482
       57         0.150000E+01        0.309915E+00           -79.33898
       58         0.150000E+01        0.149832E+01            -0.11198
       59         0.300000E+00        0.334062E+00            11.35397
       60         0.150000E+01        0.314176E+00           -79.05492
       61         0.150000E+01        0.149659E+01            -0.22752
       62         0.300000E+00        0.336524E+00            12.17480
       63         0.150000E+01        0.325126E+00           -78.32496
       64         0.150000E+01        0.149711E+01            -0.19263
       65         0.300000E+00        0.341094E+00            13.69800
       66         0.150000E+01        0.340128E+00           -77.32483
       67         0.150000E+01        0.150177E+01             0.11785
       68         0.300000E+00        0.311570E+00             3.85669
       69         0.150000E+01        0.341677E+00           -77.22155
       70         0.150000E+01        0.149686E+01            -0.20939
       71         0.300000E+00        0.313445E+00             4.48176
       72         0.150000E+01        0.348698E+00           -76.75346
       73         0.150000E+01        0.149727E+01            -0.18214
       74         0.300000E+00        0.304863E+00             1.62099
       75         0.150000E+01        0.360658E+00           -75.95613
       76         0.150000E+01        0.150168E+01             0.11189
       77         0.300000E+00        0.302252E+00             0.75069
       78         0.150000E+01        0.361318E+00           -75.91210
       79         0.150000E+01        0.149903E+01            -0.06454
       80         0.300000E+00        0.314072E+00             4.69067
       81         0.150000E+01        0.360551E+00           -75.96327
       82         0.150000E+01        0.149739E+01            -0.17413
       83         0.300000E+00        0.314638E+00             4.87941
       84         0.150000E+01        0.360952E+00           -75.93654
       85         0.150000E+01        0.149884E+01            -0.07750
       86         0.300000E+00        0.297196E+00            -0.93469
       87         0.150000E+01        0.360480E+00           -75.96797
       88         0.150000E+01        0.149868E+01            -0.08806
       89         0.300000E+00        0.284578E+00            -5.14062
       90         0.150000E+01        0.357434E+00           -76.17107
       91         0.150000E+01        0.149726E+01            -0.18300
       92         0.300000E+00        0.284264E+00            -5.24533
       93         0.150000E+01        0.360784E+00           -75.94776
       94         0.150000E+01        0.150233E+01             0.15541
       95         0.300000E+00        0.248613E+00           -17.12913
       96         0.150000E+01        0.353363E+00           -76.44244
       97         0.150000E+01        0.150479E+01             0.31938
       98         0.300000E+00        0.247462E+00           -17.51269
       99         0.150000E+01        0.330149E+00           -77.99005
      100         0.150000E+01        0.149795E+01            -0.13672
      101         0.300000E+00        0.314661E+00             4.88703
      102         0.150000E+01        0.310186E+00           -79.32096
      103         0.150000E+01        0.149665E+01            -0.22323
      104         0.300000E+00        0.318235E+00             6.07821
      105         0.150000E+01        0.296658E+00           -80.22278
      106         0.150000E+01        0.149663E+01            -0.22447
      107         0.300000E+00        0.356973E+00            18.99100
      108         0.150000E+01        0.287336E+00           -80.84425
      109         0.150000E+01        0.149723E+01            -0.18451
      110         0.300000E+00        0.375440E+00            25.14678
      111         0.150000E+01        0.281382E+00           -81.24119
      112         0.150000E+01        0.149679E+01            -0.21378
      113         0.300000E+00        0.375293E+00            25.09752
      114         0.150000E+01        0.281668E+00           -81.22211
      115         0.150000E+01        0.149846E+01            -0.10285
      116         0.300000E+00        0.345999E+00            15.33292
      117         0.150000E+01        0.280566E+00           -81.29559
      118         0.150000E+01        0.149827E+01            -0.11508
      119         0.300000E+00        0.326254E+00             8.75118
      120         0.150000E+01        0.279234E+00           -81.38441
      121         0.150000E+01        0.149702E+01            -0.19886
      122         0.300000E+00        0.325498E+00             8.49933
      123         0.150000E+01        0.285234E+00           -80.98441
      124         0.150000E+01        0.150068E+01             0.04531
      125         0.300000E+00        0.296286E+00            -1.23788
      126         0.150000E+01        0.283970E+00           -81.06867
      127         0.150000E+01        0.150200E+01             0.13360
      128         0.300000E+00        0.295892E+00            -1.36923
      129         0.150000E+01        0.270507E+00           -81.96617
      130         0.150000E+01        0.149736E+01            -0.17622
      131         0.300000E+00        0.299801E+00            -0.06629
      132         0.150000E+01        0.262855E+00           -82.47636
      133         0.150000E+01        0.149779E+01            -0.14730
      134         0.300000E+00        0.335986E+00            11.99523
      135         0.150000E+01        0.256010E+00           -82.93269
      136         0.150000E+01        0.149752E+01            -0.16521
      137         0.300000E+00        0.363820E+00            21.27329
      138         0.150000E+01        0.250042E+00           -83.33056
      139         0.150000E+01        0.149686E+01            -0.20916
      140         0.300000E+00        0.364417E+00            21.47235
      141         0.150000E+01        0.249479E+00           -83.36809
      142         0.150000E+01        0.149779E+01            -0.14729
      143         0.300000E+00        0.347074E+00            15.69118
      144         0.150000E+01        0.249834E+00           -83.34438
      145         0.150000E+01        0.149928E+01            -0.04812
      146         0.300000E+00        0.315225E+00             5.07507
      147         0.150000E+01        0.244298E+00           -83.71343
      148         0.150000E+01        0.149777E+01            -0.14863
      149         0.300000E+00        0.315065E+00             5.02167
      150         0.150000E+01        0.242153E+00           -83.85647
      151         0.150000E+01        0.150030E+01             0.02005
      152         0.300000E+00        0.304190E+00             1.39680
      153         0.150000E+01        0.229272E+00           -84.71519
      154         0.150000E+01        0.149791E+01            -0.13929
      155         0.300000E+00        0.345678E+00            15.22601
      156         0.150000E+01        0.217198E+00           -85.52012
      157         0.150000E+01        0.149708E+01            -0.19457
      158         0.300000E+00        0.347246E+00            15.74868
      159         0.150000E+01        0.210218E+00           -85.98549
      160         0.150000E+01        0.149788E+01            -0.14120
      161         0.300000E+00        0.344668E+00            14.88925
      162         0.150000E+01        0.203128E+00           -86.45813
      163         0.150000E+01        0.150008E+01             0.00536
      164         0.300000E+00        0.326864E+00             8.95455
      165         0.150000E+01        0.184558E+00           -87.69612
      166         0.150000E+01        0.149751E+01            -0.16600
      167         0.300000E+00        0.328460E+00             9.48666
      168         0.150000E+01        0.169773E+00           -88.68180
      169         0.150000E+01        0.149795E+01            -0.13654
      170         0.300000E+00        0.326949E+00             8.98306
      171         0.150000E+01        0.158218E+00           -89.45210
      172         0.150000E+01        0.149959E+01            -0.02740
      173         0.300000E+00        0.300206E+00             0.06875
      174         0.150000E+01        0.140526E+00           -90.63157
      175         0.150000E+01        0.149791E+01            -0.13955
      176         0.300000E+00        0.300799E+00             0.26627
      177         0.150000E+01        0.128634E+00           -91.42439
      178         0.150000E+01        0.149962E+01            -0.02504
      179         0.300000E+00        0.296769E+00            -1.07704
      180         0.150000E+01        0.109545E+00           -92.69699
      181         0.150000E+01        0.149830E+01            -0.11332
      182         0.300000E+00        0.349049E+00            16.34951
      183         0.150000E+01        0.886437E-01           -94.09042
      184         0.150000E+01        0.149769E+01            -0.15411
      185         0.300000E+00        0.352147E+00            17.38230
      186         0.150000E+01        0.737355E-01           -95.08430
      187         0.150000E+01        0.149786E+01            -0.14244
      188         0.300000E+00        0.382297E+00            27.43237
      189         0.150000E+01        0.603022E-01           -95.97985
      190         0.150000E+01        0.149801E+01            -0.13260
      191         0.300000E+00        0.391189E+00            30.39649
      192         0.150000E+01        0.503061E-01           -96.64626
      193         0.150000E+01        0.149791E+01            -0.13913
      194         0.300000E+00        0.391123E+00            30.37419
      195         0.150000E+01        0.455863E-01           -96.96091
      196         0.150000E+01        0.149800E+01            -0.13350
      197         0.300000E+00        0.379871E+00            26.62358
 INFO::writing final control vector to x.b
 INFO::writing prior uncertainty (physical units) to sx.b
 INFO::runretrieval:start uncertainty analysis on state...
 
 INFO::ua:SVD done with ierr =          0
 
 INFO::runretrieval:...uncertainty analysis on state DONE
 
       Extreme off diagonal correlations
            Min/Max                 value    i    j
                Min              -0.00392   93    2
                Max               0.45522    8    5
 
 INFO::finishdf:target file ***controlvector_prior.nc*** successfully written.
 INFO::finishdf:target file ***controlvector_post.nc*** successfully written.
('exp_list length: ', '3')
/home/users/ewanp82/projects/ret_tool_s3
0.01
0.5
0.05
0.5
str, obs_s1
str, time_start
str, site_nml
0.001
3.0
0.1
0.05
float, gtol
float, s1_vv_uncfloor
float, s2_uncfloor
str, time_end
str, dynmodunc_inifile
float, s1_vh_uncfloor
float, s2_relunc
float, s1_unc
/gws/nopw/j04/odanceo/epinnington/sen_syn/542_med_flat_hv_nos2_1
<type 'netCDF4._netCDF4.Dataset'>
root group (NETCDF4 data model, file format HDF5):
    institution: The Inversion Lab, Hamburg, Germany
    date_created: 20210906T13:12:03+01:00
    optimisation_tag: SUCCESSFUL
    dimensions(sizes): nparam_s1(2), npoints(65)
    variables(dimensions): float64 [4mtime[0m(npoints), int32 [4msim_typ[0m(npoints), float64 [4mlaicoeff[0m(nparam_s1), float64 [4mlaicoeff_unc[0m(nparam_s1), float64 [4mlai[0m(npoints), float64 [4mcanht[0m(npoints), float64 [4msm[0m(npoints), float64 [4mlai_unc[0m(npoints), float64 [4mcanht_unc[0m(npoints), float64 [4msm_unc[0m(npoints)
    groups: 

[datetime.datetime(2017, 3, 23, 5, 26)
 datetime.datetime(2017, 3, 24, 5, 17)
 datetime.datetime(2017, 3, 25, 17, 6)
 datetime.datetime(2017, 3, 26, 16, 58)
 datetime.datetime(2017, 3, 29, 5, 26)
 datetime.datetime(2017, 3, 30, 5, 17)
 datetime.datetime(2017, 3, 31, 17, 6)
 datetime.datetime(2017, 4, 4, 5, 26) datetime.datetime(2017, 4, 5, 5, 17)
 datetime.datetime(2017, 4, 6, 17, 6)
 datetime.datetime(2017, 4, 7, 16, 58)
 datetime.datetime(2017, 4, 10, 5, 26)
 datetime.datetime(2017, 4, 11, 5, 17)
 datetime.datetime(2017, 4, 12, 17, 6)
 datetime.datetime(2017, 4, 16, 5, 26)
 datetime.datetime(2017, 4, 17, 5, 17)
 datetime.datetime(2017, 4, 18, 17, 6)
 datetime.datetime(2017, 4, 19, 16, 58)
 datetime.datetime(2017, 4, 22, 5, 26)
 datetime.datetime(2017, 4, 23, 5, 17)
 datetime.datetime(2017, 4, 24, 17, 6)
 datetime.datetime(2017, 4, 28, 5, 26)
 datetime.datetime(2017, 4, 29, 5, 17)
 datetime.datetime(2017, 4, 30, 17, 6)
 datetime.datetime(2017, 5, 1, 16, 58)
 datetime.datetime(2017, 5, 4, 5, 26) datetime.datetime(2017, 5, 5, 5, 17)
 datetime.datetime(2017, 5, 6, 17, 6)
 datetime.datetime(2017, 5, 10, 5, 26)
 datetime.datetime(2017, 5, 11, 5, 17)
 datetime.datetime(2017, 5, 12, 17, 6)
 datetime.datetime(2017, 5, 13, 16, 58)
 datetime.datetime(2017, 5, 16, 5, 26)
 datetime.datetime(2017, 5, 17, 5, 17)
 datetime.datetime(2017, 5, 18, 17, 6)
 datetime.datetime(2017, 5, 22, 5, 26)
 datetime.datetime(2017, 5, 23, 5, 17)
 datetime.datetime(2017, 5, 24, 17, 6)
 datetime.datetime(2017, 5, 28, 5, 26)
 datetime.datetime(2017, 5, 29, 5, 17)
 datetime.datetime(2017, 5, 30, 17, 6)
 datetime.datetime(2017, 6, 3, 5, 26) datetime.datetime(2017, 6, 4, 5, 17)
 datetime.datetime(2017, 6, 5, 17, 6) datetime.datetime(2017, 6, 9, 5, 26)
 datetime.datetime(2017, 6, 10, 5, 17)
 datetime.datetime(2017, 6, 11, 17, 6)
 datetime.datetime(2017, 6, 15, 5, 26)
 datetime.datetime(2017, 6, 16, 5, 17)
 datetime.datetime(2017, 6, 17, 17, 6)
 datetime.datetime(2017, 6, 21, 5, 26)
 datetime.datetime(2017, 6, 22, 5, 17)
 datetime.datetime(2017, 6, 23, 17, 6)
 datetime.datetime(2017, 6, 27, 5, 26)
 datetime.datetime(2017, 6, 28, 5, 17)
 datetime.datetime(2017, 6, 29, 17, 6)
 datetime.datetime(2017, 7, 3, 5, 26) datetime.datetime(2017, 7, 4, 5, 17)
 datetime.datetime(2017, 7, 5, 17, 6) datetime.datetime(2017, 7, 9, 5, 26)
 datetime.datetime(2017, 7, 10, 5, 17)
 datetime.datetime(2017, 7, 11, 17, 6)
 datetime.datetime(2017, 7, 15, 5, 26)
 datetime.datetime(2017, 7, 16, 5, 17)
 datetime.datetime(2017, 7, 17, 17, 6)]
[    0   108   323   466   829   972  1187  1693  1836  2051  2194  2557
  2700  2915  3421  3564  3779  3922  4279  4422  4637  5143  5286  5501
  5644  6007  6150  6365  6871  7014  7229  7372  7735  7878  8093  8599
  8742  8957  9463  9606  9821 10327 10470 10685 11191 11334 11549 12055
 12198 12413 12919 13062 13277 13783 13926 14141 14647 14790 15005 15511
 15654 15869 16375 16518 16733]
/gws/nopw/j04/odanceo/epinnington/sen_syn/542_med_flat_hv_nos2_1
<type 'netCDF4._netCDF4.Dataset'>
root group (NETCDF4 data model, file format HDF5):
    institution: The Inversion Lab, Hamburg, Germany
    date_created: 20210906T13:12:03+01:00
    optimisation_tag: SUCCESSFUL
    dimensions(sizes): nparam_s1(2), npoints(65)
    variables(dimensions): float64 [4mtime[0m(npoints), int32 [4msim_typ[0m(npoints), float64 [4mlaicoeff[0m(nparam_s1), float64 [4mlaicoeff_unc[0m(nparam_s1), float64 [4mlai[0m(npoints), float64 [4mcanht[0m(npoints), float64 [4msm[0m(npoints), float64 [4mlai_unc[0m(npoints), float64 [4mcanht_unc[0m(npoints), float64 [4msm_unc[0m(npoints)
    groups: 

[datetime.datetime(2017, 3, 23, 5, 26)
 datetime.datetime(2017, 3, 24, 5, 17)
 datetime.datetime(2017, 3, 25, 17, 6)
 datetime.datetime(2017, 3, 26, 16, 58)
 datetime.datetime(2017, 3, 29, 5, 26)
 datetime.datetime(2017, 3, 30, 5, 17)
 datetime.datetime(2017, 3, 31, 17, 6)
 datetime.datetime(2017, 4, 4, 5, 26) datetime.datetime(2017, 4, 5, 5, 17)
 datetime.datetime(2017, 4, 6, 17, 6)
 datetime.datetime(2017, 4, 7, 16, 58)
 datetime.datetime(2017, 4, 10, 5, 26)
 datetime.datetime(2017, 4, 11, 5, 17)
 datetime.datetime(2017, 4, 12, 17, 6)
 datetime.datetime(2017, 4, 16, 5, 26)
 datetime.datetime(2017, 4, 17, 5, 17)
 datetime.datetime(2017, 4, 18, 17, 6)
 datetime.datetime(2017, 4, 19, 16, 58)
 datetime.datetime(2017, 4, 22, 5, 26)
 datetime.datetime(2017, 4, 23, 5, 17)
 datetime.datetime(2017, 4, 24, 17, 6)
 datetime.datetime(2017, 4, 28, 5, 26)
 datetime.datetime(2017, 4, 29, 5, 17)
 datetime.datetime(2017, 4, 30, 17, 6)
 datetime.datetime(2017, 5, 1, 16, 58)
 datetime.datetime(2017, 5, 4, 5, 26) datetime.datetime(2017, 5, 5, 5, 17)
 datetime.datetime(2017, 5, 6, 17, 6)
 datetime.datetime(2017, 5, 10, 5, 26)
 datetime.datetime(2017, 5, 11, 5, 17)
 datetime.datetime(2017, 5, 12, 17, 6)
 datetime.datetime(2017, 5, 13, 16, 58)
 datetime.datetime(2017, 5, 16, 5, 26)
 datetime.datetime(2017, 5, 17, 5, 17)
 datetime.datetime(2017, 5, 18, 17, 6)
 datetime.datetime(2017, 5, 22, 5, 26)
 datetime.datetime(2017, 5, 23, 5, 17)
 datetime.datetime(2017, 5, 24, 17, 6)
 datetime.datetime(2017, 5, 28, 5, 26)
 datetime.datetime(2017, 5, 29, 5, 17)
 datetime.datetime(2017, 5, 30, 17, 6)
 datetime.datetime(2017, 6, 3, 5, 26) datetime.datetime(2017, 6, 4, 5, 17)
 datetime.datetime(2017, 6, 5, 17, 6) datetime.datetime(2017, 6, 9, 5, 26)
 datetime.datetime(2017, 6, 10, 5, 17)
 datetime.datetime(2017, 6, 11, 17, 6)
 datetime.datetime(2017, 6, 15, 5, 26)
 datetime.datetime(2017, 6, 16, 5, 17)
 datetime.datetime(2017, 6, 17, 17, 6)
 datetime.datetime(2017, 6, 21, 5, 26)
 datetime.datetime(2017, 6, 22, 5, 17)
 datetime.datetime(2017, 6, 23, 17, 6)
 datetime.datetime(2017, 6, 27, 5, 26)
 datetime.datetime(2017, 6, 28, 5, 17)
 datetime.datetime(2017, 6, 29, 17, 6)
 datetime.datetime(2017, 7, 3, 5, 26) datetime.datetime(2017, 7, 4, 5, 17)
 datetime.datetime(2017, 7, 5, 17, 6) datetime.datetime(2017, 7, 9, 5, 26)
 datetime.datetime(2017, 7, 10, 5, 17)
 datetime.datetime(2017, 7, 11, 17, 6)
 datetime.datetime(2017, 7, 15, 5, 26)
 datetime.datetime(2017, 7, 16, 5, 17)
 datetime.datetime(2017, 7, 17, 17, 6)]
/gws/nopw/j04/odanceo/epinnington/sen_syn/542_med_flat_hv_nos2_1
<type 'netCDF4._netCDF4.Dataset'>
root group (NETCDF4 data model, file format HDF5):
    institution: The Inversion Lab, Hamburg, Germany
    date_created: 20210906T13:12:03+01:00
    optimisation_tag: SUCCESSFUL
    dimensions(sizes): nparam_s1(2), npoints(65)
    variables(dimensions): float64 [4mtime[0m(npoints), int32 [4msim_typ[0m(npoints), float64 [4mlaicoeff[0m(nparam_s1), float64 [4mlaicoeff_unc[0m(nparam_s1), float64 [4mlai[0m(npoints), float64 [4mcanht[0m(npoints), float64 [4msm[0m(npoints), float64 [4mlai_unc[0m(npoints), float64 [4mcanht_unc[0m(npoints), float64 [4msm_unc[0m(npoints)
    groups: 

[datetime.datetime(2017, 3, 23, 5, 26)
 datetime.datetime(2017, 3, 24, 5, 17)
 datetime.datetime(2017, 3, 25, 17, 6)
 datetime.datetime(2017, 3, 26, 16, 58)
 datetime.datetime(2017, 3, 29, 5, 26)
 datetime.datetime(2017, 3, 30, 5, 17)
 datetime.datetime(2017, 3, 31, 17, 6)
 datetime.datetime(2017, 4, 4, 5, 26) datetime.datetime(2017, 4, 5, 5, 17)
 datetime.datetime(2017, 4, 6, 17, 6)
 datetime.datetime(2017, 4, 7, 16, 58)
 datetime.datetime(2017, 4, 10, 5, 26)
 datetime.datetime(2017, 4, 11, 5, 17)
 datetime.datetime(2017, 4, 12, 17, 6)
 datetime.datetime(2017, 4, 16, 5, 26)
 datetime.datetime(2017, 4, 17, 5, 17)
 datetime.datetime(2017, 4, 18, 17, 6)
 datetime.datetime(2017, 4, 19, 16, 58)
 datetime.datetime(2017, 4, 22, 5, 26)
 datetime.datetime(2017, 4, 23, 5, 17)
 datetime.datetime(2017, 4, 24, 17, 6)
 datetime.datetime(2017, 4, 28, 5, 26)
 datetime.datetime(2017, 4, 29, 5, 17)
 datetime.datetime(2017, 4, 30, 17, 6)
 datetime.datetime(2017, 5, 1, 16, 58)
 datetime.datetime(2017, 5, 4, 5, 26) datetime.datetime(2017, 5, 5, 5, 17)
 datetime.datetime(2017, 5, 6, 17, 6)
 datetime.datetime(2017, 5, 10, 5, 26)
 datetime.datetime(2017, 5, 11, 5, 17)
 datetime.datetime(2017, 5, 12, 17, 6)
 datetime.datetime(2017, 5, 13, 16, 58)
 datetime.datetime(2017, 5, 16, 5, 26)
 datetime.datetime(2017, 5, 17, 5, 17)
 datetime.datetime(2017, 5, 18, 17, 6)
 datetime.datetime(2017, 5, 22, 5, 26)
 datetime.datetime(2017, 5, 23, 5, 17)
 datetime.datetime(2017, 5, 24, 17, 6)
 datetime.datetime(2017, 5, 28, 5, 26)
 datetime.datetime(2017, 5, 29, 5, 17)
 datetime.datetime(2017, 5, 30, 17, 6)
 datetime.datetime(2017, 6, 3, 5, 26) datetime.datetime(2017, 6, 4, 5, 17)
 datetime.datetime(2017, 6, 5, 17, 6) datetime.datetime(2017, 6, 9, 5, 26)
 datetime.datetime(2017, 6, 10, 5, 17)
 datetime.datetime(2017, 6, 11, 17, 6)
 datetime.datetime(2017, 6, 15, 5, 26)
 datetime.datetime(2017, 6, 16, 5, 17)
 datetime.datetime(2017, 6, 17, 17, 6)
 datetime.datetime(2017, 6, 21, 5, 26)
 datetime.datetime(2017, 6, 22, 5, 17)
 datetime.datetime(2017, 6, 23, 17, 6)
 datetime.datetime(2017, 6, 27, 5, 26)
 datetime.datetime(2017, 6, 28, 5, 17)
 datetime.datetime(2017, 6, 29, 17, 6)
 datetime.datetime(2017, 7, 3, 5, 26) datetime.datetime(2017, 7, 4, 5, 17)
 datetime.datetime(2017, 7, 5, 17, 6) datetime.datetime(2017, 7, 9, 5, 26)
 datetime.datetime(2017, 7, 10, 5, 17)
 datetime.datetime(2017, 7, 11, 17, 6)
 datetime.datetime(2017, 7, 15, 5, 26)
 datetime.datetime(2017, 7, 16, 5, 17)
 datetime.datetime(2017, 7, 17, 17, 6)]
ran experiment 1
